[2025-11-19 14:16:46] -  Sql count, `PROD_FKF_contactformsubmissions`  SQLSTATE[42S22]: Column not found: 1054 Unknown column 'uid' in 'where clause'  -   #0 /Users/admiralshoi/Sites/weepay/Database/QueryBuilder.php(505): PDOStatement->execute(Array)
#1 /Users/admiralshoi/Sites/weepay/Database/QueryBuilder.php(564): Database\QueryBuilder->count()
#2 /Users/admiralshoi/Sites/weepay/classes/utility/Crud.php(119): Database\QueryBuilder->exists()
#3 /Users/admiralshoi/Sites/weepay/classes/utility/Crud.php(126): classes\utility\Crud->exists(Array)
#4 /Users/admiralshoi/Sites/weepay/classes/data/forms/PublicContactFormHandler.php(37): classes\utility\Crud->create(Array)
#5 /Users/admiralshoi/Sites/weepay/routing/routes/api/FormController.php(38): classes\data\forms\PublicContactFormHandler->insert('freddy', 'freddy@ojk.com', 'he!', 'det her er min ...', true)
#6 [internal function]: routing\routes\api\FormController::publicContactForm(Array)
#7 /Users/admiralshoi/Sites/weepay/routing/Routes.php(201): call_user_func('routing\\routes\\...', Array)
#8 /Users/admiralshoi/Sites/weepay/routing/Routes.php(106): routing\Routes::returnMethod('routing\\routes\\...', 'publicContactFo...', Array)
#9 /Users/admiralshoi/Sites/weepay/routing/web.php(426): routing\Routes::dispatch()
#10 /Users/admiralshoi/Sites/weepay/index.php(13): require_once('/Users/admirals...')
#11 {main}
[2025-11-19 14:16:46] -  Sql insert, `PROD_FKF_contactformsubmissions`  SQLSTATE[23000]: Integrity constraint violation: 1452 Cannot add or update a child row: a foreign key constraint fails (`weepay`.`prod_fkf_contactformsubmissions`, CONSTRAINT `prod_fkf_contactformsubmissions_ibfk_1` FOREIGN KEY (`uuid`) REFERENCES `prod_fkf_users` (`uid`) ON DELETE RESTRICT ON UPDATE RESTRICT  -   #0 /Users/admiralshoi/Sites/weepay/Database/QueryBuilder.php(323): PDOStatement->execute(Array)
#1 /Users/admiralshoi/Sites/weepay/Database/Model.php(103): Database\QueryBuilder->insert(Array)
#2 /Users/admiralshoi/Sites/weepay/classes/utility/Crud.php(134): Database\Model::__callStatic('insert', Array)
#3 /Users/admiralshoi/Sites/weepay/classes/data/forms/PublicContactFormHandler.php(37): classes\utility\Crud->create(Array)
#4 /Users/admiralshoi/Sites/weepay/routing/routes/api/FormController.php(38): classes\data\forms\PublicContactFormHandler->insert('freddy', 'freddy@ojk.com', 'he!', 'det her er min ...', true)
#5 [internal function]: routing\routes\api\FormController::publicContactForm(Array)
#6 /Users/admiralshoi/Sites/weepay/routing/Routes.php(201): call_user_func('routing\\routes\\...', Array)
#7 /Users/admiralshoi/Sites/weepay/routing/Routes.php(106): routing\Routes::returnMethod('routing\\routes\\...', 'publicContactFo...', Array)
#8 /Users/admiralshoi/Sites/weepay/routing/web.php(426): routing\Routes::dispatch()
#9 /Users/admiralshoi/Sites/weepay/index.php(13): require_once('/Users/admirals...')
#10 {main}
[2025-11-19 14:18:06] -  Sql count, `PROD_FKF_contactformsubmissions`  SQLSTATE[42S22]: Column not found: 1054 Unknown column 'uid' in 'where clause'  -   #0 /Users/admiralshoi/Sites/weepay/Database/QueryBuilder.php(505): PDOStatement->execute(Array)
#1 /Users/admiralshoi/Sites/weepay/Database/QueryBuilder.php(564): Database\QueryBuilder->count()
#2 /Users/admiralshoi/Sites/weepay/classes/utility/Crud.php(119): Database\QueryBuilder->exists()
#3 /Users/admiralshoi/Sites/weepay/classes/utility/Crud.php(126): classes\utility\Crud->exists(Array)
#4 /Users/admiralshoi/Sites/weepay/classes/data/forms/PublicContactFormHandler.php(37): classes\utility\Crud->create(Array)
#5 /Users/admiralshoi/Sites/weepay/routing/routes/api/FormController.php(38): classes\data\forms\PublicContactFormHandler->insert('freddy', 'freddy@ojk.com', 'he!', 'det her er min ...', true)
#6 [internal function]: routing\routes\api\FormController::publicContactForm(Array)
#7 /Users/admiralshoi/Sites/weepay/routing/Routes.php(201): call_user_func('routing\\routes\\...', Array)
#8 /Users/admiralshoi/Sites/weepay/routing/Routes.php(106): routing\Routes::returnMethod('routing\\routes\\...', 'publicContactFo...', Array)
#9 /Users/admiralshoi/Sites/weepay/routing/web.php(426): routing\Routes::dispatch()
#10 /Users/admiralshoi/Sites/weepay/index.php(13): require_once('/Users/admirals...')
#11 {main}
[2025-11-19 14:22:28] -  Sql count, `PROD_FKF_contactformsubmissions`  SQLSTATE[42S22]: Column not found: 1054 Unknown column 'uid' in 'where clause'  -   #0 /Users/admiralshoi/Sites/weepay/Database/QueryBuilder.php(505): PDOStatement->execute(Array)
#1 /Users/admiralshoi/Sites/weepay/Database/QueryBuilder.php(564): Database\QueryBuilder->count()
#2 /Users/admiralshoi/Sites/weepay/classes/utility/Crud.php(119): Database\QueryBuilder->exists()
#3 /Users/admiralshoi/Sites/weepay/classes/utility/Crud.php(126): classes\utility\Crud->exists(Array)
#4 /Users/admiralshoi/Sites/weepay/classes/data/forms/PublicContactFormHandler.php(37): classes\utility\Crud->create(Array)
#5 /Users/admiralshoi/Sites/weepay/routing/routes/api/FormController.php(38): classes\data\forms\PublicContactFormHandler->insert('freddyqqq', 'freddy@ojk.com', 'my new subject....', 'hejmeddidg!!!', false)
#6 [internal function]: routing\routes\api\FormController::publicContactForm(Array)
#7 /Users/admiralshoi/Sites/weepay/routing/Routes.php(201): call_user_func('routing\\routes\\...', Array)
#8 /Users/admiralshoi/Sites/weepay/routing/Routes.php(106): routing\Routes::returnMethod('routing\\routes\\...', 'publicContactFo...', Array)
#9 /Users/admiralshoi/Sites/weepay/routing/web.php(426): routing\Routes::dispatch()
#10 /Users/admiralshoi/Sites/weepay/index.php(13): require_once('/Users/admirals...')
#11 {main}
[2025-11-19 23:36:22] -  Sql insert, `PROD_FKF_userroles`  SQLSTATE[23000]: Integrity constraint violation: 1062 Duplicate entry '1' for key 'prod_fkf_userroles.uq_access_level'  -   #0 /Users/admiralshoi/Sites/weepay/Database/QueryBuilder.php(323): PDOStatement->execute(Array)
#1 /Users/admiralshoi/Sites/weepay/Database/Model.php(190): Database\QueryBuilder->insert(Array)
#2 /Users/admiralshoi/Sites/weepay/features/DbMigration.php(16): Database\Model::migrate()
#3 /Users/admiralshoi/Sites/weepay/routing/web.php(12): features\DbMigration::_migrate_db()
#4 /Users/admiralshoi/Sites/weepay/index.php(13): require_once('/Users/admirals...')
#5 {main}
[2025-11-19 23:36:22] -  Sql insert, `PROD_FKF_userroles`  SQLSTATE[23000]: Integrity constraint violation: 1062 Duplicate entry '2' for key 'prod_fkf_userroles.uq_access_level'  -   #0 /Users/admiralshoi/Sites/weepay/Database/QueryBuilder.php(323): PDOStatement->execute(Array)
#1 /Users/admiralshoi/Sites/weepay/Database/Model.php(190): Database\QueryBuilder->insert(Array)
#2 /Users/admiralshoi/Sites/weepay/features/DbMigration.php(16): Database\Model::migrate()
#3 /Users/admiralshoi/Sites/weepay/routing/web.php(12): features\DbMigration::_migrate_db()
#4 /Users/admiralshoi/Sites/weepay/index.php(13): require_once('/Users/admirals...')
#5 {main}
[2025-11-19 23:36:23] -  Sql insert, `PROD_FKF_paymentproviders`  SQLSTATE[23000]: Integrity constraint violation: 1062 Duplicate entry 'viva' for key 'prod_fkf_paymentproviders.uq_name'  -   #0 /Users/admiralshoi/Sites/weepay/Database/QueryBuilder.php(323): PDOStatement->execute(Array)
#1 /Users/admiralshoi/Sites/weepay/Database/Model.php(190): Database\QueryBuilder->insert(Array)
#2 /Users/admiralshoi/Sites/weepay/features/DbMigration.php(16): Database\Model::migrate()
#3 /Users/admiralshoi/Sites/weepay/routing/web.php(12): features\DbMigration::_migrate_db()
#4 /Users/admiralshoi/Sites/weepay/index.php(13): require_once('/Users/admirals...')
#5 {main}
[2025-11-19 23:37:22] -  Sql insert, `PROD_FKF_userroles`  SQLSTATE[23000]: Integrity constraint violation: 1062 Duplicate entry '1' for key 'prod_fkf_userroles.uq_access_level'  -   #0 /Users/admiralshoi/Sites/weepay/Database/QueryBuilder.php(323): PDOStatement->execute(Array)
#1 /Users/admiralshoi/Sites/weepay/Database/Model.php(190): Database\QueryBuilder->insert(Array)
#2 /Users/admiralshoi/Sites/weepay/features/DbMigration.php(16): Database\Model::migrate()
#3 /Users/admiralshoi/Sites/weepay/routing/web.php(12): features\DbMigration::_migrate_db()
#4 /Users/admiralshoi/Sites/weepay/index.php(13): require_once('/Users/admirals...')
#5 {main}
[2025-11-19 23:37:22] -  Sql insert, `PROD_FKF_userroles`  SQLSTATE[23000]: Integrity constraint violation: 1062 Duplicate entry '2' for key 'prod_fkf_userroles.uq_access_level'  -   #0 /Users/admiralshoi/Sites/weepay/Database/QueryBuilder.php(323): PDOStatement->execute(Array)
#1 /Users/admiralshoi/Sites/weepay/Database/Model.php(190): Database\QueryBuilder->insert(Array)
#2 /Users/admiralshoi/Sites/weepay/features/DbMigration.php(16): Database\Model::migrate()
#3 /Users/admiralshoi/Sites/weepay/routing/web.php(12): features\DbMigration::_migrate_db()
#4 /Users/admiralshoi/Sites/weepay/index.php(13): require_once('/Users/admirals...')
#5 {main}
[2025-11-19 23:37:22] -  Sql insert, `PROD_FKF_paymentproviders`  SQLSTATE[23000]: Integrity constraint violation: 1062 Duplicate entry 'viva' for key 'prod_fkf_paymentproviders.uq_name'  -   #0 /Users/admiralshoi/Sites/weepay/Database/QueryBuilder.php(323): PDOStatement->execute(Array)
#1 /Users/admiralshoi/Sites/weepay/Database/Model.php(190): Database\QueryBuilder->insert(Array)
#2 /Users/admiralshoi/Sites/weepay/features/DbMigration.php(16): Database\Model::migrate()
#3 /Users/admiralshoi/Sites/weepay/routing/web.php(12): features\DbMigration::_migrate_db()
#4 /Users/admiralshoi/Sites/weepay/index.php(13): require_once('/Users/admirals...')
#5 {main}
[2025-11-19 23:38:22] -  Sql insert, `PROD_FKF_userroles`  SQLSTATE[23000]: Integrity constraint violation: 1062 Duplicate entry '1' for key 'prod_fkf_userroles.uq_access_level'  -   #0 /Users/admiralshoi/Sites/weepay/Database/QueryBuilder.php(323): PDOStatement->execute(Array)
#1 /Users/admiralshoi/Sites/weepay/Database/Model.php(190): Database\QueryBuilder->insert(Array)
#2 /Users/admiralshoi/Sites/weepay/features/DbMigration.php(16): Database\Model::migrate()
#3 /Users/admiralshoi/Sites/weepay/routing/web.php(12): features\DbMigration::_migrate_db()
#4 /Users/admiralshoi/Sites/weepay/index.php(13): require_once('/Users/admirals...')
#5 {main}
[2025-11-19 23:38:22] -  Sql insert, `PROD_FKF_userroles`  SQLSTATE[23000]: Integrity constraint violation: 1062 Duplicate entry '2' for key 'prod_fkf_userroles.uq_access_level'  -   #0 /Users/admiralshoi/Sites/weepay/Database/QueryBuilder.php(323): PDOStatement->execute(Array)
#1 /Users/admiralshoi/Sites/weepay/Database/Model.php(190): Database\QueryBuilder->insert(Array)
#2 /Users/admiralshoi/Sites/weepay/features/DbMigration.php(16): Database\Model::migrate()
#3 /Users/admiralshoi/Sites/weepay/routing/web.php(12): features\DbMigration::_migrate_db()
#4 /Users/admiralshoi/Sites/weepay/index.php(13): require_once('/Users/admirals...')
#5 {main}
[2025-11-19 23:38:22] -  Sql insert, `PROD_FKF_paymentproviders`  SQLSTATE[23000]: Integrity constraint violation: 1062 Duplicate entry 'viva' for key 'prod_fkf_paymentproviders.uq_name'  -   #0 /Users/admiralshoi/Sites/weepay/Database/QueryBuilder.php(323): PDOStatement->execute(Array)
#1 /Users/admiralshoi/Sites/weepay/Database/Model.php(190): Database\QueryBuilder->insert(Array)
#2 /Users/admiralshoi/Sites/weepay/features/DbMigration.php(16): Database\Model::migrate()
#3 /Users/admiralshoi/Sites/weepay/routing/web.php(12): features\DbMigration::_migrate_db()
#4 /Users/admiralshoi/Sites/weepay/index.php(13): require_once('/Users/admirals...')
#5 {main}
[2025-11-19 23:39:24] -  Sql insert, `PROD_FKF_userroles`  SQLSTATE[23000]: Integrity constraint violation: 1062 Duplicate entry '1' for key 'prod_fkf_userroles.uq_access_level'  -   #0 /Users/admiralshoi/Sites/weepay/Database/QueryBuilder.php(323): PDOStatement->execute(Array)
#1 /Users/admiralshoi/Sites/weepay/Database/Model.php(190): Database\QueryBuilder->insert(Array)
#2 /Users/admiralshoi/Sites/weepay/features/DbMigration.php(16): Database\Model::migrate()
#3 /Users/admiralshoi/Sites/weepay/routing/web.php(12): features\DbMigration::_migrate_db()
#4 /Users/admiralshoi/Sites/weepay/index.php(13): require_once('/Users/admirals...')
#5 {main}
[2025-11-19 23:39:24] -  Sql insert, `PROD_FKF_userroles`  SQLSTATE[23000]: Integrity constraint violation: 1062 Duplicate entry '2' for key 'prod_fkf_userroles.uq_access_level'  -   #0 /Users/admiralshoi/Sites/weepay/Database/QueryBuilder.php(323): PDOStatement->execute(Array)
#1 /Users/admiralshoi/Sites/weepay/Database/Model.php(190): Database\QueryBuilder->insert(Array)
#2 /Users/admiralshoi/Sites/weepay/features/DbMigration.php(16): Database\Model::migrate()
#3 /Users/admiralshoi/Sites/weepay/routing/web.php(12): features\DbMigration::_migrate_db()
#4 /Users/admiralshoi/Sites/weepay/index.php(13): require_once('/Users/admirals...')
#5 {main}
[2025-11-19 23:39:25] -  Sql insert, `PROD_FKF_paymentproviders`  SQLSTATE[23000]: Integrity constraint violation: 1062 Duplicate entry 'viva' for key 'prod_fkf_paymentproviders.uq_name'  -   #0 /Users/admiralshoi/Sites/weepay/Database/QueryBuilder.php(323): PDOStatement->execute(Array)
#1 /Users/admiralshoi/Sites/weepay/Database/Model.php(190): Database\QueryBuilder->insert(Array)
#2 /Users/admiralshoi/Sites/weepay/features/DbMigration.php(16): Database\Model::migrate()
#3 /Users/admiralshoi/Sites/weepay/routing/web.php(12): features\DbMigration::_migrate_db()
#4 /Users/admiralshoi/Sites/weepay/index.php(13): require_once('/Users/admirals...')
#5 {main}
