[2026-01-08 10:44:02] -  Sql update, `PROD_FKF_terminalsession`  SQLSTATE[HY093]: Invalid parameter number: number of bound variables does not match number of tokens  -   #0 /Users/admiralshoi/Sites/weepay/Database/QueryBuilder.php(366): PDOStatement->execute(Array)
#1 /Users/admiralshoi/Sites/weepay/classes/utility/Crud.php(144): Database\QueryBuilder->update(Array)
#2 /Users/admiralshoi/Sites/weepay/classes/organisations/TerminalSessionHandler.php(124): classes\utility\Crud->update(Array, Array)
#3 /Users/admiralshoi/Sites/weepay/routing/routes/flows/purchase/CustomerPageController.php(83): classes\organisations\TerminalSessionHandler->getSession('ter_olskm6ao4x5...')
#4 [internal function]: routing\routes\flows\purchase\CustomerPageController::start(Array)
#5 /Users/admiralshoi/Sites/weepay/routing/Routes.php(214): call_user_func('routing\\routes\\...', Array)
#6 /Users/admiralshoi/Sites/weepay/routing/Routes.php(120): routing\Routes::returnMethod('routing\\routes\\...', 'start', Array)
#7 /Users/admiralshoi/Sites/weepay/routing/web.php(616): routing\Routes::dispatch()
#8 /Users/admiralshoi/Sites/weepay/index.php(14): require_once('/Users/admirals...')
#9 {main}
[2026-01-08 10:45:35] -  Sql update, `PROD_FKF_terminalsession`  SQLSTATE[HY093]: Invalid parameter number: number of bound variables does not match number of tokens  -   #0 /Users/admiralshoi/Sites/weepay/Database/QueryBuilder.php(366): PDOStatement->execute(Array)
#1 /Users/admiralshoi/Sites/weepay/classes/utility/Crud.php(144): Database\QueryBuilder->update(Array)
#2 /Users/admiralshoi/Sites/weepay/classes/organisations/TerminalSessionHandler.php(124): classes\utility\Crud->update(Array, Array)
#3 /Users/admiralshoi/Sites/weepay/routing/routes/flows/purchase/CustomerPageController.php(83): classes\organisations\TerminalSessionHandler->getSession('ter_olskm6ao4x5...')
#4 [internal function]: routing\routes\flows\purchase\CustomerPageController::start(Array)
#5 /Users/admiralshoi/Sites/weepay/routing/Routes.php(214): call_user_func('routing\\routes\\...', Array)
#6 /Users/admiralshoi/Sites/weepay/routing/Routes.php(120): routing\Routes::returnMethod('routing\\routes\\...', 'start', Array)
#7 /Users/admiralshoi/Sites/weepay/routing/web.php(616): routing\Routes::dispatch()
#8 /Users/admiralshoi/Sites/weepay/index.php(14): require_once('/Users/admirals...')
#9 {main}
[2026-01-08 10:53:19] -  Sql insert, `PROD_FKF_authlocal`  SQLSTATE[23000]: Integrity constraint violation: 1062 Duplicate entry 'authloc_fddfslfj39r43' for key 'prod_fkf_authlocal.uq_uid'  -   #0 /Users/admiralshoi/Sites/weepay/Database/QueryBuilder.php(332): PDOStatement->execute(Array)
#1 /Users/admiralshoi/Sites/weepay/Database/Model.php(190): Database\QueryBuilder->insert(Array)
#2 /Users/admiralshoi/Sites/weepay/views/merchants/organisation/overview.php(20): Database\Model::migrate()
#3 /Users/admiralshoi/Sites/weepay/features/functions.php(64): include_once('/Users/admirals...')
#4 /Users/admiralshoi/Sites/weepay/views/templates/merchant-inner-html.php(26): printView(Array)
#5 /Users/admiralshoi/Sites/weepay/features/functions.php(64): include_once('/Users/admirals...')
#6 /Users/admiralshoi/Sites/weepay/views/templates/merchant-outer-html.php(42): printView(Array)
#7 /Users/admiralshoi/Sites/weepay/features/functions.php(64): include_once('/Users/admirals...')
#8 /Users/admiralshoi/Sites/weepay/routing/Routes.php(127): printView(Array)
#9 /Users/admiralshoi/Sites/weepay/routing/web.php(616): routing\Routes::dispatch()
#10 /Users/admiralshoi/Sites/weepay/index.php(14): require_once('/Users/admirals...')
#11 {main}
[2026-01-08 10:53:19] -  Sql insert, `PROD_FKF_authlocal`  SQLSTATE[23000]: Integrity constraint violation: 1062 Duplicate entry 'authloc_da4jugr730bnfs' for key 'prod_fkf_authlocal.uq_uid'  -   #0 /Users/admiralshoi/Sites/weepay/Database/QueryBuilder.php(332): PDOStatement->execute(Array)
#1 /Users/admiralshoi/Sites/weepay/Database/Model.php(190): Database\QueryBuilder->insert(Array)
#2 /Users/admiralshoi/Sites/weepay/views/merchants/organisation/overview.php(20): Database\Model::migrate()
#3 /Users/admiralshoi/Sites/weepay/features/functions.php(64): include_once('/Users/admirals...')
#4 /Users/admiralshoi/Sites/weepay/views/templates/merchant-inner-html.php(26): printView(Array)
#5 /Users/admiralshoi/Sites/weepay/features/functions.php(64): include_once('/Users/admirals...')
#6 /Users/admiralshoi/Sites/weepay/views/templates/merchant-outer-html.php(42): printView(Array)
#7 /Users/admiralshoi/Sites/weepay/features/functions.php(64): include_once('/Users/admirals...')
#8 /Users/admiralshoi/Sites/weepay/routing/Routes.php(127): printView(Array)
#9 /Users/admiralshoi/Sites/weepay/routing/web.php(616): routing\Routes::dispatch()
#10 /Users/admiralshoi/Sites/weepay/index.php(14): require_once('/Users/admirals...')
#11 {main}
[2026-01-08 10:53:19] -  Sql insert, `PROD_FKF_authlocal`  SQLSTATE[23000]: Integrity constraint violation: 1062 Duplicate entry 'authloc_908da83kj130n422' for key 'prod_fkf_authlocal.uq_uid'  -   #0 /Users/admiralshoi/Sites/weepay/Database/QueryBuilder.php(332): PDOStatement->execute(Array)
#1 /Users/admiralshoi/Sites/weepay/Database/Model.php(190): Database\QueryBuilder->insert(Array)
#2 /Users/admiralshoi/Sites/weepay/views/merchants/organisation/overview.php(20): Database\Model::migrate()
#3 /Users/admiralshoi/Sites/weepay/features/functions.php(64): include_once('/Users/admirals...')
#4 /Users/admiralshoi/Sites/weepay/views/templates/merchant-inner-html.php(26): printView(Array)
#5 /Users/admiralshoi/Sites/weepay/features/functions.php(64): include_once('/Users/admirals...')
#6 /Users/admiralshoi/Sites/weepay/views/templates/merchant-outer-html.php(42): printView(Array)
#7 /Users/admiralshoi/Sites/weepay/features/functions.php(64): include_once('/Users/admirals...')
#8 /Users/admiralshoi/Sites/weepay/routing/Routes.php(127): printView(Array)
#9 /Users/admiralshoi/Sites/weepay/routing/web.php(616): routing\Routes::dispatch()
#10 /Users/admiralshoi/Sites/weepay/index.php(14): require_once('/Users/admirals...')
#11 {main}
[2026-01-08 10:56:28] -  Sql insert, `PROD_FKF_authlocal`  SQLSTATE[23000]: Integrity constraint violation: 1062 Duplicate entry 'authloc_fddfslfj39r43' for key 'prod_fkf_authlocal.uq_uid'  -   #0 /Users/admiralshoi/Sites/weepay/Database/QueryBuilder.php(332): PDOStatement->execute(Array)
#1 /Users/admiralshoi/Sites/weepay/Database/Model.php(190): Database\QueryBuilder->insert(Array)
#2 /Users/admiralshoi/Sites/weepay/views/merchants/organisation/overview.php(19): Database\Model::migrate()
#3 /Users/admiralshoi/Sites/weepay/features/functions.php(64): include_once('/Users/admirals...')
#4 /Users/admiralshoi/Sites/weepay/views/templates/merchant-inner-html.php(26): printView(Array)
#5 /Users/admiralshoi/Sites/weepay/features/functions.php(64): include_once('/Users/admirals...')
#6 /Users/admiralshoi/Sites/weepay/views/templates/merchant-outer-html.php(42): printView(Array)
#7 /Users/admiralshoi/Sites/weepay/features/functions.php(64): include_once('/Users/admirals...')
#8 /Users/admiralshoi/Sites/weepay/routing/Routes.php(127): printView(Array)
#9 /Users/admiralshoi/Sites/weepay/routing/web.php(616): routing\Routes::dispatch()
#10 /Users/admiralshoi/Sites/weepay/index.php(14): require_once('/Users/admirals...')
#11 {main}
[2026-01-08 10:56:28] -  Sql insert, `PROD_FKF_authlocal`  SQLSTATE[23000]: Integrity constraint violation: 1062 Duplicate entry 'authloc_da4jugr730bnfs' for key 'prod_fkf_authlocal.uq_uid'  -   #0 /Users/admiralshoi/Sites/weepay/Database/QueryBuilder.php(332): PDOStatement->execute(Array)
#1 /Users/admiralshoi/Sites/weepay/Database/Model.php(190): Database\QueryBuilder->insert(Array)
#2 /Users/admiralshoi/Sites/weepay/views/merchants/organisation/overview.php(19): Database\Model::migrate()
#3 /Users/admiralshoi/Sites/weepay/features/functions.php(64): include_once('/Users/admirals...')
#4 /Users/admiralshoi/Sites/weepay/views/templates/merchant-inner-html.php(26): printView(Array)
#5 /Users/admiralshoi/Sites/weepay/features/functions.php(64): include_once('/Users/admirals...')
#6 /Users/admiralshoi/Sites/weepay/views/templates/merchant-outer-html.php(42): printView(Array)
#7 /Users/admiralshoi/Sites/weepay/features/functions.php(64): include_once('/Users/admirals...')
#8 /Users/admiralshoi/Sites/weepay/routing/Routes.php(127): printView(Array)
#9 /Users/admiralshoi/Sites/weepay/routing/web.php(616): routing\Routes::dispatch()
#10 /Users/admiralshoi/Sites/weepay/index.php(14): require_once('/Users/admirals...')
#11 {main}
[2026-01-08 10:56:28] -  Sql insert, `PROD_FKF_authlocal`  SQLSTATE[23000]: Integrity constraint violation: 1062 Duplicate entry 'authloc_908da83kj130n422' for key 'prod_fkf_authlocal.uq_uid'  -   #0 /Users/admiralshoi/Sites/weepay/Database/QueryBuilder.php(332): PDOStatement->execute(Array)
#1 /Users/admiralshoi/Sites/weepay/Database/Model.php(190): Database\QueryBuilder->insert(Array)
#2 /Users/admiralshoi/Sites/weepay/views/merchants/organisation/overview.php(19): Database\Model::migrate()
#3 /Users/admiralshoi/Sites/weepay/features/functions.php(64): include_once('/Users/admirals...')
#4 /Users/admiralshoi/Sites/weepay/views/templates/merchant-inner-html.php(26): printView(Array)
#5 /Users/admiralshoi/Sites/weepay/features/functions.php(64): include_once('/Users/admirals...')
#6 /Users/admiralshoi/Sites/weepay/views/templates/merchant-outer-html.php(42): printView(Array)
#7 /Users/admiralshoi/Sites/weepay/features/functions.php(64): include_once('/Users/admirals...')
#8 /Users/admiralshoi/Sites/weepay/routing/Routes.php(127): printView(Array)
#9 /Users/admiralshoi/Sites/weepay/routing/web.php(616): routing\Routes::dispatch()
#10 /Users/admiralshoi/Sites/weepay/index.php(14): require_once('/Users/admirals...')
#11 {main}
[2026-01-08 11:46:47] -  Sql update, `PROD_FKF_terminalsession`  SQLSTATE[HY093]: Invalid parameter number: number of bound variables does not match number of tokens  -   #0 /Users/admiralshoi/Sites/weepay/Database/QueryBuilder.php(366): PDOStatement->execute(Array)
#1 /Users/admiralshoi/Sites/weepay/classes/utility/Crud.php(144): Database\QueryBuilder->update(Array)
#2 /Users/admiralshoi/Sites/weepay/classes/organisations/TerminalSessionHandler.php(124): classes\utility\Crud->update(Array, Array)
#3 /Users/admiralshoi/Sites/weepay/routing/routes/flows/purchase/CustomerPageController.php(83): classes\organisations\TerminalSessionHandler->getSession('ter_olskm6ao4x5...')
#4 [internal function]: routing\routes\flows\purchase\CustomerPageController::start(Array)
#5 /Users/admiralshoi/Sites/weepay/routing/Routes.php(214): call_user_func('routing\\routes\\...', Array)
#6 /Users/admiralshoi/Sites/weepay/routing/Routes.php(120): routing\Routes::returnMethod('routing\\routes\\...', 'start', Array)
#7 /Users/admiralshoi/Sites/weepay/routing/web.php(618): routing\Routes::dispatch()
#8 /Users/admiralshoi/Sites/weepay/index.php(14): require_once('/Users/admirals...')
#9 {main}
[2026-01-08 11:48:29] -  Sql update, `PROD_FKF_terminalsession`  SQLSTATE[HY093]: Invalid parameter number: number of bound variables does not match number of tokens  -   #0 /Users/admiralshoi/Sites/weepay/Database/QueryBuilder.php(366): PDOStatement->execute(Array)
#1 /Users/admiralshoi/Sites/weepay/classes/utility/Crud.php(144): Database\QueryBuilder->update(Array)
#2 /Users/admiralshoi/Sites/weepay/classes/organisations/TerminalSessionHandler.php(101): classes\utility\Crud->update(Array, Array)
#3 /Users/admiralshoi/Sites/weepay/routing/routes/flows/purchase/CustomerPageController.php(83): classes\organisations\TerminalSessionHandler->getSession('ter_olskm6ao4x5...')
#4 [internal function]: routing\routes\flows\purchase\CustomerPageController::start(Array)
#5 /Users/admiralshoi/Sites/weepay/routing/Routes.php(214): call_user_func('routing\\routes\\...', Array)
#6 /Users/admiralshoi/Sites/weepay/routing/Routes.php(120): routing\Routes::returnMethod('routing\\routes\\...', 'start', Array)
#7 /Users/admiralshoi/Sites/weepay/routing/web.php(618): routing\Routes::dispatch()
#8 /Users/admiralshoi/Sites/weepay/index.php(14): require_once('/Users/admirals...')
#9 {main}
[2026-01-08 11:48:58] -  Sql update, `PROD_FKF_terminalsession`  SQLSTATE[HY093]: Invalid parameter number: number of bound variables does not match number of tokens  -   #0 /Users/admiralshoi/Sites/weepay/Database/QueryBuilder.php(366): PDOStatement->execute(Array)
#1 /Users/admiralshoi/Sites/weepay/classes/utility/Crud.php(144): Database\QueryBuilder->update(Array)
#2 /Users/admiralshoi/Sites/weepay/classes/organisations/TerminalSessionHandler.php(101): classes\utility\Crud->update(Array, Array)
#3 /Users/admiralshoi/Sites/weepay/routing/routes/flows/purchase/CustomerPageController.php(83): classes\organisations\TerminalSessionHandler->getSession('ter_olskm6ao4x5...')
#4 [internal function]: routing\routes\flows\purchase\CustomerPageController::start(Array)
#5 /Users/admiralshoi/Sites/weepay/routing/Routes.php(214): call_user_func('routing\\routes\\...', Array)
#6 /Users/admiralshoi/Sites/weepay/routing/Routes.php(120): routing\Routes::returnMethod('routing\\routes\\...', 'start', Array)
#7 /Users/admiralshoi/Sites/weepay/routing/web.php(618): routing\Routes::dispatch()
#8 /Users/admiralshoi/Sites/weepay/index.php(14): require_once('/Users/admirals...')
#9 {main}
[2026-01-08 11:51:26] -  Sql update, `PROD_FKF_terminalsession`  SQLSTATE[HY093]: Invalid parameter number: number of bound variables does not match number of tokens  -   #0 /Users/admiralshoi/Sites/weepay/Database/QueryBuilder.php(366): PDOStatement->execute(Array)
#1 /Users/admiralshoi/Sites/weepay/classes/utility/Crud.php(144): Database\QueryBuilder->update(Array)
#2 /Users/admiralshoi/Sites/weepay/classes/organisations/TerminalSessionHandler.php(101): classes\utility\Crud->update(Array, Array)
#3 /Users/admiralshoi/Sites/weepay/routing/routes/flows/purchase/CustomerPageController.php(83): classes\organisations\TerminalSessionHandler->getSession('ter_olskm6ao4x5...')
#4 [internal function]: routing\routes\flows\purchase\CustomerPageController::start(Array)
#5 /Users/admiralshoi/Sites/weepay/routing/Routes.php(214): call_user_func('routing\\routes\\...', Array)
#6 /Users/admiralshoi/Sites/weepay/routing/Routes.php(120): routing\Routes::returnMethod('routing\\routes\\...', 'start', Array)
#7 /Users/admiralshoi/Sites/weepay/routing/web.php(618): routing\Routes::dispatch()
#8 /Users/admiralshoi/Sites/weepay/index.php(14): require_once('/Users/admirals...')
#9 {main}
[2026-01-08 14:12:52] -  Sql count, `PROD_FKF_contactformsubmissions`  SQLSTATE[42S22]: Column not found: 1054 Unknown column 'uid' in 'where clause'  -   #0 /Users/admiralshoi/Sites/weepay/Database/QueryBuilder.php(515): PDOStatement->execute(Array)
#1 /Users/admiralshoi/Sites/weepay/Database/QueryBuilder.php(587): Database\QueryBuilder->count()
#2 /Users/admiralshoi/Sites/weepay/classes/utility/Crud.php(123): Database\QueryBuilder->exists()
#3 /Users/admiralshoi/Sites/weepay/classes/utility/Crud.php(130): classes\utility\Crud->exists(Array)
#4 /Users/admiralshoi/Sites/weepay/classes/data/forms/PublicContactFormHandler.php(37): classes\utility\Crud->create(Array)
#5 /Users/admiralshoi/Sites/weepay/routing/routes/api/FormController.php(38): classes\data\forms\PublicContactFormHandler->insert('hannibal', 'hannibal@ok.com', 'det drejer sig ...', 'hejm ed dig du!', true)
#6 [internal function]: routing\routes\api\FormController::publicContactForm(Array)
#7 /Users/admiralshoi/Sites/weepay/routing/Routes.php(219): call_user_func('routing\\routes\\...', Array)
#8 /Users/admiralshoi/Sites/weepay/routing/Routes.php(125): routing\Routes::returnMethod('routing\\routes\\...', 'publicContactFo...', Array)
#9 /Users/admiralshoi/Sites/weepay/routing/web.php(625): routing\Routes::dispatch()
#10 /Users/admiralshoi/Sites/weepay/index.php(14): require_once('/Users/admirals...')
#11 {main}
[2026-01-08 14:52:55] -  viva-failed-payment-creation  {"status":"error","errors":[{"message":"Http code 404 returned","error_code":404,"data":"{\"status\":404,\"message\":\"Merchant not found\",\"eventId\":\"2\"}"}]}
[2026-01-08 14:53:04] -  viva-failed-payment-creation  {"status":"error","errors":[{"message":"Http code 404 returned","error_code":404,"data":"{\"status\":404,\"message\":\"Merchant not found\",\"eventId\":\"2\"}"}]}
