[2026-01-11 11:47:01] -  Sql sum, `PROD_FKF_orders`  SQLSTATE[42S22]: Column not found: 1054 Unknown column 'isv_amount' in 'field list'  -   #0 /Users/admiralshoi/Sites/weepay/Database/QueryBuilder.php(535): PDOStatement->execute(Array)
#1 /Users/admiralshoi/Sites/weepay/routing/routes/admin/PageController.php(985): Database\QueryBuilder->sum('isv_amount')
#2 [internal function]: routing\routes\admin\PageController::reports(Array)
#3 /Users/admiralshoi/Sites/weepay/routing/Routes.php(232): call_user_func('routing\\routes\\...', Array)
#4 /Users/admiralshoi/Sites/weepay/routing/Routes.php(125): routing\Routes::returnMethod('routing\\routes\\...', 'reports', Array)
#5 /Users/admiralshoi/Sites/weepay/routing/web.php(689): routing\Routes::dispatch()
#6 /Users/admiralshoi/Sites/weepay/index.php(14): require_once('/Users/admirals...')
#7 {main}
[2026-01-11 11:48:19] -  Sql sum, `PROD_FKF_orders`  SQLSTATE[42S22]: Column not found: 1054 Unknown column 'isv_amount' in 'field list'  -   #0 /Users/admiralshoi/Sites/weepay/Database/QueryBuilder.php(535): PDOStatement->execute(Array)
#1 /Users/admiralshoi/Sites/weepay/routing/routes/admin/PageController.php(985): Database\QueryBuilder->sum('isv_amount')
#2 [internal function]: routing\routes\admin\PageController::reports(Array)
#3 /Users/admiralshoi/Sites/weepay/routing/Routes.php(232): call_user_func('routing\\routes\\...', Array)
#4 /Users/admiralshoi/Sites/weepay/routing/Routes.php(125): routing\Routes::returnMethod('routing\\routes\\...', 'reports', Array)
#5 /Users/admiralshoi/Sites/weepay/routing/web.php(689): routing\Routes::dispatch()
#6 /Users/admiralshoi/Sites/weepay/index.php(14): require_once('/Users/admirals...')
#7 {main}
[2026-01-11 11:51:51] -  Sql sum, `PROD_FKF_orders`  SQLSTATE[42S22]: Column not found: 1054 Unknown column 'isv_amount' in 'field list'  -   #0 /Users/admiralshoi/Sites/weepay/Database/QueryBuilder.php(535): PDOStatement->execute(Array)
#1 /Users/admiralshoi/Sites/weepay/routing/routes/admin/PageController.php(985): Database\QueryBuilder->sum('isv_amount')
#2 [internal function]: routing\routes\admin\PageController::reports(Array)
#3 /Users/admiralshoi/Sites/weepay/routing/Routes.php(232): call_user_func('routing\\routes\\...', Array)
#4 /Users/admiralshoi/Sites/weepay/routing/Routes.php(125): routing\Routes::returnMethod('routing\\routes\\...', 'reports', Array)
#5 /Users/admiralshoi/Sites/weepay/routing/web.php(689): routing\Routes::dispatch()
#6 /Users/admiralshoi/Sites/weepay/index.php(14): require_once('/Users/admirals...')
#7 {main}
[2026-01-11 11:52:05] -  Sql sum, `PROD_FKF_orders`  SQLSTATE[42S22]: Column not found: 1054 Unknown column 'isv_amount' in 'field list'  -   #0 /Users/admiralshoi/Sites/weepay/Database/QueryBuilder.php(535): PDOStatement->execute(Array)
#1 /Users/admiralshoi/Sites/weepay/routing/routes/admin/PageController.php(985): Database\QueryBuilder->sum('isv_amount')
#2 [internal function]: routing\routes\admin\PageController::reports(Array)
#3 /Users/admiralshoi/Sites/weepay/routing/Routes.php(232): call_user_func('routing\\routes\\...', Array)
#4 /Users/admiralshoi/Sites/weepay/routing/Routes.php(125): routing\Routes::returnMethod('routing\\routes\\...', 'reports', Array)
#5 /Users/admiralshoi/Sites/weepay/routing/web.php(689): routing\Routes::dispatch()
#6 /Users/admiralshoi/Sites/weepay/index.php(14): require_once('/Users/admirals...')
#7 {main}
[2026-01-11 11:55:08] -  Sql sum, `PROD_FKF_orders`  SQLSTATE[42S22]: Column not found: 1054 Unknown column 'isv_amount' in 'field list'  -   #0 /Users/admiralshoi/Sites/weepay/Database/QueryBuilder.php(535): PDOStatement->execute(Array)
#1 /Users/admiralshoi/Sites/weepay/routing/routes/admin/PageController.php(985): Database\QueryBuilder->sum('isv_amount')
#2 [internal function]: routing\routes\admin\PageController::reports(Array)
#3 /Users/admiralshoi/Sites/weepay/routing/Routes.php(232): call_user_func('routing\\routes\\...', Array)
#4 /Users/admiralshoi/Sites/weepay/routing/Routes.php(125): routing\Routes::returnMethod('routing\\routes\\...', 'reports', Array)
#5 /Users/admiralshoi/Sites/weepay/routing/web.php(689): routing\Routes::dispatch()
#6 /Users/admiralshoi/Sites/weepay/index.php(14): require_once('/Users/admirals...')
#7 {main}
[2026-01-11 11:55:13] -  Sql sum, `PROD_FKF_orders`  SQLSTATE[42S22]: Column not found: 1054 Unknown column 'isv_amount' in 'field list'  -   #0 /Users/admiralshoi/Sites/weepay/Database/QueryBuilder.php(535): PDOStatement->execute(Array)
#1 /Users/admiralshoi/Sites/weepay/routing/routes/admin/PageController.php(985): Database\QueryBuilder->sum('isv_amount')
#2 [internal function]: routing\routes\admin\PageController::reports(Array)
#3 /Users/admiralshoi/Sites/weepay/routing/Routes.php(232): call_user_func('routing\\routes\\...', Array)
#4 /Users/admiralshoi/Sites/weepay/routing/Routes.php(125): routing\Routes::returnMethod('routing\\routes\\...', 'reports', Array)
#5 /Users/admiralshoi/Sites/weepay/routing/web.php(689): routing\Routes::dispatch()
#6 /Users/admiralshoi/Sites/weepay/index.php(14): require_once('/Users/admirals...')
#7 {main}
[2026-01-11 11:56:36] -  Sql sum, `PROD_FKF_orders`  SQLSTATE[42S22]: Column not found: 1054 Unknown column 'isv_amount' in 'field list'  -   #0 /Users/admiralshoi/Sites/weepay/Database/QueryBuilder.php(535): PDOStatement->execute(Array)
#1 /Users/admiralshoi/Sites/weepay/routing/routes/admin/PageController.php(985): Database\QueryBuilder->sum('isv_amount')
#2 [internal function]: routing\routes\admin\PageController::reports(Array)
#3 /Users/admiralshoi/Sites/weepay/routing/Routes.php(232): call_user_func('routing\\routes\\...', Array)
#4 /Users/admiralshoi/Sites/weepay/routing/Routes.php(125): routing\Routes::returnMethod('routing\\routes\\...', 'reports', Array)
#5 /Users/admiralshoi/Sites/weepay/routing/web.php(689): routing\Routes::dispatch()
#6 /Users/admiralshoi/Sites/weepay/index.php(14): require_once('/Users/admirals...')
#7 {main}
[2026-01-11 11:57:55] -  Sql sum, `PROD_FKF_orders`  SQLSTATE[42S22]: Column not found: 1054 Unknown column 'isv_amount' in 'field list'  -   #0 /Users/admiralshoi/Sites/weepay/Database/QueryBuilder.php(535): PDOStatement->execute(Array)
#1 /Users/admiralshoi/Sites/weepay/routing/routes/admin/PageController.php(985): Database\QueryBuilder->sum('isv_amount')
#2 [internal function]: routing\routes\admin\PageController::reports(Array)
#3 /Users/admiralshoi/Sites/weepay/routing/Routes.php(232): call_user_func('routing\\routes\\...', Array)
#4 /Users/admiralshoi/Sites/weepay/routing/Routes.php(125): routing\Routes::returnMethod('routing\\routes\\...', 'reports', Array)
#5 /Users/admiralshoi/Sites/weepay/routing/web.php(689): routing\Routes::dispatch()
#6 /Users/admiralshoi/Sites/weepay/index.php(14): require_once('/Users/admirals...')
#7 {main}
[2026-01-11 13:53:18] -  Sql all, `PROD_FKF_orders`  SQLSTATE[42S22]: Column not found: 1054 Unknown column 'COUNT(*) as order_count' in 'field list'  -   #0 /Users/admiralshoi/Sites/weepay/Database/QueryBuilder.php(442): PDOStatement->execute(Array)
#1 /Users/admiralshoi/Sites/weepay/routing/routes/admin/PageController.php(275): Database\QueryBuilder->all()
#2 [internal function]: routing\routes\admin\PageController::userDetail(Array)
#3 /Users/admiralshoi/Sites/weepay/routing/Routes.php(232): call_user_func('routing\\routes\\...', Array)
#4 /Users/admiralshoi/Sites/weepay/routing/Routes.php(125): routing\Routes::returnMethod('routing\\routes\\...', 'userDetail', Array)
#5 /Users/admiralshoi/Sites/weepay/routing/web.php(689): routing\Routes::dispatch()
#6 /Users/admiralshoi/Sites/weepay/index.php(14): require_once('/Users/admirals...')
#7 {main}
[2026-01-11 13:54:02] -  Sql all, `PROD_FKF_orders`  SQLSTATE[42S22]: Column not found: 1054 Unknown column 'COUNT(*) as order_count' in 'field list'  -   #0 /Users/admiralshoi/Sites/weepay/Database/QueryBuilder.php(442): PDOStatement->execute(Array)
#1 /Users/admiralshoi/Sites/weepay/routing/routes/admin/PageController.php(275): Database\QueryBuilder->all()
#2 [internal function]: routing\routes\admin\PageController::userDetail(Array)
#3 /Users/admiralshoi/Sites/weepay/routing/Routes.php(232): call_user_func('routing\\routes\\...', Array)
#4 /Users/admiralshoi/Sites/weepay/routing/Routes.php(125): routing\Routes::returnMethod('routing\\routes\\...', 'userDetail', Array)
#5 /Users/admiralshoi/Sites/weepay/routing/web.php(689): routing\Routes::dispatch()
#6 /Users/admiralshoi/Sites/weepay/index.php(14): require_once('/Users/admirals...')
#7 {main}
[2026-01-11 14:16:26] -  Sql sum, `PROD_FKF_orders`  SQLSTATE[42S22]: Column not found: 1054 Unknown column 'isv_amount' in 'field list'  -   #0 /Users/admiralshoi/Sites/weepay/Database/QueryBuilder.php(535): PDOStatement->execute(Array)
#1 /Users/admiralshoi/Sites/weepay/routing/routes/admin/PageController.php(1279): Database\QueryBuilder->sum('isv_amount')
#2 [internal function]: routing\routes\admin\PageController::reports(Array)
#3 /Users/admiralshoi/Sites/weepay/routing/Routes.php(232): call_user_func('routing\\routes\\...', Array)
#4 /Users/admiralshoi/Sites/weepay/routing/Routes.php(125): routing\Routes::returnMethod('routing\\routes\\...', 'reports', Array)
#5 /Users/admiralshoi/Sites/weepay/routing/web.php(689): routing\Routes::dispatch()
#6 /Users/admiralshoi/Sites/weepay/index.php(14): require_once('/Users/admirals...')
#7 {main}
[2026-01-11 14:19:33] -  Sql sum, `PROD_FKF_orders`  SQLSTATE[42S22]: Column not found: 1054 Unknown column 'isv_amount' in 'field list'  -   #0 /Users/admiralshoi/Sites/weepay/Database/QueryBuilder.php(535): PDOStatement->execute(Array)
#1 /Users/admiralshoi/Sites/weepay/routing/routes/admin/PageController.php(1279): Database\QueryBuilder->sum('isv_amount')
#2 [internal function]: routing\routes\admin\PageController::reports(Array)
#3 /Users/admiralshoi/Sites/weepay/routing/Routes.php(232): call_user_func('routing\\routes\\...', Array)
#4 /Users/admiralshoi/Sites/weepay/routing/Routes.php(125): routing\Routes::returnMethod('routing\\routes\\...', 'reports', Array)
#5 /Users/admiralshoi/Sites/weepay/routing/web.php(689): routing\Routes::dispatch()
#6 /Users/admiralshoi/Sites/weepay/index.php(14): require_once('/Users/admirals...')
#7 {main}
[2026-01-11 14:23:59] -  Sql sum, `PROD_FKF_orders`  SQLSTATE[42S22]: Column not found: 1054 Unknown column 'isv_amount' in 'field list'  -   #0 /Users/admiralshoi/Sites/weepay/Database/QueryBuilder.php(535): PDOStatement->execute(Array)
#1 /Users/admiralshoi/Sites/weepay/routing/routes/admin/PageController.php(1279): Database\QueryBuilder->sum('isv_amount')
#2 [internal function]: routing\routes\admin\PageController::reports(Array)
#3 /Users/admiralshoi/Sites/weepay/routing/Routes.php(232): call_user_func('routing\\routes\\...', Array)
#4 /Users/admiralshoi/Sites/weepay/routing/Routes.php(125): routing\Routes::returnMethod('routing\\routes\\...', 'reports', Array)
#5 /Users/admiralshoi/Sites/weepay/routing/web.php(689): routing\Routes::dispatch()
#6 /Users/admiralshoi/Sites/weepay/index.php(14): require_once('/Users/admirals...')
#7 {main}
[2026-01-11 15:11:07] -  Sql sum, `PROD_FKF_orders`  SQLSTATE[42S22]: Column not found: 1054 Unknown column 'isv_amount' in 'field list'  -   #0 /Users/admiralshoi/Sites/weepay/Database/QueryBuilder.php(535): PDOStatement->execute(Array)
#1 /Users/admiralshoi/Sites/weepay/routing/routes/admin/PageController.php(1279): Database\QueryBuilder->sum('isv_amount')
#2 [internal function]: routing\routes\admin\PageController::reports(Array)
#3 /Users/admiralshoi/Sites/weepay/routing/Routes.php(232): call_user_func('routing\\routes\\...', Array)
#4 /Users/admiralshoi/Sites/weepay/routing/Routes.php(125): routing\Routes::returnMethod('routing\\routes\\...', 'reports', Array)
#5 /Users/admiralshoi/Sites/weepay/routing/web.php(689): routing\Routes::dispatch()
#6 /Users/admiralshoi/Sites/weepay/index.php(14): require_once('/Users/admirals...')
#7 {main}
[2026-01-11 15:46:58] -  Sql sum, `PROD_FKF_payments`  SQLSTATE[HY000]: General error: 1525 Incorrect TIMESTAMP value: ''  -   #0 /Users/admiralshoi/Sites/weepay/Database/QueryBuilder.php(535): PDOStatement->execute(Array)
#1 /Users/admiralshoi/Sites/weepay/routing/routes/admin/PageController.php(1167): Database\QueryBuilder->sum('amount')
#2 [internal function]: routing\routes\admin\PageController::kpi(Array)
#3 /Users/admiralshoi/Sites/weepay/routing/Routes.php(232): call_user_func('routing\\routes\\...', Array)
#4 /Users/admiralshoi/Sites/weepay/routing/Routes.php(125): routing\Routes::returnMethod('routing\\routes\\...', 'kpi', Array)
#5 /Users/admiralshoi/Sites/weepay/routing/web.php(689): routing\Routes::dispatch()
#6 /Users/admiralshoi/Sites/weepay/index.php(14): require_once('/Users/admirals...')
#7 {main}
[2026-01-11 15:46:58] -  Sql sum, `PROD_FKF_payments`  SQLSTATE[HY000]: General error: 1525 Incorrect TIMESTAMP value: ''  -   #0 /Users/admiralshoi/Sites/weepay/Database/QueryBuilder.php(535): PDOStatement->execute(Array)
#1 /Users/admiralshoi/Sites/weepay/routing/routes/admin/PageController.php(1168): Database\QueryBuilder->sum('isv_amount')
#2 [internal function]: routing\routes\admin\PageController::kpi(Array)
#3 /Users/admiralshoi/Sites/weepay/routing/Routes.php(232): call_user_func('routing\\routes\\...', Array)
#4 /Users/admiralshoi/Sites/weepay/routing/Routes.php(125): routing\Routes::returnMethod('routing\\routes\\...', 'kpi', Array)
#5 /Users/admiralshoi/Sites/weepay/routing/web.php(689): routing\Routes::dispatch()
#6 /Users/admiralshoi/Sites/weepay/index.php(14): require_once('/Users/admirals...')
#7 {main}
[2026-01-11 15:46:58] -  Sql count, `PROD_FKF_payments`  SQLSTATE[HY000]: General error: 1525 Incorrect TIMESTAMP value: ''  -   #0 /Users/admiralshoi/Sites/weepay/Database/QueryBuilder.php(515): PDOStatement->execute(Array)
#1 /Users/admiralshoi/Sites/weepay/routing/routes/admin/PageController.php(1169): Database\QueryBuilder->count()
#2 [internal function]: routing\routes\admin\PageController::kpi(Array)
#3 /Users/admiralshoi/Sites/weepay/routing/Routes.php(232): call_user_func('routing\\routes\\...', Array)
#4 /Users/admiralshoi/Sites/weepay/routing/Routes.php(125): routing\Routes::returnMethod('routing\\routes\\...', 'kpi', Array)
#5 /Users/admiralshoi/Sites/weepay/routing/web.php(689): routing\Routes::dispatch()
#6 /Users/admiralshoi/Sites/weepay/index.php(14): require_once('/Users/admirals...')
#7 {main}
[2026-01-11 15:47:02] -  Sql sum, `PROD_FKF_payments`  SQLSTATE[HY000]: General error: 1525 Incorrect TIMESTAMP value: ''  -   #0 /Users/admiralshoi/Sites/weepay/Database/QueryBuilder.php(535): PDOStatement->execute(Array)
#1 /Users/admiralshoi/Sites/weepay/routing/routes/admin/PageController.php(1167): Database\QueryBuilder->sum('amount')
#2 [internal function]: routing\routes\admin\PageController::kpi(Array)
#3 /Users/admiralshoi/Sites/weepay/routing/Routes.php(232): call_user_func('routing\\routes\\...', Array)
#4 /Users/admiralshoi/Sites/weepay/routing/Routes.php(125): routing\Routes::returnMethod('routing\\routes\\...', 'kpi', Array)
#5 /Users/admiralshoi/Sites/weepay/routing/web.php(689): routing\Routes::dispatch()
#6 /Users/admiralshoi/Sites/weepay/index.php(14): require_once('/Users/admirals...')
#7 {main}
[2026-01-11 15:47:02] -  Sql sum, `PROD_FKF_payments`  SQLSTATE[HY000]: General error: 1525 Incorrect TIMESTAMP value: ''  -   #0 /Users/admiralshoi/Sites/weepay/Database/QueryBuilder.php(535): PDOStatement->execute(Array)
#1 /Users/admiralshoi/Sites/weepay/routing/routes/admin/PageController.php(1168): Database\QueryBuilder->sum('isv_amount')
#2 [internal function]: routing\routes\admin\PageController::kpi(Array)
#3 /Users/admiralshoi/Sites/weepay/routing/Routes.php(232): call_user_func('routing\\routes\\...', Array)
#4 /Users/admiralshoi/Sites/weepay/routing/Routes.php(125): routing\Routes::returnMethod('routing\\routes\\...', 'kpi', Array)
#5 /Users/admiralshoi/Sites/weepay/routing/web.php(689): routing\Routes::dispatch()
#6 /Users/admiralshoi/Sites/weepay/index.php(14): require_once('/Users/admirals...')
#7 {main}
[2026-01-11 15:47:02] -  Sql count, `PROD_FKF_payments`  SQLSTATE[HY000]: General error: 1525 Incorrect TIMESTAMP value: ''  -   #0 /Users/admiralshoi/Sites/weepay/Database/QueryBuilder.php(515): PDOStatement->execute(Array)
#1 /Users/admiralshoi/Sites/weepay/routing/routes/admin/PageController.php(1169): Database\QueryBuilder->count()
#2 [internal function]: routing\routes\admin\PageController::kpi(Array)
#3 /Users/admiralshoi/Sites/weepay/routing/Routes.php(232): call_user_func('routing\\routes\\...', Array)
#4 /Users/admiralshoi/Sites/weepay/routing/Routes.php(125): routing\Routes::returnMethod('routing\\routes\\...', 'kpi', Array)
#5 /Users/admiralshoi/Sites/weepay/routing/web.php(689): routing\Routes::dispatch()
#6 /Users/admiralshoi/Sites/weepay/index.php(14): require_once('/Users/admirals...')
#7 {main}
[2026-01-11 15:52:12] -  Sql sum, `PROD_FKF_payments`  SQLSTATE[HY000]: General error: 1525 Incorrect TIMESTAMP value: ''  -   #0 /Users/admiralshoi/Sites/weepay/Database/QueryBuilder.php(535): PDOStatement->execute(Array)
#1 /Users/admiralshoi/Sites/weepay/routing/routes/admin/PageController.php(1167): Database\QueryBuilder->sum('amount')
#2 [internal function]: routing\routes\admin\PageController::kpi(Array)
#3 /Users/admiralshoi/Sites/weepay/routing/Routes.php(232): call_user_func('routing\\routes\\...', Array)
#4 /Users/admiralshoi/Sites/weepay/routing/Routes.php(125): routing\Routes::returnMethod('routing\\routes\\...', 'kpi', Array)
#5 /Users/admiralshoi/Sites/weepay/routing/web.php(689): routing\Routes::dispatch()
#6 /Users/admiralshoi/Sites/weepay/index.php(14): require_once('/Users/admirals...')
#7 {main}
[2026-01-11 15:52:12] -  Sql sum, `PROD_FKF_payments`  SQLSTATE[HY000]: General error: 1525 Incorrect TIMESTAMP value: ''  -   #0 /Users/admiralshoi/Sites/weepay/Database/QueryBuilder.php(535): PDOStatement->execute(Array)
#1 /Users/admiralshoi/Sites/weepay/routing/routes/admin/PageController.php(1168): Database\QueryBuilder->sum('isv_amount')
#2 [internal function]: routing\routes\admin\PageController::kpi(Array)
#3 /Users/admiralshoi/Sites/weepay/routing/Routes.php(232): call_user_func('routing\\routes\\...', Array)
#4 /Users/admiralshoi/Sites/weepay/routing/Routes.php(125): routing\Routes::returnMethod('routing\\routes\\...', 'kpi', Array)
#5 /Users/admiralshoi/Sites/weepay/routing/web.php(689): routing\Routes::dispatch()
#6 /Users/admiralshoi/Sites/weepay/index.php(14): require_once('/Users/admirals...')
#7 {main}
[2026-01-11 15:52:12] -  Sql count, `PROD_FKF_payments`  SQLSTATE[HY000]: General error: 1525 Incorrect TIMESTAMP value: ''  -   #0 /Users/admiralshoi/Sites/weepay/Database/QueryBuilder.php(515): PDOStatement->execute(Array)
#1 /Users/admiralshoi/Sites/weepay/routing/routes/admin/PageController.php(1169): Database\QueryBuilder->count()
#2 [internal function]: routing\routes\admin\PageController::kpi(Array)
#3 /Users/admiralshoi/Sites/weepay/routing/Routes.php(232): call_user_func('routing\\routes\\...', Array)
#4 /Users/admiralshoi/Sites/weepay/routing/Routes.php(125): routing\Routes::returnMethod('routing\\routes\\...', 'kpi', Array)
#5 /Users/admiralshoi/Sites/weepay/routing/web.php(689): routing\Routes::dispatch()
#6 /Users/admiralshoi/Sites/weepay/index.php(14): require_once('/Users/admirals...')
#7 {main}
[2026-01-11 15:52:42] -  Sql sum, `PROD_FKF_payments`  SQLSTATE[HY000]: General error: 1525 Incorrect TIMESTAMP value: ''  -   #0 /Users/admiralshoi/Sites/weepay/Database/QueryBuilder.php(535): PDOStatement->execute(Array)
#1 /Users/admiralshoi/Sites/weepay/routing/routes/admin/PageController.php(1167): Database\QueryBuilder->sum('amount')
#2 [internal function]: routing\routes\admin\PageController::kpi(Array)
#3 /Users/admiralshoi/Sites/weepay/routing/Routes.php(232): call_user_func('routing\\routes\\...', Array)
#4 /Users/admiralshoi/Sites/weepay/routing/Routes.php(125): routing\Routes::returnMethod('routing\\routes\\...', 'kpi', Array)
#5 /Users/admiralshoi/Sites/weepay/routing/web.php(689): routing\Routes::dispatch()
#6 /Users/admiralshoi/Sites/weepay/index.php(14): require_once('/Users/admirals...')
#7 {main}
[2026-01-11 15:52:42] -  Sql sum, `PROD_FKF_payments`  SQLSTATE[HY000]: General error: 1525 Incorrect TIMESTAMP value: ''  -   #0 /Users/admiralshoi/Sites/weepay/Database/QueryBuilder.php(535): PDOStatement->execute(Array)
#1 /Users/admiralshoi/Sites/weepay/routing/routes/admin/PageController.php(1168): Database\QueryBuilder->sum('isv_amount')
#2 [internal function]: routing\routes\admin\PageController::kpi(Array)
#3 /Users/admiralshoi/Sites/weepay/routing/Routes.php(232): call_user_func('routing\\routes\\...', Array)
#4 /Users/admiralshoi/Sites/weepay/routing/Routes.php(125): routing\Routes::returnMethod('routing\\routes\\...', 'kpi', Array)
#5 /Users/admiralshoi/Sites/weepay/routing/web.php(689): routing\Routes::dispatch()
#6 /Users/admiralshoi/Sites/weepay/index.php(14): require_once('/Users/admirals...')
#7 {main}
[2026-01-11 15:52:42] -  Sql count, `PROD_FKF_payments`  SQLSTATE[HY000]: General error: 1525 Incorrect TIMESTAMP value: ''  -   #0 /Users/admiralshoi/Sites/weepay/Database/QueryBuilder.php(515): PDOStatement->execute(Array)
#1 /Users/admiralshoi/Sites/weepay/routing/routes/admin/PageController.php(1169): Database\QueryBuilder->count()
#2 [internal function]: routing\routes\admin\PageController::kpi(Array)
#3 /Users/admiralshoi/Sites/weepay/routing/Routes.php(232): call_user_func('routing\\routes\\...', Array)
#4 /Users/admiralshoi/Sites/weepay/routing/Routes.php(125): routing\Routes::returnMethod('routing\\routes\\...', 'kpi', Array)
#5 /Users/admiralshoi/Sites/weepay/routing/web.php(689): routing\Routes::dispatch()
#6 /Users/admiralshoi/Sites/weepay/index.php(14): require_once('/Users/admirals...')
#7 {main}
[2026-01-11 17:01:14] -  Sql insert, `PROD_FKF_appmeta`  SQLSTATE[23000]: Integrity constraint violation: 1062 Duplicate entry 'organisation_roles' for key 'prod_fkf_appmeta.uq_name'  -   #0 /Users/admiralshoi/Sites/weepay/Database/QueryBuilder.php(332): PDOStatement->execute(Array)
#1 /Users/admiralshoi/Sites/weepay/Database/Model.php(190): Database\QueryBuilder->insert(Array)
#2 /Users/admiralshoi/Sites/weepay/features/DbMigration.php(16): Database\Model::migrate()
#3 /Users/admiralshoi/Sites/weepay/views/merchants/organisation/overview.php(19): features\DbMigration::_migrate_db()
#4 /Users/admiralshoi/Sites/weepay/features/functions.php(64): include_once('/Users/admirals...')
#5 /Users/admiralshoi/Sites/weepay/views/templates/merchant-inner-html.php(26): printView(Array)
#6 /Users/admiralshoi/Sites/weepay/features/functions.php(64): include_once('/Users/admirals...')
#7 /Users/admiralshoi/Sites/weepay/views/templates/merchant-outer-html.php(42): printView(Array)
#8 /Users/admiralshoi/Sites/weepay/features/functions.php(64): include_once('/Users/admirals...')
#9 /Users/admiralshoi/Sites/weepay/routing/Routes.php(132): printView(Array)
#10 /Users/admiralshoi/Sites/weepay/routing/web.php(693): routing\Routes::dispatch()
#11 /Users/admiralshoi/Sites/weepay/index.php(14): require_once('/Users/admirals...')
#12 {main}
[2026-01-11 17:01:14] -  Sql insert, `PROD_FKF_userroles`  SQLSTATE[23000]: Integrity constraint violation: 1062 Duplicate entry '1' for key 'prod_fkf_userroles.uq_access_level'  -   #0 /Users/admiralshoi/Sites/weepay/Database/QueryBuilder.php(332): PDOStatement->execute(Array)
#1 /Users/admiralshoi/Sites/weepay/Database/Model.php(190): Database\QueryBuilder->insert(Array)
#2 /Users/admiralshoi/Sites/weepay/features/DbMigration.php(16): Database\Model::migrate()
#3 /Users/admiralshoi/Sites/weepay/views/merchants/organisation/overview.php(19): features\DbMigration::_migrate_db()
#4 /Users/admiralshoi/Sites/weepay/features/functions.php(64): include_once('/Users/admirals...')
#5 /Users/admiralshoi/Sites/weepay/views/templates/merchant-inner-html.php(26): printView(Array)
#6 /Users/admiralshoi/Sites/weepay/features/functions.php(64): include_once('/Users/admirals...')
#7 /Users/admiralshoi/Sites/weepay/views/templates/merchant-outer-html.php(42): printView(Array)
#8 /Users/admiralshoi/Sites/weepay/features/functions.php(64): include_once('/Users/admirals...')
#9 /Users/admiralshoi/Sites/weepay/routing/Routes.php(132): printView(Array)
#10 /Users/admiralshoi/Sites/weepay/routing/web.php(693): routing\Routes::dispatch()
#11 /Users/admiralshoi/Sites/weepay/index.php(14): require_once('/Users/admirals...')
#12 {main}
[2026-01-11 17:01:14] -  Sql insert, `PROD_FKF_userroles`  SQLSTATE[23000]: Integrity constraint violation: 1062 Duplicate entry '2' for key 'prod_fkf_userroles.uq_access_level'  -   #0 /Users/admiralshoi/Sites/weepay/Database/QueryBuilder.php(332): PDOStatement->execute(Array)
#1 /Users/admiralshoi/Sites/weepay/Database/Model.php(190): Database\QueryBuilder->insert(Array)
#2 /Users/admiralshoi/Sites/weepay/features/DbMigration.php(16): Database\Model::migrate()
#3 /Users/admiralshoi/Sites/weepay/views/merchants/organisation/overview.php(19): features\DbMigration::_migrate_db()
#4 /Users/admiralshoi/Sites/weepay/features/functions.php(64): include_once('/Users/admirals...')
#5 /Users/admiralshoi/Sites/weepay/views/templates/merchant-inner-html.php(26): printView(Array)
#6 /Users/admiralshoi/Sites/weepay/features/functions.php(64): include_once('/Users/admirals...')
#7 /Users/admiralshoi/Sites/weepay/views/templates/merchant-outer-html.php(42): printView(Array)
#8 /Users/admiralshoi/Sites/weepay/features/functions.php(64): include_once('/Users/admirals...')
#9 /Users/admiralshoi/Sites/weepay/routing/Routes.php(132): printView(Array)
#10 /Users/admiralshoi/Sites/weepay/routing/web.php(693): routing\Routes::dispatch()
#11 /Users/admiralshoi/Sites/weepay/index.php(14): require_once('/Users/admirals...')
#12 {main}
[2026-01-11 17:01:15] -  Sql insert, `PROD_FKF_paymentproviders`  SQLSTATE[23000]: Integrity constraint violation: 1062 Duplicate entry 'viva' for key 'prod_fkf_paymentproviders.uq_name'  -   #0 /Users/admiralshoi/Sites/weepay/Database/QueryBuilder.php(332): PDOStatement->execute(Array)
#1 /Users/admiralshoi/Sites/weepay/Database/Model.php(190): Database\QueryBuilder->insert(Array)
#2 /Users/admiralshoi/Sites/weepay/features/DbMigration.php(16): Database\Model::migrate()
#3 /Users/admiralshoi/Sites/weepay/views/merchants/organisation/overview.php(19): features\DbMigration::_migrate_db()
#4 /Users/admiralshoi/Sites/weepay/features/functions.php(64): include_once('/Users/admirals...')
#5 /Users/admiralshoi/Sites/weepay/views/templates/merchant-inner-html.php(26): printView(Array)
#6 /Users/admiralshoi/Sites/weepay/features/functions.php(64): include_once('/Users/admirals...')
#7 /Users/admiralshoi/Sites/weepay/views/templates/merchant-outer-html.php(42): printView(Array)
#8 /Users/admiralshoi/Sites/weepay/features/functions.php(64): include_once('/Users/admirals...')
#9 /Users/admiralshoi/Sites/weepay/routing/Routes.php(132): printView(Array)
#10 /Users/admiralshoi/Sites/weepay/routing/web.php(693): routing\Routes::dispatch()
#11 /Users/admiralshoi/Sites/weepay/index.php(14): require_once('/Users/admirals...')
#12 {main}
[2026-01-11 17:01:15] -  Sql insert, `PROD_FKF_authlocal`  SQLSTATE[23000]: Integrity constraint violation: 1062 Duplicate entry 'authloc_fddfslfj39r43' for key 'prod_fkf_authlocal.uq_uid'  -   #0 /Users/admiralshoi/Sites/weepay/Database/QueryBuilder.php(332): PDOStatement->execute(Array)
#1 /Users/admiralshoi/Sites/weepay/Database/Model.php(190): Database\QueryBuilder->insert(Array)
#2 /Users/admiralshoi/Sites/weepay/features/DbMigration.php(16): Database\Model::migrate()
#3 /Users/admiralshoi/Sites/weepay/views/merchants/organisation/overview.php(19): features\DbMigration::_migrate_db()
#4 /Users/admiralshoi/Sites/weepay/features/functions.php(64): include_once('/Users/admirals...')
#5 /Users/admiralshoi/Sites/weepay/views/templates/merchant-inner-html.php(26): printView(Array)
#6 /Users/admiralshoi/Sites/weepay/features/functions.php(64): include_once('/Users/admirals...')
#7 /Users/admiralshoi/Sites/weepay/views/templates/merchant-outer-html.php(42): printView(Array)
#8 /Users/admiralshoi/Sites/weepay/features/functions.php(64): include_once('/Users/admirals...')
#9 /Users/admiralshoi/Sites/weepay/routing/Routes.php(132): printView(Array)
#10 /Users/admiralshoi/Sites/weepay/routing/web.php(693): routing\Routes::dispatch()
#11 /Users/admiralshoi/Sites/weepay/index.php(14): require_once('/Users/admirals...')
#12 {main}
[2026-01-11 17:01:15] -  Sql insert, `PROD_FKF_authlocal`  SQLSTATE[23000]: Integrity constraint violation: 1062 Duplicate entry 'authloc_da4jugr730bnfs' for key 'prod_fkf_authlocal.uq_uid'  -   #0 /Users/admiralshoi/Sites/weepay/Database/QueryBuilder.php(332): PDOStatement->execute(Array)
#1 /Users/admiralshoi/Sites/weepay/Database/Model.php(190): Database\QueryBuilder->insert(Array)
#2 /Users/admiralshoi/Sites/weepay/features/DbMigration.php(16): Database\Model::migrate()
#3 /Users/admiralshoi/Sites/weepay/views/merchants/organisation/overview.php(19): features\DbMigration::_migrate_db()
#4 /Users/admiralshoi/Sites/weepay/features/functions.php(64): include_once('/Users/admirals...')
#5 /Users/admiralshoi/Sites/weepay/views/templates/merchant-inner-html.php(26): printView(Array)
#6 /Users/admiralshoi/Sites/weepay/features/functions.php(64): include_once('/Users/admirals...')
#7 /Users/admiralshoi/Sites/weepay/views/templates/merchant-outer-html.php(42): printView(Array)
#8 /Users/admiralshoi/Sites/weepay/features/functions.php(64): include_once('/Users/admirals...')
#9 /Users/admiralshoi/Sites/weepay/routing/Routes.php(132): printView(Array)
#10 /Users/admiralshoi/Sites/weepay/routing/web.php(693): routing\Routes::dispatch()
#11 /Users/admiralshoi/Sites/weepay/index.php(14): require_once('/Users/admirals...')
#12 {main}
[2026-01-11 17:01:15] -  Sql insert, `PROD_FKF_authlocal`  SQLSTATE[23000]: Integrity constraint violation: 1062 Duplicate entry 'authloc_908da83kj130n422' for key 'prod_fkf_authlocal.uq_uid'  -   #0 /Users/admiralshoi/Sites/weepay/Database/QueryBuilder.php(332): PDOStatement->execute(Array)
#1 /Users/admiralshoi/Sites/weepay/Database/Model.php(190): Database\QueryBuilder->insert(Array)
#2 /Users/admiralshoi/Sites/weepay/features/DbMigration.php(16): Database\Model::migrate()
#3 /Users/admiralshoi/Sites/weepay/views/merchants/organisation/overview.php(19): features\DbMigration::_migrate_db()
#4 /Users/admiralshoi/Sites/weepay/features/functions.php(64): include_once('/Users/admirals...')
#5 /Users/admiralshoi/Sites/weepay/views/templates/merchant-inner-html.php(26): printView(Array)
#6 /Users/admiralshoi/Sites/weepay/features/functions.php(64): include_once('/Users/admirals...')
#7 /Users/admiralshoi/Sites/weepay/views/templates/merchant-outer-html.php(42): printView(Array)
#8 /Users/admiralshoi/Sites/weepay/features/functions.php(64): include_once('/Users/admirals...')
#9 /Users/admiralshoi/Sites/weepay/routing/Routes.php(132): printView(Array)
#10 /Users/admiralshoi/Sites/weepay/routing/web.php(693): routing\Routes::dispatch()
#11 /Users/admiralshoi/Sites/weepay/index.php(14): require_once('/Users/admirals...')
#12 {main}
[2026-01-11 17:01:20] -  Sql insert, `PROD_FKF_appmeta`  SQLSTATE[23000]: Integrity constraint violation: 1062 Duplicate entry 'organisation_roles' for key 'prod_fkf_appmeta.uq_name'  -   #0 /Users/admiralshoi/Sites/weepay/Database/QueryBuilder.php(332): PDOStatement->execute(Array)
#1 /Users/admiralshoi/Sites/weepay/Database/Model.php(190): Database\QueryBuilder->insert(Array)
#2 /Users/admiralshoi/Sites/weepay/features/DbMigration.php(16): Database\Model::migrate()
#3 /Users/admiralshoi/Sites/weepay/views/merchants/organisation/overview.php(19): features\DbMigration::_migrate_db()
#4 /Users/admiralshoi/Sites/weepay/features/functions.php(64): include_once('/Users/admirals...')
#5 /Users/admiralshoi/Sites/weepay/views/templates/merchant-inner-html.php(26): printView(Array)
#6 /Users/admiralshoi/Sites/weepay/features/functions.php(64): include_once('/Users/admirals...')
#7 /Users/admiralshoi/Sites/weepay/views/templates/merchant-outer-html.php(42): printView(Array)
#8 /Users/admiralshoi/Sites/weepay/features/functions.php(64): include_once('/Users/admirals...')
#9 /Users/admiralshoi/Sites/weepay/routing/Routes.php(132): printView(Array)
#10 /Users/admiralshoi/Sites/weepay/routing/web.php(693): routing\Routes::dispatch()
#11 /Users/admiralshoi/Sites/weepay/index.php(14): require_once('/Users/admirals...')
#12 {main}
[2026-01-11 17:01:20] -  Sql insert, `PROD_FKF_userroles`  SQLSTATE[23000]: Integrity constraint violation: 1062 Duplicate entry '1' for key 'prod_fkf_userroles.uq_access_level'  -   #0 /Users/admiralshoi/Sites/weepay/Database/QueryBuilder.php(332): PDOStatement->execute(Array)
#1 /Users/admiralshoi/Sites/weepay/Database/Model.php(190): Database\QueryBuilder->insert(Array)
#2 /Users/admiralshoi/Sites/weepay/features/DbMigration.php(16): Database\Model::migrate()
#3 /Users/admiralshoi/Sites/weepay/views/merchants/organisation/overview.php(19): features\DbMigration::_migrate_db()
#4 /Users/admiralshoi/Sites/weepay/features/functions.php(64): include_once('/Users/admirals...')
#5 /Users/admiralshoi/Sites/weepay/views/templates/merchant-inner-html.php(26): printView(Array)
#6 /Users/admiralshoi/Sites/weepay/features/functions.php(64): include_once('/Users/admirals...')
#7 /Users/admiralshoi/Sites/weepay/views/templates/merchant-outer-html.php(42): printView(Array)
#8 /Users/admiralshoi/Sites/weepay/features/functions.php(64): include_once('/Users/admirals...')
#9 /Users/admiralshoi/Sites/weepay/routing/Routes.php(132): printView(Array)
#10 /Users/admiralshoi/Sites/weepay/routing/web.php(693): routing\Routes::dispatch()
#11 /Users/admiralshoi/Sites/weepay/index.php(14): require_once('/Users/admirals...')
#12 {main}
[2026-01-11 17:01:20] -  Sql insert, `PROD_FKF_userroles`  SQLSTATE[23000]: Integrity constraint violation: 1062 Duplicate entry '2' for key 'prod_fkf_userroles.uq_access_level'  -   #0 /Users/admiralshoi/Sites/weepay/Database/QueryBuilder.php(332): PDOStatement->execute(Array)
#1 /Users/admiralshoi/Sites/weepay/Database/Model.php(190): Database\QueryBuilder->insert(Array)
#2 /Users/admiralshoi/Sites/weepay/features/DbMigration.php(16): Database\Model::migrate()
#3 /Users/admiralshoi/Sites/weepay/views/merchants/organisation/overview.php(19): features\DbMigration::_migrate_db()
#4 /Users/admiralshoi/Sites/weepay/features/functions.php(64): include_once('/Users/admirals...')
#5 /Users/admiralshoi/Sites/weepay/views/templates/merchant-inner-html.php(26): printView(Array)
#6 /Users/admiralshoi/Sites/weepay/features/functions.php(64): include_once('/Users/admirals...')
#7 /Users/admiralshoi/Sites/weepay/views/templates/merchant-outer-html.php(42): printView(Array)
#8 /Users/admiralshoi/Sites/weepay/features/functions.php(64): include_once('/Users/admirals...')
#9 /Users/admiralshoi/Sites/weepay/routing/Routes.php(132): printView(Array)
#10 /Users/admiralshoi/Sites/weepay/routing/web.php(693): routing\Routes::dispatch()
#11 /Users/admiralshoi/Sites/weepay/index.php(14): require_once('/Users/admirals...')
#12 {main}
[2026-01-11 17:01:20] -  Sql insert, `PROD_FKF_paymentproviders`  SQLSTATE[23000]: Integrity constraint violation: 1062 Duplicate entry 'viva' for key 'prod_fkf_paymentproviders.uq_name'  -   #0 /Users/admiralshoi/Sites/weepay/Database/QueryBuilder.php(332): PDOStatement->execute(Array)
#1 /Users/admiralshoi/Sites/weepay/Database/Model.php(190): Database\QueryBuilder->insert(Array)
#2 /Users/admiralshoi/Sites/weepay/features/DbMigration.php(16): Database\Model::migrate()
#3 /Users/admiralshoi/Sites/weepay/views/merchants/organisation/overview.php(19): features\DbMigration::_migrate_db()
#4 /Users/admiralshoi/Sites/weepay/features/functions.php(64): include_once('/Users/admirals...')
#5 /Users/admiralshoi/Sites/weepay/views/templates/merchant-inner-html.php(26): printView(Array)
#6 /Users/admiralshoi/Sites/weepay/features/functions.php(64): include_once('/Users/admirals...')
#7 /Users/admiralshoi/Sites/weepay/views/templates/merchant-outer-html.php(42): printView(Array)
#8 /Users/admiralshoi/Sites/weepay/features/functions.php(64): include_once('/Users/admirals...')
#9 /Users/admiralshoi/Sites/weepay/routing/Routes.php(132): printView(Array)
#10 /Users/admiralshoi/Sites/weepay/routing/web.php(693): routing\Routes::dispatch()
#11 /Users/admiralshoi/Sites/weepay/index.php(14): require_once('/Users/admirals...')
#12 {main}
[2026-01-11 17:01:21] -  Sql insert, `PROD_FKF_authlocal`  SQLSTATE[23000]: Integrity constraint violation: 1062 Duplicate entry 'authloc_fddfslfj39r43' for key 'prod_fkf_authlocal.uq_uid'  -   #0 /Users/admiralshoi/Sites/weepay/Database/QueryBuilder.php(332): PDOStatement->execute(Array)
#1 /Users/admiralshoi/Sites/weepay/Database/Model.php(190): Database\QueryBuilder->insert(Array)
#2 /Users/admiralshoi/Sites/weepay/features/DbMigration.php(16): Database\Model::migrate()
#3 /Users/admiralshoi/Sites/weepay/views/merchants/organisation/overview.php(19): features\DbMigration::_migrate_db()
#4 /Users/admiralshoi/Sites/weepay/features/functions.php(64): include_once('/Users/admirals...')
#5 /Users/admiralshoi/Sites/weepay/views/templates/merchant-inner-html.php(26): printView(Array)
#6 /Users/admiralshoi/Sites/weepay/features/functions.php(64): include_once('/Users/admirals...')
#7 /Users/admiralshoi/Sites/weepay/views/templates/merchant-outer-html.php(42): printView(Array)
#8 /Users/admiralshoi/Sites/weepay/features/functions.php(64): include_once('/Users/admirals...')
#9 /Users/admiralshoi/Sites/weepay/routing/Routes.php(132): printView(Array)
#10 /Users/admiralshoi/Sites/weepay/routing/web.php(693): routing\Routes::dispatch()
#11 /Users/admiralshoi/Sites/weepay/index.php(14): require_once('/Users/admirals...')
#12 {main}
[2026-01-11 17:01:21] -  Sql insert, `PROD_FKF_authlocal`  SQLSTATE[23000]: Integrity constraint violation: 1062 Duplicate entry 'authloc_da4jugr730bnfs' for key 'prod_fkf_authlocal.uq_uid'  -   #0 /Users/admiralshoi/Sites/weepay/Database/QueryBuilder.php(332): PDOStatement->execute(Array)
#1 /Users/admiralshoi/Sites/weepay/Database/Model.php(190): Database\QueryBuilder->insert(Array)
#2 /Users/admiralshoi/Sites/weepay/features/DbMigration.php(16): Database\Model::migrate()
#3 /Users/admiralshoi/Sites/weepay/views/merchants/organisation/overview.php(19): features\DbMigration::_migrate_db()
#4 /Users/admiralshoi/Sites/weepay/features/functions.php(64): include_once('/Users/admirals...')
#5 /Users/admiralshoi/Sites/weepay/views/templates/merchant-inner-html.php(26): printView(Array)
#6 /Users/admiralshoi/Sites/weepay/features/functions.php(64): include_once('/Users/admirals...')
#7 /Users/admiralshoi/Sites/weepay/views/templates/merchant-outer-html.php(42): printView(Array)
#8 /Users/admiralshoi/Sites/weepay/features/functions.php(64): include_once('/Users/admirals...')
#9 /Users/admiralshoi/Sites/weepay/routing/Routes.php(132): printView(Array)
#10 /Users/admiralshoi/Sites/weepay/routing/web.php(693): routing\Routes::dispatch()
#11 /Users/admiralshoi/Sites/weepay/index.php(14): require_once('/Users/admirals...')
#12 {main}
[2026-01-11 17:01:21] -  Sql insert, `PROD_FKF_authlocal`  SQLSTATE[23000]: Integrity constraint violation: 1062 Duplicate entry 'authloc_908da83kj130n422' for key 'prod_fkf_authlocal.uq_uid'  -   #0 /Users/admiralshoi/Sites/weepay/Database/QueryBuilder.php(332): PDOStatement->execute(Array)
#1 /Users/admiralshoi/Sites/weepay/Database/Model.php(190): Database\QueryBuilder->insert(Array)
#2 /Users/admiralshoi/Sites/weepay/features/DbMigration.php(16): Database\Model::migrate()
#3 /Users/admiralshoi/Sites/weepay/views/merchants/organisation/overview.php(19): features\DbMigration::_migrate_db()
#4 /Users/admiralshoi/Sites/weepay/features/functions.php(64): include_once('/Users/admirals...')
#5 /Users/admiralshoi/Sites/weepay/views/templates/merchant-inner-html.php(26): printView(Array)
#6 /Users/admiralshoi/Sites/weepay/features/functions.php(64): include_once('/Users/admirals...')
#7 /Users/admiralshoi/Sites/weepay/views/templates/merchant-outer-html.php(42): printView(Array)
#8 /Users/admiralshoi/Sites/weepay/features/functions.php(64): include_once('/Users/admirals...')
#9 /Users/admiralshoi/Sites/weepay/routing/Routes.php(132): printView(Array)
#10 /Users/admiralshoi/Sites/weepay/routing/web.php(693): routing\Routes::dispatch()
#11 /Users/admiralshoi/Sites/weepay/index.php(14): require_once('/Users/admirals...')
#12 {main}
[2026-01-11 17:27:01] -  Sql insert, `PROD_FKF_appmeta`  SQLSTATE[23000]: Integrity constraint violation: 1062 Duplicate entry 'organisation_roles' for key 'prod_fkf_appmeta.uq_name'  -   #0 /Users/admiralshoi/Sites/weepay/Database/QueryBuilder.php(332): PDOStatement->execute(Array)
#1 /Users/admiralshoi/Sites/weepay/Database/Model.php(190): Database\QueryBuilder->insert(Array)
#2 /Users/admiralshoi/Sites/weepay/features/DbMigration.php(16): Database\Model::migrate()
#3 /Users/admiralshoi/Sites/weepay/views/merchants/organisation/overview.php(19): features\DbMigration::_migrate_db()
#4 /Users/admiralshoi/Sites/weepay/features/functions.php(64): include_once('/Users/admirals...')
#5 /Users/admiralshoi/Sites/weepay/views/templates/merchant-inner-html.php(26): printView(Array)
#6 /Users/admiralshoi/Sites/weepay/features/functions.php(64): include_once('/Users/admirals...')
#7 /Users/admiralshoi/Sites/weepay/views/templates/merchant-outer-html.php(42): printView(Array)
#8 /Users/admiralshoi/Sites/weepay/features/functions.php(64): include_once('/Users/admirals...')
#9 /Users/admiralshoi/Sites/weepay/routing/Routes.php(132): printView(Array)
#10 /Users/admiralshoi/Sites/weepay/routing/web.php(693): routing\Routes::dispatch()
#11 /Users/admiralshoi/Sites/weepay/index.php(14): require_once('/Users/admirals...')
#12 {main}
[2026-01-11 17:27:01] -  Sql insert, `PROD_FKF_userroles`  SQLSTATE[23000]: Integrity constraint violation: 1062 Duplicate entry '1' for key 'prod_fkf_userroles.uq_access_level'  -   #0 /Users/admiralshoi/Sites/weepay/Database/QueryBuilder.php(332): PDOStatement->execute(Array)
#1 /Users/admiralshoi/Sites/weepay/Database/Model.php(190): Database\QueryBuilder->insert(Array)
#2 /Users/admiralshoi/Sites/weepay/features/DbMigration.php(16): Database\Model::migrate()
#3 /Users/admiralshoi/Sites/weepay/views/merchants/organisation/overview.php(19): features\DbMigration::_migrate_db()
#4 /Users/admiralshoi/Sites/weepay/features/functions.php(64): include_once('/Users/admirals...')
#5 /Users/admiralshoi/Sites/weepay/views/templates/merchant-inner-html.php(26): printView(Array)
#6 /Users/admiralshoi/Sites/weepay/features/functions.php(64): include_once('/Users/admirals...')
#7 /Users/admiralshoi/Sites/weepay/views/templates/merchant-outer-html.php(42): printView(Array)
#8 /Users/admiralshoi/Sites/weepay/features/functions.php(64): include_once('/Users/admirals...')
#9 /Users/admiralshoi/Sites/weepay/routing/Routes.php(132): printView(Array)
#10 /Users/admiralshoi/Sites/weepay/routing/web.php(693): routing\Routes::dispatch()
#11 /Users/admiralshoi/Sites/weepay/index.php(14): require_once('/Users/admirals...')
#12 {main}
[2026-01-11 17:27:01] -  Sql insert, `PROD_FKF_userroles`  SQLSTATE[23000]: Integrity constraint violation: 1062 Duplicate entry '2' for key 'prod_fkf_userroles.uq_access_level'  -   #0 /Users/admiralshoi/Sites/weepay/Database/QueryBuilder.php(332): PDOStatement->execute(Array)
#1 /Users/admiralshoi/Sites/weepay/Database/Model.php(190): Database\QueryBuilder->insert(Array)
#2 /Users/admiralshoi/Sites/weepay/features/DbMigration.php(16): Database\Model::migrate()
#3 /Users/admiralshoi/Sites/weepay/views/merchants/organisation/overview.php(19): features\DbMigration::_migrate_db()
#4 /Users/admiralshoi/Sites/weepay/features/functions.php(64): include_once('/Users/admirals...')
#5 /Users/admiralshoi/Sites/weepay/views/templates/merchant-inner-html.php(26): printView(Array)
#6 /Users/admiralshoi/Sites/weepay/features/functions.php(64): include_once('/Users/admirals...')
#7 /Users/admiralshoi/Sites/weepay/views/templates/merchant-outer-html.php(42): printView(Array)
#8 /Users/admiralshoi/Sites/weepay/features/functions.php(64): include_once('/Users/admirals...')
#9 /Users/admiralshoi/Sites/weepay/routing/Routes.php(132): printView(Array)
#10 /Users/admiralshoi/Sites/weepay/routing/web.php(693): routing\Routes::dispatch()
#11 /Users/admiralshoi/Sites/weepay/index.php(14): require_once('/Users/admirals...')
#12 {main}
[2026-01-11 17:27:01] -  Sql insert, `PROD_FKF_paymentproviders`  SQLSTATE[23000]: Integrity constraint violation: 1062 Duplicate entry 'viva' for key 'prod_fkf_paymentproviders.uq_name'  -   #0 /Users/admiralshoi/Sites/weepay/Database/QueryBuilder.php(332): PDOStatement->execute(Array)
#1 /Users/admiralshoi/Sites/weepay/Database/Model.php(190): Database\QueryBuilder->insert(Array)
#2 /Users/admiralshoi/Sites/weepay/features/DbMigration.php(16): Database\Model::migrate()
#3 /Users/admiralshoi/Sites/weepay/views/merchants/organisation/overview.php(19): features\DbMigration::_migrate_db()
#4 /Users/admiralshoi/Sites/weepay/features/functions.php(64): include_once('/Users/admirals...')
#5 /Users/admiralshoi/Sites/weepay/views/templates/merchant-inner-html.php(26): printView(Array)
#6 /Users/admiralshoi/Sites/weepay/features/functions.php(64): include_once('/Users/admirals...')
#7 /Users/admiralshoi/Sites/weepay/views/templates/merchant-outer-html.php(42): printView(Array)
#8 /Users/admiralshoi/Sites/weepay/features/functions.php(64): include_once('/Users/admirals...')
#9 /Users/admiralshoi/Sites/weepay/routing/Routes.php(132): printView(Array)
#10 /Users/admiralshoi/Sites/weepay/routing/web.php(693): routing\Routes::dispatch()
#11 /Users/admiralshoi/Sites/weepay/index.php(14): require_once('/Users/admirals...')
#12 {main}
[2026-01-11 17:27:02] -  Sql insert, `PROD_FKF_authlocal`  SQLSTATE[23000]: Integrity constraint violation: 1062 Duplicate entry 'authloc_fddfslfj39r43' for key 'prod_fkf_authlocal.uq_uid'  -   #0 /Users/admiralshoi/Sites/weepay/Database/QueryBuilder.php(332): PDOStatement->execute(Array)
#1 /Users/admiralshoi/Sites/weepay/Database/Model.php(190): Database\QueryBuilder->insert(Array)
#2 /Users/admiralshoi/Sites/weepay/features/DbMigration.php(16): Database\Model::migrate()
#3 /Users/admiralshoi/Sites/weepay/views/merchants/organisation/overview.php(19): features\DbMigration::_migrate_db()
#4 /Users/admiralshoi/Sites/weepay/features/functions.php(64): include_once('/Users/admirals...')
#5 /Users/admiralshoi/Sites/weepay/views/templates/merchant-inner-html.php(26): printView(Array)
#6 /Users/admiralshoi/Sites/weepay/features/functions.php(64): include_once('/Users/admirals...')
#7 /Users/admiralshoi/Sites/weepay/views/templates/merchant-outer-html.php(42): printView(Array)
#8 /Users/admiralshoi/Sites/weepay/features/functions.php(64): include_once('/Users/admirals...')
#9 /Users/admiralshoi/Sites/weepay/routing/Routes.php(132): printView(Array)
#10 /Users/admiralshoi/Sites/weepay/routing/web.php(693): routing\Routes::dispatch()
#11 /Users/admiralshoi/Sites/weepay/index.php(14): require_once('/Users/admirals...')
#12 {main}
[2026-01-11 17:27:02] -  Sql insert, `PROD_FKF_authlocal`  SQLSTATE[23000]: Integrity constraint violation: 1062 Duplicate entry 'authloc_da4jugr730bnfs' for key 'prod_fkf_authlocal.uq_uid'  -   #0 /Users/admiralshoi/Sites/weepay/Database/QueryBuilder.php(332): PDOStatement->execute(Array)
#1 /Users/admiralshoi/Sites/weepay/Database/Model.php(190): Database\QueryBuilder->insert(Array)
#2 /Users/admiralshoi/Sites/weepay/features/DbMigration.php(16): Database\Model::migrate()
#3 /Users/admiralshoi/Sites/weepay/views/merchants/organisation/overview.php(19): features\DbMigration::_migrate_db()
#4 /Users/admiralshoi/Sites/weepay/features/functions.php(64): include_once('/Users/admirals...')
#5 /Users/admiralshoi/Sites/weepay/views/templates/merchant-inner-html.php(26): printView(Array)
#6 /Users/admiralshoi/Sites/weepay/features/functions.php(64): include_once('/Users/admirals...')
#7 /Users/admiralshoi/Sites/weepay/views/templates/merchant-outer-html.php(42): printView(Array)
#8 /Users/admiralshoi/Sites/weepay/features/functions.php(64): include_once('/Users/admirals...')
#9 /Users/admiralshoi/Sites/weepay/routing/Routes.php(132): printView(Array)
#10 /Users/admiralshoi/Sites/weepay/routing/web.php(693): routing\Routes::dispatch()
#11 /Users/admiralshoi/Sites/weepay/index.php(14): require_once('/Users/admirals...')
#12 {main}
[2026-01-11 17:27:02] -  Sql insert, `PROD_FKF_authlocal`  SQLSTATE[23000]: Integrity constraint violation: 1062 Duplicate entry 'authloc_908da83kj130n422' for key 'prod_fkf_authlocal.uq_uid'  -   #0 /Users/admiralshoi/Sites/weepay/Database/QueryBuilder.php(332): PDOStatement->execute(Array)
#1 /Users/admiralshoi/Sites/weepay/Database/Model.php(190): Database\QueryBuilder->insert(Array)
#2 /Users/admiralshoi/Sites/weepay/features/DbMigration.php(16): Database\Model::migrate()
#3 /Users/admiralshoi/Sites/weepay/views/merchants/organisation/overview.php(19): features\DbMigration::_migrate_db()
#4 /Users/admiralshoi/Sites/weepay/features/functions.php(64): include_once('/Users/admirals...')
#5 /Users/admiralshoi/Sites/weepay/views/templates/merchant-inner-html.php(26): printView(Array)
#6 /Users/admiralshoi/Sites/weepay/features/functions.php(64): include_once('/Users/admirals...')
#7 /Users/admiralshoi/Sites/weepay/views/templates/merchant-outer-html.php(42): printView(Array)
#8 /Users/admiralshoi/Sites/weepay/features/functions.php(64): include_once('/Users/admirals...')
#9 /Users/admiralshoi/Sites/weepay/routing/Routes.php(132): printView(Array)
#10 /Users/admiralshoi/Sites/weepay/routing/web.php(693): routing\Routes::dispatch()
#11 /Users/admiralshoi/Sites/weepay/index.php(14): require_once('/Users/admirals...')
#12 {main}
[2026-01-11 18:50:29] -  Sql insert, `PROD_FKF_appmeta`  SQLSTATE[23000]: Integrity constraint violation: 1062 Duplicate entry 'organisation_roles' for key 'prod_fkf_appmeta.uq_name'  -   #0 /Users/admiralshoi/Sites/weepay/Database/QueryBuilder.php(332): PDOStatement->execute(Array)
#1 /Users/admiralshoi/Sites/weepay/Database/Model.php(190): Database\QueryBuilder->insert(Array)
#2 /Users/admiralshoi/Sites/weepay/features/DbMigration.php(16): Database\Model::migrate()
#3 /Users/admiralshoi/Sites/weepay/views/merchants/organisation/overview.php(19): features\DbMigration::_migrate_db()
#4 /Users/admiralshoi/Sites/weepay/features/functions.php(64): include_once('/Users/admirals...')
#5 /Users/admiralshoi/Sites/weepay/views/templates/merchant-inner-html.php(26): printView(Array)
#6 /Users/admiralshoi/Sites/weepay/features/functions.php(64): include_once('/Users/admirals...')
#7 /Users/admiralshoi/Sites/weepay/views/templates/merchant-outer-html.php(42): printView(Array)
#8 /Users/admiralshoi/Sites/weepay/features/functions.php(64): include_once('/Users/admirals...')
#9 /Users/admiralshoi/Sites/weepay/routing/Routes.php(132): printView(Array)
#10 /Users/admiralshoi/Sites/weepay/routing/web.php(697): routing\Routes::dispatch()
#11 /Users/admiralshoi/Sites/weepay/index.php(14): require_once('/Users/admirals...')
#12 {main}
[2026-01-11 18:50:29] -  Sql insert, `PROD_FKF_userroles`  SQLSTATE[23000]: Integrity constraint violation: 1062 Duplicate entry '1' for key 'prod_fkf_userroles.uq_access_level'  -   #0 /Users/admiralshoi/Sites/weepay/Database/QueryBuilder.php(332): PDOStatement->execute(Array)
#1 /Users/admiralshoi/Sites/weepay/Database/Model.php(190): Database\QueryBuilder->insert(Array)
#2 /Users/admiralshoi/Sites/weepay/features/DbMigration.php(16): Database\Model::migrate()
#3 /Users/admiralshoi/Sites/weepay/views/merchants/organisation/overview.php(19): features\DbMigration::_migrate_db()
#4 /Users/admiralshoi/Sites/weepay/features/functions.php(64): include_once('/Users/admirals...')
#5 /Users/admiralshoi/Sites/weepay/views/templates/merchant-inner-html.php(26): printView(Array)
#6 /Users/admiralshoi/Sites/weepay/features/functions.php(64): include_once('/Users/admirals...')
#7 /Users/admiralshoi/Sites/weepay/views/templates/merchant-outer-html.php(42): printView(Array)
#8 /Users/admiralshoi/Sites/weepay/features/functions.php(64): include_once('/Users/admirals...')
#9 /Users/admiralshoi/Sites/weepay/routing/Routes.php(132): printView(Array)
#10 /Users/admiralshoi/Sites/weepay/routing/web.php(697): routing\Routes::dispatch()
#11 /Users/admiralshoi/Sites/weepay/index.php(14): require_once('/Users/admirals...')
#12 {main}
[2026-01-11 18:50:29] -  Sql insert, `PROD_FKF_userroles`  SQLSTATE[23000]: Integrity constraint violation: 1062 Duplicate entry '2' for key 'prod_fkf_userroles.uq_access_level'  -   #0 /Users/admiralshoi/Sites/weepay/Database/QueryBuilder.php(332): PDOStatement->execute(Array)
#1 /Users/admiralshoi/Sites/weepay/Database/Model.php(190): Database\QueryBuilder->insert(Array)
#2 /Users/admiralshoi/Sites/weepay/features/DbMigration.php(16): Database\Model::migrate()
#3 /Users/admiralshoi/Sites/weepay/views/merchants/organisation/overview.php(19): features\DbMigration::_migrate_db()
#4 /Users/admiralshoi/Sites/weepay/features/functions.php(64): include_once('/Users/admirals...')
#5 /Users/admiralshoi/Sites/weepay/views/templates/merchant-inner-html.php(26): printView(Array)
#6 /Users/admiralshoi/Sites/weepay/features/functions.php(64): include_once('/Users/admirals...')
#7 /Users/admiralshoi/Sites/weepay/views/templates/merchant-outer-html.php(42): printView(Array)
#8 /Users/admiralshoi/Sites/weepay/features/functions.php(64): include_once('/Users/admirals...')
#9 /Users/admiralshoi/Sites/weepay/routing/Routes.php(132): printView(Array)
#10 /Users/admiralshoi/Sites/weepay/routing/web.php(697): routing\Routes::dispatch()
#11 /Users/admiralshoi/Sites/weepay/index.php(14): require_once('/Users/admirals...')
#12 {main}
[2026-01-11 18:50:30] -  Sql insert, `PROD_FKF_paymentproviders`  SQLSTATE[23000]: Integrity constraint violation: 1062 Duplicate entry 'viva' for key 'prod_fkf_paymentproviders.uq_name'  -   #0 /Users/admiralshoi/Sites/weepay/Database/QueryBuilder.php(332): PDOStatement->execute(Array)
#1 /Users/admiralshoi/Sites/weepay/Database/Model.php(190): Database\QueryBuilder->insert(Array)
#2 /Users/admiralshoi/Sites/weepay/features/DbMigration.php(16): Database\Model::migrate()
#3 /Users/admiralshoi/Sites/weepay/views/merchants/organisation/overview.php(19): features\DbMigration::_migrate_db()
#4 /Users/admiralshoi/Sites/weepay/features/functions.php(64): include_once('/Users/admirals...')
#5 /Users/admiralshoi/Sites/weepay/views/templates/merchant-inner-html.php(26): printView(Array)
#6 /Users/admiralshoi/Sites/weepay/features/functions.php(64): include_once('/Users/admirals...')
#7 /Users/admiralshoi/Sites/weepay/views/templates/merchant-outer-html.php(42): printView(Array)
#8 /Users/admiralshoi/Sites/weepay/features/functions.php(64): include_once('/Users/admirals...')
#9 /Users/admiralshoi/Sites/weepay/routing/Routes.php(132): printView(Array)
#10 /Users/admiralshoi/Sites/weepay/routing/web.php(697): routing\Routes::dispatch()
#11 /Users/admiralshoi/Sites/weepay/index.php(14): require_once('/Users/admirals...')
#12 {main}
[2026-01-11 18:50:30] -  Sql insert, `PROD_FKF_authlocal`  SQLSTATE[23000]: Integrity constraint violation: 1062 Duplicate entry 'authloc_fddfslfj39r43' for key 'prod_fkf_authlocal.uq_uid'  -   #0 /Users/admiralshoi/Sites/weepay/Database/QueryBuilder.php(332): PDOStatement->execute(Array)
#1 /Users/admiralshoi/Sites/weepay/Database/Model.php(190): Database\QueryBuilder->insert(Array)
#2 /Users/admiralshoi/Sites/weepay/features/DbMigration.php(16): Database\Model::migrate()
#3 /Users/admiralshoi/Sites/weepay/views/merchants/organisation/overview.php(19): features\DbMigration::_migrate_db()
#4 /Users/admiralshoi/Sites/weepay/features/functions.php(64): include_once('/Users/admirals...')
#5 /Users/admiralshoi/Sites/weepay/views/templates/merchant-inner-html.php(26): printView(Array)
#6 /Users/admiralshoi/Sites/weepay/features/functions.php(64): include_once('/Users/admirals...')
#7 /Users/admiralshoi/Sites/weepay/views/templates/merchant-outer-html.php(42): printView(Array)
#8 /Users/admiralshoi/Sites/weepay/features/functions.php(64): include_once('/Users/admirals...')
#9 /Users/admiralshoi/Sites/weepay/routing/Routes.php(132): printView(Array)
#10 /Users/admiralshoi/Sites/weepay/routing/web.php(697): routing\Routes::dispatch()
#11 /Users/admiralshoi/Sites/weepay/index.php(14): require_once('/Users/admirals...')
#12 {main}
[2026-01-11 18:50:30] -  Sql insert, `PROD_FKF_authlocal`  SQLSTATE[23000]: Integrity constraint violation: 1062 Duplicate entry 'authloc_da4jugr730bnfs' for key 'prod_fkf_authlocal.uq_uid'  -   #0 /Users/admiralshoi/Sites/weepay/Database/QueryBuilder.php(332): PDOStatement->execute(Array)
#1 /Users/admiralshoi/Sites/weepay/Database/Model.php(190): Database\QueryBuilder->insert(Array)
#2 /Users/admiralshoi/Sites/weepay/features/DbMigration.php(16): Database\Model::migrate()
#3 /Users/admiralshoi/Sites/weepay/views/merchants/organisation/overview.php(19): features\DbMigration::_migrate_db()
#4 /Users/admiralshoi/Sites/weepay/features/functions.php(64): include_once('/Users/admirals...')
#5 /Users/admiralshoi/Sites/weepay/views/templates/merchant-inner-html.php(26): printView(Array)
#6 /Users/admiralshoi/Sites/weepay/features/functions.php(64): include_once('/Users/admirals...')
#7 /Users/admiralshoi/Sites/weepay/views/templates/merchant-outer-html.php(42): printView(Array)
#8 /Users/admiralshoi/Sites/weepay/features/functions.php(64): include_once('/Users/admirals...')
#9 /Users/admiralshoi/Sites/weepay/routing/Routes.php(132): printView(Array)
#10 /Users/admiralshoi/Sites/weepay/routing/web.php(697): routing\Routes::dispatch()
#11 /Users/admiralshoi/Sites/weepay/index.php(14): require_once('/Users/admirals...')
#12 {main}
[2026-01-11 18:50:30] -  Sql insert, `PROD_FKF_authlocal`  SQLSTATE[23000]: Integrity constraint violation: 1062 Duplicate entry 'authloc_908da83kj130n422' for key 'prod_fkf_authlocal.uq_uid'  -   #0 /Users/admiralshoi/Sites/weepay/Database/QueryBuilder.php(332): PDOStatement->execute(Array)
#1 /Users/admiralshoi/Sites/weepay/Database/Model.php(190): Database\QueryBuilder->insert(Array)
#2 /Users/admiralshoi/Sites/weepay/features/DbMigration.php(16): Database\Model::migrate()
#3 /Users/admiralshoi/Sites/weepay/views/merchants/organisation/overview.php(19): features\DbMigration::_migrate_db()
#4 /Users/admiralshoi/Sites/weepay/features/functions.php(64): include_once('/Users/admirals...')
#5 /Users/admiralshoi/Sites/weepay/views/templates/merchant-inner-html.php(26): printView(Array)
#6 /Users/admiralshoi/Sites/weepay/features/functions.php(64): include_once('/Users/admirals...')
#7 /Users/admiralshoi/Sites/weepay/views/templates/merchant-outer-html.php(42): printView(Array)
#8 /Users/admiralshoi/Sites/weepay/features/functions.php(64): include_once('/Users/admirals...')
#9 /Users/admiralshoi/Sites/weepay/routing/Routes.php(132): printView(Array)
#10 /Users/admiralshoi/Sites/weepay/routing/web.php(697): routing\Routes::dispatch()
#11 /Users/admiralshoi/Sites/weepay/index.php(14): require_once('/Users/admirals...')
#12 {main}
[2026-01-11 19:54:33] -  Sql insert, `PROD_FKF_appmeta`  SQLSTATE[23000]: Integrity constraint violation: 1062 Duplicate entry 'organisation_roles' for key 'prod_fkf_appmeta.uq_name'  -   #0 /Users/admiralshoi/Sites/weepay/Database/QueryBuilder.php(332): PDOStatement->execute(Array)
#1 /Users/admiralshoi/Sites/weepay/Database/Model.php(190): Database\QueryBuilder->insert(Array)
#2 /Users/admiralshoi/Sites/weepay/views/admin/panel/api.php(12): Database\Model::migrate()
#3 /Users/admiralshoi/Sites/weepay/features/functions.php(64): include_once('/Users/admirals...')
#4 /Users/admiralshoi/Sites/weepay/views/templates/admin-panel-inner-html.php(24): printView(Array)
#5 /Users/admiralshoi/Sites/weepay/features/functions.php(64): include_once('/Users/admirals...')
#6 /Users/admiralshoi/Sites/weepay/views/templates/admin-panel-outer-html.php(38): printView(Array)
#7 /Users/admiralshoi/Sites/weepay/features/functions.php(64): include_once('/Users/admirals...')
#8 /Users/admiralshoi/Sites/weepay/routing/Routes.php(132): printView(Array)
#9 /Users/admiralshoi/Sites/weepay/routing/web.php(699): routing\Routes::dispatch()
#10 /Users/admiralshoi/Sites/weepay/index.php(14): require_once('/Users/admirals...')
#11 {main}
[2026-01-11 19:54:33] -  Sql insert, `PROD_FKF_appmeta`  SQLSTATE[23000]: Integrity constraint violation: 1062 Duplicate entry 'oidc_session_lifetime' for key 'prod_fkf_appmeta.uq_name'  -   #0 /Users/admiralshoi/Sites/weepay/Database/QueryBuilder.php(332): PDOStatement->execute(Array)
#1 /Users/admiralshoi/Sites/weepay/Database/Model.php(190): Database\QueryBuilder->insert(Array)
#2 /Users/admiralshoi/Sites/weepay/views/admin/panel/api.php(12): Database\Model::migrate()
#3 /Users/admiralshoi/Sites/weepay/features/functions.php(64): include_once('/Users/admirals...')
#4 /Users/admiralshoi/Sites/weepay/views/templates/admin-panel-inner-html.php(24): printView(Array)
#5 /Users/admiralshoi/Sites/weepay/features/functions.php(64): include_once('/Users/admirals...')
#6 /Users/admiralshoi/Sites/weepay/views/templates/admin-panel-outer-html.php(38): printView(Array)
#7 /Users/admiralshoi/Sites/weepay/features/functions.php(64): include_once('/Users/admirals...')
#8 /Users/admiralshoi/Sites/weepay/routing/Routes.php(132): printView(Array)
#9 /Users/admiralshoi/Sites/weepay/routing/web.php(699): routing\Routes::dispatch()
#10 /Users/admiralshoi/Sites/weepay/index.php(14): require_once('/Users/admirals...')
#11 {main}
[2026-01-11 20:18:05] -  Sql insert, `PROD_FKF_countries`  SQLSTATE[HY000]: General error: 1364 Field 'uid' doesn't have a default value  -   #0 /Users/admiralshoi/Sites/weepay/Database/QueryBuilder.php(332): PDOStatement->execute(Array)
#1 /Users/admiralshoi/Sites/weepay/Database/Model.php(103): Database\QueryBuilder->insert(Array)
#2 /Users/admiralshoi/Sites/weepay/routing/routes/admin/ApiController.php(1218): Database\Model::__callStatic('insert', Array)
#3 /Users/admiralshoi/Sites/weepay/routing/routes/admin/ApiController.php(1078): routing\routes\admin\ApiController::handleCountryAdd(Array)
#4 [internal function]: routing\routes\admin\ApiController::panelUpdateSetting(Array)
#5 /Users/admiralshoi/Sites/weepay/routing/Routes.php(232): call_user_func('routing\\routes\\...', Array)
#6 /Users/admiralshoi/Sites/weepay/routing/Routes.php(125): routing\Routes::returnMethod('routing\\routes\\...', 'panelUpdateSett...', Array)
#7 /Users/admiralshoi/Sites/weepay/routing/web.php(699): routing\Routes::dispatch()
#8 /Users/admiralshoi/Sites/weepay/index.php(14): require_once('/Users/admirals...')
#9 {main}
[2026-01-11 20:20:42] -  Sql insert, `PROD_FKF_countries`  SQLSTATE[HY000]: General error: 1364 Field 'uid' doesn't have a default value  -   #0 /Users/admiralshoi/Sites/weepay/Database/QueryBuilder.php(332): PDOStatement->execute(Array)
#1 /Users/admiralshoi/Sites/weepay/Database/Model.php(103): Database\QueryBuilder->insert(Array)
#2 /Users/admiralshoi/Sites/weepay/routing/routes/admin/ApiController.php(1218): Database\Model::__callStatic('insert', Array)
#3 /Users/admiralshoi/Sites/weepay/routing/routes/admin/ApiController.php(1078): routing\routes\admin\ApiController::handleCountryAdd(Array)
#4 [internal function]: routing\routes\admin\ApiController::panelUpdateSetting(Array)
#5 /Users/admiralshoi/Sites/weepay/routing/Routes.php(232): call_user_func('routing\\routes\\...', Array)
#6 /Users/admiralshoi/Sites/weepay/routing/Routes.php(125): routing\Routes::returnMethod('routing\\routes\\...', 'panelUpdateSett...', Array)
#7 /Users/admiralshoi/Sites/weepay/routing/web.php(699): routing\Routes::dispatch()
#8 /Users/admiralshoi/Sites/weepay/index.php(14): require_once('/Users/admirals...')
#9 {main}
[2026-01-11 20:53:05] -  Sql insert, `PROD_FKF_appmeta`  SQLSTATE[23000]: Integrity constraint violation: 1062 Duplicate entry 'currencies' for key 'prod_fkf_appmeta.uq_name'  -   #0 /Users/admiralshoi/Sites/weepay/Database/QueryBuilder.php(332): PDOStatement->execute(Array)
#1 /Users/admiralshoi/Sites/weepay/Database/Model.php(190): Database\QueryBuilder->insert(Array)
#2 /Users/admiralshoi/Sites/weepay/views/admin/panel/fees.php(18): Database\Model::migrate()
#3 /Users/admiralshoi/Sites/weepay/features/functions.php(64): include_once('/Users/admirals...')
#4 /Users/admiralshoi/Sites/weepay/views/templates/admin-panel-inner-html.php(24): printView(Array)
#5 /Users/admiralshoi/Sites/weepay/features/functions.php(64): include_once('/Users/admirals...')
#6 /Users/admiralshoi/Sites/weepay/views/templates/admin-panel-outer-html.php(38): printView(Array)
#7 /Users/admiralshoi/Sites/weepay/features/functions.php(64): include_once('/Users/admirals...')
#8 /Users/admiralshoi/Sites/weepay/routing/Routes.php(132): printView(Array)
#9 /Users/admiralshoi/Sites/weepay/routing/web.php(699): routing\Routes::dispatch()
#10 /Users/admiralshoi/Sites/weepay/index.php(14): require_once('/Users/admirals...')
#11 {main}
[2026-01-11 20:53:05] -  Sql insert, `PROD_FKF_appmeta`  SQLSTATE[23000]: Integrity constraint violation: 1062 Duplicate entry 'organisation_roles' for key 'prod_fkf_appmeta.uq_name'  -   #0 /Users/admiralshoi/Sites/weepay/Database/QueryBuilder.php(332): PDOStatement->execute(Array)
#1 /Users/admiralshoi/Sites/weepay/Database/Model.php(190): Database\QueryBuilder->insert(Array)
#2 /Users/admiralshoi/Sites/weepay/views/admin/panel/fees.php(18): Database\Model::migrate()
#3 /Users/admiralshoi/Sites/weepay/features/functions.php(64): include_once('/Users/admirals...')
#4 /Users/admiralshoi/Sites/weepay/views/templates/admin-panel-inner-html.php(24): printView(Array)
#5 /Users/admiralshoi/Sites/weepay/features/functions.php(64): include_once('/Users/admirals...')
#6 /Users/admiralshoi/Sites/weepay/views/templates/admin-panel-outer-html.php(38): printView(Array)
#7 /Users/admiralshoi/Sites/weepay/features/functions.php(64): include_once('/Users/admirals...')
#8 /Users/admiralshoi/Sites/weepay/routing/Routes.php(132): printView(Array)
#9 /Users/admiralshoi/Sites/weepay/routing/web.php(699): routing\Routes::dispatch()
#10 /Users/admiralshoi/Sites/weepay/index.php(14): require_once('/Users/admirals...')
#11 {main}
[2026-01-11 20:53:05] -  Sql insert, `PROD_FKF_appmeta`  SQLSTATE[23000]: Integrity constraint violation: 1062 Duplicate entry 'oidc_session_lifetime' for key 'prod_fkf_appmeta.uq_name'  -   #0 /Users/admiralshoi/Sites/weepay/Database/QueryBuilder.php(332): PDOStatement->execute(Array)
#1 /Users/admiralshoi/Sites/weepay/Database/Model.php(190): Database\QueryBuilder->insert(Array)
#2 /Users/admiralshoi/Sites/weepay/views/admin/panel/fees.php(18): Database\Model::migrate()
#3 /Users/admiralshoi/Sites/weepay/features/functions.php(64): include_once('/Users/admirals...')
#4 /Users/admiralshoi/Sites/weepay/views/templates/admin-panel-inner-html.php(24): printView(Array)
#5 /Users/admiralshoi/Sites/weepay/features/functions.php(64): include_once('/Users/admirals...')
#6 /Users/admiralshoi/Sites/weepay/views/templates/admin-panel-outer-html.php(38): printView(Array)
#7 /Users/admiralshoi/Sites/weepay/features/functions.php(64): include_once('/Users/admirals...')
#8 /Users/admiralshoi/Sites/weepay/routing/Routes.php(132): printView(Array)
#9 /Users/admiralshoi/Sites/weepay/routing/web.php(699): routing\Routes::dispatch()
#10 /Users/admiralshoi/Sites/weepay/index.php(14): require_once('/Users/admirals...')
#11 {main}
