[2026-01-12 10:46:34] -  Sql all, `PROD_FKF_users`  SQLSTATE[42S22]: Column not found: 1054 Unknown column 'username' in 'field list'  -   #0 /Users/admiralshoi/Sites/weepay/Database/QueryBuilder.php(442): PDOStatement->execute(Array)
#1 /Users/admiralshoi/Sites/weepay/Database/QueryBuilder.php(471): Database\QueryBuilder->all()
#2 /Users/admiralshoi/Sites/weepay/routing/routes/admin/AdminController.php(136): Database\QueryBuilder->paginate(100, 0, 'id', 'ASC')
#3 [internal function]: routing\routes\admin\AdminController::users(Array)
#4 /Users/admiralshoi/Sites/weepay/routing/Routes.php(232): call_user_func('routing\\routes\\...', Array)
#5 /Users/admiralshoi/Sites/weepay/routing/Routes.php(125): routing\Routes::returnMethod('routing\\routes\\...', 'users', Array)
#6 /Users/admiralshoi/Sites/weepay/routing/web.php(699): routing\Routes::dispatch()
#7 /Users/admiralshoi/Sites/weepay/index.php(14): require_once('/Users/admirals...')
#8 {main}
[2026-01-12 10:47:46] -  Sql sum, `PROD_FKF_orders`  SQLSTATE[42S22]: Column not found: 1054 Unknown column 'isv_amount' in 'field list'  -   #0 /Users/admiralshoi/Sites/weepay/Database/QueryBuilder.php(535): PDOStatement->execute(Array)
#1 /Users/admiralshoi/Sites/weepay/routing/routes/admin/PageController.php(1501): Database\QueryBuilder->sum('isv_amount')
#2 [internal function]: routing\routes\admin\PageController::reports(Array)
#3 /Users/admiralshoi/Sites/weepay/routing/Routes.php(232): call_user_func('routing\\routes\\...', Array)
#4 /Users/admiralshoi/Sites/weepay/routing/Routes.php(125): routing\Routes::returnMethod('routing\\routes\\...', 'reports', Array)
#5 /Users/admiralshoi/Sites/weepay/routing/web.php(699): routing\Routes::dispatch()
#6 /Users/admiralshoi/Sites/weepay/index.php(14): require_once('/Users/admirals...')
#7 {main}
[2026-01-12 10:47:59] -  Sql sum, `PROD_FKF_orders`  SQLSTATE[42S22]: Column not found: 1054 Unknown column 'isv_amount' in 'field list'  -   #0 /Users/admiralshoi/Sites/weepay/Database/QueryBuilder.php(535): PDOStatement->execute(Array)
#1 /Users/admiralshoi/Sites/weepay/routing/routes/admin/PageController.php(1501): Database\QueryBuilder->sum('isv_amount')
#2 [internal function]: routing\routes\admin\PageController::reports(Array)
#3 /Users/admiralshoi/Sites/weepay/routing/Routes.php(232): call_user_func('routing\\routes\\...', Array)
#4 /Users/admiralshoi/Sites/weepay/routing/Routes.php(125): routing\Routes::returnMethod('routing\\routes\\...', 'reports', Array)
#5 /Users/admiralshoi/Sites/weepay/routing/web.php(699): routing\Routes::dispatch()
#6 /Users/admiralshoi/Sites/weepay/index.php(14): require_once('/Users/admirals...')
#7 {main}
[2026-01-12 11:12:56] -  Sql insert, `PROD_FKF_appmeta`  SQLSTATE[23000]: Integrity constraint violation: 1062 Duplicate entry 'currencies' for key 'prod_fkf_appmeta.uq_name'  -   #0 /Users/admiralshoi/Sites/weepay/Database/QueryBuilder.php(332): PDOStatement->execute(Array)
#1 /Users/admiralshoi/Sites/weepay/Database/Model.php(190): Database\QueryBuilder->insert(Array)
#2 /Users/admiralshoi/Sites/weepay/views/admin/panel/fees.php(18): Database\Model::migrate()
#3 /Users/admiralshoi/Sites/weepay/features/functions.php(64): include_once('/Users/admirals...')
#4 /Users/admiralshoi/Sites/weepay/views/templates/admin-panel-inner-html.php(24): printView(Array)
#5 /Users/admiralshoi/Sites/weepay/features/functions.php(64): include_once('/Users/admirals...')
#6 /Users/admiralshoi/Sites/weepay/views/templates/admin-panel-outer-html.php(38): printView(Array)
#7 /Users/admiralshoi/Sites/weepay/features/functions.php(64): include_once('/Users/admirals...')
#8 /Users/admiralshoi/Sites/weepay/routing/Routes.php(132): printView(Array)
#9 /Users/admiralshoi/Sites/weepay/routing/web.php(699): routing\Routes::dispatch()
#10 /Users/admiralshoi/Sites/weepay/index.php(14): require_once('/Users/admirals...')
#11 {main}
[2026-01-12 11:12:56] -  Sql insert, `PROD_FKF_appmeta`  SQLSTATE[23000]: Integrity constraint violation: 1062 Duplicate entry 'organisation_roles' for key 'prod_fkf_appmeta.uq_name'  -   #0 /Users/admiralshoi/Sites/weepay/Database/QueryBuilder.php(332): PDOStatement->execute(Array)
#1 /Users/admiralshoi/Sites/weepay/Database/Model.php(190): Database\QueryBuilder->insert(Array)
#2 /Users/admiralshoi/Sites/weepay/views/admin/panel/fees.php(18): Database\Model::migrate()
#3 /Users/admiralshoi/Sites/weepay/features/functions.php(64): include_once('/Users/admirals...')
#4 /Users/admiralshoi/Sites/weepay/views/templates/admin-panel-inner-html.php(24): printView(Array)
#5 /Users/admiralshoi/Sites/weepay/features/functions.php(64): include_once('/Users/admirals...')
#6 /Users/admiralshoi/Sites/weepay/views/templates/admin-panel-outer-html.php(38): printView(Array)
#7 /Users/admiralshoi/Sites/weepay/features/functions.php(64): include_once('/Users/admirals...')
#8 /Users/admiralshoi/Sites/weepay/routing/Routes.php(132): printView(Array)
#9 /Users/admiralshoi/Sites/weepay/routing/web.php(699): routing\Routes::dispatch()
#10 /Users/admiralshoi/Sites/weepay/index.php(14): require_once('/Users/admirals...')
#11 {main}
[2026-01-12 11:12:56] -  Sql insert, `PROD_FKF_appmeta`  SQLSTATE[23000]: Integrity constraint violation: 1062 Duplicate entry 'oidc_session_lifetime' for key 'prod_fkf_appmeta.uq_name'  -   #0 /Users/admiralshoi/Sites/weepay/Database/QueryBuilder.php(332): PDOStatement->execute(Array)
#1 /Users/admiralshoi/Sites/weepay/Database/Model.php(190): Database\QueryBuilder->insert(Array)
#2 /Users/admiralshoi/Sites/weepay/views/admin/panel/fees.php(18): Database\Model::migrate()
#3 /Users/admiralshoi/Sites/weepay/features/functions.php(64): include_once('/Users/admirals...')
#4 /Users/admiralshoi/Sites/weepay/views/templates/admin-panel-inner-html.php(24): printView(Array)
#5 /Users/admiralshoi/Sites/weepay/features/functions.php(64): include_once('/Users/admirals...')
#6 /Users/admiralshoi/Sites/weepay/views/templates/admin-panel-outer-html.php(38): printView(Array)
#7 /Users/admiralshoi/Sites/weepay/features/functions.php(64): include_once('/Users/admirals...')
#8 /Users/admiralshoi/Sites/weepay/routing/Routes.php(132): printView(Array)
#9 /Users/admiralshoi/Sites/weepay/routing/web.php(699): routing\Routes::dispatch()
#10 /Users/admiralshoi/Sites/weepay/index.php(14): require_once('/Users/admirals...')
#11 {main}
[2026-01-12 11:12:56] -  Sql insert, `PROD_FKF_appmeta`  SQLSTATE[23000]: Integrity constraint violation: 1062 Duplicate entry 'platform_max_bnpl_amount' for key 'prod_fkf_appmeta.uq_name'  -   #0 /Users/admiralshoi/Sites/weepay/Database/QueryBuilder.php(332): PDOStatement->execute(Array)
#1 /Users/admiralshoi/Sites/weepay/Database/Model.php(190): Database\QueryBuilder->insert(Array)
#2 /Users/admiralshoi/Sites/weepay/views/admin/panel/fees.php(18): Database\Model::migrate()
#3 /Users/admiralshoi/Sites/weepay/features/functions.php(64): include_once('/Users/admirals...')
#4 /Users/admiralshoi/Sites/weepay/views/templates/admin-panel-inner-html.php(24): printView(Array)
#5 /Users/admiralshoi/Sites/weepay/features/functions.php(64): include_once('/Users/admirals...')
#6 /Users/admiralshoi/Sites/weepay/views/templates/admin-panel-outer-html.php(38): printView(Array)
#7 /Users/admiralshoi/Sites/weepay/features/functions.php(64): include_once('/Users/admirals...')
#8 /Users/admiralshoi/Sites/weepay/routing/Routes.php(132): printView(Array)
#9 /Users/admiralshoi/Sites/weepay/routing/web.php(699): routing\Routes::dispatch()
#10 /Users/admiralshoi/Sites/weepay/index.php(14): require_once('/Users/admirals...')
#11 {main}
[2026-01-12 14:34:50] -  Sql all, `PROD_FKF_users`  SQLSTATE[42S22]: Column not found: 1054 Unknown column 'username' in 'field list'  -   #0 /Users/admiralshoi/Sites/weepay/Database/QueryBuilder.php(442): PDOStatement->execute(Array)
#1 /Users/admiralshoi/Sites/weepay/Database/QueryBuilder.php(471): Database\QueryBuilder->all()
#2 /Users/admiralshoi/Sites/weepay/routing/routes/admin/AdminController.php(136): Database\QueryBuilder->paginate(100, 0, 'id', 'ASC')
#3 [internal function]: routing\routes\admin\AdminController::users(Array)
#4 /Users/admiralshoi/Sites/weepay/routing/Routes.php(232): call_user_func('routing\\routes\\...', Array)
#5 /Users/admiralshoi/Sites/weepay/routing/Routes.php(125): routing\Routes::returnMethod('routing\\routes\\...', 'users', Array)
#6 /Users/admiralshoi/Sites/weepay/routing/web.php(699): routing\Routes::dispatch()
#7 /Users/admiralshoi/Sites/weepay/index.php(14): require_once('/Users/admirals...')
#8 {main}
