[2026-01-13 09:24:07] -  Sql count, `PROD_FKF_notificationlogs`  SQLSTATE[42S02]: Base table or view not found: 1146 Table 'weepay.prod_fkf_notificationlogs' doesn't exist  -   #0 /Users/admiralshoi/Sites/weepay/Database/QueryBuilder.php(515): PDOStatement->execute(Array)
#1 /Users/admiralshoi/Sites/weepay/classes/notifications/NotificationLogHandler.php(52): Database\QueryBuilder->count()
#2 /Users/admiralshoi/Sites/weepay/routing/routes/admin/NotificationController.php(129): classes\notifications\NotificationLogHandler->countByStatus('sent', 1768206247)
#3 [internal function]: routing\routes\admin\NotificationController::logs(Array)
#4 /Users/admiralshoi/Sites/weepay/routing/Routes.php(237): call_user_func('routing\\routes\\...', Array)
#5 /Users/admiralshoi/Sites/weepay/routing/Routes.php(130): routing\Routes::returnMethod('routing\\routes\\...', 'logs', Array)
#6 /Users/admiralshoi/Sites/weepay/routing/web.php(735): routing\Routes::dispatch()
#7 /Users/admiralshoi/Sites/weepay/index.php(14): require_once('/Users/admirals...')
#8 {main}
[2026-01-13 09:24:07] -  Sql count, `PROD_FKF_notificationlogs`  SQLSTATE[42S02]: Base table or view not found: 1146 Table 'weepay.prod_fkf_notificationlogs' doesn't exist  -   #0 /Users/admiralshoi/Sites/weepay/Database/QueryBuilder.php(515): PDOStatement->execute(Array)
#1 /Users/admiralshoi/Sites/weepay/classes/notifications/NotificationLogHandler.php(52): Database\QueryBuilder->count()
#2 /Users/admiralshoi/Sites/weepay/routing/routes/admin/NotificationController.php(130): classes\notifications\NotificationLogHandler->countByStatus('sent', 1767687847)
#3 [internal function]: routing\routes\admin\NotificationController::logs(Array)
#4 /Users/admiralshoi/Sites/weepay/routing/Routes.php(237): call_user_func('routing\\routes\\...', Array)
#5 /Users/admiralshoi/Sites/weepay/routing/Routes.php(130): routing\Routes::returnMethod('routing\\routes\\...', 'logs', Array)
#6 /Users/admiralshoi/Sites/weepay/routing/web.php(735): routing\Routes::dispatch()
#7 /Users/admiralshoi/Sites/weepay/index.php(14): require_once('/Users/admirals...')
#8 {main}
[2026-01-13 09:24:07] -  Sql count, `PROD_FKF_notificationlogs`  SQLSTATE[42S02]: Base table or view not found: 1146 Table 'weepay.prod_fkf_notificationlogs' doesn't exist  -   #0 /Users/admiralshoi/Sites/weepay/Database/QueryBuilder.php(515): PDOStatement->execute(Array)
#1 /Users/admiralshoi/Sites/weepay/classes/notifications/NotificationLogHandler.php(52): Database\QueryBuilder->count()
#2 /Users/admiralshoi/Sites/weepay/routing/routes/admin/NotificationController.php(131): classes\notifications\NotificationLogHandler->countByStatus('failed', 1768206247)
#3 [internal function]: routing\routes\admin\NotificationController::logs(Array)
#4 /Users/admiralshoi/Sites/weepay/routing/Routes.php(237): call_user_func('routing\\routes\\...', Array)
#5 /Users/admiralshoi/Sites/weepay/routing/Routes.php(130): routing\Routes::returnMethod('routing\\routes\\...', 'logs', Array)
#6 /Users/admiralshoi/Sites/weepay/routing/web.php(735): routing\Routes::dispatch()
#7 /Users/admiralshoi/Sites/weepay/index.php(14): require_once('/Users/admirals...')
#8 {main}
[2026-01-13 09:24:07] -  Sql count, `PROD_FKF_notificationlogs`  SQLSTATE[42S02]: Base table or view not found: 1146 Table 'weepay.prod_fkf_notificationlogs' doesn't exist  -   #0 /Users/admiralshoi/Sites/weepay/Database/QueryBuilder.php(515): PDOStatement->execute(Array)
#1 /Users/admiralshoi/Sites/weepay/classes/notifications/NotificationLogHandler.php(52): Database\QueryBuilder->count()
#2 /Users/admiralshoi/Sites/weepay/routing/routes/admin/NotificationController.php(132): classes\notifications\NotificationLogHandler->countByStatus('failed', 1767687847)
#3 [internal function]: routing\routes\admin\NotificationController::logs(Array)
#4 /Users/admiralshoi/Sites/weepay/routing/Routes.php(237): call_user_func('routing\\routes\\...', Array)
#5 /Users/admiralshoi/Sites/weepay/routing/Routes.php(130): routing\Routes::returnMethod('routing\\routes\\...', 'logs', Array)
#6 /Users/admiralshoi/Sites/weepay/routing/web.php(735): routing\Routes::dispatch()
#7 /Users/admiralshoi/Sites/weepay/index.php(14): require_once('/Users/admirals...')
#8 {main}
[2026-01-13 09:24:18] -  Sql all, `PROD_FKF_notificationqueue`  SQLSTATE[42S02]: Base table or view not found: 1146 Table 'weepay.prod_fkf_notificationqueue' doesn't exist  -   #0 /Users/admiralshoi/Sites/weepay/Database/QueryBuilder.php(442): PDOStatement->execute(Array)
#1 /Users/admiralshoi/Sites/weepay/classes/utility/Crud.php(172): Database\QueryBuilder->all()
#2 /Users/admiralshoi/Sites/weepay/classes/notifications/NotificationQueueHandler.php(30): classes\utility\Crud->getByXOrderBy('scheduled_at', 'ASC', Array)
#3 /Users/admiralshoi/Sites/weepay/routing/routes/admin/NotificationController.php(108): classes\notifications\NotificationQueueHandler->getByStatus('pending')
#4 [internal function]: routing\routes\admin\NotificationController::queue(Array)
#5 /Users/admiralshoi/Sites/weepay/routing/Routes.php(237): call_user_func('routing\\routes\\...', Array)
#6 /Users/admiralshoi/Sites/weepay/routing/Routes.php(130): routing\Routes::returnMethod('routing\\routes\\...', 'queue', Array)
#7 /Users/admiralshoi/Sites/weepay/routing/web.php(735): routing\Routes::dispatch()
#8 /Users/admiralshoi/Sites/weepay/index.php(14): require_once('/Users/admirals...')
#9 {main}
[2026-01-13 09:24:18] -  Sql all, `PROD_FKF_notificationqueue`  SQLSTATE[42S02]: Base table or view not found: 1146 Table 'weepay.prod_fkf_notificationqueue' doesn't exist  -   #0 /Users/admiralshoi/Sites/weepay/Database/QueryBuilder.php(442): PDOStatement->execute(Array)
#1 /Users/admiralshoi/Sites/weepay/classes/utility/Crud.php(172): Database\QueryBuilder->all()
#2 /Users/admiralshoi/Sites/weepay/classes/notifications/NotificationQueueHandler.php(30): classes\utility\Crud->getByXOrderBy('scheduled_at', 'ASC', Array)
#3 /Users/admiralshoi/Sites/weepay/routing/routes/admin/NotificationController.php(109): classes\notifications\NotificationQueueHandler->getByStatus('processing')
#4 [internal function]: routing\routes\admin\NotificationController::queue(Array)
#5 /Users/admiralshoi/Sites/weepay/routing/Routes.php(237): call_user_func('routing\\routes\\...', Array)
#6 /Users/admiralshoi/Sites/weepay/routing/Routes.php(130): routing\Routes::returnMethod('routing\\routes\\...', 'queue', Array)
#7 /Users/admiralshoi/Sites/weepay/routing/web.php(735): routing\Routes::dispatch()
#8 /Users/admiralshoi/Sites/weepay/index.php(14): require_once('/Users/admirals...')
#9 {main}
[2026-01-13 09:24:18] -  Sql all, `PROD_FKF_notificationqueue`  SQLSTATE[42S02]: Base table or view not found: 1146 Table 'weepay.prod_fkf_notificationqueue' doesn't exist  -   #0 /Users/admiralshoi/Sites/weepay/Database/QueryBuilder.php(442): PDOStatement->execute(Array)
#1 /Users/admiralshoi/Sites/weepay/classes/utility/Crud.php(190): Database\QueryBuilder->all()
#2 /Users/admiralshoi/Sites/weepay/classes/notifications/NotificationQueueHandler.php(39): classes\utility\Crud->queryGetAll(Object(Database\QueryBuilder))
#3 /Users/admiralshoi/Sites/weepay/routing/routes/admin/NotificationController.php(110): classes\notifications\NotificationQueueHandler->getFailed()
#4 [internal function]: routing\routes\admin\NotificationController::queue(Array)
#5 /Users/admiralshoi/Sites/weepay/routing/Routes.php(237): call_user_func('routing\\routes\\...', Array)
#6 /Users/admiralshoi/Sites/weepay/routing/Routes.php(130): routing\Routes::returnMethod('routing\\routes\\...', 'queue', Array)
#7 /Users/admiralshoi/Sites/weepay/routing/web.php(735): routing\Routes::dispatch()
#8 /Users/admiralshoi/Sites/weepay/index.php(14): require_once('/Users/admirals...')
#9 {main}
[2026-01-13 10:33:10] -  Sql all, `PROD_FKF_notificationtemplates`  SQLSTATE[42S22]: Column not found: 1054 Unknown column 'category' in 'where clause'  -   #0 /Users/admiralshoi/Sites/weepay/Database/QueryBuilder.php(442): PDOStatement->execute(Array)
#1 /Users/admiralshoi/Sites/weepay/classes/utility/Crud.php(106): Database\QueryBuilder->all()
#2 /Users/admiralshoi/Sites/weepay/views/admin/panel/notifications/template-detail.php(16): classes\utility\Crud->getByX(Array)
#3 /Users/admiralshoi/Sites/weepay/features/functions.php(64): include_once('/Users/admirals...')
#4 /Users/admiralshoi/Sites/weepay/views/templates/admin-panel-inner-html.php(24): printView(Array)
#5 /Users/admiralshoi/Sites/weepay/features/functions.php(64): include_once('/Users/admirals...')
#6 /Users/admiralshoi/Sites/weepay/views/templates/admin-panel-outer-html.php(38): printView(Array)
#7 /Users/admiralshoi/Sites/weepay/features/functions.php(64): include_once('/Users/admirals...')
#8 /Users/admiralshoi/Sites/weepay/routing/Routes.php(137): printView(Array)
#9 /Users/admiralshoi/Sites/weepay/routing/web.php(735): routing\Routes::dispatch()
#10 /Users/admiralshoi/Sites/weepay/index.php(14): require_once('/Users/admirals...')
#11 {main}
[2026-01-13 10:34:24] -  Sql insert, `PROD_FKF_appmeta`  SQLSTATE[23000]: Integrity constraint violation: 1062 Duplicate entry 'currencies' for key 'prod_fkf_appmeta.uq_name'  -   #0 /Users/admiralshoi/Sites/weepay/Database/QueryBuilder.php(332): PDOStatement->execute(Array)
#1 /Users/admiralshoi/Sites/weepay/Database/Model.php(190): Database\QueryBuilder->insert(Array)
#2 /Users/admiralshoi/Sites/weepay/features/DbMigration.php(16): Database\Model::migrate()
#3 /Users/admiralshoi/Sites/weepay/views/admin/panel/notifications/template-detail.php(10): features\DbMigration::_migrate_db()
#4 /Users/admiralshoi/Sites/weepay/features/functions.php(64): include_once('/Users/admirals...')
#5 /Users/admiralshoi/Sites/weepay/views/templates/admin-panel-inner-html.php(24): printView(Array)
#6 /Users/admiralshoi/Sites/weepay/features/functions.php(64): include_once('/Users/admirals...')
#7 /Users/admiralshoi/Sites/weepay/views/templates/admin-panel-outer-html.php(38): printView(Array)
#8 /Users/admiralshoi/Sites/weepay/features/functions.php(64): include_once('/Users/admirals...')
#9 /Users/admiralshoi/Sites/weepay/routing/Routes.php(137): printView(Array)
#10 /Users/admiralshoi/Sites/weepay/routing/web.php(735): routing\Routes::dispatch()
#11 /Users/admiralshoi/Sites/weepay/index.php(14): require_once('/Users/admirals...')
#12 {main}
[2026-01-13 10:34:24] -  Sql insert, `PROD_FKF_appmeta`  SQLSTATE[23000]: Integrity constraint violation: 1062 Duplicate entry 'organisation_roles' for key 'prod_fkf_appmeta.uq_name'  -   #0 /Users/admiralshoi/Sites/weepay/Database/QueryBuilder.php(332): PDOStatement->execute(Array)
#1 /Users/admiralshoi/Sites/weepay/Database/Model.php(190): Database\QueryBuilder->insert(Array)
#2 /Users/admiralshoi/Sites/weepay/features/DbMigration.php(16): Database\Model::migrate()
#3 /Users/admiralshoi/Sites/weepay/views/admin/panel/notifications/template-detail.php(10): features\DbMigration::_migrate_db()
#4 /Users/admiralshoi/Sites/weepay/features/functions.php(64): include_once('/Users/admirals...')
#5 /Users/admiralshoi/Sites/weepay/views/templates/admin-panel-inner-html.php(24): printView(Array)
#6 /Users/admiralshoi/Sites/weepay/features/functions.php(64): include_once('/Users/admirals...')
#7 /Users/admiralshoi/Sites/weepay/views/templates/admin-panel-outer-html.php(38): printView(Array)
#8 /Users/admiralshoi/Sites/weepay/features/functions.php(64): include_once('/Users/admirals...')
#9 /Users/admiralshoi/Sites/weepay/routing/Routes.php(137): printView(Array)
#10 /Users/admiralshoi/Sites/weepay/routing/web.php(735): routing\Routes::dispatch()
#11 /Users/admiralshoi/Sites/weepay/index.php(14): require_once('/Users/admirals...')
#12 {main}
[2026-01-13 10:34:24] -  Sql insert, `PROD_FKF_appmeta`  SQLSTATE[23000]: Integrity constraint violation: 1062 Duplicate entry 'paymentPlans' for key 'prod_fkf_appmeta.uq_name'  -   #0 /Users/admiralshoi/Sites/weepay/Database/QueryBuilder.php(332): PDOStatement->execute(Array)
#1 /Users/admiralshoi/Sites/weepay/Database/Model.php(190): Database\QueryBuilder->insert(Array)
#2 /Users/admiralshoi/Sites/weepay/features/DbMigration.php(16): Database\Model::migrate()
#3 /Users/admiralshoi/Sites/weepay/views/admin/panel/notifications/template-detail.php(10): features\DbMigration::_migrate_db()
#4 /Users/admiralshoi/Sites/weepay/features/functions.php(64): include_once('/Users/admirals...')
#5 /Users/admiralshoi/Sites/weepay/views/templates/admin-panel-inner-html.php(24): printView(Array)
#6 /Users/admiralshoi/Sites/weepay/features/functions.php(64): include_once('/Users/admirals...')
#7 /Users/admiralshoi/Sites/weepay/views/templates/admin-panel-outer-html.php(38): printView(Array)
#8 /Users/admiralshoi/Sites/weepay/features/functions.php(64): include_once('/Users/admirals...')
#9 /Users/admiralshoi/Sites/weepay/routing/Routes.php(137): printView(Array)
#10 /Users/admiralshoi/Sites/weepay/routing/web.php(735): routing\Routes::dispatch()
#11 /Users/admiralshoi/Sites/weepay/index.php(14): require_once('/Users/admirals...')
#12 {main}
[2026-01-13 10:34:24] -  Sql insert, `PROD_FKF_appmeta`  SQLSTATE[23000]: Integrity constraint violation: 1062 Duplicate entry 'oidc_session_lifetime' for key 'prod_fkf_appmeta.uq_name'  -   #0 /Users/admiralshoi/Sites/weepay/Database/QueryBuilder.php(332): PDOStatement->execute(Array)
#1 /Users/admiralshoi/Sites/weepay/Database/Model.php(190): Database\QueryBuilder->insert(Array)
#2 /Users/admiralshoi/Sites/weepay/features/DbMigration.php(16): Database\Model::migrate()
#3 /Users/admiralshoi/Sites/weepay/views/admin/panel/notifications/template-detail.php(10): features\DbMigration::_migrate_db()
#4 /Users/admiralshoi/Sites/weepay/features/functions.php(64): include_once('/Users/admirals...')
#5 /Users/admiralshoi/Sites/weepay/views/templates/admin-panel-inner-html.php(24): printView(Array)
#6 /Users/admiralshoi/Sites/weepay/features/functions.php(64): include_once('/Users/admirals...')
#7 /Users/admiralshoi/Sites/weepay/views/templates/admin-panel-outer-html.php(38): printView(Array)
#8 /Users/admiralshoi/Sites/weepay/features/functions.php(64): include_once('/Users/admirals...')
#9 /Users/admiralshoi/Sites/weepay/routing/Routes.php(137): printView(Array)
#10 /Users/admiralshoi/Sites/weepay/routing/web.php(735): routing\Routes::dispatch()
#11 /Users/admiralshoi/Sites/weepay/index.php(14): require_once('/Users/admirals...')
#12 {main}
[2026-01-13 10:34:24] -  Sql insert, `PROD_FKF_appmeta`  SQLSTATE[23000]: Integrity constraint violation: 1062 Duplicate entry 'platform_max_bnpl_amount' for key 'prod_fkf_appmeta.uq_name'  -   #0 /Users/admiralshoi/Sites/weepay/Database/QueryBuilder.php(332): PDOStatement->execute(Array)
#1 /Users/admiralshoi/Sites/weepay/Database/Model.php(190): Database\QueryBuilder->insert(Array)
#2 /Users/admiralshoi/Sites/weepay/features/DbMigration.php(16): Database\Model::migrate()
#3 /Users/admiralshoi/Sites/weepay/views/admin/panel/notifications/template-detail.php(10): features\DbMigration::_migrate_db()
#4 /Users/admiralshoi/Sites/weepay/features/functions.php(64): include_once('/Users/admirals...')
#5 /Users/admiralshoi/Sites/weepay/views/templates/admin-panel-inner-html.php(24): printView(Array)
#6 /Users/admiralshoi/Sites/weepay/features/functions.php(64): include_once('/Users/admirals...')
#7 /Users/admiralshoi/Sites/weepay/views/templates/admin-panel-outer-html.php(38): printView(Array)
#8 /Users/admiralshoi/Sites/weepay/features/functions.php(64): include_once('/Users/admirals...')
#9 /Users/admiralshoi/Sites/weepay/routing/Routes.php(137): printView(Array)
#10 /Users/admiralshoi/Sites/weepay/routing/web.php(735): routing\Routes::dispatch()
#11 /Users/admiralshoi/Sites/weepay/index.php(14): require_once('/Users/admirals...')
#12 {main}
[2026-01-13 10:34:24] -  Sql insert, `PROD_FKF_userroles`  SQLSTATE[23000]: Integrity constraint violation: 1062 Duplicate entry '1' for key 'prod_fkf_userroles.uq_access_level'  -   #0 /Users/admiralshoi/Sites/weepay/Database/QueryBuilder.php(332): PDOStatement->execute(Array)
#1 /Users/admiralshoi/Sites/weepay/Database/Model.php(190): Database\QueryBuilder->insert(Array)
#2 /Users/admiralshoi/Sites/weepay/features/DbMigration.php(16): Database\Model::migrate()
#3 /Users/admiralshoi/Sites/weepay/views/admin/panel/notifications/template-detail.php(10): features\DbMigration::_migrate_db()
#4 /Users/admiralshoi/Sites/weepay/features/functions.php(64): include_once('/Users/admirals...')
#5 /Users/admiralshoi/Sites/weepay/views/templates/admin-panel-inner-html.php(24): printView(Array)
#6 /Users/admiralshoi/Sites/weepay/features/functions.php(64): include_once('/Users/admirals...')
#7 /Users/admiralshoi/Sites/weepay/views/templates/admin-panel-outer-html.php(38): printView(Array)
#8 /Users/admiralshoi/Sites/weepay/features/functions.php(64): include_once('/Users/admirals...')
#9 /Users/admiralshoi/Sites/weepay/routing/Routes.php(137): printView(Array)
#10 /Users/admiralshoi/Sites/weepay/routing/web.php(735): routing\Routes::dispatch()
#11 /Users/admiralshoi/Sites/weepay/index.php(14): require_once('/Users/admirals...')
#12 {main}
[2026-01-13 10:34:24] -  Sql insert, `PROD_FKF_userroles`  SQLSTATE[23000]: Integrity constraint violation: 1062 Duplicate entry '2' for key 'prod_fkf_userroles.uq_access_level'  -   #0 /Users/admiralshoi/Sites/weepay/Database/QueryBuilder.php(332): PDOStatement->execute(Array)
#1 /Users/admiralshoi/Sites/weepay/Database/Model.php(190): Database\QueryBuilder->insert(Array)
#2 /Users/admiralshoi/Sites/weepay/features/DbMigration.php(16): Database\Model::migrate()
#3 /Users/admiralshoi/Sites/weepay/views/admin/panel/notifications/template-detail.php(10): features\DbMigration::_migrate_db()
#4 /Users/admiralshoi/Sites/weepay/features/functions.php(64): include_once('/Users/admirals...')
#5 /Users/admiralshoi/Sites/weepay/views/templates/admin-panel-inner-html.php(24): printView(Array)
#6 /Users/admiralshoi/Sites/weepay/features/functions.php(64): include_once('/Users/admirals...')
#7 /Users/admiralshoi/Sites/weepay/views/templates/admin-panel-outer-html.php(38): printView(Array)
#8 /Users/admiralshoi/Sites/weepay/features/functions.php(64): include_once('/Users/admirals...')
#9 /Users/admiralshoi/Sites/weepay/routing/Routes.php(137): printView(Array)
#10 /Users/admiralshoi/Sites/weepay/routing/web.php(735): routing\Routes::dispatch()
#11 /Users/admiralshoi/Sites/weepay/index.php(14): require_once('/Users/admirals...')
#12 {main}
[2026-01-13 10:34:24] -  Sql insert, `PROD_FKF_authlocal`  SQLSTATE[23000]: Integrity constraint violation: 1062 Duplicate entry 'authloc_fddfslfj39r43' for key 'prod_fkf_authlocal.uq_uid'  -   #0 /Users/admiralshoi/Sites/weepay/Database/QueryBuilder.php(332): PDOStatement->execute(Array)
#1 /Users/admiralshoi/Sites/weepay/Database/Model.php(190): Database\QueryBuilder->insert(Array)
#2 /Users/admiralshoi/Sites/weepay/features/DbMigration.php(16): Database\Model::migrate()
#3 /Users/admiralshoi/Sites/weepay/views/admin/panel/notifications/template-detail.php(10): features\DbMigration::_migrate_db()
#4 /Users/admiralshoi/Sites/weepay/features/functions.php(64): include_once('/Users/admirals...')
#5 /Users/admiralshoi/Sites/weepay/views/templates/admin-panel-inner-html.php(24): printView(Array)
#6 /Users/admiralshoi/Sites/weepay/features/functions.php(64): include_once('/Users/admirals...')
#7 /Users/admiralshoi/Sites/weepay/views/templates/admin-panel-outer-html.php(38): printView(Array)
#8 /Users/admiralshoi/Sites/weepay/features/functions.php(64): include_once('/Users/admirals...')
#9 /Users/admiralshoi/Sites/weepay/routing/Routes.php(137): printView(Array)
#10 /Users/admiralshoi/Sites/weepay/routing/web.php(735): routing\Routes::dispatch()
#11 /Users/admiralshoi/Sites/weepay/index.php(14): require_once('/Users/admirals...')
#12 {main}
[2026-01-13 10:34:24] -  Sql insert, `PROD_FKF_authlocal`  SQLSTATE[23000]: Integrity constraint violation: 1062 Duplicate entry 'authloc_da4jugr730bnfs' for key 'prod_fkf_authlocal.uq_uid'  -   #0 /Users/admiralshoi/Sites/weepay/Database/QueryBuilder.php(332): PDOStatement->execute(Array)
#1 /Users/admiralshoi/Sites/weepay/Database/Model.php(190): Database\QueryBuilder->insert(Array)
#2 /Users/admiralshoi/Sites/weepay/features/DbMigration.php(16): Database\Model::migrate()
#3 /Users/admiralshoi/Sites/weepay/views/admin/panel/notifications/template-detail.php(10): features\DbMigration::_migrate_db()
#4 /Users/admiralshoi/Sites/weepay/features/functions.php(64): include_once('/Users/admirals...')
#5 /Users/admiralshoi/Sites/weepay/views/templates/admin-panel-inner-html.php(24): printView(Array)
#6 /Users/admiralshoi/Sites/weepay/features/functions.php(64): include_once('/Users/admirals...')
#7 /Users/admiralshoi/Sites/weepay/views/templates/admin-panel-outer-html.php(38): printView(Array)
#8 /Users/admiralshoi/Sites/weepay/features/functions.php(64): include_once('/Users/admirals...')
#9 /Users/admiralshoi/Sites/weepay/routing/Routes.php(137): printView(Array)
#10 /Users/admiralshoi/Sites/weepay/routing/web.php(735): routing\Routes::dispatch()
#11 /Users/admiralshoi/Sites/weepay/index.php(14): require_once('/Users/admirals...')
#12 {main}
[2026-01-13 10:34:24] -  Sql insert, `PROD_FKF_authlocal`  SQLSTATE[23000]: Integrity constraint violation: 1062 Duplicate entry 'authloc_908da83kj130n422' for key 'prod_fkf_authlocal.uq_uid'  -   #0 /Users/admiralshoi/Sites/weepay/Database/QueryBuilder.php(332): PDOStatement->execute(Array)
#1 /Users/admiralshoi/Sites/weepay/Database/Model.php(190): Database\QueryBuilder->insert(Array)
#2 /Users/admiralshoi/Sites/weepay/features/DbMigration.php(16): Database\Model::migrate()
#3 /Users/admiralshoi/Sites/weepay/views/admin/panel/notifications/template-detail.php(10): features\DbMigration::_migrate_db()
#4 /Users/admiralshoi/Sites/weepay/features/functions.php(64): include_once('/Users/admirals...')
#5 /Users/admiralshoi/Sites/weepay/views/templates/admin-panel-inner-html.php(24): printView(Array)
#6 /Users/admiralshoi/Sites/weepay/features/functions.php(64): include_once('/Users/admirals...')
#7 /Users/admiralshoi/Sites/weepay/views/templates/admin-panel-outer-html.php(38): printView(Array)
#8 /Users/admiralshoi/Sites/weepay/features/functions.php(64): include_once('/Users/admirals...')
#9 /Users/admiralshoi/Sites/weepay/routing/Routes.php(137): printView(Array)
#10 /Users/admiralshoi/Sites/weepay/routing/web.php(735): routing\Routes::dispatch()
#11 /Users/admiralshoi/Sites/weepay/index.php(14): require_once('/Users/admirals...')
#12 {main}
[2026-01-13 10:34:25] -  Sql first, `PROD_FKF_notificationtemplates`  SQLSTATE[42S22]: Column not found: 1054 Unknown column 'brand.name' in 'where clause'  -   #0 /Users/admiralshoi/Sites/weepay/Database/QueryBuilder.php(485): PDOStatement->execute(Array)
#1 /Users/admiralshoi/Sites/weepay/Database/Model.php(189): Database\QueryBuilder->first()
#2 /Users/admiralshoi/Sites/weepay/features/DbMigration.php(16): Database\Model::migrate()
#3 /Users/admiralshoi/Sites/weepay/views/admin/panel/notifications/template-detail.php(10): features\DbMigration::_migrate_db()
#4 /Users/admiralshoi/Sites/weepay/features/functions.php(64): include_once('/Users/admirals...')
#5 /Users/admiralshoi/Sites/weepay/views/templates/admin-panel-inner-html.php(24): printView(Array)
#6 /Users/admiralshoi/Sites/weepay/features/functions.php(64): include_once('/Users/admirals...')
#7 /Users/admiralshoi/Sites/weepay/views/templates/admin-panel-outer-html.php(38): printView(Array)
#8 /Users/admiralshoi/Sites/weepay/features/functions.php(64): include_once('/Users/admirals...')
#9 /Users/admiralshoi/Sites/weepay/routing/Routes.php(137): printView(Array)
#10 /Users/admiralshoi/Sites/weepay/routing/web.php(735): routing\Routes::dispatch()
#11 /Users/admiralshoi/Sites/weepay/index.php(14): require_once('/Users/admirals...')
#12 {main}
[2026-01-13 10:34:25] -  Sql insert, `PROD_FKF_paymentproviders`  SQLSTATE[23000]: Integrity constraint violation: 1062 Duplicate entry 'viva' for key 'prod_fkf_paymentproviders.uq_name'  -   #0 /Users/admiralshoi/Sites/weepay/Database/QueryBuilder.php(332): PDOStatement->execute(Array)
#1 /Users/admiralshoi/Sites/weepay/Database/Model.php(190): Database\QueryBuilder->insert(Array)
#2 /Users/admiralshoi/Sites/weepay/features/DbMigration.php(16): Database\Model::migrate()
#3 /Users/admiralshoi/Sites/weepay/views/admin/panel/notifications/template-detail.php(10): features\DbMigration::_migrate_db()
#4 /Users/admiralshoi/Sites/weepay/features/functions.php(64): include_once('/Users/admirals...')
#5 /Users/admiralshoi/Sites/weepay/views/templates/admin-panel-inner-html.php(24): printView(Array)
#6 /Users/admiralshoi/Sites/weepay/features/functions.php(64): include_once('/Users/admirals...')
#7 /Users/admiralshoi/Sites/weepay/views/templates/admin-panel-outer-html.php(38): printView(Array)
#8 /Users/admiralshoi/Sites/weepay/features/functions.php(64): include_once('/Users/admirals...')
#9 /Users/admiralshoi/Sites/weepay/routing/Routes.php(137): printView(Array)
#10 /Users/admiralshoi/Sites/weepay/routing/web.php(735): routing\Routes::dispatch()
#11 /Users/admiralshoi/Sites/weepay/index.php(14): require_once('/Users/admirals...')
#12 {main}
[2026-01-13 10:37:27] -  Sql first, `PROD_FKF_notificationtemplates`  SQLSTATE[42S22]: Column not found: 1054 Unknown column 'brand.name' in 'where clause'  -   #0 /Users/admiralshoi/Sites/weepay/Database/QueryBuilder.php(485): PDOStatement->execute(Array)
#1 /Users/admiralshoi/Sites/weepay/Database/Model.php(189): Database\QueryBuilder->first()
#2 /Users/admiralshoi/Sites/weepay/views/admin/panel/notifications/template-detail.php(9): Database\Model::migrate()
#3 /Users/admiralshoi/Sites/weepay/features/functions.php(64): include_once('/Users/admirals...')
#4 /Users/admiralshoi/Sites/weepay/views/templates/admin-panel-inner-html.php(24): printView(Array)
#5 /Users/admiralshoi/Sites/weepay/features/functions.php(64): include_once('/Users/admirals...')
#6 /Users/admiralshoi/Sites/weepay/views/templates/admin-panel-outer-html.php(38): printView(Array)
#7 /Users/admiralshoi/Sites/weepay/features/functions.php(64): include_once('/Users/admirals...')
#8 /Users/admiralshoi/Sites/weepay/routing/Routes.php(137): printView(Array)
#9 /Users/admiralshoi/Sites/weepay/routing/web.php(735): routing\Routes::dispatch()
#10 /Users/admiralshoi/Sites/weepay/index.php(14): require_once('/Users/admirals...')
#11 {main}
[2026-01-13 10:37:27] -  Sql insert, `PROD_FKF_notificationtemplates`  SQLSTATE[23000]: Integrity constraint violation: 1062 Duplicate entry 'ntpl_email_header' for key 'prod_fkf_notificationtemplates.uq_uid'  -   #0 /Users/admiralshoi/Sites/weepay/Database/QueryBuilder.php(332): PDOStatement->execute(Array)
#1 /Users/admiralshoi/Sites/weepay/Database/Model.php(190): Database\QueryBuilder->insert(Array)
#2 /Users/admiralshoi/Sites/weepay/views/admin/panel/notifications/template-detail.php(9): Database\Model::migrate()
#3 /Users/admiralshoi/Sites/weepay/features/functions.php(64): include_once('/Users/admirals...')
#4 /Users/admiralshoi/Sites/weepay/views/templates/admin-panel-inner-html.php(24): printView(Array)
#5 /Users/admiralshoi/Sites/weepay/features/functions.php(64): include_once('/Users/admirals...')
#6 /Users/admiralshoi/Sites/weepay/views/templates/admin-panel-outer-html.php(38): printView(Array)
#7 /Users/admiralshoi/Sites/weepay/features/functions.php(64): include_once('/Users/admirals...')
#8 /Users/admiralshoi/Sites/weepay/routing/Routes.php(137): printView(Array)
#9 /Users/admiralshoi/Sites/weepay/routing/web.php(735): routing\Routes::dispatch()
#10 /Users/admiralshoi/Sites/weepay/index.php(14): require_once('/Users/admirals...')
#11 {main}
[2026-01-13 10:37:27] -  Sql insert, `PROD_FKF_notificationtemplates`  SQLSTATE[23000]: Integrity constraint violation: 1062 Duplicate entry 'ntpl_email_footer' for key 'prod_fkf_notificationtemplates.uq_uid'  -   #0 /Users/admiralshoi/Sites/weepay/Database/QueryBuilder.php(332): PDOStatement->execute(Array)
#1 /Users/admiralshoi/Sites/weepay/Database/Model.php(190): Database\QueryBuilder->insert(Array)
#2 /Users/admiralshoi/Sites/weepay/views/admin/panel/notifications/template-detail.php(9): Database\Model::migrate()
#3 /Users/admiralshoi/Sites/weepay/features/functions.php(64): include_once('/Users/admirals...')
#4 /Users/admiralshoi/Sites/weepay/views/templates/admin-panel-inner-html.php(24): printView(Array)
#5 /Users/admiralshoi/Sites/weepay/features/functions.php(64): include_once('/Users/admirals...')
#6 /Users/admiralshoi/Sites/weepay/views/templates/admin-panel-outer-html.php(38): printView(Array)
#7 /Users/admiralshoi/Sites/weepay/features/functions.php(64): include_once('/Users/admirals...')
#8 /Users/admiralshoi/Sites/weepay/routing/Routes.php(137): printView(Array)
#9 /Users/admiralshoi/Sites/weepay/routing/web.php(735): routing\Routes::dispatch()
#10 /Users/admiralshoi/Sites/weepay/index.php(14): require_once('/Users/admirals...')
#11 {main}
[2026-01-13 10:37:27] -  Sql insert, `PROD_FKF_notificationtemplates`  SQLSTATE[23000]: Integrity constraint violation: 1062 Duplicate entry 'ntpl_email_footer_unsubscribe' for key 'prod_fkf_notificationtemplates.uq_uid'  -   #0 /Users/admiralshoi/Sites/weepay/Database/QueryBuilder.php(332): PDOStatement->execute(Array)
#1 /Users/admiralshoi/Sites/weepay/Database/Model.php(190): Database\QueryBuilder->insert(Array)
#2 /Users/admiralshoi/Sites/weepay/views/admin/panel/notifications/template-detail.php(9): Database\Model::migrate()
#3 /Users/admiralshoi/Sites/weepay/features/functions.php(64): include_once('/Users/admirals...')
#4 /Users/admiralshoi/Sites/weepay/views/templates/admin-panel-inner-html.php(24): printView(Array)
#5 /Users/admiralshoi/Sites/weepay/features/functions.php(64): include_once('/Users/admirals...')
#6 /Users/admiralshoi/Sites/weepay/views/templates/admin-panel-outer-html.php(38): printView(Array)
#7 /Users/admiralshoi/Sites/weepay/features/functions.php(64): include_once('/Users/admirals...')
#8 /Users/admiralshoi/Sites/weepay/routing/Routes.php(137): printView(Array)
#9 /Users/admiralshoi/Sites/weepay/routing/web.php(735): routing\Routes::dispatch()
#10 /Users/admiralshoi/Sites/weepay/index.php(14): require_once('/Users/admirals...')
#11 {main}
[2026-01-13 11:55:46] -  Sql insert, `PROD_FKF_notificationflows`  SQLSTATE[42S22]: Column not found: 1054 Unknown column 'schedule_offset_days' in 'field list'  -   #0 /Users/admiralshoi/Sites/weepay/Database/QueryBuilder.php(332): PDOStatement->execute(Array)
#1 /Users/admiralshoi/Sites/weepay/Database/Model.php(103): Database\QueryBuilder->insert(Array)
#2 /Users/admiralshoi/Sites/weepay/classes/utility/Crud.php(138): Database\Model::__callStatic('insert', Array)
#3 /Users/admiralshoi/Sites/weepay/classes/notifications/NotificationFlowHandler.php(76): classes\utility\Crud->create(Array)
#4 /Users/admiralshoi/Sites/weepay/routing/routes/admin/NotificationApiController.php(320): classes\notifications\NotificationFlowHandler->insert('Kommende betali...', 'payment.due_rem...', 'dsfd', 'draft', 100, 1768301746, NULL, NULL, '29852698833154', -1, 'user', NULL)
#5 [internal function]: routing\routes\admin\NotificationApiController::flowCreate(Array)
#6 /Users/admiralshoi/Sites/weepay/routing/Routes.php(237): call_user_func('routing\\routes\\...', Array)
#7 /Users/admiralshoi/Sites/weepay/routing/Routes.php(130): routing\Routes::returnMethod('routing\\routes\\...', 'flowCreate', Array)
#8 /Users/admiralshoi/Sites/weepay/routing/web.php(736): routing\Routes::dispatch()
#9 /Users/admiralshoi/Sites/weepay/index.php(14): require_once('/Users/admirals...')
#10 {main}
[2026-01-13 11:57:10] -  Sql insert, `PROD_FKF_notificationflows`  SQLSTATE[42S22]: Column not found: 1054 Unknown column 'schedule_offset_days' in 'field list'  -   #0 /Users/admiralshoi/Sites/weepay/Database/QueryBuilder.php(332): PDOStatement->execute(Array)
#1 /Users/admiralshoi/Sites/weepay/Database/Model.php(103): Database\QueryBuilder->insert(Array)
#2 /Users/admiralshoi/Sites/weepay/classes/utility/Crud.php(138): Database\Model::__callStatic('insert', Array)
#3 /Users/admiralshoi/Sites/weepay/classes/notifications/NotificationFlowHandler.php(76): classes\utility\Crud->create(Array)
#4 /Users/admiralshoi/Sites/weepay/routing/routes/admin/NotificationApiController.php(331): classes\notifications\NotificationFlowHandler->insert('Kommende betali...', 'nbp_payment_due...', 'dsfd', 'draft', 100, 1768301830, NULL, NULL, '29852698833154', -1, 'user', NULL)
#5 [internal function]: routing\routes\admin\NotificationApiController::flowCreate(Array)
#6 /Users/admiralshoi/Sites/weepay/routing/Routes.php(237): call_user_func('routing\\routes\\...', Array)
#7 /Users/admiralshoi/Sites/weepay/routing/Routes.php(130): routing\Routes::returnMethod('routing\\routes\\...', 'flowCreate', Array)
#8 /Users/admiralshoi/Sites/weepay/routing/web.php(736): routing\Routes::dispatch()
#9 /Users/admiralshoi/Sites/weepay/index.php(14): require_once('/Users/admirals...')
#10 {main}
[2026-01-13 11:57:32] -  Sql insert, `PROD_FKF_notificationflows`  SQLSTATE[42S22]: Column not found: 1054 Unknown column 'schedule_offset_days' in 'field list'  -   #0 /Users/admiralshoi/Sites/weepay/Database/QueryBuilder.php(332): PDOStatement->execute(Array)
#1 /Users/admiralshoi/Sites/weepay/Database/Model.php(103): Database\QueryBuilder->insert(Array)
#2 /Users/admiralshoi/Sites/weepay/classes/utility/Crud.php(138): Database\Model::__callStatic('insert', Array)
#3 /Users/admiralshoi/Sites/weepay/classes/notifications/NotificationFlowHandler.php(76): classes\utility\Crud->create(Array)
#4 /Users/admiralshoi/Sites/weepay/routing/routes/admin/NotificationApiController.php(331): classes\notifications\NotificationFlowHandler->insert('Kommende betali...', 'nbp_user_passwo...', 'efdg', 'draft', 100, 1768301852, NULL, NULL, '29852698833154', -1, 'user', NULL)
#5 [internal function]: routing\routes\admin\NotificationApiController::flowCreate(Array)
#6 /Users/admiralshoi/Sites/weepay/routing/Routes.php(237): call_user_func('routing\\routes\\...', Array)
#7 /Users/admiralshoi/Sites/weepay/routing/Routes.php(130): routing\Routes::returnMethod('routing\\routes\\...', 'flowCreate', Array)
#8 /Users/admiralshoi/Sites/weepay/routing/web.php(736): routing\Routes::dispatch()
#9 /Users/admiralshoi/Sites/weepay/index.php(14): require_once('/Users/admirals...')
#10 {main}
[2026-01-13 11:58:21] -  Sql insert, `PROD_FKF_notificationflows`  SQLSTATE[42S22]: Column not found: 1054 Unknown column 'schedule_offset_days' in 'field list'  -   #0 /Users/admiralshoi/Sites/weepay/Database/QueryBuilder.php(332): PDOStatement->execute(Array)
#1 /Users/admiralshoi/Sites/weepay/Database/Model.php(103): Database\QueryBuilder->insert(Array)
#2 /Users/admiralshoi/Sites/weepay/classes/utility/Crud.php(138): Database\Model::__callStatic('insert', Array)
#3 /Users/admiralshoi/Sites/weepay/classes/notifications/NotificationFlowHandler.php(76): classes\utility\Crud->create(Array)
#4 /Users/admiralshoi/Sites/weepay/routing/routes/admin/NotificationApiController.php(361): classes\notifications\NotificationFlowHandler->insert('Kommende betali...', 'nbp_user_passwo...', 'efdg', 'draft', 100, 1768301901, NULL, NULL, '29852698833154', -1, 'user', NULL)
#5 [internal function]: routing\routes\admin\NotificationApiController::flowCreate(Array)
#6 /Users/admiralshoi/Sites/weepay/routing/Routes.php(237): call_user_func('routing\\routes\\...', Array)
#7 /Users/admiralshoi/Sites/weepay/routing/Routes.php(130): routing\Routes::returnMethod('routing\\routes\\...', 'flowCreate', Array)
#8 /Users/admiralshoi/Sites/weepay/routing/web.php(736): routing\Routes::dispatch()
#9 /Users/admiralshoi/Sites/weepay/index.php(14): require_once('/Users/admirals...')
#10 {main}
[2026-01-13 11:59:08] -  Sql insert, `PROD_FKF_appmeta`  SQLSTATE[23000]: Integrity constraint violation: 1062 Duplicate entry 'currencies' for key 'prod_fkf_appmeta.uq_name'  -   #0 /Users/admiralshoi/Sites/weepay/Database/QueryBuilder.php(332): PDOStatement->execute(Array)
#1 /Users/admiralshoi/Sites/weepay/Database/Model.php(190): Database\QueryBuilder->insert(Array)
#2 /Users/admiralshoi/Sites/weepay/features/DbMigration.php(16): Database\Model::migrate()
#3 /Users/admiralshoi/Sites/weepay/views/admin/panel/notifications/flow-detail.php(9): features\DbMigration::_migrate_db()
#4 /Users/admiralshoi/Sites/weepay/features/functions.php(64): include_once('/Users/admirals...')
#5 /Users/admiralshoi/Sites/weepay/views/templates/admin-panel-inner-html.php(24): printView(Array)
#6 /Users/admiralshoi/Sites/weepay/features/functions.php(64): include_once('/Users/admirals...')
#7 /Users/admiralshoi/Sites/weepay/views/templates/admin-panel-outer-html.php(38): printView(Array)
#8 /Users/admiralshoi/Sites/weepay/features/functions.php(64): include_once('/Users/admirals...')
#9 /Users/admiralshoi/Sites/weepay/routing/Routes.php(137): printView(Array)
#10 /Users/admiralshoi/Sites/weepay/routing/web.php(736): routing\Routes::dispatch()
#11 /Users/admiralshoi/Sites/weepay/index.php(14): require_once('/Users/admirals...')
#12 {main}
[2026-01-13 11:59:08] -  Sql insert, `PROD_FKF_appmeta`  SQLSTATE[23000]: Integrity constraint violation: 1062 Duplicate entry 'organisation_roles' for key 'prod_fkf_appmeta.uq_name'  -   #0 /Users/admiralshoi/Sites/weepay/Database/QueryBuilder.php(332): PDOStatement->execute(Array)
#1 /Users/admiralshoi/Sites/weepay/Database/Model.php(190): Database\QueryBuilder->insert(Array)
#2 /Users/admiralshoi/Sites/weepay/features/DbMigration.php(16): Database\Model::migrate()
#3 /Users/admiralshoi/Sites/weepay/views/admin/panel/notifications/flow-detail.php(9): features\DbMigration::_migrate_db()
#4 /Users/admiralshoi/Sites/weepay/features/functions.php(64): include_once('/Users/admirals...')
#5 /Users/admiralshoi/Sites/weepay/views/templates/admin-panel-inner-html.php(24): printView(Array)
#6 /Users/admiralshoi/Sites/weepay/features/functions.php(64): include_once('/Users/admirals...')
#7 /Users/admiralshoi/Sites/weepay/views/templates/admin-panel-outer-html.php(38): printView(Array)
#8 /Users/admiralshoi/Sites/weepay/features/functions.php(64): include_once('/Users/admirals...')
#9 /Users/admiralshoi/Sites/weepay/routing/Routes.php(137): printView(Array)
#10 /Users/admiralshoi/Sites/weepay/routing/web.php(736): routing\Routes::dispatch()
#11 /Users/admiralshoi/Sites/weepay/index.php(14): require_once('/Users/admirals...')
#12 {main}
[2026-01-13 11:59:08] -  Sql insert, `PROD_FKF_appmeta`  SQLSTATE[23000]: Integrity constraint violation: 1062 Duplicate entry 'paymentPlans' for key 'prod_fkf_appmeta.uq_name'  -   #0 /Users/admiralshoi/Sites/weepay/Database/QueryBuilder.php(332): PDOStatement->execute(Array)
#1 /Users/admiralshoi/Sites/weepay/Database/Model.php(190): Database\QueryBuilder->insert(Array)
#2 /Users/admiralshoi/Sites/weepay/features/DbMigration.php(16): Database\Model::migrate()
#3 /Users/admiralshoi/Sites/weepay/views/admin/panel/notifications/flow-detail.php(9): features\DbMigration::_migrate_db()
#4 /Users/admiralshoi/Sites/weepay/features/functions.php(64): include_once('/Users/admirals...')
#5 /Users/admiralshoi/Sites/weepay/views/templates/admin-panel-inner-html.php(24): printView(Array)
#6 /Users/admiralshoi/Sites/weepay/features/functions.php(64): include_once('/Users/admirals...')
#7 /Users/admiralshoi/Sites/weepay/views/templates/admin-panel-outer-html.php(38): printView(Array)
#8 /Users/admiralshoi/Sites/weepay/features/functions.php(64): include_once('/Users/admirals...')
#9 /Users/admiralshoi/Sites/weepay/routing/Routes.php(137): printView(Array)
#10 /Users/admiralshoi/Sites/weepay/routing/web.php(736): routing\Routes::dispatch()
#11 /Users/admiralshoi/Sites/weepay/index.php(14): require_once('/Users/admirals...')
#12 {main}
[2026-01-13 11:59:08] -  Sql insert, `PROD_FKF_appmeta`  SQLSTATE[23000]: Integrity constraint violation: 1062 Duplicate entry 'oidc_session_lifetime' for key 'prod_fkf_appmeta.uq_name'  -   #0 /Users/admiralshoi/Sites/weepay/Database/QueryBuilder.php(332): PDOStatement->execute(Array)
#1 /Users/admiralshoi/Sites/weepay/Database/Model.php(190): Database\QueryBuilder->insert(Array)
#2 /Users/admiralshoi/Sites/weepay/features/DbMigration.php(16): Database\Model::migrate()
#3 /Users/admiralshoi/Sites/weepay/views/admin/panel/notifications/flow-detail.php(9): features\DbMigration::_migrate_db()
#4 /Users/admiralshoi/Sites/weepay/features/functions.php(64): include_once('/Users/admirals...')
#5 /Users/admiralshoi/Sites/weepay/views/templates/admin-panel-inner-html.php(24): printView(Array)
#6 /Users/admiralshoi/Sites/weepay/features/functions.php(64): include_once('/Users/admirals...')
#7 /Users/admiralshoi/Sites/weepay/views/templates/admin-panel-outer-html.php(38): printView(Array)
#8 /Users/admiralshoi/Sites/weepay/features/functions.php(64): include_once('/Users/admirals...')
#9 /Users/admiralshoi/Sites/weepay/routing/Routes.php(137): printView(Array)
#10 /Users/admiralshoi/Sites/weepay/routing/web.php(736): routing\Routes::dispatch()
#11 /Users/admiralshoi/Sites/weepay/index.php(14): require_once('/Users/admirals...')
#12 {main}
[2026-01-13 11:59:08] -  Sql insert, `PROD_FKF_appmeta`  SQLSTATE[23000]: Integrity constraint violation: 1062 Duplicate entry 'platform_max_bnpl_amount' for key 'prod_fkf_appmeta.uq_name'  -   #0 /Users/admiralshoi/Sites/weepay/Database/QueryBuilder.php(332): PDOStatement->execute(Array)
#1 /Users/admiralshoi/Sites/weepay/Database/Model.php(190): Database\QueryBuilder->insert(Array)
#2 /Users/admiralshoi/Sites/weepay/features/DbMigration.php(16): Database\Model::migrate()
#3 /Users/admiralshoi/Sites/weepay/views/admin/panel/notifications/flow-detail.php(9): features\DbMigration::_migrate_db()
#4 /Users/admiralshoi/Sites/weepay/features/functions.php(64): include_once('/Users/admirals...')
#5 /Users/admiralshoi/Sites/weepay/views/templates/admin-panel-inner-html.php(24): printView(Array)
#6 /Users/admiralshoi/Sites/weepay/features/functions.php(64): include_once('/Users/admirals...')
#7 /Users/admiralshoi/Sites/weepay/views/templates/admin-panel-outer-html.php(38): printView(Array)
#8 /Users/admiralshoi/Sites/weepay/features/functions.php(64): include_once('/Users/admirals...')
#9 /Users/admiralshoi/Sites/weepay/routing/Routes.php(137): printView(Array)
#10 /Users/admiralshoi/Sites/weepay/routing/web.php(736): routing\Routes::dispatch()
#11 /Users/admiralshoi/Sites/weepay/index.php(14): require_once('/Users/admirals...')
#12 {main}
[2026-01-13 11:59:08] -  Sql insert, `PROD_FKF_userroles`  SQLSTATE[23000]: Integrity constraint violation: 1062 Duplicate entry '1' for key 'prod_fkf_userroles.uq_access_level'  -   #0 /Users/admiralshoi/Sites/weepay/Database/QueryBuilder.php(332): PDOStatement->execute(Array)
#1 /Users/admiralshoi/Sites/weepay/Database/Model.php(190): Database\QueryBuilder->insert(Array)
#2 /Users/admiralshoi/Sites/weepay/features/DbMigration.php(16): Database\Model::migrate()
#3 /Users/admiralshoi/Sites/weepay/views/admin/panel/notifications/flow-detail.php(9): features\DbMigration::_migrate_db()
#4 /Users/admiralshoi/Sites/weepay/features/functions.php(64): include_once('/Users/admirals...')
#5 /Users/admiralshoi/Sites/weepay/views/templates/admin-panel-inner-html.php(24): printView(Array)
#6 /Users/admiralshoi/Sites/weepay/features/functions.php(64): include_once('/Users/admirals...')
#7 /Users/admiralshoi/Sites/weepay/views/templates/admin-panel-outer-html.php(38): printView(Array)
#8 /Users/admiralshoi/Sites/weepay/features/functions.php(64): include_once('/Users/admirals...')
#9 /Users/admiralshoi/Sites/weepay/routing/Routes.php(137): printView(Array)
#10 /Users/admiralshoi/Sites/weepay/routing/web.php(736): routing\Routes::dispatch()
#11 /Users/admiralshoi/Sites/weepay/index.php(14): require_once('/Users/admirals...')
#12 {main}
[2026-01-13 11:59:08] -  Sql insert, `PROD_FKF_userroles`  SQLSTATE[23000]: Integrity constraint violation: 1062 Duplicate entry '2' for key 'prod_fkf_userroles.uq_access_level'  -   #0 /Users/admiralshoi/Sites/weepay/Database/QueryBuilder.php(332): PDOStatement->execute(Array)
#1 /Users/admiralshoi/Sites/weepay/Database/Model.php(190): Database\QueryBuilder->insert(Array)
#2 /Users/admiralshoi/Sites/weepay/features/DbMigration.php(16): Database\Model::migrate()
#3 /Users/admiralshoi/Sites/weepay/views/admin/panel/notifications/flow-detail.php(9): features\DbMigration::_migrate_db()
#4 /Users/admiralshoi/Sites/weepay/features/functions.php(64): include_once('/Users/admirals...')
#5 /Users/admiralshoi/Sites/weepay/views/templates/admin-panel-inner-html.php(24): printView(Array)
#6 /Users/admiralshoi/Sites/weepay/features/functions.php(64): include_once('/Users/admirals...')
#7 /Users/admiralshoi/Sites/weepay/views/templates/admin-panel-outer-html.php(38): printView(Array)
#8 /Users/admiralshoi/Sites/weepay/features/functions.php(64): include_once('/Users/admirals...')
#9 /Users/admiralshoi/Sites/weepay/routing/Routes.php(137): printView(Array)
#10 /Users/admiralshoi/Sites/weepay/routing/web.php(736): routing\Routes::dispatch()
#11 /Users/admiralshoi/Sites/weepay/index.php(14): require_once('/Users/admirals...')
#12 {main}
[2026-01-13 11:59:08] -  Sql first, `PROD_FKF_notificationtemplates`  SQLSTATE[42S22]: Column not found: 1054 Unknown column 'brand.name' in 'where clause'  -   #0 /Users/admiralshoi/Sites/weepay/Database/QueryBuilder.php(485): PDOStatement->execute(Array)
#1 /Users/admiralshoi/Sites/weepay/Database/Model.php(189): Database\QueryBuilder->first()
#2 /Users/admiralshoi/Sites/weepay/features/DbMigration.php(16): Database\Model::migrate()
#3 /Users/admiralshoi/Sites/weepay/views/admin/panel/notifications/flow-detail.php(9): features\DbMigration::_migrate_db()
#4 /Users/admiralshoi/Sites/weepay/features/functions.php(64): include_once('/Users/admirals...')
#5 /Users/admiralshoi/Sites/weepay/views/templates/admin-panel-inner-html.php(24): printView(Array)
#6 /Users/admiralshoi/Sites/weepay/features/functions.php(64): include_once('/Users/admirals...')
#7 /Users/admiralshoi/Sites/weepay/views/templates/admin-panel-outer-html.php(38): printView(Array)
#8 /Users/admiralshoi/Sites/weepay/features/functions.php(64): include_once('/Users/admirals...')
#9 /Users/admiralshoi/Sites/weepay/routing/Routes.php(137): printView(Array)
#10 /Users/admiralshoi/Sites/weepay/routing/web.php(736): routing\Routes::dispatch()
#11 /Users/admiralshoi/Sites/weepay/index.php(14): require_once('/Users/admirals...')
#12 {main}
[2026-01-13 11:59:08] -  Sql insert, `PROD_FKF_notificationtemplates`  SQLSTATE[23000]: Integrity constraint violation: 1062 Duplicate entry 'ntpl_email_header' for key 'prod_fkf_notificationtemplates.uq_uid'  -   #0 /Users/admiralshoi/Sites/weepay/Database/QueryBuilder.php(332): PDOStatement->execute(Array)
#1 /Users/admiralshoi/Sites/weepay/Database/Model.php(190): Database\QueryBuilder->insert(Array)
#2 /Users/admiralshoi/Sites/weepay/features/DbMigration.php(16): Database\Model::migrate()
#3 /Users/admiralshoi/Sites/weepay/views/admin/panel/notifications/flow-detail.php(9): features\DbMigration::_migrate_db()
#4 /Users/admiralshoi/Sites/weepay/features/functions.php(64): include_once('/Users/admirals...')
#5 /Users/admiralshoi/Sites/weepay/views/templates/admin-panel-inner-html.php(24): printView(Array)
#6 /Users/admiralshoi/Sites/weepay/features/functions.php(64): include_once('/Users/admirals...')
#7 /Users/admiralshoi/Sites/weepay/views/templates/admin-panel-outer-html.php(38): printView(Array)
#8 /Users/admiralshoi/Sites/weepay/features/functions.php(64): include_once('/Users/admirals...')
#9 /Users/admiralshoi/Sites/weepay/routing/Routes.php(137): printView(Array)
#10 /Users/admiralshoi/Sites/weepay/routing/web.php(736): routing\Routes::dispatch()
#11 /Users/admiralshoi/Sites/weepay/index.php(14): require_once('/Users/admirals...')
#12 {main}
[2026-01-13 11:59:08] -  Sql insert, `PROD_FKF_notificationtemplates`  SQLSTATE[23000]: Integrity constraint violation: 1062 Duplicate entry 'ntpl_email_content_start' for key 'prod_fkf_notificationtemplates.uq_uid'  -   #0 /Users/admiralshoi/Sites/weepay/Database/QueryBuilder.php(332): PDOStatement->execute(Array)
#1 /Users/admiralshoi/Sites/weepay/Database/Model.php(190): Database\QueryBuilder->insert(Array)
#2 /Users/admiralshoi/Sites/weepay/features/DbMigration.php(16): Database\Model::migrate()
#3 /Users/admiralshoi/Sites/weepay/views/admin/panel/notifications/flow-detail.php(9): features\DbMigration::_migrate_db()
#4 /Users/admiralshoi/Sites/weepay/features/functions.php(64): include_once('/Users/admirals...')
#5 /Users/admiralshoi/Sites/weepay/views/templates/admin-panel-inner-html.php(24): printView(Array)
#6 /Users/admiralshoi/Sites/weepay/features/functions.php(64): include_once('/Users/admirals...')
#7 /Users/admiralshoi/Sites/weepay/views/templates/admin-panel-outer-html.php(38): printView(Array)
#8 /Users/admiralshoi/Sites/weepay/features/functions.php(64): include_once('/Users/admirals...')
#9 /Users/admiralshoi/Sites/weepay/routing/Routes.php(137): printView(Array)
#10 /Users/admiralshoi/Sites/weepay/routing/web.php(736): routing\Routes::dispatch()
#11 /Users/admiralshoi/Sites/weepay/index.php(14): require_once('/Users/admirals...')
#12 {main}
[2026-01-13 11:59:08] -  Sql insert, `PROD_FKF_notificationtemplates`  SQLSTATE[23000]: Integrity constraint violation: 1062 Duplicate entry 'ntpl_email_content_end' for key 'prod_fkf_notificationtemplates.uq_uid'  -   #0 /Users/admiralshoi/Sites/weepay/Database/QueryBuilder.php(332): PDOStatement->execute(Array)
#1 /Users/admiralshoi/Sites/weepay/Database/Model.php(190): Database\QueryBuilder->insert(Array)
#2 /Users/admiralshoi/Sites/weepay/features/DbMigration.php(16): Database\Model::migrate()
#3 /Users/admiralshoi/Sites/weepay/views/admin/panel/notifications/flow-detail.php(9): features\DbMigration::_migrate_db()
#4 /Users/admiralshoi/Sites/weepay/features/functions.php(64): include_once('/Users/admirals...')
#5 /Users/admiralshoi/Sites/weepay/views/templates/admin-panel-inner-html.php(24): printView(Array)
#6 /Users/admiralshoi/Sites/weepay/features/functions.php(64): include_once('/Users/admirals...')
#7 /Users/admiralshoi/Sites/weepay/views/templates/admin-panel-outer-html.php(38): printView(Array)
#8 /Users/admiralshoi/Sites/weepay/features/functions.php(64): include_once('/Users/admirals...')
#9 /Users/admiralshoi/Sites/weepay/routing/Routes.php(137): printView(Array)
#10 /Users/admiralshoi/Sites/weepay/routing/web.php(736): routing\Routes::dispatch()
#11 /Users/admiralshoi/Sites/weepay/index.php(14): require_once('/Users/admirals...')
#12 {main}
[2026-01-13 11:59:08] -  Sql insert, `PROD_FKF_notificationtemplates`  SQLSTATE[23000]: Integrity constraint violation: 1062 Duplicate entry 'ntpl_email_footer' for key 'prod_fkf_notificationtemplates.uq_uid'  -   #0 /Users/admiralshoi/Sites/weepay/Database/QueryBuilder.php(332): PDOStatement->execute(Array)
#1 /Users/admiralshoi/Sites/weepay/Database/Model.php(190): Database\QueryBuilder->insert(Array)
#2 /Users/admiralshoi/Sites/weepay/features/DbMigration.php(16): Database\Model::migrate()
#3 /Users/admiralshoi/Sites/weepay/views/admin/panel/notifications/flow-detail.php(9): features\DbMigration::_migrate_db()
#4 /Users/admiralshoi/Sites/weepay/features/functions.php(64): include_once('/Users/admirals...')
#5 /Users/admiralshoi/Sites/weepay/views/templates/admin-panel-inner-html.php(24): printView(Array)
#6 /Users/admiralshoi/Sites/weepay/features/functions.php(64): include_once('/Users/admirals...')
#7 /Users/admiralshoi/Sites/weepay/views/templates/admin-panel-outer-html.php(38): printView(Array)
#8 /Users/admiralshoi/Sites/weepay/features/functions.php(64): include_once('/Users/admirals...')
#9 /Users/admiralshoi/Sites/weepay/routing/Routes.php(137): printView(Array)
#10 /Users/admiralshoi/Sites/weepay/routing/web.php(736): routing\Routes::dispatch()
#11 /Users/admiralshoi/Sites/weepay/index.php(14): require_once('/Users/admirals...')
#12 {main}
[2026-01-13 11:59:08] -  Sql insert, `PROD_FKF_notificationtemplates`  SQLSTATE[23000]: Integrity constraint violation: 1062 Duplicate entry 'ntpl_email_footer_unsubscribe' for key 'prod_fkf_notificationtemplates.uq_uid'  -   #0 /Users/admiralshoi/Sites/weepay/Database/QueryBuilder.php(332): PDOStatement->execute(Array)
#1 /Users/admiralshoi/Sites/weepay/Database/Model.php(190): Database\QueryBuilder->insert(Array)
#2 /Users/admiralshoi/Sites/weepay/features/DbMigration.php(16): Database\Model::migrate()
#3 /Users/admiralshoi/Sites/weepay/views/admin/panel/notifications/flow-detail.php(9): features\DbMigration::_migrate_db()
#4 /Users/admiralshoi/Sites/weepay/features/functions.php(64): include_once('/Users/admirals...')
#5 /Users/admiralshoi/Sites/weepay/views/templates/admin-panel-inner-html.php(24): printView(Array)
#6 /Users/admiralshoi/Sites/weepay/features/functions.php(64): include_once('/Users/admirals...')
#7 /Users/admiralshoi/Sites/weepay/views/templates/admin-panel-outer-html.php(38): printView(Array)
#8 /Users/admiralshoi/Sites/weepay/features/functions.php(64): include_once('/Users/admirals...')
#9 /Users/admiralshoi/Sites/weepay/routing/Routes.php(137): printView(Array)
#10 /Users/admiralshoi/Sites/weepay/routing/web.php(736): routing\Routes::dispatch()
#11 /Users/admiralshoi/Sites/weepay/index.php(14): require_once('/Users/admirals...')
#12 {main}
[2026-01-13 11:59:08] -  Sql insert, `PROD_FKF_authlocal`  SQLSTATE[23000]: Integrity constraint violation: 1062 Duplicate entry 'authloc_fddfslfj39r43' for key 'prod_fkf_authlocal.uq_uid'  -   #0 /Users/admiralshoi/Sites/weepay/Database/QueryBuilder.php(332): PDOStatement->execute(Array)
#1 /Users/admiralshoi/Sites/weepay/Database/Model.php(190): Database\QueryBuilder->insert(Array)
#2 /Users/admiralshoi/Sites/weepay/features/DbMigration.php(16): Database\Model::migrate()
#3 /Users/admiralshoi/Sites/weepay/views/admin/panel/notifications/flow-detail.php(9): features\DbMigration::_migrate_db()
#4 /Users/admiralshoi/Sites/weepay/features/functions.php(64): include_once('/Users/admirals...')
#5 /Users/admiralshoi/Sites/weepay/views/templates/admin-panel-inner-html.php(24): printView(Array)
#6 /Users/admiralshoi/Sites/weepay/features/functions.php(64): include_once('/Users/admirals...')
#7 /Users/admiralshoi/Sites/weepay/views/templates/admin-panel-outer-html.php(38): printView(Array)
#8 /Users/admiralshoi/Sites/weepay/features/functions.php(64): include_once('/Users/admirals...')
#9 /Users/admiralshoi/Sites/weepay/routing/Routes.php(137): printView(Array)
#10 /Users/admiralshoi/Sites/weepay/routing/web.php(736): routing\Routes::dispatch()
#11 /Users/admiralshoi/Sites/weepay/index.php(14): require_once('/Users/admirals...')
#12 {main}
[2026-01-13 11:59:08] -  Sql insert, `PROD_FKF_authlocal`  SQLSTATE[23000]: Integrity constraint violation: 1062 Duplicate entry 'authloc_da4jugr730bnfs' for key 'prod_fkf_authlocal.uq_uid'  -   #0 /Users/admiralshoi/Sites/weepay/Database/QueryBuilder.php(332): PDOStatement->execute(Array)
#1 /Users/admiralshoi/Sites/weepay/Database/Model.php(190): Database\QueryBuilder->insert(Array)
#2 /Users/admiralshoi/Sites/weepay/features/DbMigration.php(16): Database\Model::migrate()
#3 /Users/admiralshoi/Sites/weepay/views/admin/panel/notifications/flow-detail.php(9): features\DbMigration::_migrate_db()
#4 /Users/admiralshoi/Sites/weepay/features/functions.php(64): include_once('/Users/admirals...')
#5 /Users/admiralshoi/Sites/weepay/views/templates/admin-panel-inner-html.php(24): printView(Array)
#6 /Users/admiralshoi/Sites/weepay/features/functions.php(64): include_once('/Users/admirals...')
#7 /Users/admiralshoi/Sites/weepay/views/templates/admin-panel-outer-html.php(38): printView(Array)
#8 /Users/admiralshoi/Sites/weepay/features/functions.php(64): include_once('/Users/admirals...')
#9 /Users/admiralshoi/Sites/weepay/routing/Routes.php(137): printView(Array)
#10 /Users/admiralshoi/Sites/weepay/routing/web.php(736): routing\Routes::dispatch()
#11 /Users/admiralshoi/Sites/weepay/index.php(14): require_once('/Users/admirals...')
#12 {main}
[2026-01-13 11:59:08] -  Sql insert, `PROD_FKF_authlocal`  SQLSTATE[23000]: Integrity constraint violation: 1062 Duplicate entry 'authloc_908da83kj130n422' for key 'prod_fkf_authlocal.uq_uid'  -   #0 /Users/admiralshoi/Sites/weepay/Database/QueryBuilder.php(332): PDOStatement->execute(Array)
#1 /Users/admiralshoi/Sites/weepay/Database/Model.php(190): Database\QueryBuilder->insert(Array)
#2 /Users/admiralshoi/Sites/weepay/features/DbMigration.php(16): Database\Model::migrate()
#3 /Users/admiralshoi/Sites/weepay/views/admin/panel/notifications/flow-detail.php(9): features\DbMigration::_migrate_db()
#4 /Users/admiralshoi/Sites/weepay/features/functions.php(64): include_once('/Users/admirals...')
#5 /Users/admiralshoi/Sites/weepay/views/templates/admin-panel-inner-html.php(24): printView(Array)
#6 /Users/admiralshoi/Sites/weepay/features/functions.php(64): include_once('/Users/admirals...')
#7 /Users/admiralshoi/Sites/weepay/views/templates/admin-panel-outer-html.php(38): printView(Array)
#8 /Users/admiralshoi/Sites/weepay/features/functions.php(64): include_once('/Users/admirals...')
#9 /Users/admiralshoi/Sites/weepay/routing/Routes.php(137): printView(Array)
#10 /Users/admiralshoi/Sites/weepay/routing/web.php(736): routing\Routes::dispatch()
#11 /Users/admiralshoi/Sites/weepay/index.php(14): require_once('/Users/admirals...')
#12 {main}
[2026-01-13 11:59:09] -  Sql insert, `PROD_FKF_paymentproviders`  SQLSTATE[23000]: Integrity constraint violation: 1062 Duplicate entry 'viva' for key 'prod_fkf_paymentproviders.uq_name'  -   #0 /Users/admiralshoi/Sites/weepay/Database/QueryBuilder.php(332): PDOStatement->execute(Array)
#1 /Users/admiralshoi/Sites/weepay/Database/Model.php(190): Database\QueryBuilder->insert(Array)
#2 /Users/admiralshoi/Sites/weepay/features/DbMigration.php(16): Database\Model::migrate()
#3 /Users/admiralshoi/Sites/weepay/views/admin/panel/notifications/flow-detail.php(9): features\DbMigration::_migrate_db()
#4 /Users/admiralshoi/Sites/weepay/features/functions.php(64): include_once('/Users/admirals...')
#5 /Users/admiralshoi/Sites/weepay/views/templates/admin-panel-inner-html.php(24): printView(Array)
#6 /Users/admiralshoi/Sites/weepay/features/functions.php(64): include_once('/Users/admirals...')
#7 /Users/admiralshoi/Sites/weepay/views/templates/admin-panel-outer-html.php(38): printView(Array)
#8 /Users/admiralshoi/Sites/weepay/features/functions.php(64): include_once('/Users/admirals...')
#9 /Users/admiralshoi/Sites/weepay/routing/Routes.php(137): printView(Array)
#10 /Users/admiralshoi/Sites/weepay/routing/web.php(736): routing\Routes::dispatch()
#11 /Users/admiralshoi/Sites/weepay/index.php(14): require_once('/Users/admirals...')
#12 {main}
[2026-01-13 11:59:27] -  Sql insert, `PROD_FKF_notificationflows`  SQLSTATE[22007]: Invalid datetime format: 1292 Incorrect datetime value: '1768301967' for column 'starts_at' at row 1  -   #0 /Users/admiralshoi/Sites/weepay/Database/QueryBuilder.php(332): PDOStatement->execute(Array)
#1 /Users/admiralshoi/Sites/weepay/Database/Model.php(103): Database\QueryBuilder->insert(Array)
#2 /Users/admiralshoi/Sites/weepay/classes/utility/Crud.php(138): Database\Model::__callStatic('insert', Array)
#3 /Users/admiralshoi/Sites/weepay/classes/notifications/NotificationFlowHandler.php(76): classes\utility\Crud->create(Array)
#4 /Users/admiralshoi/Sites/weepay/routing/routes/admin/NotificationApiController.php(361): classes\notifications\NotificationFlowHandler->insert('Kommende betali...', 'nbp_payment_due...', 'sdfg', 'draft', 100, 1768301967, NULL, NULL, '29852698833154', -1, 'user', NULL)
#5 [internal function]: routing\routes\admin\NotificationApiController::flowCreate(Array)
#6 /Users/admiralshoi/Sites/weepay/routing/Routes.php(237): call_user_func('routing\\routes\\...', Array)
#7 /Users/admiralshoi/Sites/weepay/routing/Routes.php(130): routing\Routes::returnMethod('routing\\routes\\...', 'flowCreate', Array)
#8 /Users/admiralshoi/Sites/weepay/routing/web.php(736): routing\Routes::dispatch()
#9 /Users/admiralshoi/Sites/weepay/index.php(14): require_once('/Users/admirals...')
#10 {main}
[2026-01-13 12:01:18] -  Sql insert, `PROD_FKF_appmeta`  SQLSTATE[23000]: Integrity constraint violation: 1062 Duplicate entry 'currencies' for key 'prod_fkf_appmeta.uq_name'  -   #0 /Users/admiralshoi/Sites/weepay/Database/QueryBuilder.php(332): PDOStatement->execute(Array)
#1 /Users/admiralshoi/Sites/weepay/Database/Model.php(190): Database\QueryBuilder->insert(Array)
#2 /Users/admiralshoi/Sites/weepay/features/DbMigration.php(16): Database\Model::migrate()
#3 /Users/admiralshoi/Sites/weepay/views/admin/panel/notifications/flow-detail.php(9): features\DbMigration::_migrate_db()
#4 /Users/admiralshoi/Sites/weepay/features/functions.php(64): include_once('/Users/admirals...')
#5 /Users/admiralshoi/Sites/weepay/views/templates/admin-panel-inner-html.php(24): printView(Array)
#6 /Users/admiralshoi/Sites/weepay/features/functions.php(64): include_once('/Users/admirals...')
#7 /Users/admiralshoi/Sites/weepay/views/templates/admin-panel-outer-html.php(38): printView(Array)
#8 /Users/admiralshoi/Sites/weepay/features/functions.php(64): include_once('/Users/admirals...')
#9 /Users/admiralshoi/Sites/weepay/routing/Routes.php(137): printView(Array)
#10 /Users/admiralshoi/Sites/weepay/routing/web.php(736): routing\Routes::dispatch()
#11 /Users/admiralshoi/Sites/weepay/index.php(14): require_once('/Users/admirals...')
#12 {main}
[2026-01-13 12:01:18] -  Sql insert, `PROD_FKF_appmeta`  SQLSTATE[23000]: Integrity constraint violation: 1062 Duplicate entry 'organisation_roles' for key 'prod_fkf_appmeta.uq_name'  -   #0 /Users/admiralshoi/Sites/weepay/Database/QueryBuilder.php(332): PDOStatement->execute(Array)
#1 /Users/admiralshoi/Sites/weepay/Database/Model.php(190): Database\QueryBuilder->insert(Array)
#2 /Users/admiralshoi/Sites/weepay/features/DbMigration.php(16): Database\Model::migrate()
#3 /Users/admiralshoi/Sites/weepay/views/admin/panel/notifications/flow-detail.php(9): features\DbMigration::_migrate_db()
#4 /Users/admiralshoi/Sites/weepay/features/functions.php(64): include_once('/Users/admirals...')
#5 /Users/admiralshoi/Sites/weepay/views/templates/admin-panel-inner-html.php(24): printView(Array)
#6 /Users/admiralshoi/Sites/weepay/features/functions.php(64): include_once('/Users/admirals...')
#7 /Users/admiralshoi/Sites/weepay/views/templates/admin-panel-outer-html.php(38): printView(Array)
#8 /Users/admiralshoi/Sites/weepay/features/functions.php(64): include_once('/Users/admirals...')
#9 /Users/admiralshoi/Sites/weepay/routing/Routes.php(137): printView(Array)
#10 /Users/admiralshoi/Sites/weepay/routing/web.php(736): routing\Routes::dispatch()
#11 /Users/admiralshoi/Sites/weepay/index.php(14): require_once('/Users/admirals...')
#12 {main}
[2026-01-13 12:01:18] -  Sql insert, `PROD_FKF_appmeta`  SQLSTATE[23000]: Integrity constraint violation: 1062 Duplicate entry 'paymentPlans' for key 'prod_fkf_appmeta.uq_name'  -   #0 /Users/admiralshoi/Sites/weepay/Database/QueryBuilder.php(332): PDOStatement->execute(Array)
#1 /Users/admiralshoi/Sites/weepay/Database/Model.php(190): Database\QueryBuilder->insert(Array)
#2 /Users/admiralshoi/Sites/weepay/features/DbMigration.php(16): Database\Model::migrate()
#3 /Users/admiralshoi/Sites/weepay/views/admin/panel/notifications/flow-detail.php(9): features\DbMigration::_migrate_db()
#4 /Users/admiralshoi/Sites/weepay/features/functions.php(64): include_once('/Users/admirals...')
#5 /Users/admiralshoi/Sites/weepay/views/templates/admin-panel-inner-html.php(24): printView(Array)
#6 /Users/admiralshoi/Sites/weepay/features/functions.php(64): include_once('/Users/admirals...')
#7 /Users/admiralshoi/Sites/weepay/views/templates/admin-panel-outer-html.php(38): printView(Array)
#8 /Users/admiralshoi/Sites/weepay/features/functions.php(64): include_once('/Users/admirals...')
#9 /Users/admiralshoi/Sites/weepay/routing/Routes.php(137): printView(Array)
#10 /Users/admiralshoi/Sites/weepay/routing/web.php(736): routing\Routes::dispatch()
#11 /Users/admiralshoi/Sites/weepay/index.php(14): require_once('/Users/admirals...')
#12 {main}
[2026-01-13 12:01:18] -  Sql insert, `PROD_FKF_appmeta`  SQLSTATE[23000]: Integrity constraint violation: 1062 Duplicate entry 'oidc_session_lifetime' for key 'prod_fkf_appmeta.uq_name'  -   #0 /Users/admiralshoi/Sites/weepay/Database/QueryBuilder.php(332): PDOStatement->execute(Array)
#1 /Users/admiralshoi/Sites/weepay/Database/Model.php(190): Database\QueryBuilder->insert(Array)
#2 /Users/admiralshoi/Sites/weepay/features/DbMigration.php(16): Database\Model::migrate()
#3 /Users/admiralshoi/Sites/weepay/views/admin/panel/notifications/flow-detail.php(9): features\DbMigration::_migrate_db()
#4 /Users/admiralshoi/Sites/weepay/features/functions.php(64): include_once('/Users/admirals...')
#5 /Users/admiralshoi/Sites/weepay/views/templates/admin-panel-inner-html.php(24): printView(Array)
#6 /Users/admiralshoi/Sites/weepay/features/functions.php(64): include_once('/Users/admirals...')
#7 /Users/admiralshoi/Sites/weepay/views/templates/admin-panel-outer-html.php(38): printView(Array)
#8 /Users/admiralshoi/Sites/weepay/features/functions.php(64): include_once('/Users/admirals...')
#9 /Users/admiralshoi/Sites/weepay/routing/Routes.php(137): printView(Array)
#10 /Users/admiralshoi/Sites/weepay/routing/web.php(736): routing\Routes::dispatch()
#11 /Users/admiralshoi/Sites/weepay/index.php(14): require_once('/Users/admirals...')
#12 {main}
[2026-01-13 12:01:18] -  Sql insert, `PROD_FKF_appmeta`  SQLSTATE[23000]: Integrity constraint violation: 1062 Duplicate entry 'platform_max_bnpl_amount' for key 'prod_fkf_appmeta.uq_name'  -   #0 /Users/admiralshoi/Sites/weepay/Database/QueryBuilder.php(332): PDOStatement->execute(Array)
#1 /Users/admiralshoi/Sites/weepay/Database/Model.php(190): Database\QueryBuilder->insert(Array)
#2 /Users/admiralshoi/Sites/weepay/features/DbMigration.php(16): Database\Model::migrate()
#3 /Users/admiralshoi/Sites/weepay/views/admin/panel/notifications/flow-detail.php(9): features\DbMigration::_migrate_db()
#4 /Users/admiralshoi/Sites/weepay/features/functions.php(64): include_once('/Users/admirals...')
#5 /Users/admiralshoi/Sites/weepay/views/templates/admin-panel-inner-html.php(24): printView(Array)
#6 /Users/admiralshoi/Sites/weepay/features/functions.php(64): include_once('/Users/admirals...')
#7 /Users/admiralshoi/Sites/weepay/views/templates/admin-panel-outer-html.php(38): printView(Array)
#8 /Users/admiralshoi/Sites/weepay/features/functions.php(64): include_once('/Users/admirals...')
#9 /Users/admiralshoi/Sites/weepay/routing/Routes.php(137): printView(Array)
#10 /Users/admiralshoi/Sites/weepay/routing/web.php(736): routing\Routes::dispatch()
#11 /Users/admiralshoi/Sites/weepay/index.php(14): require_once('/Users/admirals...')
#12 {main}
[2026-01-13 12:01:18] -  Sql insert, `PROD_FKF_userroles`  SQLSTATE[23000]: Integrity constraint violation: 1062 Duplicate entry '1' for key 'prod_fkf_userroles.uq_access_level'  -   #0 /Users/admiralshoi/Sites/weepay/Database/QueryBuilder.php(332): PDOStatement->execute(Array)
#1 /Users/admiralshoi/Sites/weepay/Database/Model.php(190): Database\QueryBuilder->insert(Array)
#2 /Users/admiralshoi/Sites/weepay/features/DbMigration.php(16): Database\Model::migrate()
#3 /Users/admiralshoi/Sites/weepay/views/admin/panel/notifications/flow-detail.php(9): features\DbMigration::_migrate_db()
#4 /Users/admiralshoi/Sites/weepay/features/functions.php(64): include_once('/Users/admirals...')
#5 /Users/admiralshoi/Sites/weepay/views/templates/admin-panel-inner-html.php(24): printView(Array)
#6 /Users/admiralshoi/Sites/weepay/features/functions.php(64): include_once('/Users/admirals...')
#7 /Users/admiralshoi/Sites/weepay/views/templates/admin-panel-outer-html.php(38): printView(Array)
#8 /Users/admiralshoi/Sites/weepay/features/functions.php(64): include_once('/Users/admirals...')
#9 /Users/admiralshoi/Sites/weepay/routing/Routes.php(137): printView(Array)
#10 /Users/admiralshoi/Sites/weepay/routing/web.php(736): routing\Routes::dispatch()
#11 /Users/admiralshoi/Sites/weepay/index.php(14): require_once('/Users/admirals...')
#12 {main}
[2026-01-13 12:01:18] -  Sql insert, `PROD_FKF_userroles`  SQLSTATE[23000]: Integrity constraint violation: 1062 Duplicate entry '2' for key 'prod_fkf_userroles.uq_access_level'  -   #0 /Users/admiralshoi/Sites/weepay/Database/QueryBuilder.php(332): PDOStatement->execute(Array)
#1 /Users/admiralshoi/Sites/weepay/Database/Model.php(190): Database\QueryBuilder->insert(Array)
#2 /Users/admiralshoi/Sites/weepay/features/DbMigration.php(16): Database\Model::migrate()
#3 /Users/admiralshoi/Sites/weepay/views/admin/panel/notifications/flow-detail.php(9): features\DbMigration::_migrate_db()
#4 /Users/admiralshoi/Sites/weepay/features/functions.php(64): include_once('/Users/admirals...')
#5 /Users/admiralshoi/Sites/weepay/views/templates/admin-panel-inner-html.php(24): printView(Array)
#6 /Users/admiralshoi/Sites/weepay/features/functions.php(64): include_once('/Users/admirals...')
#7 /Users/admiralshoi/Sites/weepay/views/templates/admin-panel-outer-html.php(38): printView(Array)
#8 /Users/admiralshoi/Sites/weepay/features/functions.php(64): include_once('/Users/admirals...')
#9 /Users/admiralshoi/Sites/weepay/routing/Routes.php(137): printView(Array)
#10 /Users/admiralshoi/Sites/weepay/routing/web.php(736): routing\Routes::dispatch()
#11 /Users/admiralshoi/Sites/weepay/index.php(14): require_once('/Users/admirals...')
#12 {main}
[2026-01-13 12:01:18] -  Sql first, `PROD_FKF_notificationtemplates`  SQLSTATE[42S22]: Column not found: 1054 Unknown column 'brand.name' in 'where clause'  -   #0 /Users/admiralshoi/Sites/weepay/Database/QueryBuilder.php(485): PDOStatement->execute(Array)
#1 /Users/admiralshoi/Sites/weepay/Database/Model.php(189): Database\QueryBuilder->first()
#2 /Users/admiralshoi/Sites/weepay/features/DbMigration.php(16): Database\Model::migrate()
#3 /Users/admiralshoi/Sites/weepay/views/admin/panel/notifications/flow-detail.php(9): features\DbMigration::_migrate_db()
#4 /Users/admiralshoi/Sites/weepay/features/functions.php(64): include_once('/Users/admirals...')
#5 /Users/admiralshoi/Sites/weepay/views/templates/admin-panel-inner-html.php(24): printView(Array)
#6 /Users/admiralshoi/Sites/weepay/features/functions.php(64): include_once('/Users/admirals...')
#7 /Users/admiralshoi/Sites/weepay/views/templates/admin-panel-outer-html.php(38): printView(Array)
#8 /Users/admiralshoi/Sites/weepay/features/functions.php(64): include_once('/Users/admirals...')
#9 /Users/admiralshoi/Sites/weepay/routing/Routes.php(137): printView(Array)
#10 /Users/admiralshoi/Sites/weepay/routing/web.php(736): routing\Routes::dispatch()
#11 /Users/admiralshoi/Sites/weepay/index.php(14): require_once('/Users/admirals...')
#12 {main}
[2026-01-13 12:01:18] -  Sql insert, `PROD_FKF_notificationtemplates`  SQLSTATE[23000]: Integrity constraint violation: 1062 Duplicate entry 'ntpl_email_header' for key 'prod_fkf_notificationtemplates.uq_uid'  -   #0 /Users/admiralshoi/Sites/weepay/Database/QueryBuilder.php(332): PDOStatement->execute(Array)
#1 /Users/admiralshoi/Sites/weepay/Database/Model.php(190): Database\QueryBuilder->insert(Array)
#2 /Users/admiralshoi/Sites/weepay/features/DbMigration.php(16): Database\Model::migrate()
#3 /Users/admiralshoi/Sites/weepay/views/admin/panel/notifications/flow-detail.php(9): features\DbMigration::_migrate_db()
#4 /Users/admiralshoi/Sites/weepay/features/functions.php(64): include_once('/Users/admirals...')
#5 /Users/admiralshoi/Sites/weepay/views/templates/admin-panel-inner-html.php(24): printView(Array)
#6 /Users/admiralshoi/Sites/weepay/features/functions.php(64): include_once('/Users/admirals...')
#7 /Users/admiralshoi/Sites/weepay/views/templates/admin-panel-outer-html.php(38): printView(Array)
#8 /Users/admiralshoi/Sites/weepay/features/functions.php(64): include_once('/Users/admirals...')
#9 /Users/admiralshoi/Sites/weepay/routing/Routes.php(137): printView(Array)
#10 /Users/admiralshoi/Sites/weepay/routing/web.php(736): routing\Routes::dispatch()
#11 /Users/admiralshoi/Sites/weepay/index.php(14): require_once('/Users/admirals...')
#12 {main}
[2026-01-13 12:01:18] -  Sql insert, `PROD_FKF_notificationtemplates`  SQLSTATE[23000]: Integrity constraint violation: 1062 Duplicate entry 'ntpl_email_content_start' for key 'prod_fkf_notificationtemplates.uq_uid'  -   #0 /Users/admiralshoi/Sites/weepay/Database/QueryBuilder.php(332): PDOStatement->execute(Array)
#1 /Users/admiralshoi/Sites/weepay/Database/Model.php(190): Database\QueryBuilder->insert(Array)
#2 /Users/admiralshoi/Sites/weepay/features/DbMigration.php(16): Database\Model::migrate()
#3 /Users/admiralshoi/Sites/weepay/views/admin/panel/notifications/flow-detail.php(9): features\DbMigration::_migrate_db()
#4 /Users/admiralshoi/Sites/weepay/features/functions.php(64): include_once('/Users/admirals...')
#5 /Users/admiralshoi/Sites/weepay/views/templates/admin-panel-inner-html.php(24): printView(Array)
#6 /Users/admiralshoi/Sites/weepay/features/functions.php(64): include_once('/Users/admirals...')
#7 /Users/admiralshoi/Sites/weepay/views/templates/admin-panel-outer-html.php(38): printView(Array)
#8 /Users/admiralshoi/Sites/weepay/features/functions.php(64): include_once('/Users/admirals...')
#9 /Users/admiralshoi/Sites/weepay/routing/Routes.php(137): printView(Array)
#10 /Users/admiralshoi/Sites/weepay/routing/web.php(736): routing\Routes::dispatch()
#11 /Users/admiralshoi/Sites/weepay/index.php(14): require_once('/Users/admirals...')
#12 {main}
[2026-01-13 12:01:18] -  Sql insert, `PROD_FKF_notificationtemplates`  SQLSTATE[23000]: Integrity constraint violation: 1062 Duplicate entry 'ntpl_email_content_end' for key 'prod_fkf_notificationtemplates.uq_uid'  -   #0 /Users/admiralshoi/Sites/weepay/Database/QueryBuilder.php(332): PDOStatement->execute(Array)
#1 /Users/admiralshoi/Sites/weepay/Database/Model.php(190): Database\QueryBuilder->insert(Array)
#2 /Users/admiralshoi/Sites/weepay/features/DbMigration.php(16): Database\Model::migrate()
#3 /Users/admiralshoi/Sites/weepay/views/admin/panel/notifications/flow-detail.php(9): features\DbMigration::_migrate_db()
#4 /Users/admiralshoi/Sites/weepay/features/functions.php(64): include_once('/Users/admirals...')
#5 /Users/admiralshoi/Sites/weepay/views/templates/admin-panel-inner-html.php(24): printView(Array)
#6 /Users/admiralshoi/Sites/weepay/features/functions.php(64): include_once('/Users/admirals...')
#7 /Users/admiralshoi/Sites/weepay/views/templates/admin-panel-outer-html.php(38): printView(Array)
#8 /Users/admiralshoi/Sites/weepay/features/functions.php(64): include_once('/Users/admirals...')
#9 /Users/admiralshoi/Sites/weepay/routing/Routes.php(137): printView(Array)
#10 /Users/admiralshoi/Sites/weepay/routing/web.php(736): routing\Routes::dispatch()
#11 /Users/admiralshoi/Sites/weepay/index.php(14): require_once('/Users/admirals...')
#12 {main}
[2026-01-13 12:01:18] -  Sql insert, `PROD_FKF_notificationtemplates`  SQLSTATE[23000]: Integrity constraint violation: 1062 Duplicate entry 'ntpl_email_footer' for key 'prod_fkf_notificationtemplates.uq_uid'  -   #0 /Users/admiralshoi/Sites/weepay/Database/QueryBuilder.php(332): PDOStatement->execute(Array)
#1 /Users/admiralshoi/Sites/weepay/Database/Model.php(190): Database\QueryBuilder->insert(Array)
#2 /Users/admiralshoi/Sites/weepay/features/DbMigration.php(16): Database\Model::migrate()
#3 /Users/admiralshoi/Sites/weepay/views/admin/panel/notifications/flow-detail.php(9): features\DbMigration::_migrate_db()
#4 /Users/admiralshoi/Sites/weepay/features/functions.php(64): include_once('/Users/admirals...')
#5 /Users/admiralshoi/Sites/weepay/views/templates/admin-panel-inner-html.php(24): printView(Array)
#6 /Users/admiralshoi/Sites/weepay/features/functions.php(64): include_once('/Users/admirals...')
#7 /Users/admiralshoi/Sites/weepay/views/templates/admin-panel-outer-html.php(38): printView(Array)
#8 /Users/admiralshoi/Sites/weepay/features/functions.php(64): include_once('/Users/admirals...')
#9 /Users/admiralshoi/Sites/weepay/routing/Routes.php(137): printView(Array)
#10 /Users/admiralshoi/Sites/weepay/routing/web.php(736): routing\Routes::dispatch()
#11 /Users/admiralshoi/Sites/weepay/index.php(14): require_once('/Users/admirals...')
#12 {main}
[2026-01-13 12:01:18] -  Sql insert, `PROD_FKF_notificationtemplates`  SQLSTATE[23000]: Integrity constraint violation: 1062 Duplicate entry 'ntpl_email_footer_unsubscribe' for key 'prod_fkf_notificationtemplates.uq_uid'  -   #0 /Users/admiralshoi/Sites/weepay/Database/QueryBuilder.php(332): PDOStatement->execute(Array)
#1 /Users/admiralshoi/Sites/weepay/Database/Model.php(190): Database\QueryBuilder->insert(Array)
#2 /Users/admiralshoi/Sites/weepay/features/DbMigration.php(16): Database\Model::migrate()
#3 /Users/admiralshoi/Sites/weepay/views/admin/panel/notifications/flow-detail.php(9): features\DbMigration::_migrate_db()
#4 /Users/admiralshoi/Sites/weepay/features/functions.php(64): include_once('/Users/admirals...')
#5 /Users/admiralshoi/Sites/weepay/views/templates/admin-panel-inner-html.php(24): printView(Array)
#6 /Users/admiralshoi/Sites/weepay/features/functions.php(64): include_once('/Users/admirals...')
#7 /Users/admiralshoi/Sites/weepay/views/templates/admin-panel-outer-html.php(38): printView(Array)
#8 /Users/admiralshoi/Sites/weepay/features/functions.php(64): include_once('/Users/admirals...')
#9 /Users/admiralshoi/Sites/weepay/routing/Routes.php(137): printView(Array)
#10 /Users/admiralshoi/Sites/weepay/routing/web.php(736): routing\Routes::dispatch()
#11 /Users/admiralshoi/Sites/weepay/index.php(14): require_once('/Users/admirals...')
#12 {main}
[2026-01-13 12:01:18] -  Sql insert, `PROD_FKF_authlocal`  SQLSTATE[23000]: Integrity constraint violation: 1062 Duplicate entry 'authloc_fddfslfj39r43' for key 'prod_fkf_authlocal.uq_uid'  -   #0 /Users/admiralshoi/Sites/weepay/Database/QueryBuilder.php(332): PDOStatement->execute(Array)
#1 /Users/admiralshoi/Sites/weepay/Database/Model.php(190): Database\QueryBuilder->insert(Array)
#2 /Users/admiralshoi/Sites/weepay/features/DbMigration.php(16): Database\Model::migrate()
#3 /Users/admiralshoi/Sites/weepay/views/admin/panel/notifications/flow-detail.php(9): features\DbMigration::_migrate_db()
#4 /Users/admiralshoi/Sites/weepay/features/functions.php(64): include_once('/Users/admirals...')
#5 /Users/admiralshoi/Sites/weepay/views/templates/admin-panel-inner-html.php(24): printView(Array)
#6 /Users/admiralshoi/Sites/weepay/features/functions.php(64): include_once('/Users/admirals...')
#7 /Users/admiralshoi/Sites/weepay/views/templates/admin-panel-outer-html.php(38): printView(Array)
#8 /Users/admiralshoi/Sites/weepay/features/functions.php(64): include_once('/Users/admirals...')
#9 /Users/admiralshoi/Sites/weepay/routing/Routes.php(137): printView(Array)
#10 /Users/admiralshoi/Sites/weepay/routing/web.php(736): routing\Routes::dispatch()
#11 /Users/admiralshoi/Sites/weepay/index.php(14): require_once('/Users/admirals...')
#12 {main}
[2026-01-13 12:01:18] -  Sql insert, `PROD_FKF_authlocal`  SQLSTATE[23000]: Integrity constraint violation: 1062 Duplicate entry 'authloc_da4jugr730bnfs' for key 'prod_fkf_authlocal.uq_uid'  -   #0 /Users/admiralshoi/Sites/weepay/Database/QueryBuilder.php(332): PDOStatement->execute(Array)
#1 /Users/admiralshoi/Sites/weepay/Database/Model.php(190): Database\QueryBuilder->insert(Array)
#2 /Users/admiralshoi/Sites/weepay/features/DbMigration.php(16): Database\Model::migrate()
#3 /Users/admiralshoi/Sites/weepay/views/admin/panel/notifications/flow-detail.php(9): features\DbMigration::_migrate_db()
#4 /Users/admiralshoi/Sites/weepay/features/functions.php(64): include_once('/Users/admirals...')
#5 /Users/admiralshoi/Sites/weepay/views/templates/admin-panel-inner-html.php(24): printView(Array)
#6 /Users/admiralshoi/Sites/weepay/features/functions.php(64): include_once('/Users/admirals...')
#7 /Users/admiralshoi/Sites/weepay/views/templates/admin-panel-outer-html.php(38): printView(Array)
#8 /Users/admiralshoi/Sites/weepay/features/functions.php(64): include_once('/Users/admirals...')
#9 /Users/admiralshoi/Sites/weepay/routing/Routes.php(137): printView(Array)
#10 /Users/admiralshoi/Sites/weepay/routing/web.php(736): routing\Routes::dispatch()
#11 /Users/admiralshoi/Sites/weepay/index.php(14): require_once('/Users/admirals...')
#12 {main}
[2026-01-13 12:01:18] -  Sql insert, `PROD_FKF_authlocal`  SQLSTATE[23000]: Integrity constraint violation: 1062 Duplicate entry 'authloc_908da83kj130n422' for key 'prod_fkf_authlocal.uq_uid'  -   #0 /Users/admiralshoi/Sites/weepay/Database/QueryBuilder.php(332): PDOStatement->execute(Array)
#1 /Users/admiralshoi/Sites/weepay/Database/Model.php(190): Database\QueryBuilder->insert(Array)
#2 /Users/admiralshoi/Sites/weepay/features/DbMigration.php(16): Database\Model::migrate()
#3 /Users/admiralshoi/Sites/weepay/views/admin/panel/notifications/flow-detail.php(9): features\DbMigration::_migrate_db()
#4 /Users/admiralshoi/Sites/weepay/features/functions.php(64): include_once('/Users/admirals...')
#5 /Users/admiralshoi/Sites/weepay/views/templates/admin-panel-inner-html.php(24): printView(Array)
#6 /Users/admiralshoi/Sites/weepay/features/functions.php(64): include_once('/Users/admirals...')
#7 /Users/admiralshoi/Sites/weepay/views/templates/admin-panel-outer-html.php(38): printView(Array)
#8 /Users/admiralshoi/Sites/weepay/features/functions.php(64): include_once('/Users/admirals...')
#9 /Users/admiralshoi/Sites/weepay/routing/Routes.php(137): printView(Array)
#10 /Users/admiralshoi/Sites/weepay/routing/web.php(736): routing\Routes::dispatch()
#11 /Users/admiralshoi/Sites/weepay/index.php(14): require_once('/Users/admirals...')
#12 {main}
[2026-01-13 12:01:19] -  Sql insert, `PROD_FKF_paymentproviders`  SQLSTATE[23000]: Integrity constraint violation: 1062 Duplicate entry 'viva' for key 'prod_fkf_paymentproviders.uq_name'  -   #0 /Users/admiralshoi/Sites/weepay/Database/QueryBuilder.php(332): PDOStatement->execute(Array)
#1 /Users/admiralshoi/Sites/weepay/Database/Model.php(190): Database\QueryBuilder->insert(Array)
#2 /Users/admiralshoi/Sites/weepay/features/DbMigration.php(16): Database\Model::migrate()
#3 /Users/admiralshoi/Sites/weepay/views/admin/panel/notifications/flow-detail.php(9): features\DbMigration::_migrate_db()
#4 /Users/admiralshoi/Sites/weepay/features/functions.php(64): include_once('/Users/admirals...')
#5 /Users/admiralshoi/Sites/weepay/views/templates/admin-panel-inner-html.php(24): printView(Array)
#6 /Users/admiralshoi/Sites/weepay/features/functions.php(64): include_once('/Users/admirals...')
#7 /Users/admiralshoi/Sites/weepay/views/templates/admin-panel-outer-html.php(38): printView(Array)
#8 /Users/admiralshoi/Sites/weepay/features/functions.php(64): include_once('/Users/admirals...')
#9 /Users/admiralshoi/Sites/weepay/routing/Routes.php(137): printView(Array)
#10 /Users/admiralshoi/Sites/weepay/routing/web.php(736): routing\Routes::dispatch()
#11 /Users/admiralshoi/Sites/weepay/index.php(14): require_once('/Users/admirals...')
#12 {main}
