[2026-01-16 12:56:42] -  Sql count, `PROD_FKF_notificationlogs`  SQLSTATE[HY000]: General error: 1525 Incorrect TIMESTAMP value: '1768478202'  -   #0 /Users/admiralshoi/Sites/weepay/Database/QueryBuilder.php(515): PDOStatement->execute(Array)
#1 /Users/admiralshoi/Sites/weepay/classes/notifications/NotificationLogHandler.php(52): Database\QueryBuilder->count()
#2 /Users/admiralshoi/Sites/weepay/routing/routes/admin/NotificationController.php(133): classes\notifications\NotificationLogHandler->countByStatus('sent', 1768478202)
#3 [internal function]: routing\routes\admin\NotificationController::logs(Array)
#4 /Users/admiralshoi/Sites/weepay/routing/Routes.php(237): call_user_func('routing\\routes\\...', Array)
#5 /Users/admiralshoi/Sites/weepay/routing/Routes.php(130): routing\Routes::returnMethod('routing\\routes\\...', 'logs', Array)
#6 /Users/admiralshoi/Sites/weepay/routing/web.php(743): routing\Routes::dispatch()
#7 /Users/admiralshoi/Sites/weepay/index.php(14): require_once('/Users/admirals...')
#8 {main}
[2026-01-16 12:56:42] -  Sql count, `PROD_FKF_notificationlogs`  SQLSTATE[HY000]: General error: 1525 Incorrect TIMESTAMP value: '1767959802'  -   #0 /Users/admiralshoi/Sites/weepay/Database/QueryBuilder.php(515): PDOStatement->execute(Array)
#1 /Users/admiralshoi/Sites/weepay/classes/notifications/NotificationLogHandler.php(52): Database\QueryBuilder->count()
#2 /Users/admiralshoi/Sites/weepay/routing/routes/admin/NotificationController.php(134): classes\notifications\NotificationLogHandler->countByStatus('sent', 1767959802)
#3 [internal function]: routing\routes\admin\NotificationController::logs(Array)
#4 /Users/admiralshoi/Sites/weepay/routing/Routes.php(237): call_user_func('routing\\routes\\...', Array)
#5 /Users/admiralshoi/Sites/weepay/routing/Routes.php(130): routing\Routes::returnMethod('routing\\routes\\...', 'logs', Array)
#6 /Users/admiralshoi/Sites/weepay/routing/web.php(743): routing\Routes::dispatch()
#7 /Users/admiralshoi/Sites/weepay/index.php(14): require_once('/Users/admirals...')
#8 {main}
[2026-01-16 12:56:42] -  Sql count, `PROD_FKF_notificationlogs`  SQLSTATE[HY000]: General error: 1525 Incorrect TIMESTAMP value: '1768478202'  -   #0 /Users/admiralshoi/Sites/weepay/Database/QueryBuilder.php(515): PDOStatement->execute(Array)
#1 /Users/admiralshoi/Sites/weepay/classes/notifications/NotificationLogHandler.php(52): Database\QueryBuilder->count()
#2 /Users/admiralshoi/Sites/weepay/routing/routes/admin/NotificationController.php(135): classes\notifications\NotificationLogHandler->countByStatus('failed', 1768478202)
#3 [internal function]: routing\routes\admin\NotificationController::logs(Array)
#4 /Users/admiralshoi/Sites/weepay/routing/Routes.php(237): call_user_func('routing\\routes\\...', Array)
#5 /Users/admiralshoi/Sites/weepay/routing/Routes.php(130): routing\Routes::returnMethod('routing\\routes\\...', 'logs', Array)
#6 /Users/admiralshoi/Sites/weepay/routing/web.php(743): routing\Routes::dispatch()
#7 /Users/admiralshoi/Sites/weepay/index.php(14): require_once('/Users/admirals...')
#8 {main}
[2026-01-16 12:56:42] -  Sql count, `PROD_FKF_notificationlogs`  SQLSTATE[HY000]: General error: 1525 Incorrect TIMESTAMP value: '1767959802'  -   #0 /Users/admiralshoi/Sites/weepay/Database/QueryBuilder.php(515): PDOStatement->execute(Array)
#1 /Users/admiralshoi/Sites/weepay/classes/notifications/NotificationLogHandler.php(52): Database\QueryBuilder->count()
#2 /Users/admiralshoi/Sites/weepay/routing/routes/admin/NotificationController.php(136): classes\notifications\NotificationLogHandler->countByStatus('failed', 1767959802)
#3 [internal function]: routing\routes\admin\NotificationController::logs(Array)
#4 /Users/admiralshoi/Sites/weepay/routing/Routes.php(237): call_user_func('routing\\routes\\...', Array)
#5 /Users/admiralshoi/Sites/weepay/routing/Routes.php(130): routing\Routes::returnMethod('routing\\routes\\...', 'logs', Array)
#6 /Users/admiralshoi/Sites/weepay/routing/web.php(743): routing\Routes::dispatch()
#7 /Users/admiralshoi/Sites/weepay/index.php(14): require_once('/Users/admirals...')
#8 {main}
