[2025-11-16 20:56:58] - SELECT * FROM `PROD_FKF_appmeta`
[2025-11-16 20:56:58] - []
[2025-11-16 20:56:58] -  count-sql  SELECT COUNT(*) AS count FROM `PROD_FKF_userroles` WHERE `access_level` = ?
[2025-11-16 20:56:58] - [2]
[2025-11-16 20:56:58] - SELECT `name` FROM `PROD_FKF_userroles` WHERE `access_level` = ? LIMIT 1
[2025-11-16 20:56:58] - SELECT * FROM `PROD_FKF_appmeta` WHERE `name` = ? LIMIT 1
[2025-11-16 20:56:58] - SELECT * FROM `PROD_FKF_userroles` WHERE `defined` = ? ORDER BY `access_level` DESC
[2025-11-16 20:56:58] - [1]
[2025-11-16 20:56:58] -  count-sql  SELECT COUNT(*) AS count FROM `PROD_FKF_userroles` WHERE `access_level` = ?
[2025-11-16 20:56:58] - [2]
[2025-11-16 20:56:58] - SELECT `name` FROM `PROD_FKF_userroles` WHERE `access_level` = ? LIMIT 1
[2025-11-16 20:56:58] -  count-sql  SELECT COUNT(*) AS count FROM `PROD_FKF_userroles` WHERE `access_level` = ?
[2025-11-16 20:56:58] - [2]
[2025-11-16 20:56:58] - SELECT `name` FROM `PROD_FKF_userroles` WHERE `access_level` = ? LIMIT 1
[2025-11-16 20:56:58] - SELECT * FROM `PROD_FKF_users` WHERE `uid` = ? LIMIT 1
[2025-11-16 20:56:58] -  user-cookies  
[2025-11-16 20:56:58] -  user-no-organisation-cookies  
[2025-11-16 20:56:58] -  request-path  
[2025-11-16 20:56:58] -  count-sql  SELECT COUNT(*) AS count FROM `PROD_FKF_userroles` WHERE `access_level` = ?
[2025-11-16 20:56:58] - [2]
[2025-11-16 20:56:58] - SELECT `name` FROM `PROD_FKF_userroles` WHERE `access_level` = ? LIMIT 1
[2025-11-16 20:56:58] -  count-sql  SELECT COUNT(*) AS count FROM `PROD_FKF_organisationmembers` WHERE `uuid` = ? AND `invitation_status` != ? AND `status` != ?
[2025-11-16 20:56:58] - ["6124499677766","PENDING","SUSPENDED"]
[2025-11-16 20:56:58] - SELECT * FROM `PROD_FKF_appmeta`
[2025-11-16 20:56:58] - []
[2025-11-16 20:56:58] -  count-sql  SELECT COUNT(*) AS count FROM `PROD_FKF_userroles` WHERE `access_level` = ?
[2025-11-16 20:56:58] - [2]
[2025-11-16 20:56:58] - SELECT `name` FROM `PROD_FKF_userroles` WHERE `access_level` = ? LIMIT 1
[2025-11-16 20:56:58] - SELECT * FROM `PROD_FKF_appmeta` WHERE `name` = ? LIMIT 1
[2025-11-16 20:56:58] - SELECT * FROM `PROD_FKF_userroles` WHERE `defined` = ? ORDER BY `access_level` DESC
[2025-11-16 20:56:58] - [1]
[2025-11-16 20:56:58] -  count-sql  SELECT COUNT(*) AS count FROM `PROD_FKF_userroles` WHERE `access_level` = ?
[2025-11-16 20:56:58] - [2]
[2025-11-16 20:56:58] - SELECT `name` FROM `PROD_FKF_userroles` WHERE `access_level` = ? LIMIT 1
[2025-11-16 20:56:58] -  count-sql  SELECT COUNT(*) AS count FROM `PROD_FKF_userroles` WHERE `access_level` = ?
[2025-11-16 20:56:58] - [2]
[2025-11-16 20:56:58] - SELECT `name` FROM `PROD_FKF_userroles` WHERE `access_level` = ? LIMIT 1
[2025-11-16 20:56:58] - SELECT * FROM `PROD_FKF_users` WHERE `uid` = ? LIMIT 1
[2025-11-16 20:56:58] -  user-cookies  
[2025-11-16 20:56:58] -  user-no-organisation-cookies  
[2025-11-16 20:56:58] -  request-path  organisations/join/required
[2025-11-16 20:56:58] -  count-sql  SELECT COUNT(*) AS count FROM `PROD_FKF_userroles` WHERE `access_level` = ?
[2025-11-16 20:56:58] - [2]
[2025-11-16 20:56:58] - SELECT `name` FROM `PROD_FKF_userroles` WHERE `access_level` = ? LIMIT 1
[2025-11-16 20:56:58] -  count-sql  SELECT COUNT(*) AS count FROM `PROD_FKF_organisationmembers` WHERE `uuid` = ? AND `invitation_status` != ? AND `status` != ?
[2025-11-16 20:56:58] - ["6124499677766","PENDING","SUSPENDED"]
[2025-11-16 20:56:58] -  count-sql  SELECT COUNT(*) AS count FROM `PROD_FKF_userroles` WHERE `access_level` = ?
[2025-11-16 20:56:58] - [2]
[2025-11-16 20:56:58] - SELECT `name` FROM `PROD_FKF_userroles` WHERE `access_level` = ? LIMIT 1
[2025-11-16 20:56:58] - SELECT * FROM `PROD_FKF_organisationmembers` WHERE `uuid` = ?
[2025-11-16 20:56:58] - ["6124499677766"]
[2025-11-16 20:57:05] - SELECT * FROM `PROD_FKF_appmeta`
[2025-11-16 20:57:05] - []
[2025-11-16 20:57:05] -  count-sql  SELECT COUNT(*) AS count FROM `PROD_FKF_userroles` WHERE `access_level` = ?
[2025-11-16 20:57:05] - [2]
[2025-11-16 20:57:05] - SELECT `name` FROM `PROD_FKF_userroles` WHERE `access_level` = ? LIMIT 1
[2025-11-16 20:57:05] - SELECT * FROM `PROD_FKF_appmeta` WHERE `name` = ? LIMIT 1
[2025-11-16 20:57:05] - SELECT * FROM `PROD_FKF_userroles` WHERE `defined` = ? ORDER BY `access_level` DESC
[2025-11-16 20:57:05] - [1]
[2025-11-16 20:57:05] -  count-sql  SELECT COUNT(*) AS count FROM `PROD_FKF_userroles` WHERE `access_level` = ?
[2025-11-16 20:57:05] - [2]
[2025-11-16 20:57:05] - SELECT `name` FROM `PROD_FKF_userroles` WHERE `access_level` = ? LIMIT 1
[2025-11-16 20:57:05] -  count-sql  SELECT COUNT(*) AS count FROM `PROD_FKF_userroles` WHERE `access_level` = ?
[2025-11-16 20:57:05] - [2]
[2025-11-16 20:57:05] - SELECT `name` FROM `PROD_FKF_userroles` WHERE `access_level` = ? LIMIT 1
[2025-11-16 20:57:05] - SELECT * FROM `PROD_FKF_users` WHERE `uid` = ? LIMIT 1
[2025-11-16 20:57:05] -  user-cookies  
[2025-11-16 20:57:05] -  user-no-organisation-cookies  
[2025-11-16 20:57:05] -  request-path  logout
[2025-11-16 20:57:05] -  count-sql  SELECT COUNT(*) AS count FROM `PROD_FKF_userroles` WHERE `access_level` = ?
[2025-11-16 20:57:05] - [2]
[2025-11-16 20:57:05] - SELECT `name` FROM `PROD_FKF_userroles` WHERE `access_level` = ? LIMIT 1
[2025-11-16 20:57:05] -  count-sql  SELECT COUNT(*) AS count FROM `PROD_FKF_organisationmembers` WHERE `uuid` = ? AND `invitation_status` != ? AND `status` != ?
[2025-11-16 20:57:05] - ["6124499677766","PENDING","SUSPENDED"]
[2025-11-16 20:57:05] - SELECT * FROM `PROD_FKF_appmeta`
[2025-11-16 20:57:05] - []
[2025-11-16 20:57:05] - SELECT * FROM `PROD_FKF_userroles` WHERE `defined` = ? ORDER BY `access_level` DESC
[2025-11-16 20:57:05] - [1]
[2025-11-16 20:57:05] -  request-path  
[2025-11-16 20:57:06] - SELECT * FROM `PROD_FKF_appmeta`
[2025-11-16 20:57:06] - []
[2025-11-16 20:57:06] - SELECT * FROM `PROD_FKF_userroles` WHERE `defined` = ? ORDER BY `access_level` DESC
[2025-11-16 20:57:06] - [1]
[2025-11-16 20:57:06] -  request-path  api/track
[2025-11-16 21:00:02] - SELECT * FROM `PROD_FKF_appmeta`
[2025-11-16 21:00:02] - []
[2025-11-16 21:00:02] - SELECT * FROM `PROD_FKF_userroles` WHERE `defined` = ? ORDER BY `access_level` DESC
[2025-11-16 21:00:02] - [1]
[2025-11-16 21:00:02] -  request-path  organisations/join/required
[2025-11-16 21:00:02] - SELECT * FROM `PROD_FKF_appmeta`
[2025-11-16 21:00:02] - []
[2025-11-16 21:00:02] - SELECT * FROM `PROD_FKF_userroles` WHERE `defined` = ? ORDER BY `access_level` DESC
[2025-11-16 21:00:02] - [1]
[2025-11-16 21:00:02] -  request-path  api/track
[2025-11-16 21:00:03] - SELECT * FROM `PROD_FKF_appmeta`
[2025-11-16 21:00:03] - []
[2025-11-16 21:00:03] - SELECT * FROM `PROD_FKF_userroles` WHERE `defined` = ? ORDER BY `access_level` DESC
[2025-11-16 21:00:03] - [1]
[2025-11-16 21:00:03] -  request-path  merchant/roses-frisor/checkout/info
[2025-11-16 21:00:03] - SELECT * FROM `PROD_FKF_terminalsession` WHERE `uid` = ? LIMIT 1
[2025-11-16 21:00:03] - SELECT * FROM `PROD_FKF_terminals` WHERE `uid` = ? LIMIT 1
[2025-11-16 21:00:03] - SELECT * FROM `PROD_FKF_organisations` WHERE `uid` = ? LIMIT 1
[2025-11-16 21:00:03] - SELECT * FROM `PROD_FKF_locations` WHERE `uid` = ? LIMIT 1
[2025-11-16 21:00:03] - UPDATE `PROD_FKF_terminals` SET `state`=? WHERE `uid` = ?
[2025-11-16 21:00:03] - SELECT * FROM `PROD_FKF_countries` WHERE `code` = ? LIMIT 1
[2025-11-16 21:00:05] - SELECT * FROM `PROD_FKF_appmeta`
[2025-11-16 21:00:05] - []
[2025-11-16 21:00:05] - SELECT * FROM `PROD_FKF_userroles` WHERE `defined` = ? ORDER BY `access_level` DESC
[2025-11-16 21:00:05] - [1]
[2025-11-16 21:00:05] -  request-path  api/checkout/terminal/basket
[2025-11-16 21:00:05] - SELECT * FROM `PROD_FKF_terminalsession` WHERE `uid` = ? LIMIT 1
[2025-11-16 21:00:05] - SELECT * FROM `PROD_FKF_terminals` WHERE `uid` = ? LIMIT 1
[2025-11-16 21:00:05] - SELECT * FROM `PROD_FKF_organisations` WHERE `uid` = ? LIMIT 1
[2025-11-16 21:00:05] - SELECT * FROM `PROD_FKF_locations` WHERE `uid` = ? LIMIT 1
[2025-11-16 21:00:05] - SELECT * FROM `PROD_FKF_checkoutbasket` WHERE `terminal` = ? AND `status` = ? LIMIT 1
[2025-11-16 21:00:06] - SELECT * FROM `PROD_FKF_appmeta`
[2025-11-16 21:00:06] - []
[2025-11-16 21:00:06] - SELECT * FROM `PROD_FKF_userroles` WHERE `defined` = ? ORDER BY `access_level` DESC
[2025-11-16 21:00:06] - [1]
[2025-11-16 21:00:06] -  request-path  organisations/join/required
[2025-11-16 21:00:06] - SELECT * FROM `PROD_FKF_appmeta`
[2025-11-16 21:00:06] - []
[2025-11-16 21:00:06] - SELECT * FROM `PROD_FKF_userroles` WHERE `defined` = ? ORDER BY `access_level` DESC
[2025-11-16 21:00:06] - [1]
[2025-11-16 21:00:06] -  request-path  
[2025-11-16 21:00:07] - SELECT * FROM `PROD_FKF_appmeta`
[2025-11-16 21:00:07] - []
[2025-11-16 21:00:07] - SELECT * FROM `PROD_FKF_userroles` WHERE `defined` = ? ORDER BY `access_level` DESC
[2025-11-16 21:00:07] - [1]
[2025-11-16 21:00:07] -  request-path  api/track
[2025-11-16 21:03:04] - SELECT * FROM `PROD_FKF_appmeta`
[2025-11-16 21:03:04] - []
[2025-11-16 21:03:04] - SELECT * FROM `PROD_FKF_userroles` WHERE `defined` = ? ORDER BY `access_level` DESC
[2025-11-16 21:03:04] - [1]
[2025-11-16 21:03:04] -  request-path  
[2025-11-16 21:28:29] - SELECT * FROM `PROD_FKF_appmeta`
[2025-11-16 21:28:29] - []
[2025-11-16 21:28:29] - SELECT * FROM `PROD_FKF_userroles` WHERE `defined` = ? ORDER BY `access_level` DESC
[2025-11-16 21:28:29] - [1]
[2025-11-16 21:28:29] -  request-path  abcd
[2025-11-16 21:29:03] - SELECT * FROM `PROD_FKF_appmeta`
[2025-11-16 21:29:03] - []
[2025-11-16 21:29:03] - SELECT * FROM `PROD_FKF_userroles` WHERE `defined` = ? ORDER BY `access_level` DESC
[2025-11-16 21:29:03] - [1]
[2025-11-16 21:29:03] -  request-path  abcd
[2025-11-16 21:29:31] - SELECT * FROM `PROD_FKF_appmeta`
[2025-11-16 21:29:31] - []
[2025-11-16 21:29:32] - SELECT * FROM `PROD_FKF_userroles` WHERE `defined` = ? ORDER BY `access_level` DESC
[2025-11-16 21:29:32] - [1]
[2025-11-16 21:29:32] -  request-path  abcd
[2025-11-16 21:29:34] - SELECT * FROM `PROD_FKF_appmeta`
[2025-11-16 21:29:34] - []
[2025-11-16 21:29:34] - SELECT * FROM `PROD_FKF_userroles` WHERE `defined` = ? ORDER BY `access_level` DESC
[2025-11-16 21:29:34] - [1]
[2025-11-16 21:29:34] -  request-path  abcdd
[2025-11-16 21:29:42] - SELECT * FROM `PROD_FKF_appmeta`
[2025-11-16 21:29:42] - []
[2025-11-16 21:29:42] - SELECT * FROM `PROD_FKF_userroles` WHERE `defined` = ? ORDER BY `access_level` DESC
[2025-11-16 21:29:42] - [1]
[2025-11-16 21:29:42] -  request-path  abcd
[2025-11-16 21:30:33] - SELECT * FROM `PROD_FKF_appmeta`
[2025-11-16 21:30:33] - []
[2025-11-16 21:30:33] - SELECT * FROM `PROD_FKF_userroles` WHERE `defined` = ? ORDER BY `access_level` DESC
[2025-11-16 21:30:33] - [1]
[2025-11-16 21:30:33] -  request-path  abcd
[2025-11-16 21:30:33] - SELECT * FROM `PROD_FKF_appmeta`
[2025-11-16 21:30:33] - []
[2025-11-16 21:30:33] - SELECT * FROM `PROD_FKF_userroles` WHERE `defined` = ? ORDER BY `access_level` DESC
[2025-11-16 21:30:33] - [1]
[2025-11-16 21:30:33] -  request-path  api/track
[2025-11-16 21:30:38] - SELECT * FROM `PROD_FKF_appmeta`
[2025-11-16 21:30:38] - []
[2025-11-16 21:30:38] - SELECT * FROM `PROD_FKF_userroles` WHERE `defined` = ? ORDER BY `access_level` DESC
[2025-11-16 21:30:38] - [1]
[2025-11-16 21:30:38] -  request-path  merchant/login
[2025-11-16 21:40:35] - SELECT * FROM `PROD_FKF_appmeta`
[2025-11-16 21:40:35] - []
[2025-11-16 21:40:35] - SELECT * FROM `PROD_FKF_userroles` WHERE `defined` = ? ORDER BY `access_level` DESC
[2025-11-16 21:40:35] - [1]
[2025-11-16 21:40:35] -  request-path  merchant/login
[2025-11-16 21:40:35] - SELECT * FROM `PROD_FKF_appmeta`
[2025-11-16 21:40:35] - []
[2025-11-16 21:40:35] - SELECT * FROM `PROD_FKF_userroles` WHERE `defined` = ? ORDER BY `access_level` DESC
[2025-11-16 21:40:35] - [1]
[2025-11-16 21:40:35] -  request-path  api/track
[2025-11-16 21:41:11] - SELECT * FROM `PROD_FKF_appmeta`
[2025-11-16 21:41:11] - []
[2025-11-16 21:41:11] - SELECT * FROM `PROD_FKF_userroles` WHERE `defined` = ? ORDER BY `access_level` DESC
[2025-11-16 21:41:11] - [1]
[2025-11-16 21:41:11] -  request-path  merchant/login
[2025-11-16 21:41:11] - SELECT * FROM `PROD_FKF_appmeta`
[2025-11-16 21:41:11] - []
[2025-11-16 21:41:11] - SELECT * FROM `PROD_FKF_userroles` WHERE `defined` = ? ORDER BY `access_level` DESC
[2025-11-16 21:41:11] - [1]
[2025-11-16 21:41:12] -  request-path  api/track
[2025-11-16 21:41:38] - SELECT * FROM `PROD_FKF_appmeta`
[2025-11-16 21:41:38] - []
[2025-11-16 21:41:38] - SELECT * FROM `PROD_FKF_userroles` WHERE `defined` = ? ORDER BY `access_level` DESC
[2025-11-16 21:41:38] - [1]
[2025-11-16 21:41:38] -  request-path  merchant/login
[2025-11-16 21:41:39] - SELECT * FROM `PROD_FKF_appmeta`
[2025-11-16 21:41:39] - []
[2025-11-16 21:41:39] - SELECT * FROM `PROD_FKF_userroles` WHERE `defined` = ? ORDER BY `access_level` DESC
[2025-11-16 21:41:39] - [1]
[2025-11-16 21:41:39] -  request-path  api/track
[2025-11-16 21:42:06] - SELECT * FROM `PROD_FKF_appmeta`
[2025-11-16 21:42:06] - []
[2025-11-16 21:42:06] - SELECT * FROM `PROD_FKF_userroles` WHERE `defined` = ? ORDER BY `access_level` DESC
[2025-11-16 21:42:06] - [1]
[2025-11-16 21:42:06] -  request-path  merchant/roses-frisor/checkout
[2025-11-16 21:42:09] - SELECT * FROM `PROD_FKF_appmeta`
[2025-11-16 21:42:09] - []
[2025-11-16 21:42:09] - SELECT * FROM `PROD_FKF_userroles` WHERE `defined` = ? ORDER BY `access_level` DESC
[2025-11-16 21:42:09] - [1]
[2025-11-16 21:42:09] -  request-path  merchant/roses-frisor
[2025-11-16 21:42:10] - SELECT * FROM `PROD_FKF_appmeta`
[2025-11-16 21:42:10] - []
[2025-11-16 21:42:10] - SELECT * FROM `PROD_FKF_userroles` WHERE `defined` = ? ORDER BY `access_level` DESC
[2025-11-16 21:42:10] - [1]
[2025-11-16 21:42:10] -  request-path  api/track
[2025-11-16 21:42:11] - SELECT * FROM `PROD_FKF_appmeta`
[2025-11-16 21:42:11] - []
[2025-11-16 21:42:11] - SELECT * FROM `PROD_FKF_userroles` WHERE `defined` = ? ORDER BY `access_level` DESC
[2025-11-16 21:42:11] - [1]
[2025-11-16 21:42:11] -  request-path  merchant/roses-frisor
[2025-11-16 21:42:12] - SELECT * FROM `PROD_FKF_appmeta`
[2025-11-16 21:42:12] - []
[2025-11-16 21:42:12] - SELECT * FROM `PROD_FKF_userroles` WHERE `defined` = ? ORDER BY `access_level` DESC
[2025-11-16 21:42:12] - [1]
[2025-11-16 21:42:12] -  request-path  api/track
[2025-11-16 21:42:36] - SELECT * FROM `PROD_FKF_appmeta`
[2025-11-16 21:42:36] - []
[2025-11-16 21:42:36] - SELECT * FROM `PROD_FKF_userroles` WHERE `defined` = ? ORDER BY `access_level` DESC
[2025-11-16 21:42:36] - [1]
[2025-11-16 21:42:36] -  request-path  merchant/roses-frisor/checkout
[2025-11-16 21:42:36] - SELECT * FROM `PROD_FKF_locations` WHERE `slug` = ? LIMIT 1
[2025-11-16 21:42:36] - SELECT * FROM `PROD_FKF_terminals` WHERE `uid` = ? AND `location` = ? LIMIT 1
[2025-11-16 21:42:36] - SELECT * FROM `PROD_FKF_organisations` WHERE `uid` = ? LIMIT 1
[2025-11-16 21:42:36] - SELECT * FROM `PROD_FKF_locations` WHERE `uid` = ? LIMIT 1
[2025-11-16 21:42:36] - SELECT * FROM `PROD_FKF_terminalsession` WHERE `terminal` = ? AND `csrf` = ? AND `state` IN (?,?) AND `updated_at` > ? LIMIT 1
[2025-11-16 21:42:36] -  count-sql  SELECT COUNT(*) AS count FROM `PROD_FKF_terminalsession` WHERE `terminal` = ? AND `session` = ? AND `state` IN (?,?)
[2025-11-16 21:42:36] - ["ter_szvf8u5yhb5fd19","6190","PENDING","ACTIVE"]
[2025-11-16 21:42:36] -  count-sql  SELECT COUNT(*) AS count FROM `PROD_FKF_terminalsession` WHERE `uid` = ?
[2025-11-16 21:42:36] - ["tses_1lizmcxp3e0zjvd"]
[2025-11-16 21:42:36] -  querybuilder-insert-sql  INSERT INTO `PROD_FKF_terminalsession` (`terminal`, `session`, `csrf`, `uid`) VALUES (?,?,?,?)
[2025-11-16 21:42:36] -  querybuilder-insert-values  ["ter_szvf8u5yhb5fd19","6190","3258832936866829e2929d","tses_1lizmcxp3e0zjvd"]
[2025-11-16 21:42:36] - SELECT * FROM `PROD_FKF_terminalsession` WHERE `uid` = ? LIMIT 1
[2025-11-16 21:42:36] - SELECT * FROM `PROD_FKF_terminals` WHERE `uid` = ? LIMIT 1
[2025-11-16 21:42:36] - SELECT * FROM `PROD_FKF_organisations` WHERE `uid` = ? LIMIT 1
[2025-11-16 21:42:36] - SELECT * FROM `PROD_FKF_locations` WHERE `uid` = ? LIMIT 1
[2025-11-16 21:43:08] - SELECT * FROM `PROD_FKF_appmeta`
[2025-11-16 21:43:08] - []
[2025-11-16 21:43:08] - SELECT * FROM `PROD_FKF_userroles` WHERE `defined` = ? ORDER BY `access_level` DESC
[2025-11-16 21:43:08] - [1]
[2025-11-16 21:43:08] -  request-path  merchant/login
[2025-11-16 21:43:08] - SELECT * FROM `PROD_FKF_appmeta`
[2025-11-16 21:43:08] - []
[2025-11-16 21:43:08] - SELECT * FROM `PROD_FKF_userroles` WHERE `defined` = ? ORDER BY `access_level` DESC
[2025-11-16 21:43:08] - [1]
[2025-11-16 21:43:08] -  request-path  api/track
[2025-11-16 21:43:42] - SELECT * FROM `PROD_FKF_appmeta`
[2025-11-16 21:43:42] - []
[2025-11-16 21:43:42] - SELECT * FROM `PROD_FKF_userroles` WHERE `defined` = ? ORDER BY `access_level` DESC
[2025-11-16 21:43:42] - [1]
[2025-11-16 21:43:42] -  request-path  merchant/login
[2025-11-16 21:43:43] - SELECT * FROM `PROD_FKF_appmeta`
[2025-11-16 21:43:43] - []
[2025-11-16 21:43:43] - SELECT * FROM `PROD_FKF_userroles` WHERE `defined` = ? ORDER BY `access_level` DESC
[2025-11-16 21:43:43] - [1]
[2025-11-16 21:43:43] -  request-path  api/track
[2025-11-16 21:43:51] - SELECT * FROM `PROD_FKF_appmeta`
[2025-11-16 21:43:51] - []
[2025-11-16 21:43:51] - SELECT * FROM `PROD_FKF_userroles` WHERE `defined` = ? ORDER BY `access_level` DESC
[2025-11-16 21:43:51] - [1]
[2025-11-16 21:43:51] -  request-path  merchant/login
[2025-11-16 21:43:51] - SELECT * FROM `PROD_FKF_appmeta`
[2025-11-16 21:43:51] - []
[2025-11-16 21:43:51] - SELECT * FROM `PROD_FKF_userroles` WHERE `defined` = ? ORDER BY `access_level` DESC
[2025-11-16 21:43:51] - [1]
[2025-11-16 21:43:51] -  request-path  api/track
[2025-11-16 21:43:58] - SELECT * FROM `PROD_FKF_appmeta`
[2025-11-16 21:43:58] - []
[2025-11-16 21:43:58] - SELECT * FROM `PROD_FKF_userroles` WHERE `defined` = ? ORDER BY `access_level` DESC
[2025-11-16 21:43:58] - [1]
[2025-11-16 21:43:58] -  request-path  merchant/login
[2025-11-16 21:43:58] - SELECT * FROM `PROD_FKF_appmeta`
[2025-11-16 21:43:58] - []
[2025-11-16 21:43:58] - SELECT * FROM `PROD_FKF_userroles` WHERE `defined` = ? ORDER BY `access_level` DESC
[2025-11-16 21:43:58] - [1]
[2025-11-16 21:43:58] -  request-path  api/track
[2025-11-16 21:44:28] - SELECT * FROM `PROD_FKF_appmeta`
[2025-11-16 21:44:28] - []
[2025-11-16 21:44:28] - SELECT * FROM `PROD_FKF_userroles` WHERE `defined` = ? ORDER BY `access_level` DESC
[2025-11-16 21:44:28] - [1]
[2025-11-16 21:44:28] -  request-path  merchant/login
[2025-11-16 21:44:28] - SELECT * FROM `PROD_FKF_appmeta`
[2025-11-16 21:44:28] - []
[2025-11-16 21:44:28] - SELECT * FROM `PROD_FKF_userroles` WHERE `defined` = ? ORDER BY `access_level` DESC
[2025-11-16 21:44:28] - [1]
[2025-11-16 21:44:28] -  request-path  api/track
[2025-11-16 21:45:38] - SELECT * FROM `PROD_FKF_appmeta`
[2025-11-16 21:45:38] - []
[2025-11-16 21:45:38] - SELECT * FROM `PROD_FKF_userroles` WHERE `defined` = ? ORDER BY `access_level` DESC
[2025-11-16 21:45:38] - [1]
[2025-11-16 21:45:38] -  request-path  merchant/login
[2025-11-16 21:45:38] - SELECT * FROM `PROD_FKF_appmeta`
[2025-11-16 21:45:38] - []
[2025-11-16 21:45:38] - SELECT * FROM `PROD_FKF_userroles` WHERE `defined` = ? ORDER BY `access_level` DESC
[2025-11-16 21:45:38] - [1]
[2025-11-16 21:45:38] -  request-path  api/track
[2025-11-16 21:45:54] - SELECT * FROM `PROD_FKF_appmeta`
[2025-11-16 21:45:54] - []
[2025-11-16 21:45:54] - SELECT * FROM `PROD_FKF_userroles` WHERE `defined` = ? ORDER BY `access_level` DESC
[2025-11-16 21:45:54] - [1]
[2025-11-16 21:45:54] -  request-path  merchant/login
[2025-11-16 21:45:54] - SELECT * FROM `PROD_FKF_appmeta`
[2025-11-16 21:45:54] - []
[2025-11-16 21:45:54] - SELECT * FROM `PROD_FKF_userroles` WHERE `defined` = ? ORDER BY `access_level` DESC
[2025-11-16 21:45:54] - [1]
[2025-11-16 21:45:54] -  request-path  api/track
[2025-11-16 21:46:04] - SELECT * FROM `PROD_FKF_appmeta`
[2025-11-16 21:46:04] - []
[2025-11-16 21:46:04] - SELECT * FROM `PROD_FKF_userroles` WHERE `defined` = ? ORDER BY `access_level` DESC
[2025-11-16 21:46:04] - [1]
[2025-11-16 21:46:04] -  request-path  merchant/login
[2025-11-16 21:46:04] - SELECT * FROM `PROD_FKF_appmeta`
[2025-11-16 21:46:04] - []
[2025-11-16 21:46:04] - SELECT * FROM `PROD_FKF_userroles` WHERE `defined` = ? ORDER BY `access_level` DESC
[2025-11-16 21:46:04] - [1]
[2025-11-16 21:46:04] -  request-path  api/track
[2025-11-16 22:08:01] - SELECT * FROM `PROD_FKF_appmeta`
[2025-11-16 22:08:01] - []
[2025-11-16 22:08:01] - SELECT * FROM `PROD_FKF_userroles` WHERE `defined` = ? ORDER BY `access_level` DESC
[2025-11-16 22:08:01] - [1]
[2025-11-16 22:08:01] -  request-path  merchant/login
[2025-11-16 22:08:01] - SELECT * FROM `PROD_FKF_appmeta`
[2025-11-16 22:08:01] - []
[2025-11-16 22:08:01] - SELECT * FROM `PROD_FKF_userroles` WHERE `defined` = ? ORDER BY `access_level` DESC
[2025-11-16 22:08:01] - [1]
[2025-11-16 22:08:01] -  request-path  api/track
[2025-11-16 22:08:09] - SELECT * FROM `PROD_FKF_appmeta`
[2025-11-16 22:08:09] - []
[2025-11-16 22:08:09] - SELECT * FROM `PROD_FKF_userroles` WHERE `defined` = ? ORDER BY `access_level` DESC
[2025-11-16 22:08:09] - [1]
[2025-11-16 22:08:09] -  request-path  
[2025-11-16 22:08:10] - SELECT * FROM `PROD_FKF_appmeta`
[2025-11-16 22:08:10] - []
[2025-11-16 22:08:10] - SELECT * FROM `PROD_FKF_userroles` WHERE `defined` = ? ORDER BY `access_level` DESC
[2025-11-16 22:08:10] - [1]
[2025-11-16 22:08:10] -  request-path  merchant/login
[2025-11-16 22:08:10] - SELECT * FROM `PROD_FKF_appmeta`
[2025-11-16 22:08:10] - []
[2025-11-16 22:08:10] - SELECT * FROM `PROD_FKF_userroles` WHERE `defined` = ? ORDER BY `access_level` DESC
[2025-11-16 22:08:10] - [1]
[2025-11-16 22:08:10] -  request-path  api/track
[2025-11-16 22:08:11] - SELECT * FROM `PROD_FKF_appmeta`
[2025-11-16 22:08:11] - []
[2025-11-16 22:08:11] - SELECT * FROM `PROD_FKF_userroles` WHERE `defined` = ? ORDER BY `access_level` DESC
[2025-11-16 22:08:11] - [1]
[2025-11-16 22:08:11] -  request-path  
[2025-11-16 22:08:11] - SELECT * FROM `PROD_FKF_appmeta`
[2025-11-16 22:08:11] - []
[2025-11-16 22:08:11] - SELECT * FROM `PROD_FKF_userroles` WHERE `defined` = ? ORDER BY `access_level` DESC
[2025-11-16 22:08:11] - [1]
[2025-11-16 22:08:11] -  request-path  merchant/login
[2025-11-16 22:08:11] - SELECT * FROM `PROD_FKF_appmeta`
[2025-11-16 22:08:11] - []
[2025-11-16 22:08:11] - SELECT * FROM `PROD_FKF_userroles` WHERE `defined` = ? ORDER BY `access_level` DESC
[2025-11-16 22:08:11] - [1]
[2025-11-16 22:08:11] -  request-path  api/track
[2025-11-16 22:12:14] - SELECT * FROM `PROD_FKF_appmeta`
[2025-11-16 22:12:14] - []
[2025-11-16 22:12:14] - SELECT * FROM `PROD_FKF_userroles` WHERE `defined` = ? ORDER BY `access_level` DESC
[2025-11-16 22:12:14] - [1]
[2025-11-16 22:12:14] -  request-path  merchant/login
[2025-11-16 22:12:15] - SELECT * FROM `PROD_FKF_appmeta`
[2025-11-16 22:12:15] - []
[2025-11-16 22:12:15] - SELECT * FROM `PROD_FKF_userroles` WHERE `defined` = ? ORDER BY `access_level` DESC
[2025-11-16 22:12:15] - [1]
[2025-11-16 22:12:15] -  request-path  api/track
[2025-11-16 22:12:23] - SELECT * FROM `PROD_FKF_appmeta`
[2025-11-16 22:12:23] - []
[2025-11-16 22:12:23] - SELECT * FROM `PROD_FKF_userroles` WHERE `defined` = ? ORDER BY `access_level` DESC
[2025-11-16 22:12:23] - [1]
[2025-11-16 22:12:23] -  request-path  merchant/login
[2025-11-16 22:12:24] - SELECT * FROM `PROD_FKF_appmeta`
[2025-11-16 22:12:24] - []
[2025-11-16 22:12:24] - SELECT * FROM `PROD_FKF_userroles` WHERE `defined` = ? ORDER BY `access_level` DESC
[2025-11-16 22:12:24] - [1]
[2025-11-16 22:12:24] -  request-path  api/track
[2025-11-16 22:13:10] - SELECT * FROM `PROD_FKF_appmeta`
[2025-11-16 22:13:10] - []
[2025-11-16 22:13:10] - SELECT * FROM `PROD_FKF_userroles` WHERE `defined` = ? ORDER BY `access_level` DESC
[2025-11-16 22:13:10] - [1]
[2025-11-16 22:13:10] -  request-path  merchant/login
[2025-11-16 22:13:10] - SELECT * FROM `PROD_FKF_appmeta`
[2025-11-16 22:13:10] - []
[2025-11-16 22:13:10] - SELECT * FROM `PROD_FKF_userroles` WHERE `defined` = ? ORDER BY `access_level` DESC
[2025-11-16 22:13:10] - [1]
[2025-11-16 22:13:10] -  request-path  api/track
[2025-11-16 22:13:17] - SELECT * FROM `PROD_FKF_appmeta`
[2025-11-16 22:13:17] - []
[2025-11-16 22:13:17] - SELECT * FROM `PROD_FKF_userroles` WHERE `defined` = ? ORDER BY `access_level` DESC
[2025-11-16 22:13:17] - [1]
[2025-11-16 22:13:17] -  request-path  merchant/login
[2025-11-16 22:13:17] - SELECT * FROM `PROD_FKF_appmeta`
[2025-11-16 22:13:17] - []
[2025-11-16 22:13:17] - SELECT * FROM `PROD_FKF_userroles` WHERE `defined` = ? ORDER BY `access_level` DESC
[2025-11-16 22:13:17] - [1]
[2025-11-16 22:13:17] -  request-path  api/track
[2025-11-16 22:14:07] - SELECT * FROM `PROD_FKF_appmeta`
[2025-11-16 22:14:07] - []
[2025-11-16 22:14:07] - SELECT * FROM `PROD_FKF_userroles` WHERE `defined` = ? ORDER BY `access_level` DESC
[2025-11-16 22:14:07] - [1]
[2025-11-16 22:14:07] -  request-path  merchant/login
[2025-11-16 22:14:07] - SELECT * FROM `PROD_FKF_appmeta`
[2025-11-16 22:14:07] - []
[2025-11-16 22:14:07] - SELECT * FROM `PROD_FKF_userroles` WHERE `defined` = ? ORDER BY `access_level` DESC
[2025-11-16 22:14:07] - [1]
[2025-11-16 22:14:07] -  request-path  api/track
[2025-11-16 22:14:28] - SELECT * FROM `PROD_FKF_appmeta`
[2025-11-16 22:14:28] - []
[2025-11-16 22:14:28] - SELECT * FROM `PROD_FKF_userroles` WHERE `defined` = ? ORDER BY `access_level` DESC
[2025-11-16 22:14:28] - [1]
[2025-11-16 22:14:28] -  request-path  merchant/login
[2025-11-16 22:14:28] - SELECT * FROM `PROD_FKF_appmeta`
[2025-11-16 22:14:28] - []
[2025-11-16 22:14:28] - SELECT * FROM `PROD_FKF_userroles` WHERE `defined` = ? ORDER BY `access_level` DESC
[2025-11-16 22:14:28] - [1]
[2025-11-16 22:14:28] -  request-path  api/track
[2025-11-16 22:18:01] - SELECT * FROM `PROD_FKF_appmeta`
[2025-11-16 22:18:01] - []
[2025-11-16 22:18:01] - SELECT * FROM `PROD_FKF_userroles` WHERE `defined` = ? ORDER BY `access_level` DESC
[2025-11-16 22:18:01] - [1]
[2025-11-16 22:18:01] -  request-path  merchant/login
[2025-11-16 22:18:01] - SELECT * FROM `PROD_FKF_appmeta`
[2025-11-16 22:18:01] - []
[2025-11-16 22:18:01] - SELECT * FROM `PROD_FKF_userroles` WHERE `defined` = ? ORDER BY `access_level` DESC
[2025-11-16 22:18:01] - [1]
[2025-11-16 22:18:01] -  request-path  api/track
[2025-11-16 22:18:21] - SELECT * FROM `PROD_FKF_appmeta`
[2025-11-16 22:18:21] - []
[2025-11-16 22:18:21] - SELECT * FROM `PROD_FKF_userroles` WHERE `defined` = ? ORDER BY `access_level` DESC
[2025-11-16 22:18:21] - [1]
[2025-11-16 22:18:21] -  request-path  merchant/login
[2025-11-16 22:18:22] - SELECT * FROM `PROD_FKF_appmeta`
[2025-11-16 22:18:22] - []
[2025-11-16 22:18:22] - SELECT * FROM `PROD_FKF_userroles` WHERE `defined` = ? ORDER BY `access_level` DESC
[2025-11-16 22:18:22] - [1]
[2025-11-16 22:18:22] -  request-path  api/track
[2025-11-16 22:18:39] - SELECT * FROM `PROD_FKF_appmeta`
[2025-11-16 22:18:39] - []
[2025-11-16 22:18:39] - SELECT * FROM `PROD_FKF_userroles` WHERE `defined` = ? ORDER BY `access_level` DESC
[2025-11-16 22:18:39] - [1]
[2025-11-16 22:18:39] -  request-path  merchant/login
[2025-11-16 22:18:39] - SELECT * FROM `PROD_FKF_appmeta`
[2025-11-16 22:18:39] - []
[2025-11-16 22:18:39] - SELECT * FROM `PROD_FKF_userroles` WHERE `defined` = ? ORDER BY `access_level` DESC
[2025-11-16 22:18:39] - [1]
[2025-11-16 22:18:39] -  request-path  api/track
[2025-11-16 22:18:49] - SELECT * FROM `PROD_FKF_appmeta`
[2025-11-16 22:18:49] - []
[2025-11-16 22:18:49] - SELECT * FROM `PROD_FKF_userroles` WHERE `defined` = ? ORDER BY `access_level` DESC
[2025-11-16 22:18:49] - [1]
[2025-11-16 22:18:49] -  request-path  merchant/login
[2025-11-16 22:18:49] - SELECT * FROM `PROD_FKF_appmeta`
[2025-11-16 22:18:49] - []
[2025-11-16 22:18:49] - SELECT * FROM `PROD_FKF_userroles` WHERE `defined` = ? ORDER BY `access_level` DESC
[2025-11-16 22:18:49] - [1]
[2025-11-16 22:18:49] -  request-path  api/track
[2025-11-16 22:19:19] - SELECT * FROM `PROD_FKF_appmeta`
[2025-11-16 22:19:19] - []
[2025-11-16 22:19:19] - SELECT * FROM `PROD_FKF_userroles` WHERE `defined` = ? ORDER BY `access_level` DESC
[2025-11-16 22:19:19] - [1]
[2025-11-16 22:19:19] -  request-path  merchant/login
[2025-11-16 22:19:19] - SELECT * FROM `PROD_FKF_appmeta`
[2025-11-16 22:19:19] - []
[2025-11-16 22:19:19] - SELECT * FROM `PROD_FKF_userroles` WHERE `defined` = ? ORDER BY `access_level` DESC
[2025-11-16 22:19:19] - [1]
[2025-11-16 22:19:19] -  request-path  api/track
[2025-11-16 22:20:25] - SELECT * FROM `PROD_FKF_appmeta`
[2025-11-16 22:20:25] - []
[2025-11-16 22:20:25] - SELECT * FROM `PROD_FKF_userroles` WHERE `defined` = ? ORDER BY `access_level` DESC
[2025-11-16 22:20:25] - [1]
[2025-11-16 22:20:25] -  request-path  merchant/login
[2025-11-16 22:20:26] - SELECT * FROM `PROD_FKF_appmeta`
[2025-11-16 22:20:26] - []
[2025-11-16 22:20:26] - SELECT * FROM `PROD_FKF_userroles` WHERE `defined` = ? ORDER BY `access_level` DESC
[2025-11-16 22:20:26] - [1]
[2025-11-16 22:20:26] -  request-path  api/track
[2025-11-16 22:21:05] - SELECT * FROM `PROD_FKF_appmeta`
[2025-11-16 22:21:05] - []
[2025-11-16 22:21:05] - SELECT * FROM `PROD_FKF_userroles` WHERE `defined` = ? ORDER BY `access_level` DESC
[2025-11-16 22:21:05] - [1]
[2025-11-16 22:21:05] -  request-path  merchant/login
[2025-11-16 22:21:06] - SELECT * FROM `PROD_FKF_appmeta`
[2025-11-16 22:21:06] - []
[2025-11-16 22:21:06] - SELECT * FROM `PROD_FKF_userroles` WHERE `defined` = ? ORDER BY `access_level` DESC
[2025-11-16 22:21:06] - [1]
[2025-11-16 22:21:06] -  request-path  api/track
[2025-11-16 22:21:13] - SELECT * FROM `PROD_FKF_appmeta`
[2025-11-16 22:21:13] - []
[2025-11-16 22:21:13] - SELECT * FROM `PROD_FKF_userroles` WHERE `defined` = ? ORDER BY `access_level` DESC
[2025-11-16 22:21:13] - [1]
[2025-11-16 22:21:13] -  request-path  merchant/login
[2025-11-16 22:21:14] - SELECT * FROM `PROD_FKF_appmeta`
[2025-11-16 22:21:14] - []
[2025-11-16 22:21:14] - SELECT * FROM `PROD_FKF_userroles` WHERE `defined` = ? ORDER BY `access_level` DESC
[2025-11-16 22:21:14] - [1]
[2025-11-16 22:21:14] -  request-path  api/track
[2025-11-16 22:21:22] - SELECT * FROM `PROD_FKF_appmeta`
[2025-11-16 22:21:22] - []
[2025-11-16 22:21:22] - SELECT * FROM `PROD_FKF_userroles` WHERE `defined` = ? ORDER BY `access_level` DESC
[2025-11-16 22:21:22] - [1]
[2025-11-16 22:21:22] -  request-path  merchant/login
[2025-11-16 22:21:22] - SELECT * FROM `PROD_FKF_appmeta`
[2025-11-16 22:21:22] - []
[2025-11-16 22:21:22] - SELECT * FROM `PROD_FKF_userroles` WHERE `defined` = ? ORDER BY `access_level` DESC
[2025-11-16 22:21:22] - [1]
[2025-11-16 22:21:22] -  request-path  api/track
[2025-11-16 22:26:25] - SELECT * FROM `PROD_FKF_appmeta`
[2025-11-16 22:26:25] - []
[2025-11-16 22:26:26] - SELECT * FROM `PROD_FKF_userroles` WHERE `defined` = ? ORDER BY `access_level` DESC
[2025-11-16 22:26:26] - [1]
[2025-11-16 22:26:26] -  request-path  merchant/login
[2025-11-16 22:26:26] - SELECT * FROM `PROD_FKF_appmeta`
[2025-11-16 22:26:26] - []
[2025-11-16 22:26:26] - SELECT * FROM `PROD_FKF_userroles` WHERE `defined` = ? ORDER BY `access_level` DESC
[2025-11-16 22:26:26] - [1]
[2025-11-16 22:26:26] -  request-path  api/track
[2025-11-16 22:26:37] - SELECT * FROM `PROD_FKF_appmeta`
[2025-11-16 22:26:37] - []
[2025-11-16 22:26:37] - SELECT * FROM `PROD_FKF_userroles` WHERE `defined` = ? ORDER BY `access_level` DESC
[2025-11-16 22:26:37] - [1]
[2025-11-16 22:26:37] -  request-path  merchant/login
[2025-11-16 22:26:37] - SELECT * FROM `PROD_FKF_appmeta`
[2025-11-16 22:26:37] - []
[2025-11-16 22:26:37] - SELECT * FROM `PROD_FKF_userroles` WHERE `defined` = ? ORDER BY `access_level` DESC
[2025-11-16 22:26:37] - [1]
[2025-11-16 22:26:37] -  request-path  api/track
[2025-11-16 22:26:43] - SELECT * FROM `PROD_FKF_appmeta`
[2025-11-16 22:26:43] - []
[2025-11-16 22:26:43] - SELECT * FROM `PROD_FKF_userroles` WHERE `defined` = ? ORDER BY `access_level` DESC
[2025-11-16 22:26:43] - [1]
[2025-11-16 22:26:43] -  request-path  merchant/password-recovery
[2025-11-16 22:26:43] - SELECT * FROM `PROD_FKF_appmeta`
[2025-11-16 22:26:43] - []
[2025-11-16 22:26:43] - SELECT * FROM `PROD_FKF_userroles` WHERE `defined` = ? ORDER BY `access_level` DESC
[2025-11-16 22:26:43] - [1]
[2025-11-16 22:26:43] -  request-path  api/track
[2025-11-16 22:26:44] - SELECT * FROM `PROD_FKF_appmeta`
[2025-11-16 22:26:44] - []
[2025-11-16 22:26:44] - SELECT * FROM `PROD_FKF_userroles` WHERE `defined` = ? ORDER BY `access_level` DESC
[2025-11-16 22:26:44] - [1]
[2025-11-16 22:26:44] -  request-path  merchant/login
[2025-11-16 22:26:44] - SELECT * FROM `PROD_FKF_appmeta`
[2025-11-16 22:26:44] - []
[2025-11-16 22:26:44] - SELECT * FROM `PROD_FKF_userroles` WHERE `defined` = ? ORDER BY `access_level` DESC
[2025-11-16 22:26:44] - [1]
[2025-11-16 22:26:44] -  request-path  api/track
[2025-11-16 22:26:45] - SELECT * FROM `PROD_FKF_appmeta`
[2025-11-16 22:26:45] - []
[2025-11-16 22:26:45] - SELECT * FROM `PROD_FKF_userroles` WHERE `defined` = ? ORDER BY `access_level` DESC
[2025-11-16 22:26:45] - [1]
[2025-11-16 22:26:45] -  request-path  merchant/password-recovery
[2025-11-16 22:26:45] - SELECT * FROM `PROD_FKF_appmeta`
[2025-11-16 22:26:45] - []
[2025-11-16 22:26:45] - SELECT * FROM `PROD_FKF_userroles` WHERE `defined` = ? ORDER BY `access_level` DESC
[2025-11-16 22:26:45] - [1]
[2025-11-16 22:26:45] -  request-path  api/track
[2025-11-16 22:26:46] - SELECT * FROM `PROD_FKF_appmeta`
[2025-11-16 22:26:46] - []
[2025-11-16 22:26:46] - SELECT * FROM `PROD_FKF_userroles` WHERE `defined` = ? ORDER BY `access_level` DESC
[2025-11-16 22:26:46] - [1]
[2025-11-16 22:26:46] -  request-path  merchant/login
[2025-11-16 22:26:46] - SELECT * FROM `PROD_FKF_appmeta`
[2025-11-16 22:26:46] - []
[2025-11-16 22:26:46] - SELECT * FROM `PROD_FKF_userroles` WHERE `defined` = ? ORDER BY `access_level` DESC
[2025-11-16 22:26:46] - [1]
[2025-11-16 22:26:46] -  request-path  api/track
[2025-11-16 22:26:48] - SELECT * FROM `PROD_FKF_appmeta`
[2025-11-16 22:26:48] - []
[2025-11-16 22:26:48] - SELECT * FROM `PROD_FKF_userroles` WHERE `defined` = ? ORDER BY `access_level` DESC
[2025-11-16 22:26:48] - [1]
[2025-11-16 22:26:48] -  request-path  merchant/password-recovery
[2025-11-16 22:26:49] - SELECT * FROM `PROD_FKF_appmeta`
[2025-11-16 22:26:49] - []
[2025-11-16 22:26:49] - SELECT * FROM `PROD_FKF_userroles` WHERE `defined` = ? ORDER BY `access_level` DESC
[2025-11-16 22:26:49] - [1]
[2025-11-16 22:26:49] -  request-path  api/track
[2025-11-16 22:26:49] - SELECT * FROM `PROD_FKF_appmeta`
[2025-11-16 22:26:49] - []
[2025-11-16 22:26:49] - SELECT * FROM `PROD_FKF_userroles` WHERE `defined` = ? ORDER BY `access_level` DESC
[2025-11-16 22:26:49] - [1]
[2025-11-16 22:26:49] -  request-path  merchant/login
[2025-11-16 22:26:50] - SELECT * FROM `PROD_FKF_appmeta`
[2025-11-16 22:26:50] - []
[2025-11-16 22:26:50] - SELECT * FROM `PROD_FKF_userroles` WHERE `defined` = ? ORDER BY `access_level` DESC
[2025-11-16 22:26:50] - [1]
[2025-11-16 22:26:50] -  request-path  api/track
[2025-11-16 22:41:22] - SELECT * FROM `PROD_FKF_appmeta`
[2025-11-16 22:41:22] - []
[2025-11-16 22:41:22] - SELECT * FROM `PROD_FKF_userroles` WHERE `defined` = ? ORDER BY `access_level` DESC
[2025-11-16 22:41:22] - [1]
[2025-11-16 22:41:22] -  request-path  merchant/login
[2025-11-16 22:42:03] - SELECT * FROM `PROD_FKF_appmeta`
[2025-11-16 22:42:03] - []
[2025-11-16 22:42:03] - SELECT * FROM `PROD_FKF_userroles` WHERE `defined` = ? ORDER BY `access_level` DESC
[2025-11-16 22:42:03] - [1]
[2025-11-16 22:42:03] -  request-path  merchant/login
[2025-11-16 22:43:01] - SELECT * FROM `PROD_FKF_appmeta`
[2025-11-16 22:43:01] - []
[2025-11-16 22:43:01] - SELECT * FROM `PROD_FKF_userroles` WHERE `defined` = ? ORDER BY `access_level` DESC
[2025-11-16 22:43:01] - [1]
[2025-11-16 22:43:01] -  request-path  merchant/login
[2025-11-16 22:44:02] - SELECT * FROM `PROD_FKF_appmeta`
[2025-11-16 22:44:02] - []
[2025-11-16 22:44:02] - SELECT * FROM `PROD_FKF_userroles` WHERE `defined` = ? ORDER BY `access_level` DESC
[2025-11-16 22:44:02] - [1]
[2025-11-16 22:44:02] -  request-path  merchant/login
[2025-11-16 22:44:03] - SELECT * FROM `PROD_FKF_appmeta`
[2025-11-16 22:44:03] - []
[2025-11-16 22:44:03] - SELECT * FROM `PROD_FKF_userroles` WHERE `defined` = ? ORDER BY `access_level` DESC
[2025-11-16 22:44:03] - [1]
[2025-11-16 22:44:03] -  request-path  api/track
[2025-11-16 22:52:22] - SELECT * FROM `PROD_FKF_appmeta`
[2025-11-16 22:52:22] - []
[2025-11-16 22:52:22] - SELECT * FROM `PROD_FKF_userroles` WHERE `defined` = ? ORDER BY `access_level` DESC
[2025-11-16 22:52:22] - [1]
[2025-11-16 22:52:22] -  request-path  merchant/login
[2025-11-16 22:52:23] - SELECT * FROM `PROD_FKF_appmeta`
[2025-11-16 22:52:23] - []
[2025-11-16 22:52:23] - SELECT * FROM `PROD_FKF_userroles` WHERE `defined` = ? ORDER BY `access_level` DESC
[2025-11-16 22:52:23] - [1]
[2025-11-16 22:52:23] -  request-path  api/track
[2025-11-16 22:56:54] - SELECT * FROM `PROD_FKF_appmeta`
[2025-11-16 22:56:54] - []
[2025-11-16 22:56:54] - SELECT * FROM `PROD_FKF_userroles` WHERE `defined` = ? ORDER BY `access_level` DESC
[2025-11-16 22:56:54] - [1]
[2025-11-16 22:56:54] -  request-path  merchant/login
[2025-11-16 22:56:55] - SELECT * FROM `PROD_FKF_appmeta`
[2025-11-16 22:56:55] - []
[2025-11-16 22:56:55] - SELECT * FROM `PROD_FKF_userroles` WHERE `defined` = ? ORDER BY `access_level` DESC
[2025-11-16 22:56:55] - [1]
[2025-11-16 22:56:55] -  request-path  api/track
[2025-11-16 22:58:19] - SELECT * FROM `PROD_FKF_appmeta`
[2025-11-16 22:58:19] - []
[2025-11-16 22:58:19] - SELECT * FROM `PROD_FKF_userroles` WHERE `defined` = ? ORDER BY `access_level` DESC
[2025-11-16 22:58:19] - [1]
[2025-11-16 22:58:19] -  request-path  merchant/login
[2025-11-16 22:58:32] - SELECT * FROM `PROD_FKF_appmeta`
[2025-11-16 22:58:32] - []
[2025-11-16 22:58:32] - SELECT * FROM `PROD_FKF_userroles` WHERE `defined` = ? ORDER BY `access_level` DESC
[2025-11-16 22:58:32] - [1]
[2025-11-16 22:58:32] -  request-path  merchant/login
[2025-11-16 23:00:13] - SELECT * FROM `PROD_FKF_appmeta`
[2025-11-16 23:00:13] - []
[2025-11-16 23:00:13] - SELECT * FROM `PROD_FKF_userroles` WHERE `defined` = ? ORDER BY `access_level` DESC
[2025-11-16 23:00:13] - [1]
[2025-11-16 23:00:13] -  request-path  merchant/login
[2025-11-16 23:00:22] - SELECT * FROM `PROD_FKF_appmeta`
[2025-11-16 23:00:22] - []
[2025-11-16 23:00:22] - SELECT * FROM `PROD_FKF_userroles` WHERE `defined` = ? ORDER BY `access_level` DESC
[2025-11-16 23:00:22] - [1]
[2025-11-16 23:00:22] -  request-path  merchant/login
[2025-11-16 23:01:03] - SELECT * FROM `PROD_FKF_appmeta`
[2025-11-16 23:01:03] - []
[2025-11-16 23:01:03] - SELECT * FROM `PROD_FKF_userroles` WHERE `defined` = ? ORDER BY `access_level` DESC
[2025-11-16 23:01:03] - [1]
[2025-11-16 23:01:03] -  request-path  merchant/login
[2025-11-16 23:02:19] - SELECT * FROM `PROD_FKF_appmeta`
[2025-11-16 23:02:19] - []
[2025-11-16 23:02:19] - SELECT * FROM `PROD_FKF_userroles` WHERE `defined` = ? ORDER BY `access_level` DESC
[2025-11-16 23:02:19] - [1]
[2025-11-16 23:02:19] -  request-path  merchant/login
[2025-11-16 23:02:20] - SELECT * FROM `PROD_FKF_appmeta`
[2025-11-16 23:02:20] - []
[2025-11-16 23:02:20] - SELECT * FROM `PROD_FKF_userroles` WHERE `defined` = ? ORDER BY `access_level` DESC
[2025-11-16 23:02:20] - [1]
[2025-11-16 23:02:20] -  request-path  api/track
[2025-11-16 23:04:52] - SELECT * FROM `PROD_FKF_appmeta`
[2025-11-16 23:04:52] - []
[2025-11-16 23:04:52] - SELECT * FROM `PROD_FKF_userroles` WHERE `defined` = ? ORDER BY `access_level` DESC
[2025-11-16 23:04:52] - [1]
[2025-11-16 23:04:52] -  request-path  merchant/login
[2025-11-16 23:04:52] - SELECT * FROM `PROD_FKF_appmeta`
[2025-11-16 23:04:52] - []
[2025-11-16 23:04:52] - SELECT * FROM `PROD_FKF_userroles` WHERE `defined` = ? ORDER BY `access_level` DESC
[2025-11-16 23:04:52] - [1]
[2025-11-16 23:04:52] -  request-path  api/track
[2025-11-16 23:12:54] - SELECT * FROM `PROD_FKF_appmeta`
[2025-11-16 23:12:54] - []
[2025-11-16 23:12:54] - SELECT * FROM `PROD_FKF_userroles` WHERE `defined` = ? ORDER BY `access_level` DESC
[2025-11-16 23:12:54] - [1]
[2025-11-16 23:12:54] -  request-path  merchant/login
[2025-11-16 23:12:54] - SELECT * FROM `PROD_FKF_appmeta`
[2025-11-16 23:12:54] - []
[2025-11-16 23:12:54] - SELECT * FROM `PROD_FKF_userroles` WHERE `defined` = ? ORDER BY `access_level` DESC
[2025-11-16 23:12:54] - [1]
[2025-11-16 23:12:54] -  request-path  api/track
[2025-11-16 23:13:13] - SELECT * FROM `PROD_FKF_appmeta`
[2025-11-16 23:13:13] - []
[2025-11-16 23:13:13] - SELECT * FROM `PROD_FKF_userroles` WHERE `defined` = ? ORDER BY `access_level` DESC
[2025-11-16 23:13:13] - [1]
[2025-11-16 23:13:13] -  request-path  merchant/login
[2025-11-16 23:13:13] - SELECT * FROM `PROD_FKF_appmeta`
[2025-11-16 23:13:13] - []
[2025-11-16 23:13:13] - SELECT * FROM `PROD_FKF_userroles` WHERE `defined` = ? ORDER BY `access_level` DESC
[2025-11-16 23:13:13] - [1]
[2025-11-16 23:13:13] -  request-path  api/track
[2025-11-16 23:13:41] - SELECT * FROM `PROD_FKF_appmeta`
[2025-11-16 23:13:41] - []
[2025-11-16 23:13:41] - SELECT * FROM `PROD_FKF_userroles` WHERE `defined` = ? ORDER BY `access_level` DESC
[2025-11-16 23:13:41] - [1]
[2025-11-16 23:13:41] -  request-path  merchant/login
[2025-11-16 23:13:42] - SELECT * FROM `PROD_FKF_appmeta`
[2025-11-16 23:13:42] - []
[2025-11-16 23:13:42] - SELECT * FROM `PROD_FKF_userroles` WHERE `defined` = ? ORDER BY `access_level` DESC
[2025-11-16 23:13:42] - [1]
[2025-11-16 23:13:42] -  request-path  api/track
[2025-11-16 23:14:37] - SELECT * FROM `PROD_FKF_appmeta`
[2025-11-16 23:14:37] - []
[2025-11-16 23:14:37] - SELECT * FROM `PROD_FKF_userroles` WHERE `defined` = ? ORDER BY `access_level` DESC
[2025-11-16 23:14:37] - [1]
[2025-11-16 23:14:37] -  request-path  merchant/login
[2025-11-16 23:14:37] - SELECT * FROM `PROD_FKF_appmeta`
[2025-11-16 23:14:37] - []
[2025-11-16 23:14:37] - SELECT * FROM `PROD_FKF_userroles` WHERE `defined` = ? ORDER BY `access_level` DESC
[2025-11-16 23:14:37] - [1]
[2025-11-16 23:14:37] -  request-path  api/track
[2025-11-16 23:14:40] - SELECT * FROM `PROD_FKF_appmeta`
[2025-11-16 23:14:40] - []
[2025-11-16 23:14:40] - SELECT * FROM `PROD_FKF_userroles` WHERE `defined` = ? ORDER BY `access_level` DESC
[2025-11-16 23:14:40] - [1]
[2025-11-16 23:14:40] -  request-path  merchant/signup
[2025-11-16 23:14:41] - SELECT * FROM `PROD_FKF_appmeta`
[2025-11-16 23:14:41] - []
[2025-11-16 23:14:41] - SELECT * FROM `PROD_FKF_userroles` WHERE `defined` = ? ORDER BY `access_level` DESC
[2025-11-16 23:14:41] - [1]
[2025-11-16 23:14:41] -  request-path  api/track
[2025-11-16 23:14:41] - SELECT * FROM `PROD_FKF_appmeta`
[2025-11-16 23:14:41] - []
[2025-11-16 23:14:41] - SELECT * FROM `PROD_FKF_userroles` WHERE `defined` = ? ORDER BY `access_level` DESC
[2025-11-16 23:14:41] - [1]
[2025-11-16 23:14:41] -  request-path  merchant/login
[2025-11-16 23:14:42] - SELECT * FROM `PROD_FKF_appmeta`
[2025-11-16 23:14:42] - []
[2025-11-16 23:14:42] - SELECT * FROM `PROD_FKF_userroles` WHERE `defined` = ? ORDER BY `access_level` DESC
[2025-11-16 23:14:42] - [1]
[2025-11-16 23:14:42] -  request-path  api/track
[2025-11-16 23:16:49] - SELECT * FROM `PROD_FKF_appmeta`
[2025-11-16 23:16:49] - []
[2025-11-16 23:16:49] - SELECT * FROM `PROD_FKF_userroles` WHERE `defined` = ? ORDER BY `access_level` DESC
[2025-11-16 23:16:49] - [1]
[2025-11-16 23:16:49] -  request-path  merchant/login
[2025-11-16 23:16:49] - SELECT * FROM `PROD_FKF_appmeta`
[2025-11-16 23:16:49] - []
[2025-11-16 23:16:49] - SELECT * FROM `PROD_FKF_userroles` WHERE `defined` = ? ORDER BY `access_level` DESC
[2025-11-16 23:16:49] - [1]
[2025-11-16 23:16:49] -  request-path  api/track
[2025-11-16 23:20:35] - SELECT * FROM `PROD_FKF_appmeta`
[2025-11-16 23:20:35] - []
[2025-11-16 23:20:35] - SELECT * FROM `PROD_FKF_userroles` WHERE `defined` = ? ORDER BY `access_level` DESC
[2025-11-16 23:20:35] - [1]
[2025-11-16 23:20:35] -  request-path  merchant/login
[2025-11-16 23:20:36] - SELECT * FROM `PROD_FKF_appmeta`
[2025-11-16 23:20:36] - []
[2025-11-16 23:20:36] - SELECT * FROM `PROD_FKF_userroles` WHERE `defined` = ? ORDER BY `access_level` DESC
[2025-11-16 23:20:36] - [1]
[2025-11-16 23:20:36] -  request-path  api/track
[2025-11-16 23:21:14] - SELECT * FROM `PROD_FKF_appmeta`
[2025-11-16 23:21:14] - []
[2025-11-16 23:21:14] - SELECT * FROM `PROD_FKF_userroles` WHERE `defined` = ? ORDER BY `access_level` DESC
[2025-11-16 23:21:14] - [1]
[2025-11-16 23:21:14] -  request-path  merchant/login
[2025-11-16 23:21:14] - SELECT * FROM `PROD_FKF_appmeta`
[2025-11-16 23:21:14] - []
[2025-11-16 23:21:14] - SELECT * FROM `PROD_FKF_userroles` WHERE `defined` = ? ORDER BY `access_level` DESC
[2025-11-16 23:21:14] - [1]
[2025-11-16 23:21:14] -  request-path  api/track
[2025-11-16 23:22:05] - SELECT * FROM `PROD_FKF_appmeta`
[2025-11-16 23:22:05] - []
[2025-11-16 23:22:05] - SELECT * FROM `PROD_FKF_userroles` WHERE `defined` = ? ORDER BY `access_level` DESC
[2025-11-16 23:22:05] - [1]
[2025-11-16 23:22:05] -  request-path  merchant/login
[2025-11-16 23:22:06] - SELECT * FROM `PROD_FKF_appmeta`
[2025-11-16 23:22:06] - []
[2025-11-16 23:22:06] - SELECT * FROM `PROD_FKF_userroles` WHERE `defined` = ? ORDER BY `access_level` DESC
[2025-11-16 23:22:06] - [1]
[2025-11-16 23:22:06] -  request-path  api/track
[2025-11-16 23:22:53] - SELECT * FROM `PROD_FKF_appmeta`
[2025-11-16 23:22:53] - []
[2025-11-16 23:22:53] - SELECT * FROM `PROD_FKF_userroles` WHERE `defined` = ? ORDER BY `access_level` DESC
[2025-11-16 23:22:53] - [1]
[2025-11-16 23:22:53] -  request-path  merchant/login
[2025-11-16 23:22:54] - SELECT * FROM `PROD_FKF_appmeta`
[2025-11-16 23:22:54] - []
[2025-11-16 23:22:54] - SELECT * FROM `PROD_FKF_userroles` WHERE `defined` = ? ORDER BY `access_level` DESC
[2025-11-16 23:22:54] - [1]
[2025-11-16 23:22:54] -  request-path  api/track
[2025-11-16 23:23:38] - SELECT * FROM `PROD_FKF_appmeta`
[2025-11-16 23:23:38] - []
[2025-11-16 23:23:38] - SELECT * FROM `PROD_FKF_userroles` WHERE `defined` = ? ORDER BY `access_level` DESC
[2025-11-16 23:23:38] - [1]
[2025-11-16 23:23:38] -  request-path  merchant/login
[2025-11-16 23:23:39] - SELECT * FROM `PROD_FKF_appmeta`
[2025-11-16 23:23:39] - []
[2025-11-16 23:23:39] - SELECT * FROM `PROD_FKF_userroles` WHERE `defined` = ? ORDER BY `access_level` DESC
[2025-11-16 23:23:39] - [1]
[2025-11-16 23:23:39] -  request-path  api/track
[2025-11-16 23:24:42] - SELECT * FROM `PROD_FKF_appmeta`
[2025-11-16 23:24:42] - []
[2025-11-16 23:24:42] - SELECT * FROM `PROD_FKF_userroles` WHERE `defined` = ? ORDER BY `access_level` DESC
[2025-11-16 23:24:42] - [1]
[2025-11-16 23:24:42] -  request-path  merchant/login
[2025-11-16 23:24:42] - SELECT * FROM `PROD_FKF_appmeta`
[2025-11-16 23:24:42] - []
[2025-11-16 23:24:42] - SELECT * FROM `PROD_FKF_userroles` WHERE `defined` = ? ORDER BY `access_level` DESC
[2025-11-16 23:24:42] - [1]
[2025-11-16 23:24:42] -  request-path  api/track
[2025-11-16 23:25:05] - SELECT * FROM `PROD_FKF_appmeta`
[2025-11-16 23:25:05] - []
[2025-11-16 23:25:05] - SELECT * FROM `PROD_FKF_userroles` WHERE `defined` = ? ORDER BY `access_level` DESC
[2025-11-16 23:25:05] - [1]
[2025-11-16 23:25:05] -  request-path  merchant/login
[2025-11-16 23:25:05] - SELECT * FROM `PROD_FKF_appmeta`
[2025-11-16 23:25:05] - []
[2025-11-16 23:25:05] - SELECT * FROM `PROD_FKF_userroles` WHERE `defined` = ? ORDER BY `access_level` DESC
[2025-11-16 23:25:05] - [1]
[2025-11-16 23:25:05] -  request-path  api/track
[2025-11-16 23:27:23] - SELECT * FROM `PROD_FKF_appmeta`
[2025-11-16 23:27:23] - []
[2025-11-16 23:27:23] - SELECT * FROM `PROD_FKF_userroles` WHERE `defined` = ? ORDER BY `access_level` DESC
[2025-11-16 23:27:23] - [1]
[2025-11-16 23:27:23] -  request-path  merchant/login
[2025-11-16 23:27:23] - SELECT * FROM `PROD_FKF_appmeta`
[2025-11-16 23:27:23] - []
[2025-11-16 23:27:23] - SELECT * FROM `PROD_FKF_userroles` WHERE `defined` = ? ORDER BY `access_level` DESC
[2025-11-16 23:27:23] - [1]
[2025-11-16 23:27:23] -  request-path  api/track
[2025-11-16 23:28:01] - SELECT * FROM `PROD_FKF_appmeta`
[2025-11-16 23:28:01] - []
[2025-11-16 23:28:01] - SELECT * FROM `PROD_FKF_userroles` WHERE `defined` = ? ORDER BY `access_level` DESC
[2025-11-16 23:28:01] - [1]
[2025-11-16 23:28:01] -  request-path  merchant/login
[2025-11-16 23:28:01] - SELECT * FROM `PROD_FKF_appmeta`
[2025-11-16 23:28:01] - []
[2025-11-16 23:28:01] - SELECT * FROM `PROD_FKF_userroles` WHERE `defined` = ? ORDER BY `access_level` DESC
[2025-11-16 23:28:01] - [1]
[2025-11-16 23:28:01] -  request-path  api/track
[2025-11-16 23:36:38] - SELECT * FROM `PROD_FKF_appmeta`
[2025-11-16 23:36:39] - []
[2025-11-16 23:36:39] - SELECT * FROM `PROD_FKF_userroles` WHERE `defined` = ? ORDER BY `access_level` DESC
[2025-11-16 23:36:39] - [1]
[2025-11-16 23:36:39] -  request-path  merchant/login
[2025-11-16 23:36:39] - SELECT * FROM `PROD_FKF_appmeta`
[2025-11-16 23:36:39] - []
[2025-11-16 23:36:39] - SELECT * FROM `PROD_FKF_userroles` WHERE `defined` = ? ORDER BY `access_level` DESC
[2025-11-16 23:36:39] - [1]
[2025-11-16 23:36:39] -  request-path  api/track
[2025-11-16 23:37:41] - SELECT * FROM `PROD_FKF_appmeta`
[2025-11-16 23:37:41] - []
[2025-11-16 23:37:41] - SELECT * FROM `PROD_FKF_userroles` WHERE `defined` = ? ORDER BY `access_level` DESC
[2025-11-16 23:37:41] - [1]
[2025-11-16 23:37:41] -  request-path  merchant
[2025-11-16 23:37:41] - SELECT * FROM `PROD_FKF_appmeta`
[2025-11-16 23:37:41] - []
[2025-11-16 23:37:41] - SELECT * FROM `PROD_FKF_userroles` WHERE `defined` = ? ORDER BY `access_level` DESC
[2025-11-16 23:37:41] - [1]
[2025-11-16 23:37:41] -  request-path  api/track
[2025-11-16 23:37:44] - SELECT * FROM `PROD_FKF_appmeta`
[2025-11-16 23:37:44] - []
[2025-11-16 23:37:44] - SELECT * FROM `PROD_FKF_userroles` WHERE `defined` = ? ORDER BY `access_level` DESC
[2025-11-16 23:37:44] - [1]
[2025-11-16 23:37:44] -  request-path  merchant/login
[2025-11-16 23:37:44] - SELECT * FROM `PROD_FKF_appmeta`
[2025-11-16 23:37:44] - []
[2025-11-16 23:37:44] - SELECT * FROM `PROD_FKF_userroles` WHERE `defined` = ? ORDER BY `access_level` DESC
[2025-11-16 23:37:44] - [1]
[2025-11-16 23:37:44] -  request-path  api/track
[2025-11-16 23:47:22] - SELECT * FROM `PROD_FKF_appmeta`
[2025-11-16 23:47:22] - []
[2025-11-16 23:47:22] - SELECT * FROM `PROD_FKF_userroles` WHERE `defined` = ? ORDER BY `access_level` DESC
[2025-11-16 23:47:22] - [1]
[2025-11-16 23:47:22] -  request-path  merchant/login
[2025-11-16 23:47:22] - SELECT * FROM `PROD_FKF_appmeta`
[2025-11-16 23:47:22] - []
[2025-11-16 23:47:22] - SELECT * FROM `PROD_FKF_userroles` WHERE `defined` = ? ORDER BY `access_level` DESC
[2025-11-16 23:47:22] - [1]
[2025-11-16 23:47:22] -  request-path  api/track
[2025-11-16 23:47:55] - SELECT * FROM `PROD_FKF_appmeta`
[2025-11-16 23:47:55] - []
[2025-11-16 23:47:55] - SELECT * FROM `PROD_FKF_userroles` WHERE `defined` = ? ORDER BY `access_level` DESC
[2025-11-16 23:47:55] - [1]
[2025-11-16 23:47:55] -  request-path  merchant/login
[2025-11-16 23:47:55] - SELECT * FROM `PROD_FKF_appmeta`
[2025-11-16 23:47:55] - []
[2025-11-16 23:47:55] - SELECT * FROM `PROD_FKF_userroles` WHERE `defined` = ? ORDER BY `access_level` DESC
[2025-11-16 23:47:55] - [1]
[2025-11-16 23:47:55] -  request-path  api/track
[2025-11-16 23:48:04] - SELECT * FROM `PROD_FKF_appmeta`
[2025-11-16 23:48:04] - []
[2025-11-16 23:48:04] - SELECT * FROM `PROD_FKF_userroles` WHERE `defined` = ? ORDER BY `access_level` DESC
[2025-11-16 23:48:04] - [1]
[2025-11-16 23:48:04] -  request-path  merchant/login
[2025-11-16 23:48:05] - SELECT * FROM `PROD_FKF_appmeta`
[2025-11-16 23:48:05] - []
[2025-11-16 23:48:05] - SELECT * FROM `PROD_FKF_userroles` WHERE `defined` = ? ORDER BY `access_level` DESC
[2025-11-16 23:48:05] - [1]
[2025-11-16 23:48:05] -  request-path  api/track
[2025-11-16 23:48:28] - SELECT * FROM `PROD_FKF_appmeta`
[2025-11-16 23:48:28] - []
[2025-11-16 23:48:28] - SELECT * FROM `PROD_FKF_userroles` WHERE `defined` = ? ORDER BY `access_level` DESC
[2025-11-16 23:48:28] - [1]
[2025-11-16 23:48:28] -  request-path  merchant/login
[2025-11-16 23:48:29] - SELECT * FROM `PROD_FKF_appmeta`
[2025-11-16 23:48:29] - []
[2025-11-16 23:48:29] - SELECT * FROM `PROD_FKF_userroles` WHERE `defined` = ? ORDER BY `access_level` DESC
[2025-11-16 23:48:29] - [1]
[2025-11-16 23:48:29] -  request-path  api/track
[2025-11-16 23:48:46] - SELECT * FROM `PROD_FKF_appmeta`
[2025-11-16 23:48:46] - []
[2025-11-16 23:48:46] - SELECT * FROM `PROD_FKF_userroles` WHERE `defined` = ? ORDER BY `access_level` DESC
[2025-11-16 23:48:46] - [1]
[2025-11-16 23:48:46] -  request-path  merchant/login
[2025-11-16 23:48:47] - SELECT * FROM `PROD_FKF_appmeta`
[2025-11-16 23:48:47] - []
[2025-11-16 23:48:47] - SELECT * FROM `PROD_FKF_userroles` WHERE `defined` = ? ORDER BY `access_level` DESC
[2025-11-16 23:48:47] - [1]
[2025-11-16 23:48:47] -  request-path  api/track
[2025-11-16 23:50:39] - SELECT * FROM `PROD_FKF_appmeta`
[2025-11-16 23:50:39] - []
[2025-11-16 23:50:39] - SELECT * FROM `PROD_FKF_userroles` WHERE `defined` = ? ORDER BY `access_level` DESC
[2025-11-16 23:50:39] - [1]
[2025-11-16 23:50:39] -  request-path  merchant/login
[2025-11-16 23:50:39] - SELECT * FROM `PROD_FKF_appmeta`
[2025-11-16 23:50:39] - []
[2025-11-16 23:50:39] - SELECT * FROM `PROD_FKF_userroles` WHERE `defined` = ? ORDER BY `access_level` DESC
[2025-11-16 23:50:39] - [1]
[2025-11-16 23:50:39] -  request-path  api/track
