[2025-10-31 09:42:39] - SELECT * FROM `PROD_FKF_appmeta`
[2025-10-31 09:42:39] - []
[2025-10-31 09:42:39] - SELECT * FROM `PROD_FKF_userroles` WHERE `defined` = ? ORDER BY `access_level` DESC
[2025-10-31 09:42:39] - [1]
[2025-10-31 09:42:39] -  request-path  tester
[2025-10-31 09:42:40] - SELECT * FROM `PROD_FKF_appmeta`
[2025-10-31 09:42:40] - []
[2025-10-31 09:42:40] - SELECT * FROM `PROD_FKF_userroles` WHERE `defined` = ? ORDER BY `access_level` DESC
[2025-10-31 09:42:40] - [1]
[2025-10-31 09:42:40] -  request-path  api/track
[2025-10-31 09:43:38] - SELECT * FROM `PROD_FKF_appmeta`
[2025-10-31 09:43:38] - []
[2025-10-31 09:43:38] - SELECT * FROM `PROD_FKF_userroles` WHERE `defined` = ? ORDER BY `access_level` DESC
[2025-10-31 09:43:38] - [1]
[2025-10-31 09:43:38] -  request-path  tester
[2025-10-31 09:43:38] - SELECT * FROM `PROD_FKF_appmeta`
[2025-10-31 09:43:38] - []
[2025-10-31 09:43:38] - SELECT * FROM `PROD_FKF_userroles` WHERE `defined` = ? ORDER BY `access_level` DESC
[2025-10-31 09:43:38] - [1]
[2025-10-31 09:43:38] -  request-path  api/track
[2025-10-31 09:43:52] - SELECT * FROM `PROD_FKF_appmeta`
[2025-10-31 09:43:52] - []
[2025-10-31 09:43:52] - SELECT * FROM `PROD_FKF_userroles` WHERE `defined` = ? ORDER BY `access_level` DESC
[2025-10-31 09:43:52] - [1]
[2025-10-31 09:43:52] -  request-path  tester
[2025-10-31 09:43:53] - SELECT * FROM `PROD_FKF_appmeta`
[2025-10-31 09:43:53] - []
[2025-10-31 09:43:53] - SELECT * FROM `PROD_FKF_userroles` WHERE `defined` = ? ORDER BY `access_level` DESC
[2025-10-31 09:43:53] - [1]
[2025-10-31 09:43:53] -  request-path  api/track
[2025-10-31 09:46:23] - SELECT * FROM `PROD_FKF_appmeta`
[2025-10-31 09:46:23] - []
[2025-10-31 09:46:23] - SELECT * FROM `PROD_FKF_userroles` WHERE `defined` = ? ORDER BY `access_level` DESC
[2025-10-31 09:46:23] - [1]
[2025-10-31 09:46:23] -  request-path  tester
[2025-10-31 09:46:24] - SELECT * FROM `PROD_FKF_appmeta`
[2025-10-31 09:46:24] - []
[2025-10-31 09:46:24] - SELECT * FROM `PROD_FKF_userroles` WHERE `defined` = ? ORDER BY `access_level` DESC
[2025-10-31 09:46:24] - [1]
[2025-10-31 09:46:24] -  request-path  api/track
[2025-10-31 09:46:38] - SELECT * FROM `PROD_FKF_appmeta`
[2025-10-31 09:46:38] - []
[2025-10-31 09:46:38] - SELECT * FROM `PROD_FKF_userroles` WHERE `defined` = ? ORDER BY `access_level` DESC
[2025-10-31 09:46:38] - [1]
[2025-10-31 09:46:38] -  request-path  tester
[2025-10-31 09:46:38] - SELECT * FROM `PROD_FKF_appmeta`
[2025-10-31 09:46:38] - []
[2025-10-31 09:46:38] - SELECT * FROM `PROD_FKF_userroles` WHERE `defined` = ? ORDER BY `access_level` DESC
[2025-10-31 09:46:38] - [1]
[2025-10-31 09:46:38] -  request-path  api/track
[2025-10-31 09:46:56] - SELECT * FROM `PROD_FKF_appmeta`
[2025-10-31 09:46:56] - []
[2025-10-31 09:46:56] - SELECT * FROM `PROD_FKF_userroles` WHERE `defined` = ? ORDER BY `access_level` DESC
[2025-10-31 09:46:56] - [1]
[2025-10-31 09:46:56] -  request-path  tester
[2025-10-31 09:46:57] - SELECT * FROM `PROD_FKF_appmeta`
[2025-10-31 09:46:57] - []
[2025-10-31 09:46:57] - SELECT * FROM `PROD_FKF_userroles` WHERE `defined` = ? ORDER BY `access_level` DESC
[2025-10-31 09:46:57] - [1]
[2025-10-31 09:46:57] -  request-path  api/track
[2025-10-31 09:56:41] - SELECT * FROM `PROD_FKF_appmeta`
[2025-10-31 09:56:41] - []
[2025-10-31 09:56:41] - SELECT * FROM `PROD_FKF_userroles` WHERE `defined` = ? ORDER BY `access_level` DESC
[2025-10-31 09:56:41] - [1]
[2025-10-31 09:56:41] -  request-path  tester
[2025-10-31 09:56:41] - SELECT * FROM `PROD_FKF_appmeta`
[2025-10-31 09:56:41] - []
[2025-10-31 09:56:41] - SELECT * FROM `PROD_FKF_userroles` WHERE `defined` = ? ORDER BY `access_level` DESC
[2025-10-31 09:56:41] - [1]
[2025-10-31 09:56:41] -  request-path  api/track
[2025-10-31 10:10:28] - SELECT * FROM `PROD_FKF_appmeta`
[2025-10-31 10:10:28] - []
[2025-10-31 10:10:28] - SELECT * FROM `PROD_FKF_userroles` WHERE `defined` = ? ORDER BY `access_level` DESC
[2025-10-31 10:10:28] - [1]
[2025-10-31 10:10:28] -  request-path  tester
[2025-10-31 10:10:28] - SELECT * FROM `PROD_FKF_appmeta`
[2025-10-31 10:10:28] - []
[2025-10-31 10:10:28] - SELECT * FROM `PROD_FKF_userroles` WHERE `defined` = ? ORDER BY `access_level` DESC
[2025-10-31 10:10:28] - [1]
[2025-10-31 10:10:28] -  request-path  api/track
[2025-10-31 10:10:31] - SELECT * FROM `PROD_FKF_appmeta`
[2025-10-31 10:10:31] - []
[2025-10-31 10:10:31] - SELECT * FROM `PROD_FKF_userroles` WHERE `defined` = ? ORDER BY `access_level` DESC
[2025-10-31 10:10:31] - [1]
[2025-10-31 10:10:31] -  request-path  viva-test
[2025-10-31 10:10:31] - SELECT * FROM `PROD_FKF_appmeta`
[2025-10-31 10:10:31] - []
[2025-10-31 10:10:31] - SELECT * FROM `PROD_FKF_userroles` WHERE `defined` = ? ORDER BY `access_level` DESC
[2025-10-31 10:10:31] - [1]
[2025-10-31 10:10:31] -  request-path  api/track
[2025-10-31 10:11:53] - SELECT * FROM `PROD_FKF_appmeta`
[2025-10-31 10:11:53] - []
[2025-10-31 10:11:53] - SELECT * FROM `PROD_FKF_userroles` WHERE `defined` = ? ORDER BY `access_level` DESC
[2025-10-31 10:11:53] - [1]
[2025-10-31 10:11:53] -  request-path  mitid-test
[2025-10-31 10:11:53] - SELECT * FROM `PROD_FKF_appmeta`
[2025-10-31 10:11:53] - []
[2025-10-31 10:11:53] - SELECT * FROM `PROD_FKF_userroles` WHERE `defined` = ? ORDER BY `access_level` DESC
[2025-10-31 10:11:53] - [1]
[2025-10-31 10:11:53] -  request-path  api/track
[2025-10-31 10:30:33] - SELECT * FROM `PROD_FKF_appmeta`
[2025-10-31 10:30:33] - []
[2025-10-31 10:30:33] - SELECT * FROM `PROD_FKF_userroles` WHERE `defined` = ? ORDER BY `access_level` DESC
[2025-10-31 10:30:33] - [1]
[2025-10-31 10:30:33] -  request-path  mitid-test
[2025-10-31 10:30:34] - SELECT * FROM `PROD_FKF_appmeta`
[2025-10-31 10:30:34] - []
[2025-10-31 10:30:34] - SELECT * FROM `PROD_FKF_userroles` WHERE `defined` = ? ORDER BY `access_level` DESC
[2025-10-31 10:30:34] - [1]
[2025-10-31 10:30:34] -  request-path  api/track
[2025-10-31 10:43:11] - SELECT * FROM `PROD_FKF_appmeta`
[2025-10-31 10:43:11] - []
[2025-10-31 10:43:11] - SELECT * FROM `PROD_FKF_userroles` WHERE `defined` = ? ORDER BY `access_level` DESC
[2025-10-31 10:43:11] - [1]
[2025-10-31 10:43:11] -  request-path  mitid-test
[2025-10-31 10:43:12] - SELECT * FROM `PROD_FKF_appmeta`
[2025-10-31 10:43:12] - []
[2025-10-31 10:43:12] - SELECT * FROM `PROD_FKF_userroles` WHERE `defined` = ? ORDER BY `access_level` DESC
[2025-10-31 10:43:12] - [1]
[2025-10-31 10:43:12] -  request-path  api/track
[2025-10-31 10:43:29] - SELECT * FROM `PROD_FKF_appmeta`
[2025-10-31 10:43:29] - []
[2025-10-31 10:43:29] - SELECT * FROM `PROD_FKF_userroles` WHERE `defined` = ? ORDER BY `access_level` DESC
[2025-10-31 10:43:29] - [1]
[2025-10-31 10:43:29] -  request-path  mitid-test
[2025-10-31 10:43:29] - SELECT * FROM `PROD_FKF_appmeta`
[2025-10-31 10:43:29] - []
[2025-10-31 10:43:29] - SELECT * FROM `PROD_FKF_userroles` WHERE `defined` = ? ORDER BY `access_level` DESC
[2025-10-31 10:43:29] - [1]
[2025-10-31 10:43:29] -  request-path  api/track
[2025-10-31 10:43:59] - SELECT * FROM `PROD_FKF_appmeta`
[2025-10-31 10:43:59] - []
[2025-10-31 10:43:59] - SELECT * FROM `PROD_FKF_userroles` WHERE `defined` = ? ORDER BY `access_level` DESC
[2025-10-31 10:43:59] - [1]
[2025-10-31 10:43:59] -  request-path  mitid-test
[2025-10-31 10:44:00] - SELECT * FROM `PROD_FKF_appmeta`
[2025-10-31 10:44:00] - []
[2025-10-31 10:44:00] - SELECT * FROM `PROD_FKF_userroles` WHERE `defined` = ? ORDER BY `access_level` DESC
[2025-10-31 10:44:00] - [1]
[2025-10-31 10:44:00] -  request-path  api/track
[2025-10-31 10:44:32] - SELECT * FROM `PROD_FKF_appmeta`
[2025-10-31 10:44:32] - []
[2025-10-31 10:44:33] - SELECT * FROM `PROD_FKF_userroles` WHERE `defined` = ? ORDER BY `access_level` DESC
[2025-10-31 10:44:33] - [1]
[2025-10-31 10:44:33] -  request-path  mitid-test
[2025-10-31 10:44:33] - SELECT * FROM `PROD_FKF_appmeta`
[2025-10-31 10:44:33] - []
[2025-10-31 10:44:33] - SELECT * FROM `PROD_FKF_userroles` WHERE `defined` = ? ORDER BY `access_level` DESC
[2025-10-31 10:44:33] - [1]
[2025-10-31 10:44:33] -  request-path  api/track
[2025-10-31 10:44:48] - SELECT * FROM `PROD_FKF_appmeta`
[2025-10-31 10:44:48] - []
[2025-10-31 10:44:48] - SELECT * FROM `PROD_FKF_userroles` WHERE `defined` = ? ORDER BY `access_level` DESC
[2025-10-31 10:44:48] - [1]
[2025-10-31 10:44:48] -  request-path  mitid-test
[2025-10-31 10:44:49] - SELECT * FROM `PROD_FKF_appmeta`
[2025-10-31 10:44:49] - []
[2025-10-31 10:44:49] - SELECT * FROM `PROD_FKF_userroles` WHERE `defined` = ? ORDER BY `access_level` DESC
[2025-10-31 10:44:49] - [1]
[2025-10-31 10:44:49] -  request-path  api/track
[2025-10-31 10:48:04] - SELECT * FROM `PROD_FKF_appmeta`
[2025-10-31 10:48:04] - []
[2025-10-31 10:48:04] - SELECT * FROM `PROD_FKF_userroles` WHERE `defined` = ? ORDER BY `access_level` DESC
[2025-10-31 10:48:04] - [1]
[2025-10-31 10:48:04] -  request-path  mitid-test
[2025-10-31 10:48:05] - SELECT * FROM `PROD_FKF_appmeta`
[2025-10-31 10:48:05] - []
[2025-10-31 10:48:05] - SELECT * FROM `PROD_FKF_userroles` WHERE `defined` = ? ORDER BY `access_level` DESC
[2025-10-31 10:48:05] - [1]
[2025-10-31 10:48:05] -  request-path  api/track
[2025-10-31 10:48:14] - SELECT * FROM `PROD_FKF_appmeta`
[2025-10-31 10:48:14] - []
[2025-10-31 10:48:14] - SELECT * FROM `PROD_FKF_userroles` WHERE `defined` = ? ORDER BY `access_level` DESC
[2025-10-31 10:48:14] - [1]
[2025-10-31 10:48:14] -  request-path  mitid-test
[2025-10-31 10:48:15] - SELECT * FROM `PROD_FKF_appmeta`
[2025-10-31 10:48:15] - []
[2025-10-31 10:48:15] - SELECT * FROM `PROD_FKF_userroles` WHERE `defined` = ? ORDER BY `access_level` DESC
[2025-10-31 10:48:15] - [1]
[2025-10-31 10:48:15] -  request-path  api/track
[2025-10-31 10:49:49] - SELECT * FROM `PROD_FKF_appmeta`
[2025-10-31 10:49:49] - []
[2025-10-31 10:49:49] - SELECT * FROM `PROD_FKF_userroles` WHERE `defined` = ? ORDER BY `access_level` DESC
[2025-10-31 10:49:49] - [1]
[2025-10-31 10:49:49] -  request-path  mitit-test/success
[2025-10-31 10:49:49] - SELECT * FROM `PROD_FKF_appmeta`
[2025-10-31 10:49:49] - []
[2025-10-31 10:49:49] - SELECT * FROM `PROD_FKF_userroles` WHERE `defined` = ? ORDER BY `access_level` DESC
[2025-10-31 10:49:49] - [1]
[2025-10-31 10:49:49] -  request-path  api/track
[2025-10-31 10:54:54] - SELECT * FROM `PROD_FKF_appmeta`
[2025-10-31 10:54:54] - []
[2025-10-31 10:54:54] - SELECT * FROM `PROD_FKF_userroles` WHERE `defined` = ? ORDER BY `access_level` DESC
[2025-10-31 10:54:54] - [1]
[2025-10-31 10:54:54] -  request-path  mitit-test/success
[2025-10-31 10:54:55] - SELECT * FROM `PROD_FKF_appmeta`
[2025-10-31 10:54:55] - []
[2025-10-31 10:54:55] - SELECT * FROM `PROD_FKF_userroles` WHERE `defined` = ? ORDER BY `access_level` DESC
[2025-10-31 10:54:55] - [1]
[2025-10-31 10:54:55] -  request-path  api/track
[2025-10-31 10:56:00] - SELECT * FROM `PROD_FKF_appmeta`
[2025-10-31 10:56:00] - []
[2025-10-31 10:56:00] - SELECT * FROM `PROD_FKF_userroles` WHERE `defined` = ? ORDER BY `access_level` DESC
[2025-10-31 10:56:00] - [1]
[2025-10-31 10:56:00] -  request-path  mitit-test/success
[2025-10-31 10:56:00] - SELECT * FROM `PROD_FKF_appmeta`
[2025-10-31 10:56:00] - []
[2025-10-31 10:56:00] - SELECT * FROM `PROD_FKF_userroles` WHERE `defined` = ? ORDER BY `access_level` DESC
[2025-10-31 10:56:00] - [1]
[2025-10-31 10:56:00] -  request-path  api/track
[2025-10-31 10:56:32] - SELECT * FROM `PROD_FKF_appmeta`
[2025-10-31 10:56:32] - []
[2025-10-31 10:56:32] - SELECT * FROM `PROD_FKF_userroles` WHERE `defined` = ? ORDER BY `access_level` DESC
[2025-10-31 10:56:32] - [1]
[2025-10-31 10:56:32] -  request-path  mitit-test/success
[2025-10-31 10:56:32] - SELECT * FROM `PROD_FKF_appmeta`
[2025-10-31 10:56:32] - []
[2025-10-31 10:56:32] - SELECT * FROM `PROD_FKF_userroles` WHERE `defined` = ? ORDER BY `access_level` DESC
[2025-10-31 10:56:32] - [1]
[2025-10-31 10:56:32] -  request-path  api/track
[2025-10-31 10:57:12] - SELECT * FROM `PROD_FKF_appmeta`
[2025-10-31 10:57:12] - []
[2025-10-31 10:57:12] - SELECT * FROM `PROD_FKF_userroles` WHERE `defined` = ? ORDER BY `access_level` DESC
[2025-10-31 10:57:12] - [1]
[2025-10-31 10:57:12] -  request-path  mitit-test/success
[2025-10-31 10:57:12] - SELECT * FROM `PROD_FKF_appmeta`
[2025-10-31 10:57:12] - []
[2025-10-31 10:57:12] - SELECT * FROM `PROD_FKF_userroles` WHERE `defined` = ? ORDER BY `access_level` DESC
[2025-10-31 10:57:12] - [1]
[2025-10-31 10:57:12] -  request-path  api/track
[2025-10-31 11:00:33] - SELECT * FROM `PROD_FKF_appmeta`
[2025-10-31 11:00:33] - []
[2025-10-31 11:00:33] - SELECT * FROM `PROD_FKF_userroles` WHERE `defined` = ? ORDER BY `access_level` DESC
[2025-10-31 11:00:33] - [1]
[2025-10-31 11:00:33] -  request-path  mitid-test
[2025-10-31 11:00:33] - SELECT * FROM `PROD_FKF_appmeta`
[2025-10-31 11:00:33] - []
[2025-10-31 11:00:33] - SELECT * FROM `PROD_FKF_userroles` WHERE `defined` = ? ORDER BY `access_level` DESC
[2025-10-31 11:00:33] - [1]
[2025-10-31 11:00:33] -  request-path  api/track
[2025-10-31 11:00:48] - SELECT * FROM `PROD_FKF_appmeta`
[2025-10-31 11:00:48] - []
[2025-10-31 11:00:48] - SELECT * FROM `PROD_FKF_userroles` WHERE `defined` = ? ORDER BY `access_level` DESC
[2025-10-31 11:00:48] - [1]
[2025-10-31 11:00:48] -  request-path  mitid-test
[2025-10-31 11:00:49] - SELECT * FROM `PROD_FKF_appmeta`
[2025-10-31 11:00:49] - []
[2025-10-31 11:00:49] - SELECT * FROM `PROD_FKF_userroles` WHERE `defined` = ? ORDER BY `access_level` DESC
[2025-10-31 11:00:49] - [1]
[2025-10-31 11:00:49] -  request-path  api/track
[2025-10-31 11:02:40] - SELECT * FROM `PROD_FKF_appmeta`
[2025-10-31 11:02:40] - []
[2025-10-31 11:02:40] - SELECT * FROM `PROD_FKF_userroles` WHERE `defined` = ? ORDER BY `access_level` DESC
[2025-10-31 11:02:40] - [1]
[2025-10-31 11:02:40] -  request-path  mitid-test/abort
[2025-10-31 11:02:40] - SELECT * FROM `PROD_FKF_appmeta`
[2025-10-31 11:02:40] - []
[2025-10-31 11:02:40] - SELECT * FROM `PROD_FKF_userroles` WHERE `defined` = ? ORDER BY `access_level` DESC
[2025-10-31 11:02:40] - [1]
[2025-10-31 11:02:40] -  request-path  api/track
[2025-10-31 11:08:09] - SELECT * FROM `PROD_FKF_appmeta`
[2025-10-31 11:08:09] - []
[2025-10-31 11:08:09] - SELECT * FROM `PROD_FKF_userroles` WHERE `defined` = ? ORDER BY `access_level` DESC
[2025-10-31 11:08:09] - [1]
[2025-10-31 11:08:09] -  request-path  mitid-test
[2025-10-31 11:08:09] - SELECT * FROM `PROD_FKF_appmeta`
[2025-10-31 11:08:09] - []
[2025-10-31 11:08:09] - SELECT * FROM `PROD_FKF_userroles` WHERE `defined` = ? ORDER BY `access_level` DESC
[2025-10-31 11:08:09] - [1]
[2025-10-31 11:08:09] -  request-path  api/track
[2025-10-31 11:08:21] - SELECT * FROM `PROD_FKF_appmeta`
[2025-10-31 11:08:21] - []
[2025-10-31 11:08:21] - SELECT * FROM `PROD_FKF_userroles` WHERE `defined` = ? ORDER BY `access_level` DESC
[2025-10-31 11:08:21] - [1]
[2025-10-31 11:08:21] -  request-path  mitid-test
[2025-10-31 11:08:21] - SELECT * FROM `PROD_FKF_appmeta`
[2025-10-31 11:08:21] - []
[2025-10-31 11:08:21] - SELECT * FROM `PROD_FKF_userroles` WHERE `defined` = ? ORDER BY `access_level` DESC
[2025-10-31 11:08:21] - [1]
[2025-10-31 11:08:21] -  request-path  api/track
[2025-10-31 11:09:07] - SELECT * FROM `PROD_FKF_appmeta`
[2025-10-31 11:09:07] - []
[2025-10-31 11:09:07] - SELECT * FROM `PROD_FKF_userroles` WHERE `defined` = ? ORDER BY `access_level` DESC
[2025-10-31 11:09:07] - [1]
[2025-10-31 11:09:07] -  request-path  mitid-test/success
[2025-10-31 11:09:07] - SELECT * FROM `PROD_FKF_appmeta`
[2025-10-31 11:09:07] - []
[2025-10-31 11:09:07] - SELECT * FROM `PROD_FKF_userroles` WHERE `defined` = ? ORDER BY `access_level` DESC
[2025-10-31 11:09:07] - [1]
[2025-10-31 11:09:07] -  request-path  api/track
[2025-10-31 11:39:50] - SELECT * FROM `PROD_FKF_appmeta`
[2025-10-31 11:39:50] - []
[2025-10-31 11:39:50] - SELECT * FROM `PROD_FKF_userroles` WHERE `defined` = ? ORDER BY `access_level` DESC
[2025-10-31 11:39:50] - [1]
[2025-10-31 11:39:50] -  request-path  mercant/lines-blomster/checkout
[2025-10-31 11:39:50] - SELECT * FROM `PROD_FKF_appmeta`
[2025-10-31 11:39:50] - []
[2025-10-31 11:39:50] - SELECT * FROM `PROD_FKF_userroles` WHERE `defined` = ? ORDER BY `access_level` DESC
[2025-10-31 11:39:50] - [1]
[2025-10-31 11:39:50] -  request-path  api/track
[2025-10-31 11:39:56] - SELECT * FROM `PROD_FKF_appmeta`
[2025-10-31 11:39:56] - []
[2025-10-31 11:39:56] - SELECT * FROM `PROD_FKF_userroles` WHERE `defined` = ? ORDER BY `access_level` DESC
[2025-10-31 11:39:56] - [1]
[2025-10-31 11:39:56] -  request-path  mercants/lines-blomster/checkout
[2025-10-31 11:39:56] - SELECT * FROM `PROD_FKF_appmeta`
[2025-10-31 11:39:56] - []
[2025-10-31 11:39:56] - SELECT * FROM `PROD_FKF_userroles` WHERE `defined` = ? ORDER BY `access_level` DESC
[2025-10-31 11:39:56] - [1]
[2025-10-31 11:39:56] -  request-path  api/track
[2025-10-31 11:40:14] - SELECT * FROM `PROD_FKF_appmeta`
[2025-10-31 11:40:14] - []
[2025-10-31 11:40:14] - SELECT * FROM `PROD_FKF_userroles` WHERE `defined` = ? ORDER BY `access_level` DESC
[2025-10-31 11:40:14] - [1]
[2025-10-31 11:40:14] -  request-path  mercant/lines-blomster/checkout
[2025-10-31 11:40:14] - SELECT * FROM `PROD_FKF_appmeta`
[2025-10-31 11:40:14] - []
[2025-10-31 11:40:14] - SELECT * FROM `PROD_FKF_userroles` WHERE `defined` = ? ORDER BY `access_level` DESC
[2025-10-31 11:40:14] - [1]
[2025-10-31 11:40:14] -  request-path  api/track
[2025-10-31 11:41:10] - SELECT * FROM `PROD_FKF_appmeta`
[2025-10-31 11:41:10] - []
[2025-10-31 11:41:10] - SELECT * FROM `PROD_FKF_userroles` WHERE `defined` = ? ORDER BY `access_level` DESC
[2025-10-31 11:41:10] - [1]
[2025-10-31 11:41:10] -  request-path  mercant/lines-blomster/checkout
[2025-10-31 11:41:10] - SELECT * FROM `PROD_FKF_appmeta`
[2025-10-31 11:41:10] - []
[2025-10-31 11:41:10] - SELECT * FROM `PROD_FKF_userroles` WHERE `defined` = ? ORDER BY `access_level` DESC
[2025-10-31 11:41:10] - [1]
[2025-10-31 11:41:10] -  request-path  api/track
[2025-10-31 11:41:18] - SELECT * FROM `PROD_FKF_appmeta`
[2025-10-31 11:41:18] - []
[2025-10-31 11:41:18] - SELECT * FROM `PROD_FKF_userroles` WHERE `defined` = ? ORDER BY `access_level` DESC
[2025-10-31 11:41:18] - [1]
[2025-10-31 11:41:18] -  request-path  merchant/lines-blomster/checkout
[2025-10-31 11:41:18] - SELECT * FROM `PROD_FKF_appmeta`
[2025-10-31 11:41:18] - []
[2025-10-31 11:41:18] - SELECT * FROM `PROD_FKF_userroles` WHERE `defined` = ? ORDER BY `access_level` DESC
[2025-10-31 11:41:18] - [1]
[2025-10-31 11:41:18] -  request-path  api/track
[2025-10-31 11:41:25] - SELECT * FROM `PROD_FKF_appmeta`
[2025-10-31 11:41:25] - []
[2025-10-31 11:41:25] - SELECT * FROM `PROD_FKF_userroles` WHERE `defined` = ? ORDER BY `access_level` DESC
[2025-10-31 11:41:25] - [1]
[2025-10-31 11:41:25] -  request-path  merchant/lines-blomster/checkout
[2025-10-31 11:41:25] - SELECT * FROM `PROD_FKF_appmeta`
[2025-10-31 11:41:25] - []
[2025-10-31 11:41:25] - SELECT * FROM `PROD_FKF_userroles` WHERE `defined` = ? ORDER BY `access_level` DESC
[2025-10-31 11:41:25] - [1]
[2025-10-31 11:41:25] -  request-path  api/track
[2025-10-31 11:41:43] - SELECT * FROM `PROD_FKF_appmeta`
[2025-10-31 11:41:43] - []
[2025-10-31 11:41:43] - SELECT * FROM `PROD_FKF_userroles` WHERE `defined` = ? ORDER BY `access_level` DESC
[2025-10-31 11:41:43] - [1]
[2025-10-31 11:41:43] -  request-path  merchant/lines-blomster/checkout
[2025-10-31 11:41:43] - SELECT * FROM `PROD_FKF_appmeta`
[2025-10-31 11:41:43] - []
[2025-10-31 11:41:43] - SELECT * FROM `PROD_FKF_userroles` WHERE `defined` = ? ORDER BY `access_level` DESC
[2025-10-31 11:41:43] - [1]
[2025-10-31 11:41:43] -  request-path  api/track
[2025-10-31 11:44:51] - SELECT * FROM `PROD_FKF_appmeta`
[2025-10-31 11:44:51] - []
[2025-10-31 11:44:51] - SELECT * FROM `PROD_FKF_userroles` WHERE `defined` = ? ORDER BY `access_level` DESC
[2025-10-31 11:44:51] - [1]
[2025-10-31 11:44:51] -  request-path  merchant/lines-blomster/checkout
[2025-10-31 11:44:52] - SELECT * FROM `PROD_FKF_appmeta`
[2025-10-31 11:44:52] - []
[2025-10-31 11:44:52] - SELECT * FROM `PROD_FKF_userroles` WHERE `defined` = ? ORDER BY `access_level` DESC
[2025-10-31 11:44:52] - [1]
[2025-10-31 11:44:52] -  request-path  api/track
[2025-10-31 11:45:05] - SELECT * FROM `PROD_FKF_appmeta`
[2025-10-31 11:45:05] - []
[2025-10-31 11:45:05] - SELECT * FROM `PROD_FKF_userroles` WHERE `defined` = ? ORDER BY `access_level` DESC
[2025-10-31 11:45:05] - [1]
[2025-10-31 11:45:05] -  request-path  merchant/lines-blomster/checkout
[2025-10-31 11:45:05] - SELECT * FROM `PROD_FKF_appmeta`
[2025-10-31 11:45:05] - []
[2025-10-31 11:45:05] - SELECT * FROM `PROD_FKF_userroles` WHERE `defined` = ? ORDER BY `access_level` DESC
[2025-10-31 11:45:05] - [1]
[2025-10-31 11:45:05] -  request-path  api/track
[2025-10-31 11:45:32] - SELECT * FROM `PROD_FKF_appmeta`
[2025-10-31 11:45:32] - []
[2025-10-31 11:45:32] - SELECT * FROM `PROD_FKF_userroles` WHERE `defined` = ? ORDER BY `access_level` DESC
[2025-10-31 11:45:32] - [1]
[2025-10-31 11:45:32] -  request-path  merchant/lines-blomster/checkout
[2025-10-31 11:45:32] - SELECT * FROM `PROD_FKF_appmeta`
[2025-10-31 11:45:32] - []
[2025-10-31 11:45:32] - SELECT * FROM `PROD_FKF_userroles` WHERE `defined` = ? ORDER BY `access_level` DESC
[2025-10-31 11:45:32] - [1]
[2025-10-31 11:45:32] -  request-path  api/track
[2025-10-31 11:45:41] - SELECT * FROM `PROD_FKF_appmeta`
[2025-10-31 11:45:41] - []
[2025-10-31 11:45:41] - SELECT * FROM `PROD_FKF_userroles` WHERE `defined` = ? ORDER BY `access_level` DESC
[2025-10-31 11:45:41] - [1]
[2025-10-31 11:45:41] -  request-path  merchant/lines-blomster/checkout
[2025-10-31 11:45:42] - SELECT * FROM `PROD_FKF_appmeta`
[2025-10-31 11:45:42] - []
[2025-10-31 11:45:42] - SELECT * FROM `PROD_FKF_userroles` WHERE `defined` = ? ORDER BY `access_level` DESC
[2025-10-31 11:45:42] - [1]
[2025-10-31 11:45:42] -  request-path  api/track
[2025-10-31 11:46:23] - SELECT * FROM `PROD_FKF_appmeta`
[2025-10-31 11:46:23] - []
[2025-10-31 11:46:23] - SELECT * FROM `PROD_FKF_userroles` WHERE `defined` = ? ORDER BY `access_level` DESC
[2025-10-31 11:46:23] - [1]
[2025-10-31 11:46:23] -  request-path  merchant/lines-blomster/checkout
[2025-10-31 11:46:24] - SELECT * FROM `PROD_FKF_appmeta`
[2025-10-31 11:46:24] - []
[2025-10-31 11:46:24] - SELECT * FROM `PROD_FKF_userroles` WHERE `defined` = ? ORDER BY `access_level` DESC
[2025-10-31 11:46:24] - [1]
[2025-10-31 11:46:24] -  request-path  api/track
[2025-10-31 11:47:59] - SELECT * FROM `PROD_FKF_appmeta`
[2025-10-31 11:47:59] - []
[2025-10-31 11:47:59] - SELECT * FROM `PROD_FKF_userroles` WHERE `defined` = ? ORDER BY `access_level` DESC
[2025-10-31 11:47:59] - [1]
[2025-10-31 11:47:59] -  request-path  merchant/lines-blomster/checkout
[2025-10-31 11:47:59] - SELECT * FROM `PROD_FKF_appmeta`
[2025-10-31 11:47:59] - []
[2025-10-31 11:47:59] - SELECT * FROM `PROD_FKF_userroles` WHERE `defined` = ? ORDER BY `access_level` DESC
[2025-10-31 11:47:59] - [1]
[2025-10-31 11:47:59] -  request-path  api/track
[2025-10-31 11:48:57] - SELECT * FROM `PROD_FKF_appmeta`
[2025-10-31 11:48:57] - []
[2025-10-31 11:48:57] - SELECT * FROM `PROD_FKF_userroles` WHERE `defined` = ? ORDER BY `access_level` DESC
[2025-10-31 11:48:57] - [1]
[2025-10-31 11:48:57] -  request-path  merchant/lines-blomster/checkout
[2025-10-31 11:48:58] - SELECT * FROM `PROD_FKF_appmeta`
[2025-10-31 11:48:58] - []
[2025-10-31 11:48:58] - SELECT * FROM `PROD_FKF_userroles` WHERE `defined` = ? ORDER BY `access_level` DESC
[2025-10-31 11:48:58] - [1]
[2025-10-31 11:48:58] -  request-path  api/track
[2025-10-31 11:49:40] - SELECT * FROM `PROD_FKF_appmeta`
[2025-10-31 11:49:40] - []
[2025-10-31 11:49:40] - SELECT * FROM `PROD_FKF_userroles` WHERE `defined` = ? ORDER BY `access_level` DESC
[2025-10-31 11:49:40] - [1]
[2025-10-31 11:49:40] -  request-path  merchant/lines-blomster/checkout
[2025-10-31 11:49:40] - SELECT * FROM `PROD_FKF_appmeta`
[2025-10-31 11:49:40] - []
[2025-10-31 11:49:40] - SELECT * FROM `PROD_FKF_userroles` WHERE `defined` = ? ORDER BY `access_level` DESC
[2025-10-31 11:49:40] - [1]
[2025-10-31 11:49:40] -  request-path  api/track
[2025-10-31 11:49:56] - SELECT * FROM `PROD_FKF_appmeta`
[2025-10-31 11:49:56] - []
[2025-10-31 11:49:56] - SELECT * FROM `PROD_FKF_userroles` WHERE `defined` = ? ORDER BY `access_level` DESC
[2025-10-31 11:49:56] - [1]
[2025-10-31 11:49:56] -  request-path  merchant/lines-blomster/checkout
[2025-10-31 11:49:57] - SELECT * FROM `PROD_FKF_appmeta`
[2025-10-31 11:49:57] - []
[2025-10-31 11:49:57] - SELECT * FROM `PROD_FKF_userroles` WHERE `defined` = ? ORDER BY `access_level` DESC
[2025-10-31 11:49:57] - [1]
[2025-10-31 11:49:57] -  request-path  api/track
[2025-10-31 11:50:29] - SELECT * FROM `PROD_FKF_appmeta`
[2025-10-31 11:50:29] - []
[2025-10-31 11:50:29] - SELECT * FROM `PROD_FKF_userroles` WHERE `defined` = ? ORDER BY `access_level` DESC
[2025-10-31 11:50:29] - [1]
[2025-10-31 11:50:29] -  request-path  merchant/lines-blomster/checkout
[2025-10-31 11:50:29] - SELECT * FROM `PROD_FKF_appmeta`
[2025-10-31 11:50:29] - []
[2025-10-31 11:50:29] - SELECT * FROM `PROD_FKF_userroles` WHERE `defined` = ? ORDER BY `access_level` DESC
[2025-10-31 11:50:29] - [1]
[2025-10-31 11:50:29] -  request-path  api/track
[2025-10-31 11:57:13] - SELECT * FROM `PROD_FKF_appmeta`
[2025-10-31 11:57:13] - []
[2025-10-31 11:57:13] - SELECT * FROM `PROD_FKF_userroles` WHERE `defined` = ? ORDER BY `access_level` DESC
[2025-10-31 11:57:13] - [1]
[2025-10-31 11:57:13] -  request-path  merchant/lines-blomster/checkout
[2025-10-31 11:57:14] - SELECT * FROM `PROD_FKF_appmeta`
[2025-10-31 11:57:14] - []
[2025-10-31 11:57:14] - SELECT * FROM `PROD_FKF_userroles` WHERE `defined` = ? ORDER BY `access_level` DESC
[2025-10-31 11:57:14] - [1]
[2025-10-31 11:57:14] -  request-path  api/track
[2025-10-31 11:58:02] - SELECT * FROM `PROD_FKF_appmeta`
[2025-10-31 11:58:02] - []
[2025-10-31 11:58:02] - SELECT * FROM `PROD_FKF_userroles` WHERE `defined` = ? ORDER BY `access_level` DESC
[2025-10-31 11:58:02] - [1]
[2025-10-31 11:58:02] -  request-path  merchant/lines-blomster/checkout
[2025-10-31 11:58:03] - SELECT * FROM `PROD_FKF_appmeta`
[2025-10-31 11:58:03] - []
[2025-10-31 11:58:03] - SELECT * FROM `PROD_FKF_userroles` WHERE `defined` = ? ORDER BY `access_level` DESC
[2025-10-31 11:58:03] - [1]
[2025-10-31 11:58:03] -  request-path  api/track
[2025-10-31 11:58:35] - SELECT * FROM `PROD_FKF_appmeta`
[2025-10-31 11:58:35] - []
[2025-10-31 11:58:35] - SELECT * FROM `PROD_FKF_userroles` WHERE `defined` = ? ORDER BY `access_level` DESC
[2025-10-31 11:58:35] - [1]
[2025-10-31 11:58:35] -  request-path  merchant/lines-blomster/checkout/validation
[2025-10-31 11:58:35] - SELECT * FROM `PROD_FKF_appmeta`
[2025-10-31 11:58:35] - []
[2025-10-31 11:58:35] - SELECT * FROM `PROD_FKF_userroles` WHERE `defined` = ? ORDER BY `access_level` DESC
[2025-10-31 11:58:35] - [1]
[2025-10-31 11:58:35] -  request-path  api/track
[2025-10-31 12:10:58] - SELECT * FROM `PROD_FKF_appmeta`
[2025-10-31 12:10:58] - []
[2025-10-31 12:10:58] - SELECT * FROM `PROD_FKF_userroles` WHERE `defined` = ? ORDER BY `access_level` DESC
[2025-10-31 12:10:58] - [1]
[2025-10-31 12:10:58] -  request-path  merchant/lines-blomster/checkout/validation
[2025-10-31 12:10:59] - SELECT * FROM `PROD_FKF_appmeta`
[2025-10-31 12:10:59] - []
[2025-10-31 12:10:59] - SELECT * FROM `PROD_FKF_userroles` WHERE `defined` = ? ORDER BY `access_level` DESC
[2025-10-31 12:10:59] - [1]
[2025-10-31 12:10:59] -  request-path  api/track
[2025-10-31 12:11:34] - SELECT * FROM `PROD_FKF_appmeta`
[2025-10-31 12:11:34] - []
[2025-10-31 12:11:34] - SELECT * FROM `PROD_FKF_userroles` WHERE `defined` = ? ORDER BY `access_level` DESC
[2025-10-31 12:11:34] - [1]
[2025-10-31 12:11:34] -  request-path  merchant/lines-blomster/checkout/validation
[2025-10-31 12:11:34] - SELECT * FROM `PROD_FKF_appmeta`
[2025-10-31 12:11:34] - []
[2025-10-31 12:11:34] - SELECT * FROM `PROD_FKF_userroles` WHERE `defined` = ? ORDER BY `access_level` DESC
[2025-10-31 12:11:34] - [1]
[2025-10-31 12:11:34] -  request-path  api/track
[2025-10-31 12:12:09] - SELECT * FROM `PROD_FKF_appmeta`
[2025-10-31 12:12:09] - []
[2025-10-31 12:12:09] - SELECT * FROM `PROD_FKF_userroles` WHERE `defined` = ? ORDER BY `access_level` DESC
[2025-10-31 12:12:09] - [1]
[2025-10-31 12:12:09] -  request-path  merchant/lines-blomster/checkout/validation
[2025-10-31 12:12:10] - SELECT * FROM `PROD_FKF_appmeta`
[2025-10-31 12:12:10] - []
[2025-10-31 12:12:10] - SELECT * FROM `PROD_FKF_userroles` WHERE `defined` = ? ORDER BY `access_level` DESC
[2025-10-31 12:12:10] - [1]
[2025-10-31 12:12:10] -  request-path  api/track
[2025-10-31 12:12:39] - SELECT * FROM `PROD_FKF_appmeta`
[2025-10-31 12:12:39] - []
[2025-10-31 12:12:39] - SELECT * FROM `PROD_FKF_userroles` WHERE `defined` = ? ORDER BY `access_level` DESC
[2025-10-31 12:12:39] - [1]
[2025-10-31 12:12:39] -  request-path  merchant/lines-blomster/checkout/validation
[2025-10-31 12:12:39] - SELECT * FROM `PROD_FKF_appmeta`
[2025-10-31 12:12:39] - []
[2025-10-31 12:12:39] - SELECT * FROM `PROD_FKF_userroles` WHERE `defined` = ? ORDER BY `access_level` DESC
[2025-10-31 12:12:39] - [1]
[2025-10-31 12:12:39] -  request-path  api/track
[2025-10-31 12:13:11] - SELECT * FROM `PROD_FKF_appmeta`
[2025-10-31 12:13:11] - []
[2025-10-31 12:13:11] - SELECT * FROM `PROD_FKF_userroles` WHERE `defined` = ? ORDER BY `access_level` DESC
[2025-10-31 12:13:11] - [1]
[2025-10-31 12:13:11] -  request-path  merchant/lines-blomster/checkout/validation
[2025-10-31 12:13:12] - SELECT * FROM `PROD_FKF_appmeta`
[2025-10-31 12:13:12] - []
[2025-10-31 12:13:12] - SELECT * FROM `PROD_FKF_userroles` WHERE `defined` = ? ORDER BY `access_level` DESC
[2025-10-31 12:13:12] - [1]
[2025-10-31 12:13:12] -  request-path  api/track
[2025-10-31 12:15:49] - SELECT * FROM `PROD_FKF_appmeta`
[2025-10-31 12:15:49] - []
[2025-10-31 12:15:49] - SELECT * FROM `PROD_FKF_userroles` WHERE `defined` = ? ORDER BY `access_level` DESC
[2025-10-31 12:15:49] - [1]
[2025-10-31 12:15:49] -  request-path  merchant/lines-blomster/checkout/validation
[2025-10-31 12:15:49] - SELECT * FROM `PROD_FKF_appmeta`
[2025-10-31 12:15:49] - []
[2025-10-31 12:15:49] - SELECT * FROM `PROD_FKF_userroles` WHERE `defined` = ? ORDER BY `access_level` DESC
[2025-10-31 12:15:49] - [1]
[2025-10-31 12:15:49] -  request-path  api/track
[2025-10-31 12:15:58] - SELECT * FROM `PROD_FKF_appmeta`
[2025-10-31 12:15:58] - []
[2025-10-31 12:15:58] - SELECT * FROM `PROD_FKF_userroles` WHERE `defined` = ? ORDER BY `access_level` DESC
[2025-10-31 12:15:58] - [1]
[2025-10-31 12:15:58] -  request-path  merchants/lines-blomster/checkout/payment
[2025-10-31 12:15:58] - SELECT * FROM `PROD_FKF_appmeta`
[2025-10-31 12:15:58] - []
[2025-10-31 12:15:58] - SELECT * FROM `PROD_FKF_userroles` WHERE `defined` = ? ORDER BY `access_level` DESC
[2025-10-31 12:15:58] - [1]
[2025-10-31 12:15:58] -  request-path  api/track
[2025-10-31 12:16:00] - SELECT * FROM `PROD_FKF_appmeta`
[2025-10-31 12:16:00] - []
[2025-10-31 12:16:00] - SELECT * FROM `PROD_FKF_userroles` WHERE `defined` = ? ORDER BY `access_level` DESC
[2025-10-31 12:16:00] - [1]
[2025-10-31 12:16:00] -  request-path  merchant/lines-blomster/checkout/validation
[2025-10-31 12:16:00] - SELECT * FROM `PROD_FKF_appmeta`
[2025-10-31 12:16:00] - []
[2025-10-31 12:16:00] - SELECT * FROM `PROD_FKF_userroles` WHERE `defined` = ? ORDER BY `access_level` DESC
[2025-10-31 12:16:00] - [1]
[2025-10-31 12:16:00] -  request-path  api/track
[2025-10-31 12:16:01] - SELECT * FROM `PROD_FKF_appmeta`
[2025-10-31 12:16:01] - []
[2025-10-31 12:16:01] - SELECT * FROM `PROD_FKF_userroles` WHERE `defined` = ? ORDER BY `access_level` DESC
[2025-10-31 12:16:01] - [1]
[2025-10-31 12:16:01] -  request-path  merchants/lines-blomster/checkout/payment
[2025-10-31 12:16:01] - SELECT * FROM `PROD_FKF_appmeta`
[2025-10-31 12:16:01] - []
[2025-10-31 12:16:01] - SELECT * FROM `PROD_FKF_userroles` WHERE `defined` = ? ORDER BY `access_level` DESC
[2025-10-31 12:16:01] - [1]
[2025-10-31 12:16:01] -  request-path  api/track
[2025-10-31 12:19:43] - SELECT * FROM `PROD_FKF_appmeta`
[2025-10-31 12:19:43] - []
[2025-10-31 12:19:43] - SELECT * FROM `PROD_FKF_userroles` WHERE `defined` = ? ORDER BY `access_level` DESC
[2025-10-31 12:19:43] - [1]
[2025-10-31 12:19:43] -  request-path  merchant/lines-blomster/checkout/validation
[2025-10-31 12:19:44] - SELECT * FROM `PROD_FKF_appmeta`
[2025-10-31 12:19:44] - []
[2025-10-31 12:19:44] - SELECT * FROM `PROD_FKF_userroles` WHERE `defined` = ? ORDER BY `access_level` DESC
[2025-10-31 12:19:44] - [1]
[2025-10-31 12:19:44] -  request-path  api/track
[2025-10-31 12:19:50] - SELECT * FROM `PROD_FKF_appmeta`
[2025-10-31 12:19:50] - []
[2025-10-31 12:19:50] - SELECT * FROM `PROD_FKF_userroles` WHERE `defined` = ? ORDER BY `access_level` DESC
[2025-10-31 12:19:50] - [1]
[2025-10-31 12:19:50] -  request-path  merchant/lines-blomster/checkout/validation
[2025-10-31 12:19:51] - SELECT * FROM `PROD_FKF_appmeta`
[2025-10-31 12:19:51] - []
[2025-10-31 12:19:51] - SELECT * FROM `PROD_FKF_userroles` WHERE `defined` = ? ORDER BY `access_level` DESC
[2025-10-31 12:19:51] - [1]
[2025-10-31 12:19:51] -  request-path  api/track
[2025-10-31 12:20:20] - SELECT * FROM `PROD_FKF_appmeta`
[2025-10-31 12:20:20] - []
[2025-10-31 12:20:20] - SELECT * FROM `PROD_FKF_userroles` WHERE `defined` = ? ORDER BY `access_level` DESC
[2025-10-31 12:20:20] - [1]
[2025-10-31 12:20:20] -  request-path  merchant/lines-blomster/checkout/validation
[2025-10-31 12:20:20] - SELECT * FROM `PROD_FKF_appmeta`
[2025-10-31 12:20:20] - []
[2025-10-31 12:20:20] - SELECT * FROM `PROD_FKF_userroles` WHERE `defined` = ? ORDER BY `access_level` DESC
[2025-10-31 12:20:20] - [1]
[2025-10-31 12:20:20] -  request-path  api/track
[2025-10-31 12:20:52] - SELECT * FROM `PROD_FKF_appmeta`
[2025-10-31 12:20:52] - []
[2025-10-31 12:20:52] - SELECT * FROM `PROD_FKF_userroles` WHERE `defined` = ? ORDER BY `access_level` DESC
[2025-10-31 12:20:52] - [1]
[2025-10-31 12:20:52] -  request-path  merchant/lines-blomster/checkout
[2025-10-31 12:20:53] - SELECT * FROM `PROD_FKF_appmeta`
[2025-10-31 12:20:53] - []
[2025-10-31 12:20:53] - SELECT * FROM `PROD_FKF_userroles` WHERE `defined` = ? ORDER BY `access_level` DESC
[2025-10-31 12:20:53] - [1]
[2025-10-31 12:20:53] -  request-path  api/track
[2025-10-31 12:21:10] - SELECT * FROM `PROD_FKF_appmeta`
[2025-10-31 12:21:10] - []
[2025-10-31 12:21:10] - SELECT * FROM `PROD_FKF_userroles` WHERE `defined` = ? ORDER BY `access_level` DESC
[2025-10-31 12:21:10] - [1]
[2025-10-31 12:21:10] -  request-path  merchant/lines-blomster/checkout/validation
[2025-10-31 12:21:11] - SELECT * FROM `PROD_FKF_appmeta`
[2025-10-31 12:21:11] - []
[2025-10-31 12:21:11] - SELECT * FROM `PROD_FKF_userroles` WHERE `defined` = ? ORDER BY `access_level` DESC
[2025-10-31 12:21:11] - [1]
[2025-10-31 12:21:11] -  request-path  api/track
[2025-10-31 12:21:17] - SELECT * FROM `PROD_FKF_appmeta`
[2025-10-31 12:21:17] - []
[2025-10-31 12:21:17] - SELECT * FROM `PROD_FKF_userroles` WHERE `defined` = ? ORDER BY `access_level` DESC
[2025-10-31 12:21:17] - [1]
[2025-10-31 12:21:17] -  request-path  merchant/lines-blomster/checkout/validation
[2025-10-31 12:21:18] - SELECT * FROM `PROD_FKF_appmeta`
[2025-10-31 12:21:18] - []
[2025-10-31 12:21:18] - SELECT * FROM `PROD_FKF_userroles` WHERE `defined` = ? ORDER BY `access_level` DESC
[2025-10-31 12:21:18] - [1]
[2025-10-31 12:21:18] -  request-path  api/track
[2025-10-31 12:21:23] - SELECT * FROM `PROD_FKF_appmeta`
[2025-10-31 12:21:23] - []
[2025-10-31 12:21:23] - SELECT * FROM `PROD_FKF_userroles` WHERE `defined` = ? ORDER BY `access_level` DESC
[2025-10-31 12:21:23] - [1]
[2025-10-31 12:21:23] -  request-path  merchants/lines-blomster/checkout/payment
[2025-10-31 12:21:23] - SELECT * FROM `PROD_FKF_appmeta`
[2025-10-31 12:21:23] - []
[2025-10-31 12:21:23] - SELECT * FROM `PROD_FKF_userroles` WHERE `defined` = ? ORDER BY `access_level` DESC
[2025-10-31 12:21:23] - [1]
[2025-10-31 12:21:23] -  request-path  api/track
[2025-10-31 12:22:17] - SELECT * FROM `PROD_FKF_appmeta`
[2025-10-31 12:22:17] - []
[2025-10-31 12:22:17] - SELECT * FROM `PROD_FKF_userroles` WHERE `defined` = ? ORDER BY `access_level` DESC
[2025-10-31 12:22:17] - [1]
[2025-10-31 12:22:17] -  request-path  merchants/lines-blomster/checkout/payment
[2025-10-31 12:22:17] - SELECT * FROM `PROD_FKF_appmeta`
[2025-10-31 12:22:17] - []
[2025-10-31 12:22:17] - SELECT * FROM `PROD_FKF_userroles` WHERE `defined` = ? ORDER BY `access_level` DESC
[2025-10-31 12:22:17] - [1]
[2025-10-31 12:22:17] -  request-path  api/track
[2025-10-31 12:22:47] - SELECT * FROM `PROD_FKF_appmeta`
[2025-10-31 12:22:47] - []
[2025-10-31 12:22:47] - SELECT * FROM `PROD_FKF_userroles` WHERE `defined` = ? ORDER BY `access_level` DESC
[2025-10-31 12:22:47] - [1]
[2025-10-31 12:22:47] -  request-path  merchant/lines-blomster/checkout/validation
[2025-10-31 12:22:47] - SELECT * FROM `PROD_FKF_appmeta`
[2025-10-31 12:22:47] - []
[2025-10-31 12:22:47] - SELECT * FROM `PROD_FKF_userroles` WHERE `defined` = ? ORDER BY `access_level` DESC
[2025-10-31 12:22:47] - [1]
[2025-10-31 12:22:47] -  request-path  api/track
[2025-10-31 12:22:48] - SELECT * FROM `PROD_FKF_appmeta`
[2025-10-31 12:22:48] - []
[2025-10-31 12:22:48] - SELECT * FROM `PROD_FKF_userroles` WHERE `defined` = ? ORDER BY `access_level` DESC
[2025-10-31 12:22:48] - [1]
[2025-10-31 12:22:48] -  request-path  merchant/lines-blomster/checkout/payment
[2025-10-31 12:22:48] - SELECT * FROM `PROD_FKF_appmeta`
[2025-10-31 12:22:48] - []
[2025-10-31 12:22:48] - SELECT * FROM `PROD_FKF_userroles` WHERE `defined` = ? ORDER BY `access_level` DESC
[2025-10-31 12:22:48] - [1]
[2025-10-31 12:22:48] -  request-path  api/track
[2025-10-31 12:27:39] - SELECT * FROM `PROD_FKF_appmeta`
[2025-10-31 12:27:39] - []
[2025-10-31 12:27:39] - SELECT * FROM `PROD_FKF_userroles` WHERE `defined` = ? ORDER BY `access_level` DESC
[2025-10-31 12:27:39] - [1]
[2025-10-31 12:27:39] -  request-path  merchant/lines-blomster/checkout/payment
[2025-10-31 12:27:39] - SELECT * FROM `PROD_FKF_appmeta`
[2025-10-31 12:27:39] - []
[2025-10-31 12:27:39] - SELECT * FROM `PROD_FKF_userroles` WHERE `defined` = ? ORDER BY `access_level` DESC
[2025-10-31 12:27:39] - [1]
[2025-10-31 12:27:39] -  request-path  api/track
[2025-10-31 12:28:47] - SELECT * FROM `PROD_FKF_appmeta`
[2025-10-31 12:28:47] - []
[2025-10-31 12:28:47] - SELECT * FROM `PROD_FKF_userroles` WHERE `defined` = ? ORDER BY `access_level` DESC
[2025-10-31 12:28:47] - [1]
[2025-10-31 12:28:47] -  request-path  merchant/lines-blomster/checkout/payment
[2025-10-31 12:28:48] - SELECT * FROM `PROD_FKF_appmeta`
[2025-10-31 12:28:48] - []
[2025-10-31 12:28:48] - SELECT * FROM `PROD_FKF_userroles` WHERE `defined` = ? ORDER BY `access_level` DESC
[2025-10-31 12:28:48] - [1]
[2025-10-31 12:28:48] -  request-path  api/track
[2025-10-31 12:29:23] - SELECT * FROM `PROD_FKF_appmeta`
[2025-10-31 12:29:23] - []
[2025-10-31 12:29:23] - SELECT * FROM `PROD_FKF_userroles` WHERE `defined` = ? ORDER BY `access_level` DESC
[2025-10-31 12:29:23] - [1]
[2025-10-31 12:29:23] -  request-path  merchant/lines-blomster/checkout/payment
[2025-10-31 12:29:23] - SELECT * FROM `PROD_FKF_appmeta`
[2025-10-31 12:29:23] - []
[2025-10-31 12:29:23] - SELECT * FROM `PROD_FKF_userroles` WHERE `defined` = ? ORDER BY `access_level` DESC
[2025-10-31 12:29:23] - [1]
[2025-10-31 12:29:23] -  request-path  api/track
[2025-10-31 12:29:55] - SELECT * FROM `PROD_FKF_appmeta`
[2025-10-31 12:29:55] - []
[2025-10-31 12:29:55] - SELECT * FROM `PROD_FKF_userroles` WHERE `defined` = ? ORDER BY `access_level` DESC
[2025-10-31 12:29:55] - [1]
[2025-10-31 12:29:55] -  request-path  viva-test
[2025-10-31 12:29:55] - SELECT * FROM `PROD_FKF_appmeta`
[2025-10-31 12:29:55] - []
[2025-10-31 12:29:55] - SELECT * FROM `PROD_FKF_userroles` WHERE `defined` = ? ORDER BY `access_level` DESC
[2025-10-31 12:29:55] - [1]
[2025-10-31 12:29:55] -  request-path  api/track
[2025-10-31 12:52:32] - SELECT * FROM `PROD_FKF_appmeta`
[2025-10-31 12:52:32] - []
[2025-10-31 12:52:32] - SELECT * FROM `PROD_FKF_userroles` WHERE `defined` = ? ORDER BY `access_level` DESC
[2025-10-31 12:52:32] - [1]
[2025-10-31 12:52:32] -  request-path  viva-test
[2025-10-31 12:52:33] - SELECT * FROM `PROD_FKF_appmeta`
[2025-10-31 12:52:33] - []
[2025-10-31 12:52:33] - SELECT * FROM `PROD_FKF_userroles` WHERE `defined` = ? ORDER BY `access_level` DESC
[2025-10-31 12:52:33] - [1]
[2025-10-31 12:52:33] -  request-path  api/track
[2025-10-31 12:54:55] - SELECT * FROM `PROD_FKF_appmeta`
[2025-10-31 12:54:55] - []
[2025-10-31 12:54:55] - SELECT * FROM `PROD_FKF_userroles` WHERE `defined` = ? ORDER BY `access_level` DESC
[2025-10-31 12:54:55] - [1]
[2025-10-31 12:54:55] -  request-path  viva-test
[2025-10-31 12:54:56] - SELECT * FROM `PROD_FKF_appmeta`
[2025-10-31 12:54:56] - []
[2025-10-31 12:54:56] - SELECT * FROM `PROD_FKF_userroles` WHERE `defined` = ? ORDER BY `access_level` DESC
[2025-10-31 12:54:56] - [1]
[2025-10-31 12:54:56] -  request-path  api/track
[2025-10-31 12:56:39] - SELECT * FROM `PROD_FKF_appmeta`
[2025-10-31 12:56:39] - []
[2025-10-31 12:56:39] - SELECT * FROM `PROD_FKF_userroles` WHERE `defined` = ? ORDER BY `access_level` DESC
[2025-10-31 12:56:39] - [1]
[2025-10-31 12:56:39] -  request-path  viva-test
[2025-10-31 12:56:39] - SELECT * FROM `PROD_FKF_appmeta`
[2025-10-31 12:56:39] - []
[2025-10-31 12:56:39] - SELECT * FROM `PROD_FKF_userroles` WHERE `defined` = ? ORDER BY `access_level` DESC
[2025-10-31 12:56:39] - [1]
[2025-10-31 12:56:39] -  request-path  api/track
[2025-10-31 13:06:14] - SELECT * FROM `PROD_FKF_appmeta`
[2025-10-31 13:06:14] - []
[2025-10-31 13:06:14] - SELECT * FROM `PROD_FKF_userroles` WHERE `defined` = ? ORDER BY `access_level` DESC
[2025-10-31 13:06:14] - [1]
[2025-10-31 13:06:14] -  request-path  viva-test
[2025-10-31 13:06:14] - SELECT * FROM `PROD_FKF_appmeta`
[2025-10-31 13:06:14] - []
[2025-10-31 13:06:14] - SELECT * FROM `PROD_FKF_userroles` WHERE `defined` = ? ORDER BY `access_level` DESC
[2025-10-31 13:06:14] - [1]
[2025-10-31 13:06:14] -  request-path  api/track
[2025-10-31 13:15:02] - SELECT * FROM `PROD_FKF_appmeta`
[2025-10-31 13:15:02] - []
[2025-10-31 13:15:02] - SELECT * FROM `PROD_FKF_userroles` WHERE `defined` = ? ORDER BY `access_level` DESC
[2025-10-31 13:15:02] - [1]
[2025-10-31 13:15:02] -  request-path  merchant/lines-blomster/checkout
[2025-10-31 13:15:03] - SELECT * FROM `PROD_FKF_appmeta`
[2025-10-31 13:15:03] - []
[2025-10-31 13:15:03] - SELECT * FROM `PROD_FKF_userroles` WHERE `defined` = ? ORDER BY `access_level` DESC
[2025-10-31 13:15:03] - [1]
[2025-10-31 13:15:03] -  request-path  api/track
[2025-10-31 13:15:23] - SELECT * FROM `PROD_FKF_appmeta`
[2025-10-31 13:15:23] - []
[2025-10-31 13:15:23] - SELECT * FROM `PROD_FKF_userroles` WHERE `defined` = ? ORDER BY `access_level` DESC
[2025-10-31 13:15:23] - [1]
[2025-10-31 13:15:23] -  request-path  merchant/lines-blomster/checkout/validation
[2025-10-31 13:15:24] - SELECT * FROM `PROD_FKF_appmeta`
[2025-10-31 13:15:24] - []
[2025-10-31 13:15:24] - SELECT * FROM `PROD_FKF_userroles` WHERE `defined` = ? ORDER BY `access_level` DESC
[2025-10-31 13:15:24] - [1]
[2025-10-31 13:15:24] -  request-path  api/track
[2025-10-31 13:15:32] - SELECT * FROM `PROD_FKF_appmeta`
[2025-10-31 13:15:32] - []
[2025-10-31 13:15:32] - SELECT * FROM `PROD_FKF_userroles` WHERE `defined` = ? ORDER BY `access_level` DESC
[2025-10-31 13:15:32] - [1]
[2025-10-31 13:15:32] -  request-path  merchant/lines-blomster/checkout/payment
[2025-10-31 13:15:33] - SELECT * FROM `PROD_FKF_appmeta`
[2025-10-31 13:15:33] - []
[2025-10-31 13:15:33] - SELECT * FROM `PROD_FKF_userroles` WHERE `defined` = ? ORDER BY `access_level` DESC
[2025-10-31 13:15:33] - [1]
[2025-10-31 13:15:33] -  request-path  https://demo.vivapayments.com/web/checkout
[2025-10-31 13:15:33] - SELECT * FROM `PROD_FKF_appmeta`
[2025-10-31 13:15:33] - []
[2025-10-31 13:15:33] - SELECT * FROM `PROD_FKF_userroles` WHERE `defined` = ? ORDER BY `access_level` DESC
[2025-10-31 13:15:33] - [1]
[2025-10-31 13:15:33] -  request-path  api/track
[2025-10-31 13:16:46] - SELECT * FROM `PROD_FKF_appmeta`
[2025-10-31 13:16:46] - []
[2025-10-31 13:16:46] - SELECT * FROM `PROD_FKF_userroles` WHERE `defined` = ? ORDER BY `access_level` DESC
[2025-10-31 13:16:46] - [1]
[2025-10-31 13:16:46] -  request-path  merchant/lines-blomster/checkout/validation
[2025-10-31 13:16:46] - SELECT * FROM `PROD_FKF_appmeta`
[2025-10-31 13:16:46] - []
[2025-10-31 13:16:46] - SELECT * FROM `PROD_FKF_userroles` WHERE `defined` = ? ORDER BY `access_level` DESC
[2025-10-31 13:16:46] - [1]
[2025-10-31 13:16:46] -  request-path  api/track
[2025-10-31 13:16:47] - SELECT * FROM `PROD_FKF_appmeta`
[2025-10-31 13:16:47] - []
[2025-10-31 13:16:47] - SELECT * FROM `PROD_FKF_userroles` WHERE `defined` = ? ORDER BY `access_level` DESC
[2025-10-31 13:16:47] - [1]
[2025-10-31 13:16:47] -  request-path  merchant/lines-blomster/checkout/payment
[2025-10-31 13:17:03] - SELECT * FROM `PROD_FKF_appmeta`
[2025-10-31 13:17:03] - []
[2025-10-31 13:17:03] - SELECT * FROM `PROD_FKF_userroles` WHERE `defined` = ? ORDER BY `access_level` DESC
[2025-10-31 13:17:03] - [1]
[2025-10-31 13:17:03] -  request-path  merchant/lines-blomster/checkout/validation
[2025-10-31 13:17:04] - SELECT * FROM `PROD_FKF_appmeta`
[2025-10-31 13:17:04] - []
[2025-10-31 13:17:04] - SELECT * FROM `PROD_FKF_userroles` WHERE `defined` = ? ORDER BY `access_level` DESC
[2025-10-31 13:17:04] - [1]
[2025-10-31 13:17:04] -  request-path  api/track
[2025-10-31 13:17:07] - SELECT * FROM `PROD_FKF_appmeta`
[2025-10-31 13:17:07] - []
[2025-10-31 13:17:07] - SELECT * FROM `PROD_FKF_userroles` WHERE `defined` = ? ORDER BY `access_level` DESC
[2025-10-31 13:17:07] - [1]
[2025-10-31 13:17:07] -  request-path  merchant/lines-blomster/checkout
[2025-10-31 13:17:07] - SELECT * FROM `PROD_FKF_appmeta`
[2025-10-31 13:17:07] - []
[2025-10-31 13:17:07] - SELECT * FROM `PROD_FKF_userroles` WHERE `defined` = ? ORDER BY `access_level` DESC
[2025-10-31 13:17:07] - [1]
[2025-10-31 13:17:07] -  request-path  api/track
[2025-10-31 13:17:29] - SELECT * FROM `PROD_FKF_appmeta`
[2025-10-31 13:17:29] - []
[2025-10-31 13:17:29] - SELECT * FROM `PROD_FKF_userroles` WHERE `defined` = ? ORDER BY `access_level` DESC
[2025-10-31 13:17:29] - [1]
[2025-10-31 13:17:29] -  request-path  merchant/lines-blomster/checkout
[2025-10-31 13:17:30] - SELECT * FROM `PROD_FKF_appmeta`
[2025-10-31 13:17:30] - []
[2025-10-31 13:17:30] - SELECT * FROM `PROD_FKF_userroles` WHERE `defined` = ? ORDER BY `access_level` DESC
[2025-10-31 13:17:30] - [1]
[2025-10-31 13:17:30] -  request-path  api/track
[2025-10-31 13:17:50] - SELECT * FROM `PROD_FKF_appmeta`
[2025-10-31 13:17:50] - []
[2025-10-31 13:17:50] - SELECT * FROM `PROD_FKF_userroles` WHERE `defined` = ? ORDER BY `access_level` DESC
[2025-10-31 13:17:50] - [1]
[2025-10-31 13:17:50] -  request-path  merchant/lines-blomster/checkout/validation
[2025-10-31 13:17:50] - SELECT * FROM `PROD_FKF_appmeta`
[2025-10-31 13:17:50] - []
[2025-10-31 13:17:50] - SELECT * FROM `PROD_FKF_userroles` WHERE `defined` = ? ORDER BY `access_level` DESC
[2025-10-31 13:17:50] - [1]
[2025-10-31 13:17:50] -  request-path  api/track
[2025-10-31 13:17:56] - SELECT * FROM `PROD_FKF_appmeta`
[2025-10-31 13:17:56] - []
[2025-10-31 13:17:56] - SELECT * FROM `PROD_FKF_userroles` WHERE `defined` = ? ORDER BY `access_level` DESC
[2025-10-31 13:17:56] - [1]
[2025-10-31 13:17:56] -  request-path  merchant/lines-blomster/checkout/payment
[2025-10-31 13:20:10] - SELECT * FROM `PROD_FKF_appmeta`
[2025-10-31 13:20:10] - []
[2025-10-31 13:20:10] - SELECT * FROM `PROD_FKF_userroles` WHERE `defined` = ? ORDER BY `access_level` DESC
[2025-10-31 13:20:10] - [1]
[2025-10-31 13:20:10] -  request-path  viva-test
[2025-10-31 13:20:10] - SELECT * FROM `PROD_FKF_appmeta`
[2025-10-31 13:20:10] - []
[2025-10-31 13:20:10] - SELECT * FROM `PROD_FKF_userroles` WHERE `defined` = ? ORDER BY `access_level` DESC
[2025-10-31 13:20:10] - [1]
[2025-10-31 13:20:10] -  request-path  api/track
[2025-10-31 13:22:09] - SELECT * FROM `PROD_FKF_appmeta`
[2025-10-31 13:22:09] - []
[2025-10-31 13:22:09] - SELECT * FROM `PROD_FKF_userroles` WHERE `defined` = ? ORDER BY `access_level` DESC
[2025-10-31 13:22:09] - [1]
[2025-10-31 13:22:09] -  request-path  viva-test
[2025-10-31 13:22:09] - SELECT * FROM `PROD_FKF_appmeta`
[2025-10-31 13:22:09] - []
[2025-10-31 13:22:09] - SELECT * FROM `PROD_FKF_userroles` WHERE `defined` = ? ORDER BY `access_level` DESC
[2025-10-31 13:22:09] - [1]
[2025-10-31 13:22:09] -  request-path  api/track
[2025-10-31 14:42:17] - SELECT * FROM `PROD_FKF_appmeta`
[2025-10-31 14:42:17] - []
[2025-10-31 14:42:17] - SELECT * FROM `PROD_FKF_userroles` WHERE `defined` = ? ORDER BY `access_level` DESC
[2025-10-31 14:42:17] - [1]
[2025-10-31 14:42:17] -  request-path  merchant/lines-blomster/checkout
[2025-10-31 14:42:18] - SELECT * FROM `PROD_FKF_appmeta`
[2025-10-31 14:42:18] - []
[2025-10-31 14:42:18] - SELECT * FROM `PROD_FKF_userroles` WHERE `defined` = ? ORDER BY `access_level` DESC
[2025-10-31 14:42:18] - [1]
[2025-10-31 14:42:18] -  request-path  api/track
[2025-10-31 14:43:40] - SELECT * FROM `PROD_FKF_appmeta`
[2025-10-31 14:43:40] - []
[2025-10-31 14:43:40] - SELECT * FROM `PROD_FKF_userroles` WHERE `defined` = ? ORDER BY `access_level` DESC
[2025-10-31 14:43:40] - [1]
[2025-10-31 14:43:40] -  request-path  merchant/lines-blomster/checkout
[2025-10-31 14:43:40] - SELECT * FROM `PROD_FKF_appmeta`
[2025-10-31 14:43:40] - []
[2025-10-31 14:43:40] - SELECT * FROM `PROD_FKF_userroles` WHERE `defined` = ? ORDER BY `access_level` DESC
[2025-10-31 14:43:40] - [1]
[2025-10-31 14:43:40] -  request-path  api/track
[2025-10-31 14:44:03] - SELECT * FROM `PROD_FKF_appmeta`
[2025-10-31 14:44:03] - []
[2025-10-31 14:44:03] - SELECT * FROM `PROD_FKF_userroles` WHERE `defined` = ? ORDER BY `access_level` DESC
[2025-10-31 14:44:03] - [1]
[2025-10-31 14:44:03] -  request-path  merchant/lines-blomster/checkout/validation
[2025-10-31 14:44:03] - SELECT * FROM `PROD_FKF_appmeta`
[2025-10-31 14:44:03] - []
[2025-10-31 14:44:03] - SELECT * FROM `PROD_FKF_userroles` WHERE `defined` = ? ORDER BY `access_level` DESC
[2025-10-31 14:44:03] - [1]
[2025-10-31 14:44:03] -  request-path  api/track
[2025-10-31 14:44:06] - SELECT * FROM `PROD_FKF_appmeta`
[2025-10-31 14:44:06] - []
[2025-10-31 14:44:06] - SELECT * FROM `PROD_FKF_userroles` WHERE `defined` = ? ORDER BY `access_level` DESC
[2025-10-31 14:44:06] - [1]
[2025-10-31 14:44:06] -  request-path  merchant/lines-blomster/checkout/payment
[2025-10-31 15:16:04] - SELECT * FROM `PROD_FKF_appmeta`
[2025-10-31 15:16:04] - []
[2025-10-31 15:16:04] - SELECT * FROM `PROD_FKF_userroles` WHERE `defined` = ? ORDER BY `access_level` DESC
[2025-10-31 15:16:04] - [1]
[2025-10-31 15:16:04] -  request-path  merchant/lines-blomster/checkout
[2025-10-31 15:16:05] - SELECT * FROM `PROD_FKF_appmeta`
[2025-10-31 15:16:05] - []
[2025-10-31 15:16:05] - SELECT * FROM `PROD_FKF_userroles` WHERE `defined` = ? ORDER BY `access_level` DESC
[2025-10-31 15:16:05] - [1]
[2025-10-31 15:16:05] -  request-path  api/track
[2025-10-31 15:16:47] - SELECT * FROM `PROD_FKF_appmeta`
[2025-10-31 15:16:47] - []
[2025-10-31 15:16:47] - SELECT * FROM `PROD_FKF_userroles` WHERE `defined` = ? ORDER BY `access_level` DESC
[2025-10-31 15:16:47] - [1]
[2025-10-31 15:16:47] -  request-path  merchant/lines-blomster/checkout/validation
[2025-10-31 15:16:47] - SELECT * FROM `PROD_FKF_appmeta`
[2025-10-31 15:16:47] - []
[2025-10-31 15:16:47] - SELECT * FROM `PROD_FKF_userroles` WHERE `defined` = ? ORDER BY `access_level` DESC
[2025-10-31 15:16:47] - [1]
[2025-10-31 15:16:47] -  request-path  api/track
[2025-10-31 15:17:13] - SELECT * FROM `PROD_FKF_appmeta`
[2025-10-31 15:17:13] - []
[2025-10-31 15:17:13] - SELECT * FROM `PROD_FKF_userroles` WHERE `defined` = ? ORDER BY `access_level` DESC
[2025-10-31 15:17:13] - [1]
[2025-10-31 15:17:13] -  request-path  merchant/lines-blomster/checkout/payment
