[2025-12-01 13:23:11] -  Sql count, `PROD_FKF_oidcsessions`  SQLSTATE[42S02]: Base table or view not found: 1146 Table 'weepay.prod_fkf_oidcsessions' doesn't exist  -   #0 /Users/admiralshoi/Sites/weepay/Database/QueryBuilder.php(505): PDOStatement->execute(Array)
#1 /Users/admiralshoi/Sites/weepay/Database/QueryBuilder.php(564): Database\QueryBuilder->count()
#2 /Users/admiralshoi/Sites/weepay/classes/utility/Crud.php(119): Database\QueryBuilder->exists()
#3 /Users/admiralshoi/Sites/weepay/classes/utility/Crud.php(126): classes\utility\Crud->exists(Array)
#4 /Users/admiralshoi/Sites/weepay/classes/auth/OidcHandler.php(97): classes\utility\Crud->create(Array)
#5 /Users/admiralshoi/Sites/weepay/classes/auth/OidcHandler.php(60): classes\auth\OidcHandler->insert('authenticate', NULL, Array, 1764591791, 'DRAFT', 'mitid')
#6 /Users/admiralshoi/Sites/weepay/routing/routes/flows/purchase/CustomerPageController.php(27): classes\auth\OidcHandler->setSession('authenticate', Array)
#7 [internal function]: routing\routes\flows\purchase\CustomerPageController::start(Array)
#8 /Users/admiralshoi/Sites/weepay/routing/Routes.php(192): call_user_func('routing\\routes\\...', Array)
#9 /Users/admiralshoi/Sites/weepay/routing/Routes.php(110): routing\Routes::returnMethod('routing\\routes\\...', 'start', Array)
#10 /Users/admiralshoi/Sites/weepay/routing/web.php(476): routing\Routes::dispatch()
#11 /Users/admiralshoi/Sites/weepay/index.php(13): require_once('/Users/admirals...')
#12 {main}
[2025-12-01 13:23:11] -  Sql insert, `PROD_FKF_oidcsessions`  SQLSTATE[42S02]: Base table or view not found: 1146 Table 'weepay.prod_fkf_oidcsessions' doesn't exist  -   #0 /Users/admiralshoi/Sites/weepay/Database/QueryBuilder.php(323): PDOStatement->execute(Array)
#1 /Users/admiralshoi/Sites/weepay/Database/Model.php(103): Database\QueryBuilder->insert(Array)
#2 /Users/admiralshoi/Sites/weepay/classes/utility/Crud.php(134): Database\Model::__callStatic('insert', Array)
#3 /Users/admiralshoi/Sites/weepay/classes/auth/OidcHandler.php(97): classes\utility\Crud->create(Array)
#4 /Users/admiralshoi/Sites/weepay/classes/auth/OidcHandler.php(60): classes\auth\OidcHandler->insert('authenticate', NULL, Array, 1764591791, 'DRAFT', 'mitid')
#5 /Users/admiralshoi/Sites/weepay/routing/routes/flows/purchase/CustomerPageController.php(27): classes\auth\OidcHandler->setSession('authenticate', Array)
#6 [internal function]: routing\routes\flows\purchase\CustomerPageController::start(Array)
#7 /Users/admiralshoi/Sites/weepay/routing/Routes.php(192): call_user_func('routing\\routes\\...', Array)
#8 /Users/admiralshoi/Sites/weepay/routing/Routes.php(110): routing\Routes::returnMethod('routing\\routes\\...', 'start', Array)
#9 /Users/admiralshoi/Sites/weepay/routing/web.php(476): routing\Routes::dispatch()
#10 /Users/admiralshoi/Sites/weepay/index.php(13): require_once('/Users/admirals...')
#11 {main}
