[2025-12-11 14:27:07] -  viva-failed-payment-creation  {"status":"error","errors":[{"message":"Http code 404 returned","error_code":404,"data":"{\"status\":404,\"message\":\"Merchant not found\",\"eventId\":\"2\"}"}]}
[2025-12-11 14:28:48] -  viva-failed-payment-creation  {"status":"error","errors":[{"message":"Http code 404 returned","error_code":404,"data":"{\"status\":404,\"message\":\"Merchant not found\",\"eventId\":\"2\"}"}]}
[2025-12-11 14:32:11] -  viva-failed-payment-creation  {"status":"error","errors":[{"message":"Http code 404 returned","error_code":404,"data":"{\"status\":404,\"message\":\"Merchant not found\",\"eventId\":\"2\"}"}]}
[2025-12-11 17:08:28] -  Sql insert, `PROD_FKF_oidcsessions`  SQLSTATE[01000]: Warning: 1265 Data truncated for column 'reason' at row 1  -   #0 /Users/admiralshoi/Sites/weepay/Database/QueryBuilder.php(332): PDOStatement->execute(Array)
#1 /Users/admiralshoi/Sites/weepay/Database/Model.php(103): Database\QueryBuilder->insert(Array)
#2 /Users/admiralshoi/Sites/weepay/classes/utility/Crud.php(134): Database\Model::__callStatic('insert', Array)
#3 /Users/admiralshoi/Sites/weepay/classes/auth/OidcSessionHandler.php(110): classes\utility\Crud->create(Array)
#4 /Users/admiralshoi/Sites/weepay/classes/auth/OidcSessionHandler.php(72): classes\auth\OidcSessionHandler->insert('consumer_login', NULL, 3129231999, Array, 1765469608, 'DRAFT', 'mitid')
#5 /Users/admiralshoi/Sites/weepay/routing/routes/auth/PageController.php(27): classes\auth\OidcSessionHandler->setSession('consumer_login', Array, 3129231999)
#6 [internal function]: routing\routes\auth\PageController::consumerDashboardLogin(Array)
#7 /Users/admiralshoi/Sites/weepay/routing/Routes.php(203): call_user_func('routing\\routes\\...', Array)
#8 /Users/admiralshoi/Sites/weepay/routing/Routes.php(114): routing\Routes::returnMethod('routing\\routes\\...', 'consumerDashboa...', Array)
#9 /Users/admiralshoi/Sites/weepay/routing/web.php(547): routing\Routes::dispatch()
#10 /Users/admiralshoi/Sites/weepay/index.php(14): require_once('/Users/admirals...')
#11 {main}
[2025-12-11 17:08:33] -  Sql insert, `PROD_FKF_oidcsessions`  SQLSTATE[01000]: Warning: 1265 Data truncated for column 'reason' at row 1  -   #0 /Users/admiralshoi/Sites/weepay/Database/QueryBuilder.php(332): PDOStatement->execute(Array)
#1 /Users/admiralshoi/Sites/weepay/Database/Model.php(103): Database\QueryBuilder->insert(Array)
#2 /Users/admiralshoi/Sites/weepay/classes/utility/Crud.php(134): Database\Model::__callStatic('insert', Array)
#3 /Users/admiralshoi/Sites/weepay/classes/auth/OidcSessionHandler.php(110): classes\utility\Crud->create(Array)
#4 /Users/admiralshoi/Sites/weepay/classes/auth/OidcSessionHandler.php(72): classes\auth\OidcSessionHandler->insert('consumer_login', NULL, 3129231999, Array, 1765469613, 'DRAFT', 'mitid')
#5 /Users/admiralshoi/Sites/weepay/routing/routes/auth/PageController.php(27): classes\auth\OidcSessionHandler->setSession('consumer_login', Array, 3129231999)
#6 [internal function]: routing\routes\auth\PageController::consumerDashboardLogin(Array)
#7 /Users/admiralshoi/Sites/weepay/routing/Routes.php(203): call_user_func('routing\\routes\\...', Array)
#8 /Users/admiralshoi/Sites/weepay/routing/Routes.php(114): routing\Routes::returnMethod('routing\\routes\\...', 'consumerDashboa...', Array)
#9 /Users/admiralshoi/Sites/weepay/routing/web.php(547): routing\Routes::dispatch()
#10 /Users/admiralshoi/Sites/weepay/index.php(14): require_once('/Users/admirals...')
#11 {main}
[2025-12-11 17:08:34] -  Sql insert, `PROD_FKF_oidcsessions`  SQLSTATE[01000]: Warning: 1265 Data truncated for column 'reason' at row 1  -   #0 /Users/admiralshoi/Sites/weepay/Database/QueryBuilder.php(332): PDOStatement->execute(Array)
#1 /Users/admiralshoi/Sites/weepay/Database/Model.php(103): Database\QueryBuilder->insert(Array)
#2 /Users/admiralshoi/Sites/weepay/classes/utility/Crud.php(134): Database\Model::__callStatic('insert', Array)
#3 /Users/admiralshoi/Sites/weepay/classes/auth/OidcSessionHandler.php(110): classes\utility\Crud->create(Array)
#4 /Users/admiralshoi/Sites/weepay/classes/auth/OidcSessionHandler.php(72): classes\auth\OidcSessionHandler->insert('consumer_signup', NULL, 1117391526, Array, 1765469614, 'DRAFT', 'mitid')
#5 /Users/admiralshoi/Sites/weepay/routing/routes/auth/PageController.php(46): classes\auth\OidcSessionHandler->setSession('consumer_signup', Array, 1117391526)
#6 [internal function]: routing\routes\auth\PageController::consumerDashboardSignup(Array)
#7 /Users/admiralshoi/Sites/weepay/routing/Routes.php(203): call_user_func('routing\\routes\\...', Array)
#8 /Users/admiralshoi/Sites/weepay/routing/Routes.php(114): routing\Routes::returnMethod('routing\\routes\\...', 'consumerDashboa...', Array)
#9 /Users/admiralshoi/Sites/weepay/routing/web.php(547): routing\Routes::dispatch()
#10 /Users/admiralshoi/Sites/weepay/index.php(14): require_once('/Users/admirals...')
#11 {main}
[2025-12-11 17:08:36] -  Sql insert, `PROD_FKF_oidcsessions`  SQLSTATE[01000]: Warning: 1265 Data truncated for column 'reason' at row 1  -   #0 /Users/admiralshoi/Sites/weepay/Database/QueryBuilder.php(332): PDOStatement->execute(Array)
#1 /Users/admiralshoi/Sites/weepay/Database/Model.php(103): Database\QueryBuilder->insert(Array)
#2 /Users/admiralshoi/Sites/weepay/classes/utility/Crud.php(134): Database\Model::__callStatic('insert', Array)
#3 /Users/admiralshoi/Sites/weepay/classes/auth/OidcSessionHandler.php(110): classes\utility\Crud->create(Array)
#4 /Users/admiralshoi/Sites/weepay/classes/auth/OidcSessionHandler.php(72): classes\auth\OidcSessionHandler->insert('consumer_login', NULL, 3129231999, Array, 1765469616, 'DRAFT', 'mitid')
#5 /Users/admiralshoi/Sites/weepay/routing/routes/auth/PageController.php(27): classes\auth\OidcSessionHandler->setSession('consumer_login', Array, 3129231999)
#6 [internal function]: routing\routes\auth\PageController::consumerDashboardLogin(Array)
#7 /Users/admiralshoi/Sites/weepay/routing/Routes.php(203): call_user_func('routing\\routes\\...', Array)
#8 /Users/admiralshoi/Sites/weepay/routing/Routes.php(114): routing\Routes::returnMethod('routing\\routes\\...', 'consumerDashboa...', Array)
#9 /Users/admiralshoi/Sites/weepay/routing/web.php(547): routing\Routes::dispatch()
#10 /Users/admiralshoi/Sites/weepay/index.php(14): require_once('/Users/admirals...')
#11 {main}
[2025-12-11 17:08:38] -  Sql insert, `PROD_FKF_oidcsessions`  SQLSTATE[01000]: Warning: 1265 Data truncated for column 'reason' at row 1  -   #0 /Users/admiralshoi/Sites/weepay/Database/QueryBuilder.php(332): PDOStatement->execute(Array)
#1 /Users/admiralshoi/Sites/weepay/Database/Model.php(103): Database\QueryBuilder->insert(Array)
#2 /Users/admiralshoi/Sites/weepay/classes/utility/Crud.php(134): Database\Model::__callStatic('insert', Array)
#3 /Users/admiralshoi/Sites/weepay/classes/auth/OidcSessionHandler.php(110): classes\utility\Crud->create(Array)
#4 /Users/admiralshoi/Sites/weepay/classes/auth/OidcSessionHandler.php(72): classes\auth\OidcSessionHandler->insert('consumer_login', NULL, 3129231999, Array, 1765469618, 'DRAFT', 'mitid')
#5 /Users/admiralshoi/Sites/weepay/routing/routes/auth/PageController.php(27): classes\auth\OidcSessionHandler->setSession('consumer_login', Array, 3129231999)
#6 [internal function]: routing\routes\auth\PageController::consumerDashboardLogin(Array)
#7 /Users/admiralshoi/Sites/weepay/routing/Routes.php(203): call_user_func('routing\\routes\\...', Array)
#8 /Users/admiralshoi/Sites/weepay/routing/Routes.php(114): routing\Routes::returnMethod('routing\\routes\\...', 'consumerDashboa...', Array)
#9 /Users/admiralshoi/Sites/weepay/routing/web.php(547): routing\Routes::dispatch()
#10 /Users/admiralshoi/Sites/weepay/index.php(14): require_once('/Users/admirals...')
#11 {main}
[2025-12-11 17:12:31] -  Sql insert, `PROD_FKF_oidcsessions`  SQLSTATE[01000]: Warning: 1265 Data truncated for column 'reason' at row 1  -   #0 /Users/admiralshoi/Sites/weepay/Database/QueryBuilder.php(332): PDOStatement->execute(Array)
#1 /Users/admiralshoi/Sites/weepay/Database/Model.php(103): Database\QueryBuilder->insert(Array)
#2 /Users/admiralshoi/Sites/weepay/classes/utility/Crud.php(134): Database\Model::__callStatic('insert', Array)
#3 /Users/admiralshoi/Sites/weepay/classes/auth/OidcSessionHandler.php(110): classes\utility\Crud->create(Array)
#4 /Users/admiralshoi/Sites/weepay/classes/auth/OidcSessionHandler.php(72): classes\auth\OidcSessionHandler->insert('consumer_login', NULL, 3129231999, Array, 1765469851, 'DRAFT', 'mitid')
#5 /Users/admiralshoi/Sites/weepay/routing/routes/auth/PageController.php(27): classes\auth\OidcSessionHandler->setSession('consumer_login', Array, 3129231999)
#6 [internal function]: routing\routes\auth\PageController::consumerDashboardLogin(Array)
#7 /Users/admiralshoi/Sites/weepay/routing/Routes.php(203): call_user_func('routing\\routes\\...', Array)
#8 /Users/admiralshoi/Sites/weepay/routing/Routes.php(114): routing\Routes::returnMethod('routing\\routes\\...', 'consumerDashboa...', Array)
#9 /Users/admiralshoi/Sites/weepay/routing/web.php(547): routing\Routes::dispatch()
#10 /Users/admiralshoi/Sites/weepay/index.php(14): require_once('/Users/admirals...')
#11 {main}
[2025-12-11 17:12:38] -  Sql insert, `PROD_FKF_oidcsessions`  SQLSTATE[01000]: Warning: 1265 Data truncated for column 'reason' at row 1  -   #0 /Users/admiralshoi/Sites/weepay/Database/QueryBuilder.php(332): PDOStatement->execute(Array)
#1 /Users/admiralshoi/Sites/weepay/Database/Model.php(103): Database\QueryBuilder->insert(Array)
#2 /Users/admiralshoi/Sites/weepay/classes/utility/Crud.php(134): Database\Model::__callStatic('insert', Array)
#3 /Users/admiralshoi/Sites/weepay/classes/auth/OidcSessionHandler.php(110): classes\utility\Crud->create(Array)
#4 /Users/admiralshoi/Sites/weepay/classes/auth/OidcSessionHandler.php(72): classes\auth\OidcSessionHandler->insert('consumer_login', NULL, 3129231999, Array, 1765469858, 'DRAFT', 'mitid')
#5 /Users/admiralshoi/Sites/weepay/routing/routes/auth/PageController.php(27): classes\auth\OidcSessionHandler->setSession('consumer_login', Array, 3129231999)
#6 [internal function]: routing\routes\auth\PageController::consumerDashboardLogin(Array)
#7 /Users/admiralshoi/Sites/weepay/routing/Routes.php(203): call_user_func('routing\\routes\\...', Array)
#8 /Users/admiralshoi/Sites/weepay/routing/Routes.php(114): routing\Routes::returnMethod('routing\\routes\\...', 'consumerDashboa...', Array)
#9 /Users/admiralshoi/Sites/weepay/routing/web.php(547): routing\Routes::dispatch()
#10 /Users/admiralshoi/Sites/weepay/index.php(14): require_once('/Users/admirals...')
#11 {main}
[2025-12-11 17:15:55] -  Sql insert, `PROD_FKF_oidcsessions`  SQLSTATE[01000]: Warning: 1265 Data truncated for column 'reason' at row 1  -   #0 /Users/admiralshoi/Sites/weepay/Database/QueryBuilder.php(332): PDOStatement->execute(Array)
#1 /Users/admiralshoi/Sites/weepay/Database/Model.php(103): Database\QueryBuilder->insert(Array)
#2 /Users/admiralshoi/Sites/weepay/classes/utility/Crud.php(134): Database\Model::__callStatic('insert', Array)
#3 /Users/admiralshoi/Sites/weepay/classes/auth/OidcSessionHandler.php(110): classes\utility\Crud->create(Array)
#4 /Users/admiralshoi/Sites/weepay/classes/auth/OidcSessionHandler.php(72): classes\auth\OidcSessionHandler->insert('consumer_login', NULL, 3129231999, Array, 1765470055, 'DRAFT', 'mitid')
#5 /Users/admiralshoi/Sites/weepay/routing/routes/auth/PageController.php(27): classes\auth\OidcSessionHandler->setSession('consumer_login', Array, 3129231999)
#6 [internal function]: routing\routes\auth\PageController::consumerDashboardLogin(Array)
#7 /Users/admiralshoi/Sites/weepay/routing/Routes.php(203): call_user_func('routing\\routes\\...', Array)
#8 /Users/admiralshoi/Sites/weepay/routing/Routes.php(114): routing\Routes::returnMethod('routing\\routes\\...', 'consumerDashboa...', Array)
#9 /Users/admiralshoi/Sites/weepay/routing/web.php(547): routing\Routes::dispatch()
#10 /Users/admiralshoi/Sites/weepay/index.php(14): require_once('/Users/admirals...')
#11 {main}
[2025-12-11 17:19:48] -  Sql insert, `PROD_FKF_oidcsessions`  SQLSTATE[01000]: Warning: 1265 Data truncated for column 'reason' at row 1  -   #0 /Users/admiralshoi/Sites/weepay/Database/QueryBuilder.php(332): PDOStatement->execute(Array)
#1 /Users/admiralshoi/Sites/weepay/Database/Model.php(103): Database\QueryBuilder->insert(Array)
#2 /Users/admiralshoi/Sites/weepay/classes/utility/Crud.php(134): Database\Model::__callStatic('insert', Array)
#3 /Users/admiralshoi/Sites/weepay/classes/auth/OidcSessionHandler.php(110): classes\utility\Crud->create(Array)
#4 /Users/admiralshoi/Sites/weepay/classes/auth/OidcSessionHandler.php(72): classes\auth\OidcSessionHandler->insert('consumer_login', NULL, 3129231999, Array, 1765470288, 'DRAFT', 'mitid')
#5 /Users/admiralshoi/Sites/weepay/routing/routes/auth/PageController.php(27): classes\auth\OidcSessionHandler->setSession('consumer_login', Array, 3129231999)
#6 [internal function]: routing\routes\auth\PageController::consumerDashboardLogin(Array)
#7 /Users/admiralshoi/Sites/weepay/routing/Routes.php(203): call_user_func('routing\\routes\\...', Array)
#8 /Users/admiralshoi/Sites/weepay/routing/Routes.php(114): routing\Routes::returnMethod('routing\\routes\\...', 'consumerDashboa...', Array)
#9 /Users/admiralshoi/Sites/weepay/routing/web.php(547): routing\Routes::dispatch()
#10 /Users/admiralshoi/Sites/weepay/index.php(14): require_once('/Users/admirals...')
#11 {main}
