[2025-12-12 14:23:57] -  Sql insert, `PROD_FKF_authlocal`  SQLSTATE[23000]: Integrity constraint violation: 1062 Duplicate entry 'authloc_fddfslfj39r43' for key 'prod_fkf_authlocal.uq_uid'  -   #0 /Users/admiralshoi/Sites/weepay/Database/QueryBuilder.php(332): PDOStatement->execute(Array)
#1 /Users/admiralshoi/Sites/weepay/Database/Model.php(190): Database\QueryBuilder->insert(Array)
#2 /Users/admiralshoi/Sites/weepay/views/merchants/organisation/overview.php(20): Database\Model::migrate()
#3 /Users/admiralshoi/Sites/weepay/features/functions.php(60): include_once('/Users/admirals...')
#4 /Users/admiralshoi/Sites/weepay/views/templates/merchant-inner-html.php(65): printView(Array)
#5 /Users/admiralshoi/Sites/weepay/features/functions.php(60): include_once('/Users/admirals...')
#6 /Users/admiralshoi/Sites/weepay/views/templates/merchant-outer-html.php(42): printView(Array)
#7 /Users/admiralshoi/Sites/weepay/features/functions.php(60): include_once('/Users/admirals...')
#8 /Users/admiralshoi/Sites/weepay/routing/Routes.php(130): printView(Array)
#9 /Users/admiralshoi/Sites/weepay/routing/web.php(547): routing\Routes::dispatch()
#10 /Users/admiralshoi/Sites/weepay/index.php(14): require_once('/Users/admirals...')
#11 {main}
[2025-12-12 14:23:57] -  Sql insert, `PROD_FKF_authlocal`  SQLSTATE[23000]: Integrity constraint violation: 1062 Duplicate entry 'authloc_da4jugr730bnfs' for key 'prod_fkf_authlocal.uq_uid'  -   #0 /Users/admiralshoi/Sites/weepay/Database/QueryBuilder.php(332): PDOStatement->execute(Array)
#1 /Users/admiralshoi/Sites/weepay/Database/Model.php(190): Database\QueryBuilder->insert(Array)
#2 /Users/admiralshoi/Sites/weepay/views/merchants/organisation/overview.php(20): Database\Model::migrate()
#3 /Users/admiralshoi/Sites/weepay/features/functions.php(60): include_once('/Users/admirals...')
#4 /Users/admiralshoi/Sites/weepay/views/templates/merchant-inner-html.php(65): printView(Array)
#5 /Users/admiralshoi/Sites/weepay/features/functions.php(60): include_once('/Users/admirals...')
#6 /Users/admiralshoi/Sites/weepay/views/templates/merchant-outer-html.php(42): printView(Array)
#7 /Users/admiralshoi/Sites/weepay/features/functions.php(60): include_once('/Users/admirals...')
#8 /Users/admiralshoi/Sites/weepay/routing/Routes.php(130): printView(Array)
#9 /Users/admiralshoi/Sites/weepay/routing/web.php(547): routing\Routes::dispatch()
#10 /Users/admiralshoi/Sites/weepay/index.php(14): require_once('/Users/admirals...')
#11 {main}
[2025-12-12 14:23:57] -  Sql insert, `PROD_FKF_authlocal`  SQLSTATE[23000]: Integrity constraint violation: 1062 Duplicate entry 'authloc_908da83kj130n422' for key 'prod_fkf_authlocal.uq_uid'  -   #0 /Users/admiralshoi/Sites/weepay/Database/QueryBuilder.php(332): PDOStatement->execute(Array)
#1 /Users/admiralshoi/Sites/weepay/Database/Model.php(190): Database\QueryBuilder->insert(Array)
#2 /Users/admiralshoi/Sites/weepay/views/merchants/organisation/overview.php(20): Database\Model::migrate()
#3 /Users/admiralshoi/Sites/weepay/features/functions.php(60): include_once('/Users/admirals...')
#4 /Users/admiralshoi/Sites/weepay/views/templates/merchant-inner-html.php(65): printView(Array)
#5 /Users/admiralshoi/Sites/weepay/features/functions.php(60): include_once('/Users/admirals...')
#6 /Users/admiralshoi/Sites/weepay/views/templates/merchant-outer-html.php(42): printView(Array)
#7 /Users/admiralshoi/Sites/weepay/features/functions.php(60): include_once('/Users/admirals...')
#8 /Users/admiralshoi/Sites/weepay/routing/Routes.php(130): printView(Array)
#9 /Users/admiralshoi/Sites/weepay/routing/web.php(547): routing\Routes::dispatch()
#10 /Users/admiralshoi/Sites/weepay/index.php(14): require_once('/Users/admirals...')
#11 {main}
[2025-12-12 15:46:09] -  Sql insert, `PROD_FKF_appmeta`  SQLSTATE[23000]: Integrity constraint violation: 1062 Duplicate entry 'paymentPlans' for key 'prod_fkf_appmeta.uq_name'  -   #0 /Users/admiralshoi/Sites/weepay/Database/QueryBuilder.php(332): PDOStatement->execute(Array)
#1 /Users/admiralshoi/Sites/weepay/Database/Model.php(190): Database\QueryBuilder->insert(Array)
#2 /Users/admiralshoi/Sites/weepay/views/merchants/organisation/overview.php(18): Database\Model::migrate()
#3 /Users/admiralshoi/Sites/weepay/features/functions.php(60): include_once('/Users/admirals...')
#4 /Users/admiralshoi/Sites/weepay/views/templates/merchant-inner-html.php(65): printView(Array)
#5 /Users/admiralshoi/Sites/weepay/features/functions.php(60): include_once('/Users/admirals...')
#6 /Users/admiralshoi/Sites/weepay/views/templates/merchant-outer-html.php(42): printView(Array)
#7 /Users/admiralshoi/Sites/weepay/features/functions.php(60): include_once('/Users/admirals...')
#8 /Users/admiralshoi/Sites/weepay/routing/Routes.php(132): printView(Array)
#9 /Users/admiralshoi/Sites/weepay/routing/web.php(548): routing\Routes::dispatch()
#10 /Users/admiralshoi/Sites/weepay/index.php(14): require_once('/Users/admirals...')
#11 {main}
