[2025-12-15 15:36:49] -  Sql all, `PROD_FKF_terminals`  SQLSTATE[42S22]: Column not found: 1054 Unknown column 'organisation' in 'where clause'  -   #0 /Users/admiralshoi/Sites/weepay/Database/QueryBuilder.php(442): PDOStatement->execute(Array)
#1 /Users/admiralshoi/Sites/weepay/classes/utility/Crud.php(186): Database\QueryBuilder->all()
#2 /Users/admiralshoi/Sites/weepay/routing/routes/merchants/pages/PageController.php(749): classes\utility\Crud->queryGetAll(Object(Database\QueryBuilder))
#3 [internal function]: routing\routes\merchants\pages\PageController::dashboard(Array)
#4 /Users/admiralshoi/Sites/weepay/routing/Routes.php(216): call_user_func('routing\\routes\\...', Array)
#5 /Users/admiralshoi/Sites/weepay/routing/Routes.php(127): routing\Routes::returnMethod('routing\\routes\\...', 'dashboard', Array)
#6 /Users/admiralshoi/Sites/weepay/routing/web.php(588): routing\Routes::dispatch()
#7 /Users/admiralshoi/Sites/weepay/index.php(14): require_once('/Users/admirals...')
#8 {main}
[2025-12-15 15:37:04] -  Sql all, `PROD_FKF_terminals`  SQLSTATE[42S22]: Column not found: 1054 Unknown column 'organisation' in 'where clause'  -   #0 /Users/admiralshoi/Sites/weepay/Database/QueryBuilder.php(442): PDOStatement->execute(Array)
#1 /Users/admiralshoi/Sites/weepay/classes/utility/Crud.php(186): Database\QueryBuilder->all()
#2 /Users/admiralshoi/Sites/weepay/routing/routes/merchants/pages/PageController.php(749): classes\utility\Crud->queryGetAll(Object(Database\QueryBuilder))
#3 [internal function]: routing\routes\merchants\pages\PageController::dashboard(Array)
#4 /Users/admiralshoi/Sites/weepay/routing/Routes.php(216): call_user_func('routing\\routes\\...', Array)
#5 /Users/admiralshoi/Sites/weepay/routing/Routes.php(127): routing\Routes::returnMethod('routing\\routes\\...', 'dashboard', Array)
#6 /Users/admiralshoi/Sites/weepay/routing/web.php(588): routing\Routes::dispatch()
#7 /Users/admiralshoi/Sites/weepay/index.php(14): require_once('/Users/admirals...')
#8 {main}
[2025-12-15 15:37:08] -  Sql all, `PROD_FKF_terminals`  SQLSTATE[42S22]: Column not found: 1054 Unknown column 'organisation' in 'where clause'  -   #0 /Users/admiralshoi/Sites/weepay/Database/QueryBuilder.php(442): PDOStatement->execute(Array)
#1 /Users/admiralshoi/Sites/weepay/classes/utility/Crud.php(186): Database\QueryBuilder->all()
#2 /Users/admiralshoi/Sites/weepay/routing/routes/merchants/pages/PageController.php(749): classes\utility\Crud->queryGetAll(Object(Database\QueryBuilder))
#3 [internal function]: routing\routes\merchants\pages\PageController::dashboard(Array)
#4 /Users/admiralshoi/Sites/weepay/routing/Routes.php(216): call_user_func('routing\\routes\\...', Array)
#5 /Users/admiralshoi/Sites/weepay/routing/Routes.php(127): routing\Routes::returnMethod('routing\\routes\\...', 'dashboard', Array)
#6 /Users/admiralshoi/Sites/weepay/routing/web.php(588): routing\Routes::dispatch()
#7 /Users/admiralshoi/Sites/weepay/index.php(14): require_once('/Users/admirals...')
#8 {main}
[2025-12-15 15:37:15] -  Sql all, `PROD_FKF_terminals`  SQLSTATE[42S22]: Column not found: 1054 Unknown column 'organisation' in 'where clause'  -   #0 /Users/admiralshoi/Sites/weepay/Database/QueryBuilder.php(442): PDOStatement->execute(Array)
#1 /Users/admiralshoi/Sites/weepay/classes/utility/Crud.php(186): Database\QueryBuilder->all()
#2 /Users/admiralshoi/Sites/weepay/routing/routes/merchants/pages/PageController.php(749): classes\utility\Crud->queryGetAll(Object(Database\QueryBuilder))
#3 [internal function]: routing\routes\merchants\pages\PageController::dashboard(Array)
#4 /Users/admiralshoi/Sites/weepay/routing/Routes.php(216): call_user_func('routing\\routes\\...', Array)
#5 /Users/admiralshoi/Sites/weepay/routing/Routes.php(127): routing\Routes::returnMethod('routing\\routes\\...', 'dashboard', Array)
#6 /Users/admiralshoi/Sites/weepay/routing/web.php(588): routing\Routes::dispatch()
#7 /Users/admiralshoi/Sites/weepay/index.php(14): require_once('/Users/admirals...')
#8 {main}
[2025-12-15 15:45:44] -  Sql all, `PROD_FKF_terminals`  SQLSTATE[42S22]: Column not found: 1054 Unknown column 'organisation' in 'where clause'  -   #0 /Users/admiralshoi/Sites/weepay/Database/QueryBuilder.php(442): PDOStatement->execute(Array)
#1 /Users/admiralshoi/Sites/weepay/classes/utility/Crud.php(186): Database\QueryBuilder->all()
#2 /Users/admiralshoi/Sites/weepay/routing/routes/merchants/pages/PageController.php(749): classes\utility\Crud->queryGetAll(Object(Database\QueryBuilder))
#3 [internal function]: routing\routes\merchants\pages\PageController::dashboard(Array)
#4 /Users/admiralshoi/Sites/weepay/routing/Routes.php(216): call_user_func('routing\\routes\\...', Array)
#5 /Users/admiralshoi/Sites/weepay/routing/Routes.php(127): routing\Routes::returnMethod('routing\\routes\\...', 'dashboard', Array)
#6 /Users/admiralshoi/Sites/weepay/routing/web.php(588): routing\Routes::dispatch()
#7 /Users/admiralshoi/Sites/weepay/index.php(14): require_once('/Users/admirals...')
#8 {main}
[2025-12-15 15:46:12] -  Sql all, `PROD_FKF_terminals`  SQLSTATE[42S22]: Column not found: 1054 Unknown column 'organisation' in 'where clause'  -   #0 /Users/admiralshoi/Sites/weepay/Database/QueryBuilder.php(442): PDOStatement->execute(Array)
#1 /Users/admiralshoi/Sites/weepay/classes/utility/Crud.php(186): Database\QueryBuilder->all()
#2 /Users/admiralshoi/Sites/weepay/routing/routes/merchants/pages/PageController.php(749): classes\utility\Crud->queryGetAll(Object(Database\QueryBuilder))
#3 [internal function]: routing\routes\merchants\pages\PageController::dashboard(Array)
#4 /Users/admiralshoi/Sites/weepay/routing/Routes.php(216): call_user_func('routing\\routes\\...', Array)
#5 /Users/admiralshoi/Sites/weepay/routing/Routes.php(127): routing\Routes::returnMethod('routing\\routes\\...', 'dashboard', Array)
#6 /Users/admiralshoi/Sites/weepay/routing/web.php(588): routing\Routes::dispatch()
#7 /Users/admiralshoi/Sites/weepay/index.php(14): require_once('/Users/admirals...')
#8 {main}
[2025-12-15 15:46:27] -  Sql all, `PROD_FKF_terminals`  SQLSTATE[42S22]: Column not found: 1054 Unknown column 'organisation' in 'where clause'  -   #0 /Users/admiralshoi/Sites/weepay/Database/QueryBuilder.php(442): PDOStatement->execute(Array)
#1 /Users/admiralshoi/Sites/weepay/classes/utility/Crud.php(186): Database\QueryBuilder->all()
#2 /Users/admiralshoi/Sites/weepay/routing/routes/merchants/pages/PageController.php(749): classes\utility\Crud->queryGetAll(Object(Database\QueryBuilder))
#3 [internal function]: routing\routes\merchants\pages\PageController::dashboard(Array)
#4 /Users/admiralshoi/Sites/weepay/routing/Routes.php(216): call_user_func('routing\\routes\\...', Array)
#5 /Users/admiralshoi/Sites/weepay/routing/Routes.php(127): routing\Routes::returnMethod('routing\\routes\\...', 'dashboard', Array)
#6 /Users/admiralshoi/Sites/weepay/routing/web.php(588): routing\Routes::dispatch()
#7 /Users/admiralshoi/Sites/weepay/index.php(14): require_once('/Users/admirals...')
#8 {main}
[2025-12-15 15:46:45] -  Sql all, `PROD_FKF_terminals`  SQLSTATE[42S22]: Column not found: 1054 Unknown column 'organisation' in 'where clause'  -   #0 /Users/admiralshoi/Sites/weepay/Database/QueryBuilder.php(442): PDOStatement->execute(Array)
#1 /Users/admiralshoi/Sites/weepay/classes/utility/Crud.php(186): Database\QueryBuilder->all()
#2 /Users/admiralshoi/Sites/weepay/routing/routes/merchants/pages/PageController.php(749): classes\utility\Crud->queryGetAll(Object(Database\QueryBuilder))
#3 [internal function]: routing\routes\merchants\pages\PageController::dashboard(Array)
#4 /Users/admiralshoi/Sites/weepay/routing/Routes.php(216): call_user_func('routing\\routes\\...', Array)
#5 /Users/admiralshoi/Sites/weepay/routing/Routes.php(127): routing\Routes::returnMethod('routing\\routes\\...', 'dashboard', Array)
#6 /Users/admiralshoi/Sites/weepay/routing/web.php(588): routing\Routes::dispatch()
#7 /Users/admiralshoi/Sites/weepay/index.php(14): require_once('/Users/admirals...')
#8 {main}
[2025-12-15 15:46:53] -  Sql all, `PROD_FKF_terminals`  SQLSTATE[42S22]: Column not found: 1054 Unknown column 'organisation' in 'where clause'  -   #0 /Users/admiralshoi/Sites/weepay/Database/QueryBuilder.php(442): PDOStatement->execute(Array)
#1 /Users/admiralshoi/Sites/weepay/classes/utility/Crud.php(186): Database\QueryBuilder->all()
#2 /Users/admiralshoi/Sites/weepay/routing/routes/merchants/pages/PageController.php(749): classes\utility\Crud->queryGetAll(Object(Database\QueryBuilder))
#3 [internal function]: routing\routes\merchants\pages\PageController::dashboard(Array)
#4 /Users/admiralshoi/Sites/weepay/routing/Routes.php(216): call_user_func('routing\\routes\\...', Array)
#5 /Users/admiralshoi/Sites/weepay/routing/Routes.php(127): routing\Routes::returnMethod('routing\\routes\\...', 'dashboard', Array)
#6 /Users/admiralshoi/Sites/weepay/routing/web.php(588): routing\Routes::dispatch()
#7 /Users/admiralshoi/Sites/weepay/index.php(14): require_once('/Users/admirals...')
#8 {main}
