[2025-12-16 16:19:48] -  Sql insert, `PROD_FKF_authlocal`  SQLSTATE[42S22]: Column not found: 1054 Unknown column 'force_password_change' in 'field list'  -   #0 /Users/admiralshoi/Sites/weepay/Database/QueryBuilder.php(332): PDOStatement->execute(Array)
#1 /Users/admiralshoi/Sites/weepay/Database/Model.php(103): Database\QueryBuilder->insert(Array)
#2 /Users/admiralshoi/Sites/weepay/classes/utility/Crud.php(134): Database\Model::__callStatic('insert', Array)
#3 /Users/admiralshoi/Sites/weepay/routing/routes/merchants/OrganisationApiController.php(116): classes\utility\Crud->create(Array)
#4 [internal function]: routing\routes\merchants\OrganisationApiController::inviteTeamMember(Array)
#5 /Users/admiralshoi/Sites/weepay/routing/Routes.php(209): call_user_func('routing\\routes\\...', Array)
#6 /Users/admiralshoi/Sites/weepay/routing/Routes.php(120): routing\Routes::returnMethod('routing\\routes\\...', 'inviteTeamMembe...', Array)
#7 /Users/admiralshoi/Sites/weepay/routing/web.php(590): routing\Routes::dispatch()
#8 /Users/admiralshoi/Sites/weepay/index.php(14): require_once('/Users/admirals...')
#9 {main}
[2025-12-16 16:22:05] -  Sql insert, `PROD_FKF_authlocal`  SQLSTATE[23000]: Integrity constraint violation: 1062 Duplicate entry 'authloc_fddfslfj39r43' for key 'prod_fkf_authlocal.uq_uid'  -   #0 /Users/admiralshoi/Sites/weepay/Database/QueryBuilder.php(332): PDOStatement->execute(Array)
#1 /Users/admiralshoi/Sites/weepay/Database/Model.php(190): Database\QueryBuilder->insert(Array)
#2 /Users/admiralshoi/Sites/weepay/views/merchants/organisation/team.php(21): Database\Model::migrate()
#3 /Users/admiralshoi/Sites/weepay/features/functions.php(60): include_once('/Users/admirals...')
#4 /Users/admiralshoi/Sites/weepay/views/templates/merchant-inner-html.php(26): printView(Array)
#5 /Users/admiralshoi/Sites/weepay/features/functions.php(60): include_once('/Users/admirals...')
#6 /Users/admiralshoi/Sites/weepay/views/templates/merchant-outer-html.php(42): printView(Array)
#7 /Users/admiralshoi/Sites/weepay/features/functions.php(60): include_once('/Users/admirals...')
#8 /Users/admiralshoi/Sites/weepay/routing/Routes.php(127): printView(Array)
#9 /Users/admiralshoi/Sites/weepay/routing/web.php(590): routing\Routes::dispatch()
#10 /Users/admiralshoi/Sites/weepay/index.php(14): require_once('/Users/admirals...')
#11 {main}
[2025-12-16 16:22:05] -  Sql insert, `PROD_FKF_authlocal`  SQLSTATE[23000]: Integrity constraint violation: 1062 Duplicate entry 'authloc_da4jugr730bnfs' for key 'prod_fkf_authlocal.uq_uid'  -   #0 /Users/admiralshoi/Sites/weepay/Database/QueryBuilder.php(332): PDOStatement->execute(Array)
#1 /Users/admiralshoi/Sites/weepay/Database/Model.php(190): Database\QueryBuilder->insert(Array)
#2 /Users/admiralshoi/Sites/weepay/views/merchants/organisation/team.php(21): Database\Model::migrate()
#3 /Users/admiralshoi/Sites/weepay/features/functions.php(60): include_once('/Users/admirals...')
#4 /Users/admiralshoi/Sites/weepay/views/templates/merchant-inner-html.php(26): printView(Array)
#5 /Users/admiralshoi/Sites/weepay/features/functions.php(60): include_once('/Users/admirals...')
#6 /Users/admiralshoi/Sites/weepay/views/templates/merchant-outer-html.php(42): printView(Array)
#7 /Users/admiralshoi/Sites/weepay/features/functions.php(60): include_once('/Users/admirals...')
#8 /Users/admiralshoi/Sites/weepay/routing/Routes.php(127): printView(Array)
#9 /Users/admiralshoi/Sites/weepay/routing/web.php(590): routing\Routes::dispatch()
#10 /Users/admiralshoi/Sites/weepay/index.php(14): require_once('/Users/admirals...')
#11 {main}
[2025-12-16 16:22:05] -  Sql insert, `PROD_FKF_authlocal`  SQLSTATE[23000]: Integrity constraint violation: 1062 Duplicate entry 'authloc_908da83kj130n422' for key 'prod_fkf_authlocal.uq_uid'  -   #0 /Users/admiralshoi/Sites/weepay/Database/QueryBuilder.php(332): PDOStatement->execute(Array)
#1 /Users/admiralshoi/Sites/weepay/Database/Model.php(190): Database\QueryBuilder->insert(Array)
#2 /Users/admiralshoi/Sites/weepay/views/merchants/organisation/team.php(21): Database\Model::migrate()
#3 /Users/admiralshoi/Sites/weepay/features/functions.php(60): include_once('/Users/admirals...')
#4 /Users/admiralshoi/Sites/weepay/views/templates/merchant-inner-html.php(26): printView(Array)
#5 /Users/admiralshoi/Sites/weepay/features/functions.php(60): include_once('/Users/admirals...')
#6 /Users/admiralshoi/Sites/weepay/views/templates/merchant-outer-html.php(42): printView(Array)
#7 /Users/admiralshoi/Sites/weepay/features/functions.php(60): include_once('/Users/admirals...')
#8 /Users/admiralshoi/Sites/weepay/routing/Routes.php(127): printView(Array)
#9 /Users/admiralshoi/Sites/weepay/routing/web.php(590): routing\Routes::dispatch()
#10 /Users/admiralshoi/Sites/weepay/index.php(14): require_once('/Users/admirals...')
#11 {main}
[2025-12-16 16:22:38] -  Sql insert, `PROD_FKF_authlocal`  SQLSTATE[23000]: Integrity constraint violation: 1062 Duplicate entry 'authloc_fddfslfj39r43' for key 'prod_fkf_authlocal.uq_uid'  -   #0 /Users/admiralshoi/Sites/weepay/Database/QueryBuilder.php(332): PDOStatement->execute(Array)
#1 /Users/admiralshoi/Sites/weepay/Database/Model.php(190): Database\QueryBuilder->insert(Array)
#2 /Users/admiralshoi/Sites/weepay/views/merchants/organisation/team.php(21): Database\Model::migrate()
#3 /Users/admiralshoi/Sites/weepay/features/functions.php(60): include_once('/Users/admirals...')
#4 /Users/admiralshoi/Sites/weepay/views/templates/merchant-inner-html.php(26): printView(Array)
#5 /Users/admiralshoi/Sites/weepay/features/functions.php(60): include_once('/Users/admirals...')
#6 /Users/admiralshoi/Sites/weepay/views/templates/merchant-outer-html.php(42): printView(Array)
#7 /Users/admiralshoi/Sites/weepay/features/functions.php(60): include_once('/Users/admirals...')
#8 /Users/admiralshoi/Sites/weepay/routing/Routes.php(127): printView(Array)
#9 /Users/admiralshoi/Sites/weepay/routing/web.php(590): routing\Routes::dispatch()
#10 /Users/admiralshoi/Sites/weepay/index.php(14): require_once('/Users/admirals...')
#11 {main}
[2025-12-16 16:22:38] -  Sql insert, `PROD_FKF_authlocal`  SQLSTATE[23000]: Integrity constraint violation: 1062 Duplicate entry 'authloc_da4jugr730bnfs' for key 'prod_fkf_authlocal.uq_uid'  -   #0 /Users/admiralshoi/Sites/weepay/Database/QueryBuilder.php(332): PDOStatement->execute(Array)
#1 /Users/admiralshoi/Sites/weepay/Database/Model.php(190): Database\QueryBuilder->insert(Array)
#2 /Users/admiralshoi/Sites/weepay/views/merchants/organisation/team.php(21): Database\Model::migrate()
#3 /Users/admiralshoi/Sites/weepay/features/functions.php(60): include_once('/Users/admirals...')
#4 /Users/admiralshoi/Sites/weepay/views/templates/merchant-inner-html.php(26): printView(Array)
#5 /Users/admiralshoi/Sites/weepay/features/functions.php(60): include_once('/Users/admirals...')
#6 /Users/admiralshoi/Sites/weepay/views/templates/merchant-outer-html.php(42): printView(Array)
#7 /Users/admiralshoi/Sites/weepay/features/functions.php(60): include_once('/Users/admirals...')
#8 /Users/admiralshoi/Sites/weepay/routing/Routes.php(127): printView(Array)
#9 /Users/admiralshoi/Sites/weepay/routing/web.php(590): routing\Routes::dispatch()
#10 /Users/admiralshoi/Sites/weepay/index.php(14): require_once('/Users/admirals...')
#11 {main}
[2025-12-16 16:22:38] -  Sql insert, `PROD_FKF_authlocal`  SQLSTATE[23000]: Integrity constraint violation: 1062 Duplicate entry 'authloc_908da83kj130n422' for key 'prod_fkf_authlocal.uq_uid'  -   #0 /Users/admiralshoi/Sites/weepay/Database/QueryBuilder.php(332): PDOStatement->execute(Array)
#1 /Users/admiralshoi/Sites/weepay/Database/Model.php(190): Database\QueryBuilder->insert(Array)
#2 /Users/admiralshoi/Sites/weepay/views/merchants/organisation/team.php(21): Database\Model::migrate()
#3 /Users/admiralshoi/Sites/weepay/features/functions.php(60): include_once('/Users/admirals...')
#4 /Users/admiralshoi/Sites/weepay/views/templates/merchant-inner-html.php(26): printView(Array)
#5 /Users/admiralshoi/Sites/weepay/features/functions.php(60): include_once('/Users/admirals...')
#6 /Users/admiralshoi/Sites/weepay/views/templates/merchant-outer-html.php(42): printView(Array)
#7 /Users/admiralshoi/Sites/weepay/features/functions.php(60): include_once('/Users/admirals...')
#8 /Users/admiralshoi/Sites/weepay/routing/Routes.php(127): printView(Array)
#9 /Users/admiralshoi/Sites/weepay/routing/web.php(590): routing\Routes::dispatch()
#10 /Users/admiralshoi/Sites/weepay/index.php(14): require_once('/Users/admirals...')
#11 {main}
