[2025-12-30 09:58:39] -  Sql all, `PROD_FKF_payments`  SQLSTATE[42S22]: Column not found: 1054 Unknown column '`order`' in 'field list'  -   #0 /Users/admiralshoi/Sites/weepay/Database/QueryBuilder.php(442): PDOStatement->execute(Array)
#1 /Users/admiralshoi/Sites/weepay/routing/routes/merchants/pages/PageController.php(132): Database\QueryBuilder->all()
#2 [internal function]: routing\routes\merchants\pages\PageController::orders(Array)
#3 /Users/admiralshoi/Sites/weepay/routing/Routes.php(214): call_user_func('routing\\routes\\...', Array)
#4 /Users/admiralshoi/Sites/weepay/routing/Routes.php(120): routing\Routes::returnMethod('routing\\routes\\...', 'orders', Array)
#5 /Users/admiralshoi/Sites/weepay/routing/web.php(601): routing\Routes::dispatch()
#6 /Users/admiralshoi/Sites/weepay/index.php(14): require_once('/Users/admirals...')
#7 {main}
[2025-12-30 09:58:50] -  Sql all, `PROD_FKF_payments`  SQLSTATE[42S22]: Column not found: 1054 Unknown column '`order`' in 'field list'  -   #0 /Users/admiralshoi/Sites/weepay/Database/QueryBuilder.php(442): PDOStatement->execute(Array)
#1 /Users/admiralshoi/Sites/weepay/routing/routes/merchants/pages/PageController.php(132): Database\QueryBuilder->all()
#2 [internal function]: routing\routes\merchants\pages\PageController::orders(Array)
#3 /Users/admiralshoi/Sites/weepay/routing/Routes.php(214): call_user_func('routing\\routes\\...', Array)
#4 /Users/admiralshoi/Sites/weepay/routing/Routes.php(120): routing\Routes::returnMethod('routing\\routes\\...', 'orders', Array)
#5 /Users/admiralshoi/Sites/weepay/routing/web.php(601): routing\Routes::dispatch()
#6 /Users/admiralshoi/Sites/weepay/index.php(14): require_once('/Users/admirals...')
#7 {main}
[2025-12-30 09:59:50] -  Sql all, `PROD_FKF_payments`  SQLSTATE[42S22]: Column not found: 1054 Unknown column '`order`' in 'field list'  -   #0 /Users/admiralshoi/Sites/weepay/Database/QueryBuilder.php(442): PDOStatement->execute(Array)
#1 /Users/admiralshoi/Sites/weepay/routing/routes/merchants/pages/PageController.php(132): Database\QueryBuilder->all()
#2 [internal function]: routing\routes\merchants\pages\PageController::orders(Array)
#3 /Users/admiralshoi/Sites/weepay/routing/Routes.php(214): call_user_func('routing\\routes\\...', Array)
#4 /Users/admiralshoi/Sites/weepay/routing/Routes.php(120): routing\Routes::returnMethod('routing\\routes\\...', 'orders', Array)
#5 /Users/admiralshoi/Sites/weepay/routing/web.php(601): routing\Routes::dispatch()
#6 /Users/admiralshoi/Sites/weepay/index.php(14): require_once('/Users/admirals...')
#7 {main}
[2025-12-30 10:01:12] -  Sql all, `PROD_FKF_payments`  SQLSTATE[42S22]: Column not found: 1054 Unknown column '`order`' in 'field list'  -   #0 /Users/admiralshoi/Sites/weepay/Database/QueryBuilder.php(442): PDOStatement->execute(Array)
#1 /Users/admiralshoi/Sites/weepay/routing/routes/merchants/pages/PageController.php(132): Database\QueryBuilder->all()
#2 [internal function]: routing\routes\merchants\pages\PageController::orders(Array)
#3 /Users/admiralshoi/Sites/weepay/routing/Routes.php(214): call_user_func('routing\\routes\\...', Array)
#4 /Users/admiralshoi/Sites/weepay/routing/Routes.php(120): routing\Routes::returnMethod('routing\\routes\\...', 'orders', Array)
#5 /Users/admiralshoi/Sites/weepay/routing/web.php(601): routing\Routes::dispatch()
#6 /Users/admiralshoi/Sites/weepay/index.php(14): require_once('/Users/admirals...')
#7 {main}
